
  ========================================================================
                license information 
 Customer : 200000000019588
 ID       : LKO3533017

 License file is VALID, continuing with full version
  ========================================================================

   OpenMP run-time library returned nthreads = 16

 ridft (u-0-7.local) : TURBOMOLE rev. V7-9 compiled 8 Oct 2024 at 18:07:07
 Copyright (C) 2024 TURBOMOLE GmbH, Karlsruhe


    2025-11-25 11:46:50.772 



                                  r i d f t

                        DFT program with RI approximation 
                                for coulomb part 





                                 References:     
                                                 
          TURBOMOLE:                             
              R. Ahlrichs, M. Baer, M. Haeser, H. Horn, and
              C. Koelmel
              Electronic structure calculations on workstation
              computers: the program system TURBOMOLE
              Chem. Phys. Lett. 162: 165 (1989)
          Density Functional:                              
              O. Treutler and R. Ahlrichs                      
              Efficient Molecular Numerical Integration Schemes
              J. Chem. Phys. 102: 346 (1995)                   
          Parallel Version:                                
              Performance of parallel TURBOMOLE for Density    
              Functional Calculations                          
              M. v. Arnim and R. Ahlrichs                      
              J. Comp. Chem. 19: 1746 (1998)                   
          RI-J Method:                                     
              Auxiliary Basis Sets to approximate Coulomb      
              Potentials                                       
              Chem. Phys. Lett. 240: 283 (1995)                
              K. Eichkorn, O. Treutler, H. Oehm, M. Haeser     
              and R. Ahlrichs                                  
              Chem. Phys. Lett. 242: 652 (1995)                
                                                           
              Auxiliary Basis Sets for Main Row Atoms and their
              Use to approximate Coulomb Potentials            
              K. Eichkorn, F. Weigend, O. Treutler and         
              R. Ahlrichs                                      
              Theo. Chem. Acc. 97: 119 (1997)                  
                                                           
              Accurate Coulomb-fitting basis sets for H to Rn 
              F. Weigend                                       
              Phys. Chem. Chem. Phys. 8: 1057 (2006)           
                                                           
          Multipole accelerated RI-J (MARI-J):             
              Fast evaluation of the Coulomb potential for     
              electron densities using multipole accelerated   
              resolution of identity approximation             
              M. Sierka, A. Hogekamp and R. Ahlrichs           
              J. Chem. Phys. 118: 9136 (2003)                  
          RI-JK Method:                                     
              A fully direct RI-HF algorithm: Implementation,
              optimised auxiliary basis sets, demonstration of
              accuracy and efficiency                         
              F. Weigend                                      
              Phys. Chem. Chem. Phys. 4: 4285 (2002)           
          Two-component HF and DFT with spin-orbit coupling:  
              Self-consistent treatment of spin-orbit         
              interactions with efficient Hartree-Fock and    
              density functional methods                      
              M. K. Armbruster, F. Weigend, C. van Wüllen and 
              W. Klopper                                      
              Phys. Chem. Chem. Phys. 10: 1748 (2008)         
          Two-component difference density and DIIS algorithm 
              Efficient two-component self-consistent field   
              procedures and gradients: implementation in     
              TURBOMOLE and application to Au20-              
              A. Baldes, F. Weigend                           
              Mol. Phys. 111: 2617 (2013)                     
          Relativistic current density functional theory      
              Current density functional framework for        
              spin-orbit coupling                             
              C. Holzer, Y. J. Franzke, A. Pausch             
              J. Chem. Phys. 157: 204102 (2022)               
          Relativistic all-electron 2c calculations           
              An efficient implementation of two-component    
              relativistic exact-decoupling methods for large 
              molecules                                       
              D. Peng, N. Middendorf, F. Weigend, M. Reiher   
              J. Chem. Phys. 138: 184105 (2013)               
          Finite nucleus model and SNSO approximation         
              Efficient implementation of one- and two-       
              component analytical energy gradients in exact  
              two-component theory                            
              Y. J. Franzke, N. Middendorf, F. Weigend        
              J. Chem. Phys. 148: 104110 (2018)               
          Grids for all-electron relativistic methods         
              Error-consistent segmented contracted all-      
              electron relativistic basis sets of double-     
              and triple-zeta quality for NMR shielding       
              constants                                       
              Y. J. Franzke, R. Tress, T. M. Pazdera,         
              F. Weigend                                      
              Phys. Chem. Chem. Phys. 21: 166658 (2019)       
          Seminumerical exchange algorithms                   
              Seminumerical calculation of the Hartree-Fock   
              exchange matirx: Application to two-component   
              procedures and efficient evaluation of local    
              hybrid functionsl                               
              P. Plessow, F. Weigend,                         
              J. Comput. Chem. 33: 810 (2012)                 
          Improved seminumerical algorithms                   
              C. Holzer,                                      
              J. Chem. Phys. 153 (2020), 184115               






          OpenMP Shared-Memory Parallelization: 16 CPUs.

            By: Christof Holzer and Yannick J. Franzke


              +--------------------------------------------------+
              |      general information about current run       |
              +--------------------------------------------------+

 

 DENSITY CONVERGENCE CHECK SWITCHED ON !
 SCF CONVERGENCE IF RMS(delta[D]) <     0.1000000000E-06

 A HF calculation using the RI-JK approximation will be carried out.
 Allocatable memory for RI due to $ricore (MB):                   500


              +--------------------------------------------------+
              | Atomic coordinate, charge and isotop information |
              +--------------------------------------------------+

                    atomic coordinates            atom    charge  isotop
          0.00000000    0.51442503    0.00000000    o      8.000     0
          0.00000000    1.63251361    1.43456480    h      1.000     0
          0.00000000    1.63251361   -1.43456480    h      1.000     0
 
       center of nuclear mass  :    0.00000000    0.63954059    0.00000000
       center of nuclear charge:    0.00000000    0.73804274    0.00000000

              +--------------------------------------------------+
              |               basis set information              |
              +--------------------------------------------------+

              we will work with the 1s 3p 5d 7f 9g ... basis set
              ...i.e. with spherical basis functions...

   type   atoms  prim   cont   basis
   ---------------------------------------------------------------------------
    o        1     46     31   def2-TZVP   [5s3p2d1f|11s6p2d1f]
    h        2      8      6   def2-TZVP   [3s1p|5s1p]
   ---------------------------------------------------------------------------
   total:    3     62     43
   ---------------------------------------------------------------------------

   total number of primitive shells          :   26
   total number of contracted shells         :   19
   total number of cartesian basis functions :   48
   total number of SCF-basis functions       :   43


 integral neglect threshold       :  0.69E-10
 integral storage threshold THIZE :  0.10E-04
 integral storage threshold THIME :         5

 RI-JK AUXILIARY BASIS SET information:

              we will work with the 1s 3p 5d 7f 9g ... basis set
              ...i.e. with spherical basis functions...

   type   atoms  prim   cont   basis
   ---------------------------------------------------------------------------
    o        1     97     77   def2-TZVP   [10s8p4d2f1g|14s10p6d2f1g]
    h        2     20     18   def2-TZVP   [2s2p2d|4s2p2d]
   ---------------------------------------------------------------------------
   total:    3    137    113
   ---------------------------------------------------------------------------

   total number of primitive shells          :   41
   total number of contracted shells         :   37
   total number of cartesian basis functions :  133
   total number of SCF-basis functions       :  113


 symmetry group of the molecule :   c1 

 the group has the following generators :
   c1(z)

    1 symmetry operations found

 there are 1 real representations :   a   

 maximum number of shells which are related by symmetry :  1


 biggest AO integral is expected to be     7.998976882

          ------------------------
          nuclear repulsion energy  :   9.14546059557    
          ------------------------


         -----------------
         -S,T+V- integrals
         -----------------

 1e-integrals will be neglected if expon. factor < 0.696242E-11
 
 Difference densities algorithm switched on.
 The maximal number of linear combinations of
 difference densities is  20.

 DIIS switched on: error vector is FDS-SDF
 Max. Iterations for DIIS is     :   5
 DIIS matrix (see manual) 
    Scaling factor of diagonals  :  1.200
    threshold for scaling factor :  0.000

 scf convergence criterion : increment of total energy < .1000000D-06
                  and increment of one-electron energy < .1000000D-03

 MOs are in ASCII format !


    mo occupation :
   irrep   mo's   occupied
    a       43        5
 
 number of basis functions   :    43
 number of occupied orbitals :     5
 

 reading orbital data $scfmo  from file mos
 orbital characterization : scfconv=7
 mo-orthogonalization by Cholesky decomposition

 automatic virtual orbital shift switched on 
      shift if e(lumo)-e(homo) < 0.10000000    

  
           ------------------------
               RI-JK - INFORMATION
           ------------------------
 Contributions to RI integral batches: 
  neglected integral batches:                     0
  direct contribution:                            0
  memory contribution:                   190
 Memory core needed for (P|Q) and Cholesky      1 MByte
 Memory core minimum needed except of (P|Q)     1 MByte
 Total minimum memory core needed (sum)         1 MByte
  
 ****************************************
 Memory allocated for RI-J     2 MByte
 ****************************************
                                            
 total memory allocated for calculation of  (Q|P)**(-1/2) :    1 MiB

  forming (P|Q)**(-1/2) 
 eigenvalues of original matrix 
 smallest =0.1011361440317E-05  largest = 10.71808068065    
  The symmetry information takes                      1  MB

 DSCF restart information will be dumped onto file mos


 Starting SCF iterations

 
 BLOCKING OF MOS FOR RI-K
 
 
 occupied MOs partitioned into blocks of maximum length 5
 this requires 1 MiB core memory.
 
            MULTIPLE PASS Statistics 
 ----------------------------------------------------
  pass       irrep     lambda      batch : MO  to  MO
 ----------------------------------------------------
   1       1  ->  1    1  ->  5             1  ->   5



 ITERATION  ENERGY          1e-ENERGY        2e-ENERGY     RMS[dD(SAO)]   TOL
   1  -76.056908375710    -123.04360108     37.841232108    0.000D+00 0.694D-10
                           RI-K = -8.94812850927     Coul =  46.7893606173    
                            current damping = 0.300
 
          max. resid. norm for Fia-block=  2.024D-02 for orbital      4a         
          max. resid. fock norm         =  2.877D-02 for orbital      9a         

 ITERATION  ENERGY          1e-ENERGY        2e-ENERGY     RMS[dD(SAO)]   TOL
   2  -76.058324043692    -122.97373139     37.769946750    0.126D-02 0.440D-10
                           RI-K = -8.94075244804     Coul =  46.7106991984    
                            current damping = 0.250
 
          Norm of current diis error: 0.37294E-01
          max. resid. norm for Fia-block=  8.426D-03 for orbital      4a         
          max. resid. fock norm         =  8.841D-03 for orbital      4a         

 ITERATION  ENERGY          1e-ENERGY        2e-ENERGY     RMS[dD(SAO)]   TOL
   3  -76.058570381241    -123.00453517     37.800504193    0.616D-03 0.339D-10
                           RI-K = -8.94620499578     Coul =  46.7467091886    
                            current damping = 0.200
 
          Norm of current diis error: 0.20222E-01
          max. resid. norm for Fia-block=  3.930D-03 for orbital      4a         
          max. resid. fock norm         =  4.127D-03 for orbital      4a         

 ITERATION  ENERGY          1e-ENERGY        2e-ENERGY     RMS[dD(SAO)]   TOL
   4  -76.058627292754    -122.98870255     37.784614658    0.311D-03 0.297D-10
                           RI-K = -8.94475234572     Coul =  46.7293670040    
                            current damping = 0.250
 
          Norm of current diis error: 0.62954E-02
          max. resid. norm for Fia-block=  1.718D-03 for orbital      4a         
          max. resid. fock norm         =  1.795D-03 for orbital      4a         

 ITERATION  ENERGY          1e-ENERGY        2e-ENERGY     RMS[dD(SAO)]   TOL
   5  -76.058636024830    -122.99262702     37.788530403    0.120D-03 0.275D-10
                           RI-K = -8.94560291505     Coul =  46.7341333185    
                            current damping = 0.300
 
          Norm of current diis error: 0.24905E-02
          max. resid. norm for Fia-block=  7.216D-04 for orbital      4a         
          max. resid. fock norm         =  7.394D-04 for orbital      4a         
          mo-orthogonalization: Cholesky decomposition

 ITERATION  ENERGY          1e-ENERGY        2e-ENERGY     RMS[dD(SAO)]   TOL
   6  -76.058637218967    -122.99176551     37.787667700    0.438D-04 0.258D-10
                           RI-K = -8.94560830546     Coul =  46.7332760050    
                            current damping = 0.350
 
          Norm of current diis error: 0.79278E-03
          max. resid. norm for Fia-block=  2.440D-04 for orbital      4a         
          max. resid. fock norm         =  2.495D-04 for orbital      4a         

 ITERATION  ENERGY          1e-ENERGY        2e-ENERGY     RMS[dD(SAO)]   TOL
   7  -76.058637353449    -122.99185718     37.787759232    0.136D-04 0.244D-10
                           RI-K = -8.94565869844     Coul =  46.7334179301    
                            current damping = 0.400
 
          Norm of current diis error: 0.29621E-03
          max. resid. norm for Fia-block=  9.781D-05 for orbital      4a         
          max. resid. fock norm         =  9.896D-05 for orbital      4a         

 ITERATION  ENERGY          1e-ENERGY        2e-ENERGY     RMS[dD(SAO)]   TOL
   8  -76.058637372032    -122.99184523     37.787747267    0.481D-05 0.230D-10
                           RI-K = -8.94566905655     Coul =  46.7334163237    
                            current damping = 0.450
 
          Norm of current diis error: 0.11777E-03
          max. resid. norm for Fia-block=  4.034D-05 for orbital      4a         
          max. resid. fock norm         =  4.064D-05 for orbital      4a         

 ITERATION  ENERGY          1e-ENERGY        2e-ENERGY     RMS[dD(SAO)]   TOL
   9  -76.058637374958    -122.99185817     37.787760199    0.182D-05 0.217D-10
                           RI-K = -8.94567438792     Coul =  46.7334345872    
                            current damping = 0.500
 
          Norm of current diis error: 0.50360E-04
          max. resid. norm for Fia-block=  1.922D-05 for orbital      4a         
          max. resid. fock norm         =  1.928D-05 for orbital      4a         

 ENERGY & DENSITY CONVERGED !


 ITERATION  ENERGY          1e-ENERGY        2e-ENERGY     RMS[dD(SAO)]   TOL
  10  -76.058637375488    -122.99185343     37.787755461    0.765D-06 0.204D-10
                           RI-K = -8.94567480445     Coul =  46.7334302651    
                            current damping = 0.550
 
          Norm of current diis error: 0.22164E-04
          max. resid. norm for Fia-block=  8.380D-06 for orbital      4a         
          max. resid. fock norm         =  8.401D-06 for orbital      4a         

 End of SCF iterations

   convergence criteria satisfied after    10 iterations


                  ------------------------------------------ 
                 |  total energy      =    -76.05863737549  |
                  ------------------------------------------ 
                 :  kinetic energy    =     75.98414298409  :
                 :  potential energy  =   -152.04278035958  :
                 :  virial theorem    =      1.99902056632  :
                 :  wavefunction norm =      1.00000000000  :
                  .......................................... 


 orbitals $scfmo  will be written to file mos

    irrep                  1a          2a          3a          4a          5a   
 eigenvalues H        -20.56085    -1.34734    -0.71121    -0.58104    -0.50773
            eV        -559.4935    -36.6634    -19.3532    -15.8110    -13.8163
 occupation              2.0000      2.0000      2.0000      2.0000      2.0000

    irrep                  6a          7a          8a          9a         10a   
 eigenvalues H          0.12708     0.19712     0.52189     0.56613     0.59738
            eV           3.4582      5.3639     14.2016     15.4054     16.2557
 
 
 
 
 ==============================================================================
                           electrostatic moments
 ==============================================================================

 reference point for electrostatic moments:    0.00000   0.00000   0.00000

 
              nuc           elec       ->  total
 ------------------------------------------------------------------------------
                          charge      
 ------------------------------------------------------------------------------
          10.000000     -10.000000       0.000000
 
 ------------------------------------------------------------------------------
                       dipole moment  
 ------------------------------------------------------------------------------
   x       0.000000      -0.000000      -0.000000
   y       7.380427      -6.527093       0.853335
   z       0.000000       0.000000       0.000000
 
   | dipole moment | =     0.8533 a.u. =     2.1690 debye 
 
 ------------------------------------------------------------------------------
                     quadrupole moment
 ------------------------------------------------------------------------------
  xx       0.000000      -5.545888      -5.545888
  yy       7.447266     -10.755443      -3.308177
  zz       4.115952      -7.236614      -3.120662
  xy       0.000000      -0.000000      -0.000000
  xz       0.000000      -0.000000      -0.000000
  yz       0.000000      -0.000000      -0.000000
 
     1/3  trace=      -3.991576
     anisotropy=       2.337118
 
 ==============================================================================
 
HOMO-LUMO Separation
 HOMO         :   -0.50773399 H =    -13.81615 eV
 LUMO         :    0.12708464 H =     +3.45815 eV
 HOMO-LUMO gap:    0.63481862 H =    +17.27430 eV
 
 ==============================================================================


    ------------------------------------------------------------------------
         total  cpu-time :  52.21 seconds
         total wall-time :   8.44 seconds
    ------------------------------------------------------------------------

   ****  ridft : all done  ****


    2025-11-25 11:46:58.942 

 ridft ended normally
