
  ========================================================================
                license information 
 Customer : 200000000019588
 ID       : LKO3533017

 License file is VALID, continuing with full version
  ========================================================================

   OpenMP run-time library returned nthreads =  4

 ridft (u-0-13.local) : TURBOMOLE rev. V7-9 compiled 8 Oct 2024 at 18:07:07
 Copyright (C) 2024 TURBOMOLE GmbH, Karlsruhe


    2025-11-22 10:49:43.765 



                                  r i d f t

                        DFT program with RI approximation 
                                for coulomb part 





                                 References:     
                                                 
          TURBOMOLE:                             
              R. Ahlrichs, M. Baer, M. Haeser, H. Horn, and
              C. Koelmel
              Electronic structure calculations on workstation
              computers: the program system TURBOMOLE
              Chem. Phys. Lett. 162: 165 (1989)
          Density Functional:                              
              O. Treutler and R. Ahlrichs                      
              Efficient Molecular Numerical Integration Schemes
              J. Chem. Phys. 102: 346 (1995)                   
          Parallel Version:                                
              Performance of parallel TURBOMOLE for Density    
              Functional Calculations                          
              M. v. Arnim and R. Ahlrichs                      
              J. Comp. Chem. 19: 1746 (1998)                   
          RI-J Method:                                     
              Auxiliary Basis Sets to approximate Coulomb      
              Potentials                                       
              Chem. Phys. Lett. 240: 283 (1995)                
              K. Eichkorn, O. Treutler, H. Oehm, M. Haeser     
              and R. Ahlrichs                                  
              Chem. Phys. Lett. 242: 652 (1995)                
                                                           
              Auxiliary Basis Sets for Main Row Atoms and their
              Use to approximate Coulomb Potentials            
              K. Eichkorn, F. Weigend, O. Treutler and         
              R. Ahlrichs                                      
              Theo. Chem. Acc. 97: 119 (1997)                  
                                                           
              Accurate Coulomb-fitting basis sets for H to Rn 
              F. Weigend                                       
              Phys. Chem. Chem. Phys. 8: 1057 (2006)           
                                                           
          Multipole accelerated RI-J (MARI-J):             
              Fast evaluation of the Coulomb potential for     
              electron densities using multipole accelerated   
              resolution of identity approximation             
              M. Sierka, A. Hogekamp and R. Ahlrichs           
              J. Chem. Phys. 118: 9136 (2003)                  
          RI-JK Method:                                     
              A fully direct RI-HF algorithm: Implementation,
              optimised auxiliary basis sets, demonstration of
              accuracy and efficiency                         
              F. Weigend                                      
              Phys. Chem. Chem. Phys. 4: 4285 (2002)           
          Two-component HF and DFT with spin-orbit coupling:  
              Self-consistent treatment of spin-orbit         
              interactions with efficient Hartree-Fock and    
              density functional methods                      
              M. K. Armbruster, F. Weigend, C. van Wüllen and 
              W. Klopper                                      
              Phys. Chem. Chem. Phys. 10: 1748 (2008)         
          Two-component difference density and DIIS algorithm 
              Efficient two-component self-consistent field   
              procedures and gradients: implementation in     
              TURBOMOLE and application to Au20-              
              A. Baldes, F. Weigend                           
              Mol. Phys. 111: 2617 (2013)                     
          Relativistic current density functional theory      
              Current density functional framework for        
              spin-orbit coupling                             
              C. Holzer, Y. J. Franzke, A. Pausch             
              J. Chem. Phys. 157: 204102 (2022)               
          Relativistic all-electron 2c calculations           
              An efficient implementation of two-component    
              relativistic exact-decoupling methods for large 
              molecules                                       
              D. Peng, N. Middendorf, F. Weigend, M. Reiher   
              J. Chem. Phys. 138: 184105 (2013)               
          Finite nucleus model and SNSO approximation         
              Efficient implementation of one- and two-       
              component analytical energy gradients in exact  
              two-component theory                            
              Y. J. Franzke, N. Middendorf, F. Weigend        
              J. Chem. Phys. 148: 104110 (2018)               
          Grids for all-electron relativistic methods         
              Error-consistent segmented contracted all-      
              electron relativistic basis sets of double-     
              and triple-zeta quality for NMR shielding       
              constants                                       
              Y. J. Franzke, R. Tress, T. M. Pazdera,         
              F. Weigend                                      
              Phys. Chem. Chem. Phys. 21: 166658 (2019)       
          Seminumerical exchange algorithms                   
              Seminumerical calculation of the Hartree-Fock   
              exchange matirx: Application to two-component   
              procedures and efficient evaluation of local    
              hybrid functionsl                               
              P. Plessow, F. Weigend,                         
              J. Comput. Chem. 33: 810 (2012)                 
          Improved seminumerical algorithms                   
              C. Holzer,                                      
              J. Chem. Phys. 153 (2020), 184115               






          OpenMP Shared-Memory Parallelization:  4 CPUs.

            By: Christof Holzer and Yannick J. Franzke


              +--------------------------------------------------+
              |      general information about current run       |
              +--------------------------------------------------+

 
 B-P86 functional
 exchange:    LDA + Becke (B88)
 correlation: LDA (VWN) + Perdew (P86)
 A DFT calculation using the RI-J approximation will be carried out.
 Allocatable memory for RI due to $ricore (MB):                   500


              +--------------------------------------------------+
              | Atomic coordinate, charge and isotop information |
              +--------------------------------------------------+

                    atomic coordinates            atom    charge  isotop
         -0.50460034   -3.85982230    0.00000000    o      8.000     0
         -1.49954492   -1.20039939    0.00000000    s     16.000     0
          0.04044581    0.40539917    2.53914185    c      6.000     0
          0.04044581    0.40539917   -2.53914185    c      6.000     0
         -0.49102077    2.39685303    2.47999720    h      1.000     0
         -0.62808260   -0.44819579    4.29055892    h      1.000     0
          2.08073019    0.17605444    2.34463612    h      1.000     0
         -0.49102077    2.39685303   -2.47999720    h      1.000     0
          2.08073019    0.17605444   -2.34463612    h      1.000     0
         -0.62808260   -0.44819579   -4.29055892    h      1.000     0
 
       center of nuclear mass  :   -0.68145564   -1.10352810    0.00000000
       center of nuclear charge:   -0.61002186   -0.97549417    0.00000000

              +--------------------------------------------------+
              |               basis set information              |
              +--------------------------------------------------+

              we will work with the 1s 3p 5d 7f 9g ... basis set
              ...i.e. with spherical basis functions...

   type   atoms  prim   cont   basis
   ---------------------------------------------------------------------------
    o        1     34     19   def-TZVP   [5s3p1d|11s6p1d]
    s        1     46     22   def-TZVP   [5s4p1d|14s9p1d]
    c        2     34     19   def-TZVP   [5s3p1d|11s6p1d]
    h        6      8      6   def-TZVP   [3s1p|5s1p]
   ---------------------------------------------------------------------------
   total:   10    196    115
   ---------------------------------------------------------------------------

   total number of primitive shells          :   66
   total number of contracted shells         :   61
   total number of cartesian basis functions :  119
   total number of SCF-basis functions       :  115


 integral neglect threshold       :  0.28E-10
 integral storage threshold THIZE :  0.10E-04
 integral storage threshold THIME :         5

 RI-J AUXILIARY BASIS SET information:

              we will work with the 1s 3p 5d 7f 9g ... basis set
              ...i.e. with spherical basis functions...

   type   atoms  prim   cont   basis
   ---------------------------------------------------------------------------
    o        1     40     38   def-TZVP   [7s3p3d1f|9s3p3d1f]
    s        1     71     40   def-TZVP   [5s3p2d1f1g|12s6p5d1f1g]
    c        2     40     38   def-TZVP   [7s3p3d1f|9s3p3d1f]
    h        6     10      9   def-TZVP   [3s2p|4s2p]
   ---------------------------------------------------------------------------
   total:   10    251    208
   ---------------------------------------------------------------------------

   total number of primitive shells          :   63
   total number of contracted shells         :   84
   total number of cartesian basis functions :  237
   total number of SCF-basis functions       :  208


 symmetry group of the molecule :   cs

 the group has the following generators :
   c1(z)
   mirror plane sigma(xy)

    2 symmetry operations found

 there are 2 real representations :   a'   a"  

 maximum number of shells which are related by symmetry :  2

 ==============================================================================
                      COSMO switched on
 ==============================================================================
 COSMO stati: segments per atom: H   32 other atoms   92
 COSMO statistics: nps    385 npspher:    201
 COSMO surface:
   number of segments:  385
   area (bohr**2):      391.513093
   volume (bohr**3):    652.910580
 COSMO: check number of disjunct cavities:

       ... OK contiguous cavity found
   sym. distinct segments:  271
   sym. dist. seg. on spheres:  137
   min. distance between points:      0.293026
   max. symmetrization distance error:      0.000089

 Surface grid was constructed by projection of gridpoints of symmetry distict atoms.
 This may lead to differences compared to C1 results.
  
           ------------------
           density functional
           ------------------
 B-P86 functional
 exchange:    LDA + Becke (B88)
 correlation: LDA (VWN) + Perdew (P86)
 iterations will be done with small grid
  
 spherical integration : Lebedev's spherical grid
 spherical gridsize    :                     4
    i.e. gridpoints    :                   434
  maximum batchsize    :                   100
 value for diffuse not defined
 radial integration    : Chebyshev 2nd kind (scaling 3)
 radial gridsize       :                     6
 integration cells     :                     6
 partition function    : becke
 partition sharpness   :                     3
  

 biggest AO integral is expected to be     9.804440325

          ------------------------
          nuclear repulsion energy  :   184.883206469    
          ------------------------


         -----------------
         -S,T+V- integrals
         -----------------

 1e-integrals will be neglected if expon. factor < 0.280837E-11
 
 Difference densities algorithm switched on.
 The maximal number of linear combinations of
 difference densities is  20.

 DIIS switched on: error vector is FDS-SDF
 Max. Iterations for DIIS is     :   4
 DIIS matrix (see manual) 
    Scaling factor of diagonals  :  1.200
    threshold for scaling factor :  0.000

 scf convergence criterion : increment of total energy < .1000000D-06
                  and increment of one-electron energy < .1000000D-03

 MOs are in ASCII format !


    mo occupation :
   irrep   mo's   occupied
    a'      67       14
    a"      48        7
 
 number of basis functions   :   115
 number of occupied orbitals :    21
 

 reading orbital data $scfmo  from file mos
 orbital characterization : scfconv=7
 mo-orthogonalization by Cholesky decomposition

 automatic virtual orbital shift switched on 
      shift if e(lumo)-e(homo) < 0.10000000    

  
           ------------------------
               RI-J - INFORMATION
           ------------------------
 Contributions to RI integral batches: 
  neglected integral batches:                   888
  direct contribution:                            0
  memory contribution:                  1003
 Memory core needed for (P|Q) and Cholesky      1 MByte
 Memory core minimum needed except of (P|Q)     1 MByte
 Total minimum memory core needed (sum)         1 MByte
  
 ****************************************
 Memory allocated for RI-J     8 MByte
 ****************************************
                                            

 DSCF restart information will be dumped onto file mos


 Starting SCF iterations

          Overall gridpoints after grid construction =         13390

 ITERATION  ENERGY          1e-ENERGY        2e-ENERGY     NORM[dD(SAO)]  TOL
   1  -553.32701197671    -1126.5483517     388.33813327    0.000D+00 0.280D-10
                            Exc = -47.4789324247     Coul =  435.817065697    
                              N = 42.000057528    
                          Ediel =-0.136995973523E-01
                            current damping = 0.300
 
          max. resid. norm for Fia-block=  1.729D-02 for orbital      7a"        
          max. resid. fock norm         =  3.796D-02 for orbital     28a'        

 ITERATION  ENERGY          1e-ENERGY        2e-ENERGY     NORM[dD(SAO)]  TOL
   2  -553.32885843976    -1126.9026756     388.69061067    0.245D+00 0.179D-10
                            Exc = -47.5138178162     Coul =  436.204428484    
                              N = 42.000058550    
                          Ediel =-0.235094076107E-01
                            current damping = 0.250
 
          Norm of current diis error: 0.14279    
          max. resid. norm for Fia-block=  9.623D-03 for orbital      7a"        
          max. resid. fock norm         =  1.044D-02 for orbital      7a"        

 ITERATION  ENERGY          1e-ENERGY        2e-ENERGY     NORM[dD(SAO)]  TOL
   3  -553.33069989975    -1126.7740243     388.56011789    0.570D-01 0.157D-10
                            Exc = -47.4845480250     Coul =  436.044665914    
                              N = 42.000060285    
                          Ediel =-0.222560063367E-01
                            current damping = 0.200
 
          Norm of current diis error: 0.25897E-01
          max. resid. norm for Fia-block=  2.488D-03 for orbital      7a"        
          max. resid. fock norm         =  2.917D-03 for orbital     56a'        

 ITERATION  ENERGY          1e-ENERGY        2e-ENERGY     NORM[dD(SAO)]  TOL
   4  -553.33076105994    -1126.7315908     388.51762328    0.132D-01 0.141D-10
                            Exc = -47.4860680085     Coul =  436.003691289    
                              N = 42.000060842    
                          Ediel =-0.223726366434E-01
                            current damping = 0.100
 
          Norm of current diis error: 0.63549E-02
          max. resid. norm for Fia-block=  6.222D-04 for orbital     12a'        
          max. resid. fock norm         =  9.642D-04 for orbital     26a'        

 ITERATION  ENERGY          1e-ENERGY        2e-ENERGY     NORM[dD(SAO)]  TOL
   5  -553.33076485095    -1126.7681938     388.55422247    0.486D-02 0.132D-10
                            Exc = -47.4872843181     Coul =  436.041506785    
                              N = 42.000060873    
                          Ediel =-0.224207302504E-01
                            current damping = 0.150
 
          Norm of current diis error: 0.33053E-02
          max. resid. norm for Fia-block=  2.112D-04 for orbital      4a"        
          max. resid. fock norm         =  3.160D-04 for orbital     24a'        
          mo-orthogonalization: Cholesky decomposition

 ITERATION  ENERGY          1e-ENERGY        2e-ENERGY     NORM[dD(SAO)]  TOL
   6  -553.33076594211    -1126.7516585     388.53768609    0.105D-02 0.128D-10
                            Exc = -47.4867311830     Coul =  436.024417269    
                              N = 42.000060947    
                          Ediel =-0.224405139732E-01
                            current damping = 0.200
 
          Norm of current diis error: 0.91327E-03
          max. resid. norm for Fia-block=  5.324D-05 for orbital      4a"        
          max. resid. fock norm         =  9.444D-05 for orbital      9a'        

 ITERATION  ENERGY          1e-ENERGY        2e-ENERGY     NORM[dD(SAO)]  TOL
   7  -553.33076600154    -1126.7534625     388.53949000    0.246D-03 0.125D-10
                            Exc = -47.4867679090     Coul =  436.026257906    
                              N = 42.000060934    
                          Ediel =-0.224604452948E-01
                            current damping = 0.250
 
          Norm of current diis error: 0.45281E-03
          max. resid. norm for Fia-block=  2.215D-05 for orbital      7a"        
          max. resid. fock norm         =  3.040D-05 for orbital     12a'        

 ENERGY CONVERGED !

          Overall gridpoints after grid construction =         48853

 ITERATION  ENERGY          1e-ENERGY        2e-ENERGY     NORM[dD(SAO)]  TOL
   8  -553.33069474922    -1126.7537904     388.53988918    0.833D-04 0.122D-10
                            Exc = -47.4867031009     Coul =  436.026592276    
                              N = 41.999995115    
                          Ediel =-0.224538990175E-01
                            current damping = 0.100
 
          Norm of current diis error: 0.10867E-03
          max. resid. norm for Fia-block=  6.258D-06 for orbital     14a'        
          max. resid. fock norm         =  9.042D-06 for orbital     15a'        

 End of SCF iterations

   convergence criteria satisfied after     8 iterations


                  ------------------------------------------ 
                 |  total energy      =   -553.33069474922  |
                  ------------------------------------------ 
                 :  kinetic energy    =    551.53791036499  :
                 :  potential energy  =  -1104.86860511420  :
                 :  virial theorem    =      1.99676001277  :
                 :  wavefunction norm =      1.00000000000  :
                  .......................................... 


 orbitals $scfmo  will be written to file mos

    irrep                 10a'        11a'        12a'        13a'        14a'  
 eigenvalues H         -0.42403    -0.41455    -0.36833    -0.32135    -0.20470
            eV         -11.5386    -11.2805    -10.0227     -8.7444     -5.5703
 occupation              2.0000      2.0000      2.0000      2.0000      2.0000

    irrep                 15a'        16a'        17a'        18a'        19a'  
 eigenvalues H          0.00257     0.03160     0.05239     0.08034     0.08505
            eV           0.0701      0.8600      1.4255      2.1862      2.3143

    irrep                  3a"         4a"         5a"         6a"         7a"  
 eigenvalues H         -0.65529    -0.41731    -0.37523    -0.34769    -0.24525
            eV         -17.8315    -11.3556    -10.2106     -9.4612     -6.6735
 occupation              2.0000      2.0000      2.0000      2.0000      2.0000

    irrep                  8a"         9a"        10a"        11a"        12a"  
 eigenvalues H          0.00915     0.09109     0.12055     0.13192     0.18227
            eV           0.2490      2.4788      3.2804      3.5899      4.9598
 
 ==============================================================================
                                  COSMO RESULTS
 ==============================================================================
  PARAMETER:
    nppa:      1082
    nspa:        92
    nsph:        32
    nps:        385
    npspher:    201
    disex:   10.0000    
    disex2:  4284.73    
    rsolv [A]: 1.3000
    routf:     0.8500
    phsran:    0.0    
    ampran:   0.10E-04
    cavity:  closed
    solvent: not set
    source:  Custom values, not taken from cosmosolvent list!
    epsilon: infinity
    refind:      1.300 ( 25.0 C)
    fepsi:       1.0000000
  CAVITY VOLUME/AREA [a.u.]:
    surface: V1.0, A matrix: V1.0
    area:   391.51
    volume:   652.91
  SCREENING CHARGE:
    cosmo      :  -0.023264
    correction :   0.022718
    total      :  -0.000545
  ENERGIES [a.u.]:
    Total energy            =      -553.3306947492154
    Total energy + OC corr. =      -553.3308282740
    Dielectric energy       =        -0.0224538990
    Diel. energy + OC corr. =        -0.0225874238
  ELEMENT RADIUS [A]: ATOM LIST
    o  1.72: 1
    s  2.16: 2
    c  2.00: 3,4
    h  1.30: 5-10
 ==============================================================================
 
 
 
 ==============================================================================
                           electrostatic moments
 ==============================================================================

 reference point for electrostatic moments:    0.00000   0.00000   0.00000

 
              nuc           elec       ->  total
 ------------------------------------------------------------------------------
                          charge      
 ------------------------------------------------------------------------------
          42.000000     -42.000000      -0.000000
 
 ------------------------------------------------------------------------------
                       dipole moment  
 ------------------------------------------------------------------------------
   x     -25.620918      25.778686       0.157768
   y     -40.970755      43.243094       2.272339
   z       0.000000      -0.000000      -0.000000
 
   | dipole moment | =     2.2778 a.u. =     5.7896 debye 
 
 ------------------------------------------------------------------------------
                     quadrupole moment
 ------------------------------------------------------------------------------
  xx      47.964817     -72.379885     -24.415069
  yy     156.166905    -188.789152     -32.622248
  zz     137.480097    -158.114132     -20.634035
  xy      43.520789     -44.403742      -0.882953
  xz       0.000000       0.000000       0.000000
  yz       0.000000       0.000000       0.000000
 
     1/3  trace=     -25.890451
     anisotropy=      10.724945
 
 ==============================================================================
 
HOMO-LUMO Separation
 HOMO         :   -0.20470497 H =     -5.57031 eV
 LUMO         :    0.00257443 H =     +0.07005 eV
 HOMO-LUMO gap:    0.20727940 H =     +5.64036 eV
 
 ==============================================================================


    ------------------------------------------------------------------------
         total  cpu-time :   3.11 seconds
         total wall-time :   0.81 seconds
    ------------------------------------------------------------------------

   ****  ridft : all done  ****


    2025-11-22 10:49:44.546 

 ridft ended normally
