
  ========================================================================
                license information 
 Customer : 200000000019588
 ID       : LKO3533017

 License file is VALID, continuing with full version
  ========================================================================

   OpenMP run-time library returned nthreads =  4

 ridft (u-0-13.local) : TURBOMOLE rev. V7-9 compiled 8 Oct 2024 at 18:07:07
 Copyright (C) 2024 TURBOMOLE GmbH, Karlsruhe


    2025-11-21 11:59:27.768 



                                  r i d f t

                        DFT program with RI approximation 
                                for coulomb part 





                                 References:     
                                                 
          TURBOMOLE:                             
              R. Ahlrichs, M. Baer, M. Haeser, H. Horn, and
              C. Koelmel
              Electronic structure calculations on workstation
              computers: the program system TURBOMOLE
              Chem. Phys. Lett. 162: 165 (1989)
          Density Functional:                              
              O. Treutler and R. Ahlrichs                      
              Efficient Molecular Numerical Integration Schemes
              J. Chem. Phys. 102: 346 (1995)                   
          Parallel Version:                                
              Performance of parallel TURBOMOLE for Density    
              Functional Calculations                          
              M. v. Arnim and R. Ahlrichs                      
              J. Comp. Chem. 19: 1746 (1998)                   
          RI-J Method:                                     
              Auxiliary Basis Sets to approximate Coulomb      
              Potentials                                       
              Chem. Phys. Lett. 240: 283 (1995)                
              K. Eichkorn, O. Treutler, H. Oehm, M. Haeser     
              and R. Ahlrichs                                  
              Chem. Phys. Lett. 242: 652 (1995)                
                                                           
              Auxiliary Basis Sets for Main Row Atoms and their
              Use to approximate Coulomb Potentials            
              K. Eichkorn, F. Weigend, O. Treutler and         
              R. Ahlrichs                                      
              Theo. Chem. Acc. 97: 119 (1997)                  
                                                           
              Accurate Coulomb-fitting basis sets for H to Rn 
              F. Weigend                                       
              Phys. Chem. Chem. Phys. 8: 1057 (2006)           
                                                           
          Multipole accelerated RI-J (MARI-J):             
              Fast evaluation of the Coulomb potential for     
              electron densities using multipole accelerated   
              resolution of identity approximation             
              M. Sierka, A. Hogekamp and R. Ahlrichs           
              J. Chem. Phys. 118: 9136 (2003)                  
          RI-JK Method:                                     
              A fully direct RI-HF algorithm: Implementation,
              optimised auxiliary basis sets, demonstration of
              accuracy and efficiency                         
              F. Weigend                                      
              Phys. Chem. Chem. Phys. 4: 4285 (2002)           
          Two-component HF and DFT with spin-orbit coupling:  
              Self-consistent treatment of spin-orbit         
              interactions with efficient Hartree-Fock and    
              density functional methods                      
              M. K. Armbruster, F. Weigend, C. van Wüllen and 
              W. Klopper                                      
              Phys. Chem. Chem. Phys. 10: 1748 (2008)         
          Two-component difference density and DIIS algorithm 
              Efficient two-component self-consistent field   
              procedures and gradients: implementation in     
              TURBOMOLE and application to Au20-              
              A. Baldes, F. Weigend                           
              Mol. Phys. 111: 2617 (2013)                     
          Relativistic current density functional theory      
              Current density functional framework for        
              spin-orbit coupling                             
              C. Holzer, Y. J. Franzke, A. Pausch             
              J. Chem. Phys. 157: 204102 (2022)               
          Relativistic all-electron 2c calculations           
              An efficient implementation of two-component    
              relativistic exact-decoupling methods for large 
              molecules                                       
              D. Peng, N. Middendorf, F. Weigend, M. Reiher   
              J. Chem. Phys. 138: 184105 (2013)               
          Finite nucleus model and SNSO approximation         
              Efficient implementation of one- and two-       
              component analytical energy gradients in exact  
              two-component theory                            
              Y. J. Franzke, N. Middendorf, F. Weigend        
              J. Chem. Phys. 148: 104110 (2018)               
          Grids for all-electron relativistic methods         
              Error-consistent segmented contracted all-      
              electron relativistic basis sets of double-     
              and triple-zeta quality for NMR shielding       
              constants                                       
              Y. J. Franzke, R. Tress, T. M. Pazdera,         
              F. Weigend                                      
              Phys. Chem. Chem. Phys. 21: 166658 (2019)       
          Seminumerical exchange algorithms                   
              Seminumerical calculation of the Hartree-Fock   
              exchange matirx: Application to two-component   
              procedures and efficient evaluation of local    
              hybrid functionsl                               
              P. Plessow, F. Weigend,                         
              J. Comput. Chem. 33: 810 (2012)                 
          Improved seminumerical algorithms                   
              C. Holzer,                                      
              J. Chem. Phys. 153 (2020), 184115               






          OpenMP Shared-Memory Parallelization:  4 CPUs.

            By: Christof Holzer and Yannick J. Franzke


              +--------------------------------------------------+
              |      general information about current run       |
              +--------------------------------------------------+

 
 B-P86 functional
 exchange:    LDA + Becke (B88)
 correlation: LDA (VWN) + Perdew (P86)
 A DFT calculation using the RI-J approximation will be carried out.
 Allocatable memory for RI due to $ricore (MB):                   500


              +--------------------------------------------------+
              | Atomic coordinate, charge and isotop information |
              +--------------------------------------------------+

                    atomic coordinates            atom    charge  isotop
         -0.50460034   -3.85982230    0.00000000    o      8.000     0
         -1.49954492   -1.20039939    0.00000000    s     16.000     0
          0.04044581    0.40539917    2.53914185    c      6.000     0
          0.04044581    0.40539917   -2.53914185    c      6.000     0
         -0.49102077    2.39685303    2.47999720    h      1.000     0
         -0.62808260   -0.44819579    4.29055892    h      1.000     0
          2.08073019    0.17605444    2.34463612    h      1.000     0
         -0.49102077    2.39685303   -2.47999720    h      1.000     0
          2.08073019    0.17605444   -2.34463612    h      1.000     0
         -0.62808260   -0.44819579   -4.29055892    h      1.000     0
 
       center of nuclear mass  :   -0.68145564   -1.10352810    0.00000000
       center of nuclear charge:   -0.61002186   -0.97549417    0.00000000

              +--------------------------------------------------+
              |               basis set information              |
              +--------------------------------------------------+

              we will work with the 1s 3p 5d 7f 9g ... basis set
              ...i.e. with spherical basis functions...

   type   atoms  prim   cont   basis
   ---------------------------------------------------------------------------
    o        1     34     19   def-TZVP   [5s3p1d|11s6p1d]
    s        1     46     22   def-TZVP   [5s4p1d|14s9p1d]
    c        2     34     19   def-TZVP   [5s3p1d|11s6p1d]
    h        6      8      6   def-TZVP   [3s1p|5s1p]
   ---------------------------------------------------------------------------
   total:   10    196    115
   ---------------------------------------------------------------------------

   total number of primitive shells          :   66
   total number of contracted shells         :   61
   total number of cartesian basis functions :  119
   total number of SCF-basis functions       :  115


 integral neglect threshold       :  0.28E-10
 integral storage threshold THIZE :  0.10E-04
 integral storage threshold THIME :         5

 RI-J AUXILIARY BASIS SET information:

              we will work with the 1s 3p 5d 7f 9g ... basis set
              ...i.e. with spherical basis functions...

   type   atoms  prim   cont   basis
   ---------------------------------------------------------------------------
    o        1     40     38   def-TZVP   [7s3p3d1f|9s3p3d1f]
    s        1     71     40   def-TZVP   [5s3p2d1f1g|12s6p5d1f1g]
    c        2     40     38   def-TZVP   [7s3p3d1f|9s3p3d1f]
    h        6     10      9   def-TZVP   [3s2p|4s2p]
   ---------------------------------------------------------------------------
   total:   10    251    208
   ---------------------------------------------------------------------------

   total number of primitive shells          :   63
   total number of contracted shells         :   84
   total number of cartesian basis functions :  237
   total number of SCF-basis functions       :  208


 symmetry group of the molecule :   cs

 the group has the following generators :
   c1(z)
   mirror plane sigma(xy)

    2 symmetry operations found

 there are 2 real representations :   a'   a"  

 maximum number of shells which are related by symmetry :  2

  
           ------------------
           density functional
           ------------------
 B-P86 functional
 exchange:    LDA + Becke (B88)
 correlation: LDA (VWN) + Perdew (P86)
 iterations will be done with small grid
  
 spherical integration : Lebedev's spherical grid
 spherical gridsize    :                     4
    i.e. gridpoints    :                   434
  maximum batchsize    :                   100
 value for diffuse not defined
 radial integration    : Chebyshev 2nd kind (scaling 3)
 radial gridsize       :                     6
 integration cells     :                     6
 partition function    : becke
 partition sharpness   :                     3
  

 biggest AO integral is expected to be     9.804440325

          ------------------------
          nuclear repulsion energy  :   184.883206469    
          ------------------------


         -----------------
         -S,T+V- integrals
         -----------------

 1e-integrals will be neglected if expon. factor < 0.280837E-11
 
 Difference densities algorithm switched on.
 The maximal number of linear combinations of
 difference densities is  20.

 DIIS switched on: error vector is FDS-SDF
 Max. Iterations for DIIS is     :   4
 DIIS matrix (see manual) 
    Scaling factor of diagonals  :  1.200
    threshold for scaling factor :  0.000

 scf convergence criterion : increment of total energy < .1000000D-06
                  and increment of one-electron energy < .1000000D-03

 MOs are in ASCII format !


    mo occupation :
   irrep   mo's   occupied
    a'      67       14
    a"      48        7
 
 number of basis functions   :   115
 number of occupied orbitals :    21
 

 reading orbital data $scfmo  from file mos
 orbital characterization : scfconv=7
 mo-orthogonalization by Cholesky decomposition

 automatic virtual orbital shift switched on 
      shift if e(lumo)-e(homo) < 0.10000000    

  
           ------------------------
               RI-J - INFORMATION
           ------------------------
 Contributions to RI integral batches: 
  neglected integral batches:                   888
  direct contribution:                            0
  memory contribution:                  1003
 Memory core needed for (P|Q) and Cholesky      1 MByte
 Memory core minimum needed except of (P|Q)     1 MByte
 Total minimum memory core needed (sum)         1 MByte
  
 ****************************************
 Memory allocated for RI-J     8 MByte
 ****************************************
                                            

 DSCF restart information will be dumped onto file mos


 Starting SCF iterations

          Overall gridpoints after grid construction =         13390

 ITERATION  ENERGY          1e-ENERGY        2e-ENERGY     NORM[dD(SAO)]  TOL
   1  -553.31331237933    -1126.5346803     388.33816146    0.000D+00 0.280D-10
                            Exc = -47.4789383703     Coul =  435.817099827    
                              N = 42.000057528    
                            current damping = 0.300
 
          max. resid. norm for Fia-block=  2.844D-06 for orbital      7a"        
          max. resid. fock norm         =  3.502D-06 for orbital     14a'        

 ITERATION  ENERGY          1e-ENERGY        2e-ENERGY     NORM[dD(SAO)]  TOL
   2  -553.31331237927    -1126.5346342     388.33811539    0.278D-04 0.178D-10
                            Exc = -47.4789279063     Coul =  435.817043295    
                              N = 42.000057528    
                            current damping = 0.300
 
          Norm of current diis error: 0.33950E-04
          max. resid. norm for Fia-block=  1.366D-06 for orbital      7a"        
          max. resid. fock norm         =  1.704D-06 for orbital     14a'        

 ENERGY CONVERGED !

          Overall gridpoints after grid construction =         48853

 ITERATION  ENERGY          1e-ENERGY        2e-ENERGY     NORM[dD(SAO)]  TOL
   3  -553.31324140556    -1126.5346521     388.33820425    0.312D-05 0.169D-10
                            Exc = -47.4788614509     Coul =  435.817065697    
                              N = 41.999994993    
                            current damping = 0.350
 
          Norm of current diis error: 0.99470E-05
          max. resid. norm for Fia-block=  3.629D-07 for orbital      7a"        
          max. resid. fock norm         =  4.644D-07 for orbital     12a'        

 End of SCF iterations

   convergence criteria satisfied after     3 iterations


                  ------------------------------------------ 
                 |  total energy      =   -553.31324140556  |
                  ------------------------------------------ 
                 :  kinetic energy    =    551.54560464489  :
                 :  potential energy  =  -1104.85884605046  :
                 :  virial theorem    =      1.99680535973  :
                 :  wavefunction norm =      1.00000000000  :
                  .......................................... 


 orbitals $scfmo  will be written to file mos

    irrep                 10a'        11a'        12a'        13a'        14a'  
 eigenvalues H         -0.43458    -0.42310    -0.36315    -0.31558    -0.19380
            eV         -11.8256    -11.5133     -9.8820     -8.5874     -5.2737
 occupation              2.0000      2.0000      2.0000      2.0000      2.0000

    irrep                 15a'        16a'        17a'        18a'        19a'  
 eigenvalues H          0.00385     0.01097     0.03920     0.06045     0.06721
            eV           0.1049      0.2985      1.0667      1.6451      1.8289

    irrep                  3a"         4a"         5a"         6a"         7a"  
 eigenvalues H         -0.66815    -0.42519    -0.39058    -0.36071    -0.23203
            eV         -18.1815    -11.5701    -10.6283     -9.8155     -6.3139
 occupation              2.0000      2.0000      2.0000      2.0000      2.0000

    irrep                  8a"         9a"        10a"        11a"        12a"  
 eigenvalues H          0.00380     0.07409     0.09801     0.11516     0.16401
            eV           0.1034      2.0161      2.6670      3.1338      4.4630
 
 
 
 
 ==============================================================================
                           electrostatic moments
 ==============================================================================

 reference point for electrostatic moments:    0.00000   0.00000   0.00000

 
              nuc           elec       ->  total
 ------------------------------------------------------------------------------
                          charge      
 ------------------------------------------------------------------------------
          42.000000     -42.000000      -0.000000
 
 ------------------------------------------------------------------------------
                       dipole moment  
 ------------------------------------------------------------------------------
   x     -25.620918      25.738823       0.117905
   y     -40.970755      42.586978       1.616223
   z       0.000000      -0.000000      -0.000000
 
   | dipole moment | =     1.6205 a.u. =     4.1189 debye 
 
 ------------------------------------------------------------------------------
                     quadrupole moment
 ------------------------------------------------------------------------------
  xx      47.964817     -72.522820     -24.558003
  yy     156.166905    -187.185268     -31.018364
  zz     137.480097    -158.931037     -21.450941
  xy      43.520789     -44.119661      -0.598872
  xz       0.000000      -0.000000      -0.000000
  yz       0.000000      -0.000000      -0.000000
 
     1/3  trace=     -25.675769
     anisotropy=       8.516970
 
 ==============================================================================
 
HOMO-LUMO Separation
 HOMO         :   -0.19380375 H =     -5.27367 eV
 LUMO         :    0.00379862 H =     +0.10337 eV
 HOMO-LUMO gap:    0.19760237 H =     +5.37704 eV
 
 ==============================================================================


    ------------------------------------------------------------------------
         total  cpu-time :   1.56 seconds
         total wall-time :   0.44 seconds
    ------------------------------------------------------------------------

   ****  ridft : all done  ****


    2025-11-21 11:59:28.163 

 ridft ended normally
