
   OpenMP run-time library returned nthreads = 16

 ricc2 (u-0-0.local) : TURBOMOLE rev. V7-9 compiled 8 Oct 2024 at 13:22:58
 Copyright (C) 2024 TURBOMOLE GmbH, Karlsruhe


    2025-11-15 18:24:11.719 



                              R I C C 2 - PROGRAM

                          the quantum chemistry groups
                             at the universities in
                               Karlsruhe & Bochum
                                   Germany



   *-----------------------------------------------------------------------*
   |                     program will use 16 thread(s)                     |
   *-----------------------------------------------------------------------*


              +--------------------------------------------------+
              | Atomic coordinate, charge and isotop information |
              +--------------------------------------------------+

                    atomic coordinates            atom    charge  isotop
          2.72082012   -0.34668160   -0.99753540    o      8.000     0
          0.30855826    0.57936924   -0.37649580    cl    17.000     0
         -1.63009665   -0.23595309   -2.01554598    o      8.000     0
         -0.32308459    0.33799641    2.20321279    o      8.000     0
          0.66695994    3.53222883   -0.89043895    o      8.000     0
         -0.93512152    4.37064173   -0.51055109    h      1.000     0
 
       center of nuclear mass  :    0.32799055    0.77191353   -0.40878968
       center of nuclear charge:    0.31574319    0.81041287   -0.41026880

              +--------------------------------------------------+
              |               basis set information              |
              +--------------------------------------------------+

              we will work with the 1s 3p 5d 7f 9g ... basis set
              ...i.e. with spherical basis functions...

   type   atoms  prim   cont   basis
   ---------------------------------------------------------------------------
    o        4     46     31   def2-TZVP   [5s3p2d1f|11s6p2d1f]
    cl       1     63     37   def2-TZVP   [5s5p2d1f|14s9p3d1f]
    h        1      8      6   def2-TZVP   [3s1p|5s1p]
   ---------------------------------------------------------------------------
   total:    6    255    167
   ---------------------------------------------------------------------------

   total number of primitive shells          :   53
   total number of contracted shells         :   61
   total number of cartesian basis functions :  192
   total number of SCF-basis functions       :  167


 symmetry group of the molecule :   c1 

 the group has the following generators :
   c1(z)

    1 symmetry operations found

 there are 1 real representations :   a   


   =========================================================================


     restricted closed shell calculation for the wavefunction models:
               MP2        - Second Order Moeller Plesset PT


     global parameters for ricc2 program:

        hard restart (reuse of interm.) :  disabled
        soft restart (reuse of vectors) :  enabled 
        threshold for vector function   :     1.000E-06
        convergence threshold energy    :     1.000E-07
        linear dependence threshold     :     1.000E-14
        global print level              :      1
        maximum number of iterations    :   100
        maximum number DIIS vectors     :    10
        max. dim. of reduced space      :   100
        core memory limit (GB)          :    63
                ... per thread (MB)     :  4000


     MP2 energy only: Energy will be calculated directly from T2 amplitudes!
 

     Scratch Directory : /state/partition2/vallet/1081465.phlam-s-sakura/


   =========================================================================

    der. integral neglect threshold  :  0.10E-07
    integral neglect threshold       :  0.17E-10
    integral storage threshold THIZE :  0.10E-04
    integral storage threshold THIME :         5


                  +---------------------------------------------+
                  | RI-SCF/CPHF auxiliary basis set information |
                  +---------------------------------------------+

              we will work with the 1s 3p 5d 7f 9g ... basis set
              ...i.e. with spherical basis functions...

   type   atoms  prim   cont   basis
   ---------------------------------------------------------------------------
    o        4     97     77   def2-TZVP   [10s8p4d2f1g|14s10p6d2f1g]
    cl       1    139    128   def2-TZVP   [13s11p9d4f1g|16s12p10d4f1g]
    h        1     20     18   def2-TZVP   [2s2p2d|4s2p2d]
   ---------------------------------------------------------------------------
   total:    6    547    454
   ---------------------------------------------------------------------------

   total number of primitive shells          :   84
   total number of contracted shells         :  144
   total number of cartesian basis functions :  547
   total number of SCF-basis functions       :  454


                  +------------------------------------------+
                  |     Auxiliary basis set information      |
                  +------------------------------------------+

              we will work with the 1s 3p 5d 7f 9g ... basis set
              ...i.e. with spherical basis functions...

   type   atoms  prim   cont   basis
   ---------------------------------------------------------------------------
    o        4     81     76   def2-TZVP   [8s6p4d3f1g|8s6p5d3f1g]
    cl       1    119    113   def2-TZVP   [9s7p6d5f2g|10s7p7d5f2g]
    h        1     23     15   def2-TZVP   [4s2p1d|4s3p2d]
   ---------------------------------------------------------------------------
   total:    6    466    432
   ---------------------------------------------------------------------------

   total number of primitive shells          :   63
   total number of contracted shells         :  124
   total number of cartesian basis functions :  542
   total number of SCF-basis functions       :  432


 maximum number of shells which are related by symmetry :  1


 The symmetry information takes   1 MB
 cosmo correl init
 ==============================================================================
                      COSMO switched on
 ==============================================================================
 COSMO stati: segments per atom: H   32 other atoms   92
 COSMO statistics: nps    325 npspher:    203
 COSMO surface:
   number of segments:  325
   area (bohr**2):      336.616772
   volume (bohr**3):    518.031884
 COSMO: check number of disjunct cavities:

       ... OK contiguous cavity found
 entered cosmo_ricc2_header
            ======================================================
                      COSMO settings in RICC2
                   --------------------------
             Solvent charges are equilibrated for ground state
             COSMO linear response (LR) contribution included
             Outlying Charge Correction (OCC) is performed
             Using epsilon          =    80.100
             Using refractive index =     1.300
            ======================================================
        IMPORTANT NOTICE: The calculation of the solvent contributions will
         need the relaxed densities in general. Therefore the actual COSMO
         energies will be output only at the end of the run. Any energies
         or excitation energies quoted before that are only intermediate
         quantities and should be ignored unless you know what you are doing!

 ==============================================================================
                                  COSMO SETTINGS
 ==============================================================================
  PARAMETER:
    nppa:      1082
    nspa:        92
    nsph:        32
    nps:        325
    npspher:    203
    disex:   10.0000    
    disex2:  4181.67    
    rsolv [A]: 1.3000
    routf:     0.8500
    phsran:    0.0    
    ampran:   0.10E-04
    cavity:  closed
    solvent: user input
    source:  user input
    epsilon:    80.100 ( 25.0 C)
    refind:      1.300 ( 25.0 C)
    fepsi:       0.9813896
  CAVITY VOLUME/AREA [a.u.]:
    surface: V1.0, A matrix: V1.0
    area:   336.62
    volume:   518.03
  ELEMENT RADIUS [A]: ATOM LIST
    o  1.72: 1,3-5
    cl 2.05: 2
    h  1.30: 6
 ==============================================================================

*---------------------------------------------------------------------*
|               simplified C1 algorithm will be applied               |
*---------------------------------------------------------------------*
  MOs are in ASCII format !


 reading orbital data $scfmo  from file mos
 orbital characterization : scfconv=7



              +--------------------------------------------+
              | list of orbitals that will be kept frozen: |
              +--------------------------------------------+
              |   irrep   index      energy     occ/vir    |
              +--------------------------------------------+
              |   a         1     -105.2835     occupied   |
              |   a         2      -20.6821     occupied   |
              |   a         3      -20.6354     occupied   |
              |   a         4      -20.6353     occupied   |
              |   a         5      -20.6345     occupied   |
              |   a         6      -10.9498     occupied   |
              |   a         7       -8.4225     occupied   |
              |   a         8       -8.4215     occupied   |
              |   a         9       -8.4214     occupied   |
              +--------------------------------------------+



   Molecular Orbital Statistic:
   ============================

   -----------------------------
   orbitals in total:
   -----------------------------
    frozen occupied :      9
    active occupied :     16
    active virtual  :    142
    frozen virtual  :      0
    all together    :    167
   -----------------------------


     time in riccmos       cpu:  0.07 sec    wall:  0.02 sec    ratio:  2.9

     total memory allocated for calculation of (Q|P)**(-1/2) : 3 MiB


     calculation of (P|Q) ...
     time in lp2sym        cpu:  0.13 sec    wall:  0.01 sec    ratio: 16.1


     calculation of the Cholesky decomposition of (P|Q)**(-1) ...
     time in invmetri      cpu:  0.23 sec    wall:  0.01 sec    ratio: 16.0

   threshold for RMS(d[D]) in SCF was     :  0.10E-06
   integral neglect threshold             :  0.17E-10
   derivative integral neglect threshold  :  0.10E-07


   =========================================================================

     Energy of reference wave function is    -759.3400393273000
     Maximum orbital residual is           0.1194065215585E-05


     Number of symmetry-nonredundant auxiliary basis functions:      432

     Block lengths for integral files:
        frozen occupied (BOI):        1 MiB
        active occupied (BJI):        1 MiB
        active virtual  (BAI):        1 MiB
        frozen virtual  (BGI):        0 MiB
               general  (BTI):        1 MiB

   =========================================================================




   **************************************************************************
   *                                                                        *
   *          OPTIMIZATION OF THE GROUND STATE CLUSTER AMPLITUDES           *
   *                                                                        *
   **************************************************************************

     Reaction field calculation using the COSMO solvation model
        Reaction field scheme  : post-SCF                                                                        
        Reaction field density : CCS-like                                                                        
        epsilon                :    80.100
        f(epsilon)             :   0.981390
 


   Iter.   MP2 energy       Norm(Omega)   Norm(t1)  Norm(t2)     cpu    wall
   ...........................................................................
    1   -760.5136882123     ------          0.00000   0.32112    0.02    0.00
   ...........................................................................


     time in total         cpu:  0.99 sec    wall:  0.06 sec    ratio: 16.0


     **********************************************************************
     *                                                                    *
     *   RHF  energy                             :   -759.3400393273      *
     *   MP2 correlation energy (doubles)        :     -1.1736488850      *
     *                                                                    *
     *   Final MP2 energy                        :   -760.5136882123      *
     *                                                                    *
     *    E(S)   =     -0.6914782377      E(T)   =     -0.4821706473      *
     *    E(OS)  =     -0.8522017868      E(SS)  =     -0.3214470982      *
     *                                                                    *
     *   SCS-MP2 energy                          :   -760.4698305042      *
     *   (computed with  C(OS) =   1.2000  and  C(SS) =   0.3333)         *
     *                                                                    *
     *   SOS-MP2 energy                          :   -760.4479016501      *
     *   (computed with  C(OS) =   1.3000)                                *
     *                                                                    *
     *   Norm of MP1 T2 amplitudes               :      0.3211242586      *
     *                                                                    *
     **********************************************************************



    ------------------------------------------------------------------------
         total  cpu-time :   6.17 seconds
         total wall-time :   0.51 seconds
    ------------------------------------------------------------------------

   ****  ricc2 : all done  ****


    2025-11-15 18:24:12.196 

 ricc2 ended normally
