
  ========================================================================
                license information 
 Customer : 200000000019588
 ID       : LKO3533017

 License file is VALID, continuing with full version
  ========================================================================

   OpenMP run-time library returned nthreads = 16

 ridft (u-0-0.local) : TURBOMOLE rev. V7-9 compiled 8 Oct 2024 at 18:07:07
 Copyright (C) 2024 TURBOMOLE GmbH, Karlsruhe


    2025-11-15 18:24:05.789 



                                  r i d f t

                        DFT program with RI approximation 
                                for coulomb part 





                                 References:     
                                                 
          TURBOMOLE:                             
              R. Ahlrichs, M. Baer, M. Haeser, H. Horn, and
              C. Koelmel
              Electronic structure calculations on workstation
              computers: the program system TURBOMOLE
              Chem. Phys. Lett. 162: 165 (1989)
          Density Functional:                              
              O. Treutler and R. Ahlrichs                      
              Efficient Molecular Numerical Integration Schemes
              J. Chem. Phys. 102: 346 (1995)                   
          Parallel Version:                                
              Performance of parallel TURBOMOLE for Density    
              Functional Calculations                          
              M. v. Arnim and R. Ahlrichs                      
              J. Comp. Chem. 19: 1746 (1998)                   
          RI-J Method:                                     
              Auxiliary Basis Sets to approximate Coulomb      
              Potentials                                       
              Chem. Phys. Lett. 240: 283 (1995)                
              K. Eichkorn, O. Treutler, H. Oehm, M. Haeser     
              and R. Ahlrichs                                  
              Chem. Phys. Lett. 242: 652 (1995)                
                                                           
              Auxiliary Basis Sets for Main Row Atoms and their
              Use to approximate Coulomb Potentials            
              K. Eichkorn, F. Weigend, O. Treutler and         
              R. Ahlrichs                                      
              Theo. Chem. Acc. 97: 119 (1997)                  
                                                           
              Accurate Coulomb-fitting basis sets for H to Rn 
              F. Weigend                                       
              Phys. Chem. Chem. Phys. 8: 1057 (2006)           
                                                           
          Multipole accelerated RI-J (MARI-J):             
              Fast evaluation of the Coulomb potential for     
              electron densities using multipole accelerated   
              resolution of identity approximation             
              M. Sierka, A. Hogekamp and R. Ahlrichs           
              J. Chem. Phys. 118: 9136 (2003)                  
          RI-JK Method:                                     
              A fully direct RI-HF algorithm: Implementation,
              optimised auxiliary basis sets, demonstration of
              accuracy and efficiency                         
              F. Weigend                                      
              Phys. Chem. Chem. Phys. 4: 4285 (2002)           
          Two-component HF and DFT with spin-orbit coupling:  
              Self-consistent treatment of spin-orbit         
              interactions with efficient Hartree-Fock and    
              density functional methods                      
              M. K. Armbruster, F. Weigend, C. van Wüllen and 
              W. Klopper                                      
              Phys. Chem. Chem. Phys. 10: 1748 (2008)         
          Two-component difference density and DIIS algorithm 
              Efficient two-component self-consistent field   
              procedures and gradients: implementation in     
              TURBOMOLE and application to Au20-              
              A. Baldes, F. Weigend                           
              Mol. Phys. 111: 2617 (2013)                     
          Relativistic current density functional theory      
              Current density functional framework for        
              spin-orbit coupling                             
              C. Holzer, Y. J. Franzke, A. Pausch             
              J. Chem. Phys. 157: 204102 (2022)               
          Relativistic all-electron 2c calculations           
              An efficient implementation of two-component    
              relativistic exact-decoupling methods for large 
              molecules                                       
              D. Peng, N. Middendorf, F. Weigend, M. Reiher   
              J. Chem. Phys. 138: 184105 (2013)               
          Finite nucleus model and SNSO approximation         
              Efficient implementation of one- and two-       
              component analytical energy gradients in exact  
              two-component theory                            
              Y. J. Franzke, N. Middendorf, F. Weigend        
              J. Chem. Phys. 148: 104110 (2018)               
          Grids for all-electron relativistic methods         
              Error-consistent segmented contracted all-      
              electron relativistic basis sets of double-     
              and triple-zeta quality for NMR shielding       
              constants                                       
              Y. J. Franzke, R. Tress, T. M. Pazdera,         
              F. Weigend                                      
              Phys. Chem. Chem. Phys. 21: 166658 (2019)       
          Seminumerical exchange algorithms                   
              Seminumerical calculation of the Hartree-Fock   
              exchange matirx: Application to two-component   
              procedures and efficient evaluation of local    
              hybrid functionsl                               
              P. Plessow, F. Weigend,                         
              J. Comput. Chem. 33: 810 (2012)                 
          Improved seminumerical algorithms                   
              C. Holzer,                                      
              J. Chem. Phys. 153 (2020), 184115               






          OpenMP Shared-Memory Parallelization: 16 CPUs.

            By: Christof Holzer and Yannick J. Franzke


              +--------------------------------------------------+
              |      general information about current run       |
              +--------------------------------------------------+

 

 DENSITY CONVERGENCE CHECK SWITCHED ON !
 SCF CONVERGENCE IF RMS(delta[D]) <     0.1000000000E-06

 A HF calculation using the RI-JK approximation will be carried out.
 Allocatable memory for RI due to $ricore (MB):                   500


              +--------------------------------------------------+
              | Atomic coordinate, charge and isotop information |
              +--------------------------------------------------+

                    atomic coordinates            atom    charge  isotop
          2.72082012   -0.34668160   -0.99753540    o      8.000     0
          0.30855826    0.57936924   -0.37649580    cl    17.000     0
         -1.63009665   -0.23595309   -2.01554598    o      8.000     0
         -0.32308459    0.33799641    2.20321279    o      8.000     0
          0.66695994    3.53222883   -0.89043895    o      8.000     0
         -0.93512152    4.37064173   -0.51055109    h      1.000     0
 
       center of nuclear mass  :    0.32799055    0.77191353   -0.40878968
       center of nuclear charge:    0.31574319    0.81041287   -0.41026880

              +--------------------------------------------------+
              |               basis set information              |
              +--------------------------------------------------+

              we will work with the 1s 3p 5d 7f 9g ... basis set
              ...i.e. with spherical basis functions...

   type   atoms  prim   cont   basis
   ---------------------------------------------------------------------------
    o        4     46     31   def2-TZVP   [5s3p2d1f|11s6p2d1f]
    cl       1     63     37   def2-TZVP   [5s5p2d1f|14s9p3d1f]
    h        1      8      6   def2-TZVP   [3s1p|5s1p]
   ---------------------------------------------------------------------------
   total:    6    255    167
   ---------------------------------------------------------------------------

   total number of primitive shells          :   53
   total number of contracted shells         :   61
   total number of cartesian basis functions :  192
   total number of SCF-basis functions       :  167


 integral neglect threshold       :  0.17E-10
 integral storage threshold THIZE :  0.10E-04
 integral storage threshold THIME :         5

 RI-JK AUXILIARY BASIS SET information:

              we will work with the 1s 3p 5d 7f 9g ... basis set
              ...i.e. with spherical basis functions...

   type   atoms  prim   cont   basis
   ---------------------------------------------------------------------------
    o        4     97     77   def2-TZVP   [10s8p4d2f1g|14s10p6d2f1g]
    cl       1    139    128   def2-TZVP   [13s11p9d4f1g|16s12p10d4f1g]
    h        1     20     18   def2-TZVP   [2s2p2d|4s2p2d]
   ---------------------------------------------------------------------------
   total:    6    547    454
   ---------------------------------------------------------------------------

   total number of primitive shells          :   84
   total number of contracted shells         :  144
   total number of cartesian basis functions :  547
   total number of SCF-basis functions       :  454


 symmetry group of the molecule :   c1 

 the group has the following generators :
   c1(z)

    1 symmetry operations found

 there are 1 real representations :   a   

 maximum number of shells which are related by symmetry :  1

 ==============================================================================
                      COSMO switched on
 ==============================================================================
 COSMO stati: segments per atom: H   32 other atoms   92
 COSMO statistics: nps    325 npspher:    203
 COSMO surface:
   number of segments:  325
   area (bohr**2):      336.616772
   volume (bohr**3):    518.031884
 COSMO: check number of disjunct cavities:

       ... OK contiguous cavity found

 biggest AO integral is expected to be    10.437462037

          ------------------------
          nuclear repulsion energy  :   297.107748956    
          ------------------------


         -----------------
         -S,T+V- integrals
         -----------------

 1e-integrals will be neglected if expon. factor < 0.174060E-11
 
 Difference densities algorithm switched on.
 The maximal number of linear combinations of
 difference densities is  20.

 DIIS switched on: error vector is FDS-SDF
 Max. Iterations for DIIS is     :   5
 DIIS matrix (see manual) 
    Scaling factor of diagonals  :  1.200
    threshold for scaling factor :  0.000

 scf convergence criterion : increment of total energy < .1000000D-06
                  and increment of one-electron energy < .1000000D-03

 MOs are in ASCII format !


    mo occupation :
   irrep   mo's   occupied
    a      167       25
 
 number of basis functions   :   167
 number of occupied orbitals :    25
 

 reading orbital data $scfmo  from file mos
 orbital characterization : scfconv=7
 mo-orthogonalization by Cholesky decomposition

 automatic virtual orbital shift switched on 
      shift if e(lumo)-e(homo) < 0.10000000    

  
           ------------------------
               RI-JK - INFORMATION
           ------------------------
 Contributions to RI integral batches: 
  neglected integral batches:                   105
  direct contribution:                          533
  memory contribution:                  1253
 Memory core needed for (P|Q) and Cholesky      2 MByte
 Memory core minimum needed except of (P|Q)     1 MByte
 Total minimum memory core needed (sum)         2 MByte
  
 ****************************************
 Memory allocated for RI-J    42 MByte
 ****************************************
                                            
 total memory allocated for calculation of  (Q|P)**(-1/2) :    3 MiB

  forming (P|Q)**(-1/2) 
 eigenvalues of original matrix 
 smallest =0.1253963297643E-06  largest = 24.09151738595    
  The symmetry information takes                      1  MB

 DSCF restart information will be dumped onto file mos


 Starting SCF iterations

 
 BLOCKING OF MOS FOR RI-K
 
 
 occupied MOs partitioned into blocks of maximum length 25
 this requires 17 MiB core memory.
 
            MULTIPLE PASS Statistics 
 ----------------------------------------------------
  pass       irrep     lambda      batch : MO  to  MO
 ----------------------------------------------------
   1       1  ->  1    1  -> 25             1  ->  25



 ITERATION  ENERGY          1e-ENERGY        2e-ENERGY     RMS[dD(SAO)]   TOL
   1  -759.33811241735    -1635.7039705     579.25810913    0.000D+00 0.174D-10
                           RI-K = -60.9529809929     Coul =  640.211090119    
                          Ediel =-0.138047670602E-01
                            current damping = 0.300
 
          max. resid. norm for Fia-block=  1.242D-02 for orbital     18a         
          max. resid. fock norm         =  3.093D-02 for orbital     87a         

 ITERATION  ENERGY          1e-ENERGY        2e-ENERGY     RMS[dD(SAO)]   TOL
   2  -759.33958077229    -1635.6393224     579.19199265    0.561D-03 0.110D-10
                           RI-K = -60.9598611691     Coul =  640.151853819    
                          Ediel =-0.160896168381E-01
                            current damping = 0.250
 
          Norm of current diis error: 0.51890E-01
          max. resid. norm for Fia-block=  6.638D-03 for orbital     18a         
          max. resid. fock norm         =  9.528D-03 for orbital     26a         

 ITERATION  ENERGY          1e-ENERGY        2e-ENERGY     RMS[dD(SAO)]   TOL
   3  -759.33992135726    -1635.6860476     579.23837724    0.258D-03 0.848D-11
                           RI-K = -60.9569180728     Coul =  640.195295317    
                          Ediel =-0.170249531034E-01
                            current damping = 0.200
 
          Norm of current diis error: 0.25510E-01
          max. resid. norm for Fia-block=  3.489D-03 for orbital     22a         
          max. resid. fock norm         =  4.278D-03 for orbital     26a         

 ITERATION  ENERGY          1e-ENERGY        2e-ENERGY     RMS[dD(SAO)]   TOL
   4  -759.34001715497    -1635.6630752     579.21530912    0.129D-03 0.753D-11
                           RI-K = -60.9588562107     Coul =  640.174165329    
                          Ediel =-0.176497120411E-01
                            current damping = 0.250
 
          Norm of current diis error: 0.10716E-01
          max. resid. norm for Fia-block=  1.680D-03 for orbital     18a         
          max. resid. fock norm         =  1.950D-03 for orbital     26a         

 ITERATION  ENERGY          1e-ENERGY        2e-ENERGY     RMS[dD(SAO)]   TOL
   5  -759.34003538613    -1635.6751260     579.22734162    0.465D-04 0.693D-11
                           RI-K = -60.9584818693     Coul =  640.185823494    
                          Ediel =-0.178658132774E-01
                            current damping = 0.300
 
          Norm of current diis error: 0.39739E-02
          max. resid. norm for Fia-block=  8.461D-04 for orbital     22a         
          max. resid. fock norm         =  8.499D-04 for orbital     22a         
          mo-orthogonalization: Cholesky decomposition

 ITERATION  ENERGY          1e-ENERGY        2e-ENERGY     RMS[dD(SAO)]   TOL
   6  -759.34003852076    -1635.6747982     579.22701071    0.176D-04 0.649D-11
                           RI-K = -60.9586479120     Coul =  640.185658621    
                          Ediel =-0.179499170187E-01
                            current damping = 0.350
 
          Norm of current diis error: 0.16937E-02
          max. resid. norm for Fia-block=  4.123D-04 for orbital     22a         
          max. resid. fock norm         =  4.140D-04 for orbital     22a         

 ITERATION  ENERGY          1e-ENERGY        2e-ENERGY     RMS[dD(SAO)]   TOL
   7  -759.34003915567    -1635.6756745     579.22788638    0.812D-05 0.609D-11
                           RI-K = -60.9586911212     Coul =  640.186577497    
                          Ediel =-0.179777808152E-01
                            current damping = 0.400
 
          Norm of current diis error: 0.76289E-03
          max. resid. norm for Fia-block=  2.045D-04 for orbital     22a         
          max. resid. fock norm         =  2.049D-04 for orbital     22a         

 ITERATION  ENERGY          1e-ENERGY        2e-ENERGY     RMS[dD(SAO)]   TOL
   8  -759.34003929251    -1635.6758928     579.22810456    0.400D-05 0.577D-11
                           RI-K = -60.9587236750     Coul =  640.186828231    
                          Ediel =-0.179877501735E-01
                            current damping = 0.250
 
          Norm of current diis error: 0.34015E-03
          max. resid. norm for Fia-block=  9.485D-05 for orbital     22a         
          max. resid. fock norm         =  9.522D-05 for orbital     22a         

 ITERATION  ENERGY          1e-ENERGY        2e-ENERGY     RMS[dD(SAO)]   TOL
   9  -759.34003932287    -1635.6760969     579.22830861    0.217D-05 0.551D-11
                           RI-K = -60.9587341693     Coul =  640.187042780    
                          Ediel =-0.179917789640E-01
                            current damping = 0.100
 
          Norm of current diis error: 0.12407E-03
          max. resid. norm for Fia-block=  3.348D-05 for orbital     22a         
          max. resid. fock norm         =  3.363D-05 for orbital     22a         

 ITERATION  ENERGY          1e-ENERGY        2e-ENERGY     RMS[dD(SAO)]   TOL
  10  -759.34003932694    -1635.6760759     579.22828760    0.903D-06 0.530D-11
                           RI-K = -60.9587447996     Coul =  640.187032397    
                          Ediel =-0.179929578870E-01
                            current damping = 0.150
 
          Norm of current diis error: 0.39772E-04
          max. resid. norm for Fia-block=  6.248D-06 for orbital     22a         
          max. resid. fock norm         =  7.296D-06 for orbital     19a         
          mo-orthogonalization: Cholesky decomposition

 ITERATION  ENERGY          1e-ENERGY        2e-ENERGY     RMS[dD(SAO)]   TOL
  11  -759.34003932722    -1635.6761356     579.22834729    0.208D-06 0.518D-11
                           RI-K = -60.9587423114     Coul =  640.187089603    
                          Ediel =-0.179929242793E-01
                            current damping = 0.200
 
          Norm of current diis error: 0.17966E-04
          max. resid. norm for Fia-block=  2.315D-06 for orbital     22a         
          max. resid. fock norm         =  2.479D-06 for orbital     22a         

 ENERGY & DENSITY CONVERGED !


 ITERATION  ENERGY          1e-ENERGY        2e-ENERGY     RMS[dD(SAO)]   TOL
  12  -759.34003932727    -1635.6761139     579.22832558    0.724D-07 0.508D-11
                           RI-K = -60.9587438694     Coul =  640.187069445    
                          Ediel =-0.179929245983E-01
                            current damping = 0.250
 
          Norm of current diis error: 0.64280E-05
          max. resid. norm for Fia-block=  1.154D-06 for orbital     18a         
          max. resid. fock norm         =  1.194D-06 for orbital     18a         

 End of SCF iterations

   convergence criteria satisfied after    12 iterations


                  ------------------------------------------ 
                 |  total energy      =   -759.34003932727  |
                  ------------------------------------------ 
                 :  kinetic energy    =    758.65910515433  :
                 :  potential energy  =  -1517.99914448160  :
                 :  virial theorem    =      1.99910325528  :
                 :  wavefunction norm =      1.00000000000  :
                  .......................................... 


 orbitals $scfmo  will be written to file mos

    irrep                 21a         22a         23a         24a         25a   
 eigenvalues H         -0.61945    -0.59005    -0.55775    -0.54154    -0.51892
            eV         -16.8562    -16.0563    -15.1774    -14.7361    -14.1207
 occupation              2.0000      2.0000      2.0000      2.0000      2.0000

    irrep                 26a         27a         28a         29a         30a   
 eigenvalues H          0.14863     0.17975     0.24762     0.26354     0.27289
            eV           4.0443      4.8912      6.7382      7.1714      7.4257
 
 ==============================================================================
                                  COSMO RESULTS
 ==============================================================================
  PARAMETER:
    nppa:      1082
    nspa:        92
    nsph:        32
    nps:        325
    npspher:    203
    disex:   10.0000    
    disex2:  4181.67    
    rsolv [A]: 1.3000
    routf:     0.8500
    phsran:    0.0    
    ampran:   0.10E-04
    cavity:  closed
    solvent: user input
    source:  user input
    epsilon:    80.100 ( 25.0 C)
    refind:      1.300 ( 25.0 C)
    fepsi:       0.9813896
  CAVITY VOLUME/AREA [a.u.]:
    surface: V1.0, A matrix: V1.0
    area:   336.62
    volume:   518.03
  SCREENING CHARGE:
    cosmo      :  -0.011279
    correction :   0.010887
    total      :  -0.000391
  ENERGIES [a.u.]:
    Total energy            =      -759.3400393272683
    Total energy + OC corr. =      -759.3403836237
    Dielectric energy       =        -0.0179929246
    Diel. energy + OC corr. =        -0.0183372210
  ELEMENT RADIUS [A]: ATOM LIST
    o  1.72: 1,3-5
    cl 2.05: 2
    h  1.30: 6
 ==============================================================================
 
 
 
 ==============================================================================
                           electrostatic moments
 ==============================================================================

 reference point for electrostatic moments:    0.00000   0.00000   0.00000

 
              nuc           elec       ->  total
 ------------------------------------------------------------------------------
                          charge      
 ------------------------------------------------------------------------------
          50.000000     -50.000000      -0.000000
 
 ------------------------------------------------------------------------------
                       dipole moment  
 ------------------------------------------------------------------------------
   x      15.787159     -16.463206      -0.676047
   y      40.520643     -39.156398       1.364246
   z     -20.513440      20.535262       0.021822
 
   | dipole moment | =     1.5227 a.u. =     3.8704 debye 
 
 ------------------------------------------------------------------------------
                     quadrupole moment
 ------------------------------------------------------------------------------
  xx      87.367363    -114.988794     -27.621431
  yy     126.942830    -146.443859     -19.501029
  zz      88.306642    -116.510220     -28.203578
  xy      12.456169     -15.172883      -2.716714
  xz      -7.371804       7.707332       0.335528
  yz     -18.572884      17.951302      -0.621583
 
     1/3  trace=     -25.108680
     anisotropy=       9.728594
 
 ==============================================================================
 
HOMO-LUMO Separation
 HOMO         :   -0.51892085 H =    -14.12056 eV
 LUMO         :    0.14862539 H =     +4.04430 eV
 HOMO-LUMO gap:    0.66754624 H =    +18.16487 eV
 
 ==============================================================================


    ------------------------------------------------------------------------
         total  cpu-time :  1 minutes and 32 seconds
         total wall-time :   5.84 seconds
    ------------------------------------------------------------------------

   ****  ridft : all done  ****


    2025-11-15 18:24:11.588 

 ridft ended normally
