
  ========================================================================
                license information 
 Customer : 200000000019588
 ID       : LKO3533017

 License file is VALID, continuing with full version
  ========================================================================

   OpenMP run-time library returned nthreads = 16

 ridft (u-0-0.local) : TURBOMOLE rev. V7-9 compiled 8 Oct 2024 at 18:07:07
 Copyright (C) 2024 TURBOMOLE GmbH, Karlsruhe


    2025-11-25 11:45:49.517 



                                  r i d f t

                        DFT program with RI approximation 
                                for coulomb part 





                                 References:     
                                                 
          TURBOMOLE:                             
              R. Ahlrichs, M. Baer, M. Haeser, H. Horn, and
              C. Koelmel
              Electronic structure calculations on workstation
              computers: the program system TURBOMOLE
              Chem. Phys. Lett. 162: 165 (1989)
          Density Functional:                              
              O. Treutler and R. Ahlrichs                      
              Efficient Molecular Numerical Integration Schemes
              J. Chem. Phys. 102: 346 (1995)                   
          Parallel Version:                                
              Performance of parallel TURBOMOLE for Density    
              Functional Calculations                          
              M. v. Arnim and R. Ahlrichs                      
              J. Comp. Chem. 19: 1746 (1998)                   
          RI-J Method:                                     
              Auxiliary Basis Sets to approximate Coulomb      
              Potentials                                       
              Chem. Phys. Lett. 240: 283 (1995)                
              K. Eichkorn, O. Treutler, H. Oehm, M. Haeser     
              and R. Ahlrichs                                  
              Chem. Phys. Lett. 242: 652 (1995)                
                                                           
              Auxiliary Basis Sets for Main Row Atoms and their
              Use to approximate Coulomb Potentials            
              K. Eichkorn, F. Weigend, O. Treutler and         
              R. Ahlrichs                                      
              Theo. Chem. Acc. 97: 119 (1997)                  
                                                           
              Accurate Coulomb-fitting basis sets for H to Rn 
              F. Weigend                                       
              Phys. Chem. Chem. Phys. 8: 1057 (2006)           
                                                           
          Multipole accelerated RI-J (MARI-J):             
              Fast evaluation of the Coulomb potential for     
              electron densities using multipole accelerated   
              resolution of identity approximation             
              M. Sierka, A. Hogekamp and R. Ahlrichs           
              J. Chem. Phys. 118: 9136 (2003)                  
          RI-JK Method:                                     
              A fully direct RI-HF algorithm: Implementation,
              optimised auxiliary basis sets, demonstration of
              accuracy and efficiency                         
              F. Weigend                                      
              Phys. Chem. Chem. Phys. 4: 4285 (2002)           
          Two-component HF and DFT with spin-orbit coupling:  
              Self-consistent treatment of spin-orbit         
              interactions with efficient Hartree-Fock and    
              density functional methods                      
              M. K. Armbruster, F. Weigend, C. van Wüllen and 
              W. Klopper                                      
              Phys. Chem. Chem. Phys. 10: 1748 (2008)         
          Two-component difference density and DIIS algorithm 
              Efficient two-component self-consistent field   
              procedures and gradients: implementation in     
              TURBOMOLE and application to Au20-              
              A. Baldes, F. Weigend                           
              Mol. Phys. 111: 2617 (2013)                     
          Relativistic current density functional theory      
              Current density functional framework for        
              spin-orbit coupling                             
              C. Holzer, Y. J. Franzke, A. Pausch             
              J. Chem. Phys. 157: 204102 (2022)               
          Relativistic all-electron 2c calculations           
              An efficient implementation of two-component    
              relativistic exact-decoupling methods for large 
              molecules                                       
              D. Peng, N. Middendorf, F. Weigend, M. Reiher   
              J. Chem. Phys. 138: 184105 (2013)               
          Finite nucleus model and SNSO approximation         
              Efficient implementation of one- and two-       
              component analytical energy gradients in exact  
              two-component theory                            
              Y. J. Franzke, N. Middendorf, F. Weigend        
              J. Chem. Phys. 148: 104110 (2018)               
          Grids for all-electron relativistic methods         
              Error-consistent segmented contracted all-      
              electron relativistic basis sets of double-     
              and triple-zeta quality for NMR shielding       
              constants                                       
              Y. J. Franzke, R. Tress, T. M. Pazdera,         
              F. Weigend                                      
              Phys. Chem. Chem. Phys. 21: 166658 (2019)       
          Seminumerical exchange algorithms                   
              Seminumerical calculation of the Hartree-Fock   
              exchange matirx: Application to two-component   
              procedures and efficient evaluation of local    
              hybrid functionsl                               
              P. Plessow, F. Weigend,                         
              J. Comput. Chem. 33: 810 (2012)                 
          Improved seminumerical algorithms                   
              C. Holzer,                                      
              J. Chem. Phys. 153 (2020), 184115               






          OpenMP Shared-Memory Parallelization: 16 CPUs.

            By: Christof Holzer and Yannick J. Franzke


              +--------------------------------------------------+
              |      general information about current run       |
              +--------------------------------------------------+

 

 DENSITY CONVERGENCE CHECK SWITCHED ON !
 SCF CONVERGENCE IF RMS(delta[D]) <     0.1000000000E-06

 A HF calculation using the RI-JK approximation will be carried out.
 Allocatable memory for RI due to $ricore (MB):                  4000


              +--------------------------------------------------+
              | Atomic coordinate, charge and isotop information |
              +--------------------------------------------------+

                    atomic coordinates            atom    charge  isotop
          3.98263560   -0.49425598   -0.39353547    u     92.000     0
         -3.93026562   -0.36555240    0.31295754    u     92.000     0
          4.01004797   -1.42326424   -3.61389901    o      8.000     0
          4.24027519    0.41591171    2.82413522    o      8.000     0
         -4.38556490    0.62927313   -2.85604703    o      8.000     0
         -3.71992210   -1.39328184    3.49502579    o      8.000     0
          0.01684313   -0.22761373   -0.18253432    o      8.000     0
          8.49434728   -2.44957639   -0.24460048    n      7.000     0
          8.77943325   -4.94225743   -0.46412241    c      6.000     0
          7.06221077   -6.03336450   -0.67508576    h      1.000     0
         11.11625157   -6.11164641   -0.41043907    c      6.000     0
         11.24250039   -8.14389757   -0.60116723    h      1.000     0
         13.24660219   -4.62251388   -0.12049839    c      6.000     0
         15.11474575   -5.45902949   -0.08074989    h      1.000     0
         12.96312437   -2.03241368    0.09635525    c      6.000     0
         14.60899646   -0.83544036    0.27763289    h      1.000     0
         10.55127637   -0.99589890    0.02721395    c      6.000     0
          7.86384582    2.59081263   -0.58896338    n      7.000     0
         10.12405276    1.75219375    0.17736969    c      6.000     0
         11.97848635    3.38891767    1.06079587    c      6.000     0
         13.77429876    2.67430451    1.71945424    h      1.000     0
         11.47051285    5.94844966    1.13524919    c      6.000     0
         12.86722077    7.26043360    1.85412935    h      1.000     0
          9.16115793    6.81622890    0.28105519    c      6.000     0
          8.73437840    8.81276613    0.32334915    h      1.000     0
          7.39525044    5.07841030   -0.59048272    c      6.000     0
          3.22404473    4.03557250   -1.98365496    n      7.000     0
          4.92451479    5.87290408   -1.60172619    c      6.000     0
          4.39564092    8.37253175   -2.20747790    c      6.000     0
          5.78771711    9.83707328   -1.91016540    h      1.000     0
          2.07132314    8.97159950   -3.24430260    c      6.000     0
          1.62924817   10.91308711   -3.72036618    h      1.000     0
          0.34555154    7.05628081   -3.68425352    c      6.000     0
         -1.48690643    7.42641580   -4.51328771    h      1.000     0
          1.00403984    4.61584503   -3.02371676    c      6.000     0
         -0.29392989    3.06153774   -3.30288978    h      1.000     0
         -2.94628334    4.11205539    1.95011988    n      7.000     0
         -0.68460620    4.59056806    2.94855668    c      6.000     0
          0.54406727    2.97992802    3.22182808    h      1.000     0
          0.10161057    7.00086459    3.58180390    c      6.000     0
          1.96365977    7.28711086    4.37761482    h      1.000     0
         -1.53657222    8.99496974    3.15733362    c      6.000     0
         -0.99248038   10.91555509    3.61214913    h      1.000     0
         -3.90685003    8.50224822    2.16850608    c      6.000     0
         -5.23670321   10.02773341    1.89050091    h      1.000     0
         -4.56429330    6.02715864    1.59127979    c      6.000     0
         -7.67926682    2.87761447    0.73938747    n      7.000     0
         -7.09372763    5.33722908    0.65397374    c      6.000     0
         -8.79530128    7.13253693   -0.22821844    c      6.000     0
         -8.27226666    9.10334553   -0.34670238    h      1.000     0
        -11.16667135    6.35116730   -0.99405641    c      6.000     0
        -12.51823371    7.70698344   -1.71803884    h      1.000     0
        -11.79644337    3.82278745   -0.82207811    c      6.000     0
        -13.64463142    3.17617419   -1.40220324    h      1.000     0
         -9.99574980    2.12667888    0.05962842    c      6.000     0
         -8.53177708   -2.11338655    0.60639044    n      7.000     0
        -10.53657808   -0.59110066    0.32780701    c      6.000     0
        -12.98951251   -1.52600865    0.38272245    c      6.000     0
        -14.58850238   -0.27059177    0.17777787    h      1.000     0
        -13.36965548   -4.08551607    0.75800127    c      6.000     0
        -15.26994896   -4.84501779    0.81750875    h      1.000     0
        -11.29289372   -5.64230458    1.08453461    c      6.000     0
        -11.49547047   -7.65128376    1.40910830    h      1.000     0
         -8.91001521   -4.57224716    0.99226117    c      6.000     0
         -7.23407003   -5.72195842    1.22242604    h      1.000     0
          3.21822249   -4.72199284    0.91750928    o      8.000     0
          2.14821987   -5.52124872    3.49089485    s     16.000     0
          4.66715110   -7.16651043    4.97593235    c      6.000     0
          5.35828063   -8.63968800    3.71217422    h      1.000     0
          3.93816279   -7.96518995    6.73163720    h      1.000     0
          6.13540026   -5.78071757    5.38237842    h      1.000     0
          0.12609576   -8.09069800    2.76352037    c      6.000     0
         -1.44455767   -7.31454590    1.68046352    h      1.000     0
         -0.54628203   -8.87891788    4.54638059    h      1.000     0
          1.17334229   -9.48969248    1.67137961    h      1.000     0
         -3.59304211   -4.57460554   -1.19011172    o      8.000     0
         -3.69190124   -5.55918875   -3.91613803    s     16.000     0
         -0.48659314   -6.02476625   -4.78068395    c      6.000     0
          0.43328963   -7.21151237   -3.37076685    h      1.000     0
          0.39675556   -4.16780798   -4.87413847    h      1.000     0
         -0.47517163   -6.91715351   -6.63951305    h      1.000     0
         -4.64877540   -8.75596852   -3.57962505    c      6.000     0
         -3.39849480   -9.69790818   -2.24009080    h      1.000     0
         -4.54688137   -9.63194351   -5.44333154    h      1.000     0
         -6.59523110   -8.74283681   -2.90896125    h      1.000     0
 
       center of nuclear mass  :    0.00005115   -0.01234354   -0.00443049
       center of nuclear charge:   -0.00000014   -0.00000008    0.00000012

              +--------------------------------------------------+
              |               basis set information              |
              +--------------------------------------------------+

              we will work with the 1s 3p 5d 7f 9g ... basis set
              ...i.e. with spherical basis functions...

   type   atoms  prim   cont   basis
   ---------------------------------------------------------------------------
    u        2    213    117   SVP(6g)   [10s9p5d4f3g|14s13p10d8f6g]
    o        7     46     31   def2-TZVP   [5s3p2d1f|11s6p2d1f]
    n        6     46     31   def2-TZVP   [5s3p2d1f|11s6p2d1f]
    c       34     46     31   def2-TZVP   [5s3p2d1f|11s6p2d1f]
    h       34      8      6   def2-TZVP   [3s1p|5s1p]
    s        2     63     37   def2-TZVP   [5s5p2d1f|14s9p3d1f]
   ---------------------------------------------------------------------------
   total:   85   2986   1969
   ---------------------------------------------------------------------------

   total number of primitive shells          :  144
   total number of contracted shells         :  741
   total number of cartesian basis functions : 2284
   total number of SCF-basis functions       : 1969

  number of unique ecp types :    1

 integral neglect threshold       :  0.15E-11
 integral storage threshold THIZE :  0.10E-04
 integral storage threshold THIME :         5

 RI-JK AUXILIARY BASIS SET information:

              we will work with the 1s 3p 5d 7f 9g ... basis set
              ...i.e. with spherical basis functions...

   type   atoms  prim   cont   basis
   ---------------------------------------------------------------------------
    u        2    473    438   def-TZVPP   [15s13p14d13f9g7h5i|20s15p14d13f9g8h6i]
    o        7     97     77   def2-TZVP   [10s8p4d2f1g|14s10p6d2f1g]
    n        6     97     77   def2-TZVP   [10s8p4d2f1g|14s10p6d2f1g]
    c       34     97     75   def2-TZVP   [10s8p5d1f1g|14s10p6d2f1g]
    h       34     20     18   def2-TZVP   [2s2p2d|4s2p2d]
    s        2    139    128   def2-TZVP   [13s11p9d4f1g|16s12p10d4f1g]
   ---------------------------------------------------------------------------
   total:   85   6463   5295
   ---------------------------------------------------------------------------

   total number of primitive shells          :  235
   total number of contracted shells         : 1607
   total number of cartesian basis functions : 6605
   total number of SCF-basis functions       : 5295


 symmetry group of the molecule :   c1 

 the group has the following generators :
   c1(z)

    1 symmetry operations found

 there are 1 real representations :   a   

 maximum number of shells which are related by symmetry :  1


 biggest AO integral is expected to be    25.028879086

          ------------------------
          nuclear repulsion energy  :   9940.59746929    
          ------------------------


         -----------------
         -S,T+V- integrals
         -----------------

 1e-integrals will be neglected if expon. factor < 0.146321E-12


          ----------------
          -ecp-  integrals
          ----------------
 
 Difference densities algorithm switched on.
 The maximal number of linear combinations of
 difference densities is  20.

 DIIS switched on: error vector is FDS-SDF
 Max. Iterations for DIIS is     :   5
 DIIS matrix (see manual) 
    Scaling factor of diagonals  :  1.200
    threshold for scaling factor :  0.000

 scf convergence criterion : increment of total energy < .1000000D-06
                  and increment of one-electron energy < .1000000D-03

 MOs are in ASCII format !


    mo occupation :
   irrep   mo's   occupied
    a     1969      215
 
 number of basis functions   :  1969
 number of occupied orbitals :   215
 

 reading orbital data $scfmo  from file mos
 orbital characterization : scfconv=7
 mo-orthogonalization by Cholesky decomposition

 automatic virtual orbital shift switched on 
      shift if e(lumo)-e(homo) < 0.10000000    

  
           ------------------------
               RI-JK - INFORMATION
           ------------------------
 Contributions to RI integral batches: 
  neglected integral batches:                152601
  direct contribution:                       122310
  memory contribution:                     0
 Memory core needed for (P|Q) and Cholesky    214 MByte
 Memory core minimum needed except of (P|Q)     4 MByte
 Total minimum memory core needed (sum)       218 MByte
  
 ****************************************
 Memory allocated for RI-J   218 MByte
 ****************************************
                                            
 total memory allocated for calculation of  (Q|P)**(-1/2) :  321 MiB

  forming (P|Q)**(-1/2) 
 eigenvalues of original matrix 
 smallest =0.2735603045541E-09  largest = 93.63721142085    
  The symmetry information takes                      1  MB

 DSCF restart information will be dumped onto file mos


 Starting SCF iterations

 
 BLOCKING OF MOS FOR RI-K
 
 
 occupied MOs partitioned into blocks of maximum length 43
 this requires 3973 MiB core memory.
 
            MULTIPLE PASS Statistics 
 ----------------------------------------------------
  pass       irrep     lambda      batch : MO  to  MO
 ----------------------------------------------------
   1       1  ->  1    1  -> 43             1  ->  43
   2       1  ->  1   44  -> 86            44  ->  86
   3       1  ->  1   87  ->129            87  -> 129
   4       1  ->  1  130  ->172           130  -> 172
   5       1  ->  1  173  ->215           173  -> 215



 ITERATION  ENERGY          1e-ENERGY        2e-ENERGY     RMS[dD(SAO)]   TOL
   1  -3904.4160922057    -25441.348341     11596.334779    0.000D+00 0.146D-11
                           RI-K = -390.313826786     Coul =  11986.6486059    
                            current damping = 0.300
 
          max. resid. norm for Fia-block=  1.001D-02 for orbital    208a         
          max. resid. fock norm         =  2.713D-02 for orbital    229a         

 ITERATION  ENERGY          1e-ENERGY        2e-ENERGY     RMS[dD(SAO)]   TOL
   2  -3904.4231588711    -25438.346797     11593.326169    0.341D-03 0.926D-12
                           RI-K = -390.284718971     Coul =  11983.6108878    
                            current damping = 0.250
 
          Norm of current diis error: 0.11381    
          max. resid. norm for Fia-block=  4.229D-03 for orbital    112a         
          max. resid. fock norm         =  7.542D-03 for orbital   1924a         

 ITERATION  ENERGY          1e-ENERGY        2e-ENERGY     RMS[dD(SAO)]   TOL
   3  -3904.4240716246    -25438.577358     11593.555817    0.101D-03 0.751D-12
                           RI-K = -390.307771639     Coul =  11983.8635888    
                            current damping = 0.200
 
          Norm of current diis error: 0.43629E-01
          max. resid. norm for Fia-block=  1.665D-03 for orbital    188a         
          max. resid. fock norm         =  2.348D-03 for orbital    267a         

 ITERATION  ENERGY          1e-ENERGY        2e-ENERGY     RMS[dD(SAO)]   TOL
   4  -3904.4242633494    -25438.523394     11593.501662    0.411D-04 0.664D-12
                           RI-K = -390.307122278     Coul =  11983.8087840    
                            current damping = 0.250
 
          Norm of current diis error: 0.18496E-01
          max. resid. norm for Fia-block=  1.194D-03 for orbital    112a         
          max. resid. fock norm         =  1.833D-03 for orbital    112a         

 ITERATION  ENERGY          1e-ENERGY        2e-ENERGY     RMS[dD(SAO)]   TOL
   5  -3904.4243021528    -25438.374909     11593.353138    0.157D-04 0.615D-12
                           RI-K = -390.308374221     Coul =  11983.6615118    
                            current damping = 0.100
 
          Norm of current diis error: 0.87007E-02
          max. resid. norm for Fia-block=  4.419D-04 for orbital    188a         
          max. resid. fock norm         =  5.653D-04 for orbital    266a         
          mo-orthogonalization: Cholesky decomposition

 ITERATION  ENERGY          1e-ENERGY        2e-ENERGY     RMS[dD(SAO)]   TOL
   6  -3904.4243110922    -25438.450734     11593.428954    0.680D-05 0.581D-12
                           RI-K = -390.309177017     Coul =  11983.7381309    
                            current damping = 0.150
 
          Norm of current diis error: 0.48285E-02
          max. resid. norm for Fia-block=  2.762D-04 for orbital    112a         
          max. resid. fock norm         =  4.052D-04 for orbital    112a         

 ITERATION  ENERGY          1e-ENERGY        2e-ENERGY     RMS[dD(SAO)]   TOL
   7  -3904.4243133242    -25438.406732     11593.384949    0.243D-05 0.560D-12
                           RI-K = -390.309512558     Coul =  11983.6944615    
                            current damping = 0.200
 
          Norm of current diis error: 0.16576E-02
          max. resid. norm for Fia-block=  1.086D-04 for orbital    190a         
          max. resid. fock norm         =  1.156D-04 for orbital    190a         

 ITERATION  ENERGY          1e-ENERGY        2e-ENERGY     RMS[dD(SAO)]   TOL
   8  -3904.4243137723    -25438.410583     11593.388800    0.997D-06 0.542D-12
                           RI-K = -390.309548190     Coul =  11983.6983479    
                            current damping = 0.250
 
          Norm of current diis error: 0.89759E-03
          max. resid. norm for Fia-block=  5.559D-05 for orbital    190a         
          max. resid. fock norm         =  5.986D-05 for orbital    112a         

 ITERATION  ENERGY          1e-ENERGY        2e-ENERGY     RMS[dD(SAO)]   TOL
   9  -3904.4243139132    -25438.410786     11593.389002    0.523D-06 0.525D-12
                           RI-K = -390.309681590     Coul =  11983.6986840    
                            current damping = 0.100
 
          Norm of current diis error: 0.50079E-03
          max. resid. norm for Fia-block=  4.974D-05 for orbital    190a         
          max. resid. fock norm         =  5.112D-05 for orbital    190a         

 ITERATION  ENERGY          1e-ENERGY        2e-ENERGY     RMS[dD(SAO)]   TOL
  10  -3904.4243139813    -25438.410200     11593.388416    0.340D-06 0.501D-12
                           RI-K = -390.309689684     Coul =  11983.6981061    
                            current damping = 0.150
 
          Norm of current diis error: 0.29828E-03
          max. resid. norm for Fia-block=  2.810D-05 for orbital    190a         
          max. resid. fock norm         =  2.873D-05 for orbital    190a         
          mo-orthogonalization: Cholesky decomposition

 ENERGY & DENSITY CONVERGED !


 ITERATION  ENERGY          1e-ENERGY        2e-ENERGY     RMS[dD(SAO)]   TOL
  11  -3904.4243140031    -25438.410167     11593.388383    0.178D-06 0.480D-12
                           RI-K = -390.309738972     Coul =  11983.6981223    
                            current damping = 0.100
 
          Norm of current diis error: 0.18139E-03
          max. resid. norm for Fia-block=  2.031D-05 for orbital    190a         
          max. resid. fock norm         =  2.109D-05 for orbital    190a         

 End of SCF iterations

   convergence criteria satisfied after    11 iterations


                  ------------------------------------------ 
                 |  total energy      =  -3904.42431400310  |
                  ------------------------------------------ 
                 :  kinetic energy    =   3247.82998343263  :
                 :  potential energy  =  -7152.25429743572  :
                 :  virial theorem    =      1.83183325434  :
                 :  wavefunction norm =      1.00000000000  :
                  .......................................... 


 orbitals $scfmo  will be written to file mos

    irrep                211a        212a        213a        214a        215a   
 eigenvalues H         -0.54970    -0.52102    -0.51978    -0.48130    -0.47838
            eV         -14.9581    -14.1777    -14.1440    -13.0970    -13.0174
 occupation              2.0000      2.0000      2.0000      2.0000      2.0000

    irrep                216a        217a        218a        219a        220a   
 eigenvalues H         -0.12080    -0.11895    -0.11002    -0.10909    -0.07197
            eV          -3.2872     -3.2368     -2.9938     -2.9686     -1.9584
 
 
 
 
 ==============================================================================
                           electrostatic moments
 ==============================================================================

 reference point for electrostatic moments:    0.00000   0.00000   0.00000

 
              nuc           elec       ->  total
 ------------------------------------------------------------------------------
                          charge      
 ------------------------------------------------------------------------------
         432.000000    -430.000000       2.000000
 
 ------------------------------------------------------------------------------
                       dipole moment  
 ------------------------------------------------------------------------------
   x      -3.142276       3.165881       0.023605
   y      51.588459     -52.542194      -0.953734
   z       4.834743      -4.706271       0.128472
 
   | dipole moment | =     0.9626 a.u. =     2.4468 debye 
 
 ------------------------------------------------------------------------------
                     quadrupole moment
 ------------------------------------------------------------------------------
  xx   21095.799624  -21170.670024     -74.870400
  yy   10663.620197  -10789.331059    -125.710862
  zz    2145.022466   -2408.892315    -263.869849
  xy      31.904067     -29.671977       2.232091
  xz     167.838380    -150.181258      17.657122
  yz      -4.806454       4.021703      -0.784751
 
     1/3  trace=    -154.817037
     anisotropy=     172.188388
 
 ==============================================================================
 
HOMO-LUMO Separation
 HOMO         :   -0.47837848 H =    -13.01735 eV
 LUMO         :   -0.12080221 H =     -3.28720 eV
 HOMO-LUMO gap:    0.35757627 H =     +9.73015 eV
 
 ==============================================================================


    ------------------------------------------------------------------------
         total  cpu-time :   4 days 20 hours  6 minutes and 10 seconds
         total wall-time :  8 hours 24 minutes and  6 seconds
    ------------------------------------------------------------------------

   ****  ridft : all done  ****


    2025-11-25 20:09:54.802 

 ridft ended normally
