
  ========================================================================
                license information 
 Customer : 200000000019588
 ID       : LKO3533017

 License file is VALID, continuing with full version
  ========================================================================

   OpenMP run-time library returned nthreads = 16

 ridft (u-0-0.local) : TURBOMOLE rev. V7-9 compiled 8 Oct 2024 at 18:07:07
 Copyright (C) 2024 TURBOMOLE GmbH, Karlsruhe


    2025-11-15 18:08:05.261 



                                  r i d f t

                        DFT program with RI approximation 
                                for coulomb part 





                                 References:     
                                                 
          TURBOMOLE:                             
              R. Ahlrichs, M. Baer, M. Haeser, H. Horn, and
              C. Koelmel
              Electronic structure calculations on workstation
              computers: the program system TURBOMOLE
              Chem. Phys. Lett. 162: 165 (1989)
          Density Functional:                              
              O. Treutler and R. Ahlrichs                      
              Efficient Molecular Numerical Integration Schemes
              J. Chem. Phys. 102: 346 (1995)                   
          Parallel Version:                                
              Performance of parallel TURBOMOLE for Density    
              Functional Calculations                          
              M. v. Arnim and R. Ahlrichs                      
              J. Comp. Chem. 19: 1746 (1998)                   
          RI-J Method:                                     
              Auxiliary Basis Sets to approximate Coulomb      
              Potentials                                       
              Chem. Phys. Lett. 240: 283 (1995)                
              K. Eichkorn, O. Treutler, H. Oehm, M. Haeser     
              and R. Ahlrichs                                  
              Chem. Phys. Lett. 242: 652 (1995)                
                                                           
              Auxiliary Basis Sets for Main Row Atoms and their
              Use to approximate Coulomb Potentials            
              K. Eichkorn, F. Weigend, O. Treutler and         
              R. Ahlrichs                                      
              Theo. Chem. Acc. 97: 119 (1997)                  
                                                           
              Accurate Coulomb-fitting basis sets for H to Rn 
              F. Weigend                                       
              Phys. Chem. Chem. Phys. 8: 1057 (2006)           
                                                           
          Multipole accelerated RI-J (MARI-J):             
              Fast evaluation of the Coulomb potential for     
              electron densities using multipole accelerated   
              resolution of identity approximation             
              M. Sierka, A. Hogekamp and R. Ahlrichs           
              J. Chem. Phys. 118: 9136 (2003)                  
          RI-JK Method:                                     
              A fully direct RI-HF algorithm: Implementation,
              optimised auxiliary basis sets, demonstration of
              accuracy and efficiency                         
              F. Weigend                                      
              Phys. Chem. Chem. Phys. 4: 4285 (2002)           
          Two-component HF and DFT with spin-orbit coupling:  
              Self-consistent treatment of spin-orbit         
              interactions with efficient Hartree-Fock and    
              density functional methods                      
              M. K. Armbruster, F. Weigend, C. van Wüllen and 
              W. Klopper                                      
              Phys. Chem. Chem. Phys. 10: 1748 (2008)         
          Two-component difference density and DIIS algorithm 
              Efficient two-component self-consistent field   
              procedures and gradients: implementation in     
              TURBOMOLE and application to Au20-              
              A. Baldes, F. Weigend                           
              Mol. Phys. 111: 2617 (2013)                     
          Relativistic current density functional theory      
              Current density functional framework for        
              spin-orbit coupling                             
              C. Holzer, Y. J. Franzke, A. Pausch             
              J. Chem. Phys. 157: 204102 (2022)               
          Relativistic all-electron 2c calculations           
              An efficient implementation of two-component    
              relativistic exact-decoupling methods for large 
              molecules                                       
              D. Peng, N. Middendorf, F. Weigend, M. Reiher   
              J. Chem. Phys. 138: 184105 (2013)               
          Finite nucleus model and SNSO approximation         
              Efficient implementation of one- and two-       
              component analytical energy gradients in exact  
              two-component theory                            
              Y. J. Franzke, N. Middendorf, F. Weigend        
              J. Chem. Phys. 148: 104110 (2018)               
          Grids for all-electron relativistic methods         
              Error-consistent segmented contracted all-      
              electron relativistic basis sets of double-     
              and triple-zeta quality for NMR shielding       
              constants                                       
              Y. J. Franzke, R. Tress, T. M. Pazdera,         
              F. Weigend                                      
              Phys. Chem. Chem. Phys. 21: 166658 (2019)       
          Seminumerical exchange algorithms                   
              Seminumerical calculation of the Hartree-Fock   
              exchange matirx: Application to two-component   
              procedures and efficient evaluation of local    
              hybrid functionsl                               
              P. Plessow, F. Weigend,                         
              J. Comput. Chem. 33: 810 (2012)                 
          Improved seminumerical algorithms                   
              C. Holzer,                                      
              J. Chem. Phys. 153 (2020), 184115               






          OpenMP Shared-Memory Parallelization: 16 CPUs.

            By: Christof Holzer and Yannick J. Franzke


              +--------------------------------------------------+
              |      general information about current run       |
              +--------------------------------------------------+

 

 DENSITY CONVERGENCE CHECK SWITCHED ON !
 SCF CONVERGENCE IF RMS(delta[D]) <     0.1000000000E-06

 A HF calculation using the RI-JK approximation will be carried out.
 Allocatable memory for RI due to $ricore (MB):                  2000


              +--------------------------------------------------+
              | Atomic coordinate, charge and isotop information |
              +--------------------------------------------------+

                    atomic coordinates            atom    charge  isotop
         -4.62311683   -5.08232575    0.00000000    n      7.000     0
         -4.55867717   -7.59072931    0.00000000    c      6.000     0
         -2.33639137   -8.98150727    0.00000000    c      6.000     0
         -0.06579095   -7.67573297    0.00000000    c      6.000     0
         -0.10839482   -5.06129310    0.00000000    c      6.000     0
         -2.43344015   -3.82595834    0.00000000    c      6.000     0
         -6.37594741   -8.54642239    0.00000000    h      1.000     0
         -2.39623522  -11.02721706    0.00000000    h      1.000     0
          1.71902703   -8.68141120    0.00000000    h      1.000     0
          1.61709521   -3.96629319    0.00000000    h      1.000     0
         -2.57092906   -1.02440913    0.00000000    c      6.000     0
         -4.89261256    0.21798186    0.00000000    c      6.000     0
         -4.90640567    2.83271464    0.00000000    c      6.000     0
         -2.63508337    4.12813513    0.00000000    c      6.000     0
         -0.39829960    2.73869510    0.00000000    c      6.000     0
         -0.38630928    0.22303499    0.00000000    n      7.000     0
         -6.62507568   -0.86458932    0.00000000    h      1.000     0
         -6.68056182    3.85702368    0.00000000    h      1.000     0
         -2.56378023    6.16977823    0.00000000    h      1.000     0
          2.09665667    4.02039995    0.00000000    c      6.000     0
          4.32901093    2.62451974    0.00000000    c      6.000     0
          6.61448350    3.89484277    0.00000000    c      6.000     0
          6.61001808    6.51412790    0.00000000    c      6.000     0
          4.29442516    7.74329648    0.00000000    c      6.000     0
          2.08986500    6.54490020    0.00000000    n      7.000     0
          4.24345736    0.58270090    0.00000000    h      1.000     0
          8.37783608    2.85198418    0.00000000    h      1.000     0
          8.35173140    7.58880948    0.00000000    h      1.000     0
          4.21344473    9.79494379    0.00000000    h      1.000     0
 
       center of nuclear mass  :   -0.20803504    0.12010915    0.00000000
       center of nuclear charge:   -0.18298786    0.10564815    0.00000000

              +--------------------------------------------------+
              |               basis set information              |
              +--------------------------------------------------+

              we will work with the 1s 3p 5d 7f 9g ... basis set
              ...i.e. with spherical basis functions...

   type   atoms  prim   cont   basis
   ---------------------------------------------------------------------------
    n        3     34     19   def-TZVP   [5s3p1d|11s6p1d]
    c       15     34     19   def-TZVP   [5s3p1d|11s6p1d]
    h       11      8      6   def-TZVP   [3s1p|5s1p]
   ---------------------------------------------------------------------------
   total:   29    700    408
   ---------------------------------------------------------------------------

   total number of primitive shells          :   42
   total number of contracted shells         :  206
   total number of cartesian basis functions :  426
   total number of SCF-basis functions       :  408


 integral neglect threshold       :  0.78E-11
 integral storage threshold THIZE :  0.10E-04
 integral storage threshold THIME :         5

 RI-JK AUXILIARY BASIS SET information:

              we will work with the 1s 3p 5d 7f 9g ... basis set
              ...i.e. with spherical basis functions...

   type   atoms  prim   cont   basis
   ---------------------------------------------------------------------------
    n        3     97     77   def2-TZVP   [10s8p4d2f1g|14s10p6d2f1g]
    c       15     97     75   def2-TZVP   [10s8p5d1f1g|14s10p6d2f1g]
    h       11     20     18   def2-TZVP   [2s2p2d|4s2p2d]
   ---------------------------------------------------------------------------
   total:   29   1966   1554
   ---------------------------------------------------------------------------

   total number of primitive shells          :   74
   total number of contracted shells         :  516
   total number of cartesian basis functions : 1834
   total number of SCF-basis functions       : 1554


 symmetry group of the molecule :   cs

 the group has the following generators :
   c1(z)
   mirror plane sigma(xy)

    2 symmetry operations found

 there are 2 real representations :   a'   a"  

 maximum number of shells which are related by symmetry :  1

 ==============================================================================
                      COSMO switched on
 ==============================================================================
 COSMO stati: segments per atom: H   32 other atoms   92
 COSMO statistics: nps   1128 npspher:    509
 COSMO surface:
   number of segments: 1128
   area (bohr**2):      944.140541
   volume (bohr**3):   1884.294880
 COSMO: check number of disjunct cavities:

       ... OK contiguous cavity found
   sym. distinct segments:  919
   sym. dist. seg. on spheres:  509
   min. distance between points:      0.219724
   max. symmetrization distance error:      0.002182

 Surface grid was constructed by projection of gridpoints of symmetry distict atoms.
 This may lead to differences compared to C1 results.

 biggest AO integral is expected to be     6.862573055

          ------------------------
          nuclear repulsion energy  :   1138.20365887    
          ------------------------


         -----------------
         -S,T+V- integrals
         -----------------

 1e-integrals will be neglected if expon. factor < 0.784498E-12
 
 Difference densities algorithm switched on.
 The maximal number of linear combinations of
 difference densities is  20.

 DIIS switched on: error vector is FDS-SDF
 Max. Iterations for DIIS is     :   5
 DIIS matrix (see manual) 
    Scaling factor of diagonals  :  1.200
    threshold for scaling factor :  0.000

 scf convergence criterion : increment of total energy < .1000000D-06
                  and increment of one-electron energy < .1000000D-03

 MOs are in ASCII format !


    mo occupation :
   irrep   mo's   occupied
    a'     307       52
    a"     101        9
 
 number of basis functions   :   408
 number of occupied orbitals :    61
 

 reading orbital data $scfmo  from file mos
 orbital characterization : expanded
 virtual MOs provided and orthogonalized by Cholesky decomposition

 automatic virtual orbital shift switched on 
      shift if e(lumo)-e(homo) < 0.10000000    

  
           ------------------------
               RI-JK - INFORMATION
           ------------------------
 Contributions to RI integral batches: 
  neglected integral batches:                  6493
  direct contribution:                         9318
  memory contribution:                  5510
 Memory core needed for (P|Q) and Cholesky      9 MByte
 Memory core minimum needed except of (P|Q)     1 MByte
 Total minimum memory core needed (sum)         9 MByte
  
 ****************************************
 Memory allocated for RI-J   196 MByte
 ****************************************
                                            
 total memory allocated for calculation of  (Q|P)**(-1/2) :   24 MiB

  forming (P|Q)**(-1/2) 
 eigenvalues of original matrix 
 smallest =0.1673418448010E-07  largest = 51.51253313526    

  forming (P|Q)**(-1/2) 
 eigenvalues of original matrix 
 smallest =0.6533876358562E-05  largest = 17.04733303243    
  The symmetry information takes                      1  MB

 DSCF restart information will be dumped onto file mos


 Starting SCF iterations

 
 BLOCKING OF MOS FOR RI-K
 
 
 occupied MOs partitioned into blocks of maximum length 61
 this requires 311 MiB core memory.
 
            MULTIPLE PASS Statistics 
 ----------------------------------------------------
  pass       irrep     lambda      batch : MO  to  MO
 ----------------------------------------------------
   1       1  ->  2    1  ->  9             1  ->  61



 ITERATION  ENERGY          1e-ENERGY        2e-ENERGY     RMS[dD(SAO)]   TOL
   1  -735.22068052376    -3237.2847131     1363.8603737    0.000D+00 0.782D-11
                           RI-K = -99.4339989705     Coul =  1463.29437265    
                          Ediel =-0.282977693144E-01
                            current damping = 0.300
 
          max. resid. norm for Fia-block=  3.042D-01 for orbital      1a'        
          max. resid. fock norm         =  9.878D+00 for orbital    182a'        

 ITERATION  ENERGY          1e-ENERGY        2e-ENERGY     RMS[dD(SAO)]   TOL
   2  -737.68077252103    -3256.6667587     1380.7823273    0.167D-01 0.615D-11
                           RI-K = -101.003347842     Coul =  1481.78567513    
                          Ediel =-0.130368961819E-01
                            current damping = 0.250
 
          Norm of current diis error:  2.3664    
          max. resid. norm for Fia-block=  1.179D-01 for orbital     21a'        
          max. resid. fock norm         =  1.819D-01 for orbital    237a'        

 ITERATION  ENERGY          1e-ENERGY        2e-ENERGY     RMS[dD(SAO)]   TOL
   3  -737.96092038421    -3259.9718135     1383.8072342    0.757D-02 0.431D-11
                           RI-K = -101.535178990     Coul =  1485.34241322    
                          Ediel =-0.159219378095E-01
                            current damping = 0.150
 
          Norm of current diis error: 0.79814    
          max. resid. norm for Fia-block=  4.345D-02 for orbital     50a'        
          max. resid. fock norm         =  4.657D-02 for orbital     50a'        

 ITERATION  ENERGY          1e-ENERGY        2e-ENERGY     RMS[dD(SAO)]   TOL
   4  -738.01158869614    -3260.6452809     1384.4300333    0.649D-02 0.344D-11
                           RI-K = -101.639965250     Coul =  1486.06999853    
                          Ediel =-0.156372831409E-01
                            current damping = 0.100
 
          Norm of current diis error: 0.21244    
          max. resid. norm for Fia-block=  1.341D-02 for orbital     21a'        
          max. resid. fock norm         =  1.849D-02 for orbital    141a'        

 ITERATION  ENERGY          1e-ENERGY        2e-ENERGY     RMS[dD(SAO)]   TOL
   5  -738.01636014401    -3261.3216035     1385.1015845    0.221D-02 0.316D-11
                           RI-K = -101.702959103     Coul =  1486.80454361    
                          Ediel =-0.176668335787E-01
                            current damping = 0.100
 
          Norm of current diis error: 0.62363E-01
          max. resid. norm for Fia-block=  4.599D-03 for orbital     51a'        
          max. resid. fock norm         =  5.541D-03 for orbital     51a'        
          mo-orthogonalization: Cholesky decomposition

 ITERATION  ENERGY          1e-ENERGY        2e-ENERGY     RMS[dD(SAO)]   TOL
   6  -738.01701134844    -3261.2300073     1385.0093371    0.108D-02 0.298D-11
                           RI-K = -101.697503096     Coul =  1486.70684018    
                          Ediel =-0.177657347539E-01
                            current damping = 0.150
 
          Norm of current diis error: 0.25460E-01
          max. resid. norm for Fia-block=  1.826D-03 for orbital      9a"        
          max. resid. fock norm         =  2.189D-03 for orbital    141a'        

 ITERATION  ENERGY          1e-ENERGY        2e-ENERGY     RMS[dD(SAO)]   TOL
   7  -738.01712734915    -3261.2903238     1385.0695375    0.313D-03 0.288D-11
                           RI-K = -101.699838439     Coul =  1486.76937597    
                          Ediel =-0.181062358042E-01
                            current damping = 0.200
 
          Norm of current diis error: 0.98969E-02
          max. resid. norm for Fia-block=  9.171D-04 for orbital      5a"        
          max. resid. fock norm         =  9.448D-04 for orbital      5a"        

 ITERATION  ENERGY          1e-ENERGY        2e-ENERGY     RMS[dD(SAO)]   TOL
   8  -738.01715058297    -3261.2953923     1385.0745829    0.970D-04 0.278D-11
                           RI-K = -101.699823567     Coul =  1486.77440644    
                          Ediel =-0.181627319898E-01
                            current damping = 0.100
 
          Norm of current diis error: 0.45692E-02
          max. resid. norm for Fia-block=  4.858D-04 for orbital      5a"        
          max. resid. fock norm         =  5.089D-04 for orbital     11a"        

 ITERATION  ENERGY          1e-ENERGY        2e-ENERGY     RMS[dD(SAO)]   TOL
   9  -738.01715688721    -3261.2978862     1385.0770704    0.363D-04 0.268D-11
                           RI-K = -101.699360946     Coul =  1486.77643134    
                          Ediel =-0.181811507614E-01
                            current damping = 0.100
 
          Norm of current diis error: 0.23672E-02
          max. resid. norm for Fia-block=  3.286D-04 for orbital      5a"        
          max. resid. fock norm         =  3.336D-04 for orbital      5a"        

 ITERATION  ENERGY          1e-ENERGY        2e-ENERGY     RMS[dD(SAO)]   TOL
  10  -738.01715875575    -3261.2974129     1385.0765953    0.273D-04 0.258D-11
                           RI-K = -101.699302853     Coul =  1486.77589810    
                          Ediel =-0.181654291991E-01
                            current damping = 0.150
 
          Norm of current diis error: 0.10889E-02
          max. resid. norm for Fia-block=  1.561D-04 for orbital      5a"        
          max. resid. fock norm         =  1.572D-04 for orbital      5a"        
          mo-orthogonalization: Cholesky decomposition

 ITERATION  ENERGY          1e-ENERGY        2e-ENERGY     RMS[dD(SAO)]   TOL
  11  -738.01715917242    -3261.2973386     1385.0765205    0.181D-04 0.249D-11
                           RI-K = -101.699210119     Coul =  1486.77573066    
                          Ediel =-0.181554819413E-01
                            current damping = 0.100
 
          Norm of current diis error: 0.44061E-03
          max. resid. norm for Fia-block=  7.831D-05 for orbital      5a"        
          max. resid. fock norm         =  7.964D-05 for orbital      5a"        

 ITERATION  ENERGY          1e-ENERGY        2e-ENERGY     RMS[dD(SAO)]   TOL
  12  -738.01715924357    -3261.2965377     1385.0757196    0.735D-05 0.242D-11
                           RI-K = -101.699181526     Coul =  1486.77490109    
                          Ediel =-0.181469949560E-01
                            current damping = 0.100
 
          Norm of current diis error: 0.15608E-03
          max. resid. norm for Fia-block=  2.072D-05 for orbital      4a"        
          max. resid. fock norm         =  2.107D-05 for orbital      4a"        

 ITERATION  ENERGY          1e-ENERGY        2e-ENERGY     RMS[dD(SAO)]   TOL
  13  -738.01715925012    -3261.2965939     1385.0757757    0.250D-05 0.238D-11
                           RI-K = -101.699184016     Coul =  1486.77495976    
                          Ediel =-0.181449847489E-01
                            current damping = 0.150
 
          Norm of current diis error: 0.54712E-04
          max. resid. norm for Fia-block=  5.555D-06 for orbital      7a"        
          max. resid. fock norm         =  5.826D-06 for orbital     13a"        

 ITERATION  ENERGY          1e-ENERGY        2e-ENERGY     RMS[dD(SAO)]   TOL
  14  -738.01715925073    -3261.2964598     1385.0756417    0.465D-06 0.235D-11
                           RI-K = -101.699179620     Coul =  1486.77482127    
                          Ediel =-0.181440823556E-01
                            current damping = 0.200
 
          Norm of current diis error: 0.22358E-04
          max. resid. norm for Fia-block=  2.630D-06 for orbital      8a"        
          max. resid. fock norm         =  2.749D-06 for orbital      8a"        

 ENERGY & DENSITY CONVERGED !


 ITERATION  ENERGY          1e-ENERGY        2e-ENERGY     RMS[dD(SAO)]   TOL
  15  -738.01715925085    -3261.2964543     1385.0756361    0.205D-06 0.232D-11
                           RI-K = -101.699180925     Coul =  1486.77481707    
                          Ediel =-0.181438843092E-01
                            current damping = 0.100
 
          Norm of current diis error: 0.10644E-04
          max. resid. norm for Fia-block=  1.364D-06 for orbital      8a"        
          max. resid. fock norm         =  1.379D-06 for orbital      8a"        

 End of SCF iterations

   convergence criteria satisfied after    15 iterations


                  ------------------------------------------ 
                 |  total energy      =   -738.01715925085  |
                  ------------------------------------------ 
                 :  kinetic energy    =    737.53768499688  :
                 :  potential energy  =  -1475.55484424773  :
                 :  virial theorem    =      1.99935032099  :
                 :  wavefunction norm =      1.00000000000  :
                  .......................................... 


 <geterg> : there is no data group $energy 


 <skperg> : $end is missing 


 orbitals $scfmo  will be written to file mos

    irrep                 48a'        49a'        50a'        51a'        52a'  
 eigenvalues H         -0.52727    -0.51224    -0.44669    -0.42595    -0.41266
            eV         -14.3479    -13.9390    -12.1552    -11.5908    -11.2291
 occupation              2.0000      2.0000      2.0000      2.0000      2.0000

    irrep                 53a'        54a'        55a'        56a'        57a'  
 eigenvalues H          0.16218     0.17597     0.17687     0.18438     0.19311
            eV           4.4132      4.7883      4.8128      5.0174      5.2549

    irrep                  5a"         6a"         7a"         8a"         9a"  
 eigenvalues H         -0.39695    -0.38971    -0.38228    -0.34170    -0.30624
            eV         -10.8015    -10.6045    -10.4024     -9.2983     -8.3334
 occupation              2.0000      2.0000      2.0000      2.0000      2.0000

    irrep                 10a"        11a"        12a"        13a"        14a"  
 eigenvalues H          0.06176     0.06828     0.10299     0.11249     0.15131
            eV           1.6806      1.8580      2.8025      3.0610      4.1174
 
 ==============================================================================
                                  COSMO RESULTS
 ==============================================================================
  PARAMETER:
    nppa:      1082
    nspa:        92
    nsph:        32
    nps:       1128
    npspher:    509
    disex:   10.0000    
    disex2:  4789.00    
    rsolv [A]: 1.3000
    routf:     0.8500
    phsran:    0.0    
    ampran:   0.10E-04
    cavity:  closed
    solvent: user input
    source:  user input
    epsilon:    80.100 ( 25.0 C)
    refind:      1.300 ( 25.0 C)
    fepsi:       0.9813896
  CAVITY VOLUME/AREA [a.u.]:
    surface: V1.0, A matrix: V1.0
    area:   944.14
    volume:  1884.29
  SCREENING CHARGE:
    cosmo      :  -0.035644
    correction :   0.034585
    total      :  -0.001059
  ENERGIES [a.u.]:
    Total energy            =      -738.0171592508516
    Total energy + OC corr. =      -738.0175522017
    Dielectric energy       =        -0.0181438843
    Diel. energy + OC corr. =        -0.0185368351
  ELEMENT RADIUS [A]: ATOM LIST
    n  1.83: 1,16,25
    c  2.00: 2-6,11-15,20-24
    h  1.30: 7-10,17-19,26-29
 ==============================================================================
 
 
 
 ==============================================================================
                           electrostatic moments
 ==============================================================================

 reference point for electrostatic moments:    0.00000   0.00000   0.00000

 
              nuc           elec       ->  total
 ------------------------------------------------------------------------------
                          charge      
 ------------------------------------------------------------------------------
         122.000000    -122.000000       0.000000
 
 ------------------------------------------------------------------------------
                       dipole moment  
 ------------------------------------------------------------------------------
   x     -22.324518      23.465709       1.141190
   y      12.889074     -13.547111      -0.658037
   z       0.000000       0.000000       0.000000
 
   | dipole moment | =     1.3173 a.u. =     3.3483 debye 
 
 ------------------------------------------------------------------------------
                     quadrupole moment
 ------------------------------------------------------------------------------
  xx    1841.523973   -1904.148459     -62.624486
  yy    3452.854388   -3512.966484     -60.112096
  zz       0.000000     -83.248603     -83.248603
  xy    1395.452837   -1393.289562       2.163275
  xz       0.000000       0.000000       0.000000
  yz       0.000000       0.000000       0.000000
 
     1/3  trace=     -68.661728
     anisotropy=      22.305188
 
 ==============================================================================
 
HOMO-LUMO Separation
 HOMO         :   -0.30624329 H =     -8.33331 eV
 LUMO         :    0.06175964 H =     +1.68057 eV
 HOMO-LUMO gap:    0.36800293 H =    +10.01387 eV
 
 ==============================================================================


    ------------------------------------------------------------------------
         total  cpu-time : 38 minutes and 57 seconds
         total wall-time :  2 minutes and 51 seconds
    ------------------------------------------------------------------------

   ****  ridft : all done  ****


    2025-11-15 18:10:56.403 

 ridft ended normally
