 ----------------------------------------------------
 BIOVIA COSMOtherm 2025 (build: 25.0.0 [9ec3936f1e] )
 ----------------------------------------------------

 Copyright (C) 1999-2024, Dassault Systemes BIOVIA corp, all rights reserved

 Job name   : !! generated by COSMOthermX !!
 Job date   : 11/22/2025
 Job time   : 11:22:05
 Hostname   : unknown
 OS type    : unknown
 Executable : Linux 64-bit

 Reading COSMOtherm parameter file BP_TZVP_25.ctd from directory /home/pcmt/COSMOlogic/COSMOtherm2025/COSMOthermX/../COSMOtherm/CTDATA-FILES/
 Info: # COSMOtherm parameter file ./BP_TZVP_25.ctd for BP-TZVP optimized COSMO files # 

 Reading COSMOtherm license key license.txt from directory /home/pcmt/COSMOlogic/COSMOtherm2025/COSMOthermX/../licensefiles/

 COSMOtherm license key expiration date 02/28/2026
 COSMOtherm license key version 26
 Customer : 200000000019588
 ID       : LKO3533017

 License keys:
  product                   |    licensed version    | status
 ------------------------------------------------------------------------------ 
  COSMOtherm                |          26            | active
  TURBOMOLE                 |          26            | active
  COSMOquick                |          26            | active
  COSMOconf                 |          26            | active
  COSMOmic                  |          26            | active
  COSMObase                 |          26            | active
  COSMObaseIL               |            -           | not valid (ErrNo.   -3 )
  COSMOperm                 |          26            | active
  COSMOplex                 |          26            | active
 ------------------------------------------------------------------------------ 

 Execution with 1 thread
 COSMOperce WARNING: too many neighbor atoms detected: U_IV_DMSO_8 !
 COSMOperce WARNING: too many neighbor atoms detected: U_IV_DMSO_8_gas !
 COSMOperce WARNING: too many neighbor atoms detected: compound2 !
 COSMOperce WARNING: too many neighbor atoms detected: compound2_gas !
 COSMOperce WARNING: too many neighbor atoms detected: compound3 !
 COSMOperce WARNING: too many neighbor atoms detected: compound3_gas !
 
 Reading vapor pressure and property information for compound 1 from file /home/pcmt/COSMOlogic/COSMOtherm2025/COSMOtherm/DATABASE-COSMO/BP-TZVP-COSMO/h/h2o.vap
 Reading COSMO information for compound 1 conformer 1 from file /home/pcmt/COSMOlogic/COSMOtherm2025/COSMOtherm/DATABASE-COSMO/BP-TZVP-COSMO/h/h2o_c0.cosmo
 Reading gas phase energy information for compound 1 conformer 1 from file /home/pcmt/COSMOlogic/COSMOtherm2025/COSMOtherm/DATABASE-COSMO/BP-TZVP-COSMO/h/h2o_c0.energy
 
 Note: Vapor pressure / property file could not be found for compound 2
 Reading COSMO information for compound 2 conformer 1 from file /home/vallet/ANL/ANL-UVI-structures-Emily/cosmo-rs/DMSO.cosmo
 Reading gas phase energy information for compound 2 conformer 1 from file /home/vallet/ANL/ANL-UVI-structures-Emily/cosmo-rs/DMSO.energy
 
 Note: Vapor pressure / property file could not be found for compound 3
 Reading COSMO information for compound 3 conformer 1 from file /home/vallet/ANL/ANL-UVI-structures-Emily/cosmo-rs/H2.cosmo
 Reading gas phase energy information for compound 3 conformer 1 from file /home/vallet/ANL/ANL-UVI-structures-Emily/cosmo-rs/H2.energy
 
 Note: Vapor pressure / property file could not be found for compound 4
 Reading COSMO information for compound 4 conformer 1 from file /home/vallet/ANL/ANL-UVI-structures-Emily/cosmo-rs/H2O.cosmo
 Reading gas phase energy information for compound 4 conformer 1 from file /home/vallet/ANL/ANL-UVI-structures-Emily/cosmo-rs/H2O.energy
 
 Note: Vapor pressure / property file could not be found for compound 5
 Reading COSMO information for compound 5 conformer 1 from file /home/vallet/ANL/ANL-UVI-structures-Emily/cosmo-rs/HClO4.cosmo
 Reading gas phase energy information for compound 5 conformer 1 from file /home/vallet/ANL/ANL-UVI-structures-Emily/cosmo-rs/HClO4.energy
 
 Note: Vapor pressure / property file could not be found for compound 6
 Reading COSMO information for compound 6 conformer 1 from file /home/vallet/ANL/ANL-UVI-structures-Emily/cosmo-rs/U_IV_DMSO_8.cosmo
 Note: Radius for Element U  in compound 6 conformer 1 differs from the default COSMOradius.
 Reading gas phase energy information for compound 6 conformer 1 from file /home/vallet/ANL/ANL-UVI-structures-Emily/cosmo-rs/U_IV_DMSO_8.energy
 
 Note: Vapor pressure / property file could not be found for compound 7
 Reading COSMO information for compound 7 conformer 1 from file /home/vallet/ANL/ANL-UVI-structures-Emily/cosmo-rs/terpy.cosmo
 Reading gas phase energy information for compound 7 conformer 1 from file /home/vallet/ANL/ANL-UVI-structures-Emily/cosmo-rs/terpy.energy
 
 Note: Vapor pressure / property file could not be found for compound 8
 Reading COSMO information for compound 8 conformer 1 from file /home/vallet/ANL/ANL-UVI-structures-Emily/cosmo-rs/compound2.cosmo
 Note: Radius for Element U  in compound 8 conformer 1 differs from the default COSMOradius.
 Reading gas phase energy information for compound 8 conformer 1 from file /home/vallet/ANL/ANL-UVI-structures-Emily/cosmo-rs/compound2.energy
 
 Note: Vapor pressure / property file could not be found for compound 9
 Reading COSMO information for compound 9 conformer 1 from file /home/vallet/ANL/ANL-UVI-structures-Emily/cosmo-rs/compound3.cosmo
 Note: Radius for Element U  in compound 9 conformer 1 differs from the default COSMOradius.
 Reading gas phase energy information for compound 9 conformer 1 from file /home/vallet/ANL/ANL-UVI-structures-Emily/cosmo-rs/compound3.energy


 --- Compound 1 (h2o) ---

 Experimental data for compound 1 (h2o) :
 CAS registry number for compound 1 (CAS-RN = 7732-18-5)
 Antoine equation coefficients ([mbar]/[K]) for compound 1:        18.8198      3956.2903       -40.6247
 Wagner equation coefficients ([mbar]/[K]) for compound 1:    220600.0000       647.1400        -7.7645         1.4584        -2.7758        -1.2330
 Vapor Pressure [mbar] / Temperature [°C] input for compound 1:
               10.0000            7.0000
              100.0000           45.8000
             1000.0000           99.6000
 Minimum temperature for vapor pressure estimation of compound 1 (TPVMIN = 275.00000 K)
 Maximum temperature for vapor pressure estimation of compound 1 (TPVMAX = 647.00000 K)
 UNIQUAC volume parameter for compound 1 (UNIQUAC_RI = 0.92000)
 UNIQUAC surface parameter for compound 1 (UNIQUAC_QI = 1.40000)
 Boiling temperature of compound 1 (TBOIL = 373.15000 K)
 Melting temperature of compound 1 (TMELT = 273.15000 K)
 Experimental dielectric constant for compound 1 (EPSILON = 78.20000)
 Critical temperature of compound 1 (TCRIT = 647.09600 K)
 Critical pressure of compound 1 (PCRIT = 220640.00000 mbar)
 Critical density of compound 1 (DCRIT = 0.32239 g/ml)
 DIPPR 116 density parameters for compound 1 (EXPDENSDIPPR116 = {0.92619 -1.15605 3.01718 -2.12561 273.16000 647.09500})

 Compound Information for compound 1 conformer 1 (COSMO file /home/pcmt/COSMOlogic/COSMOtherm2025/COSMOtherm/DATABASE-COSMO/BP-TZVP-COSMO/h/h2o_c0.cosmo)
 Atomic weights         : 111
 E_COSMO+dE             :     -47990.5023 kcal/mol
 E_gas                  :     -47984.9061 kcal/mol
 E_COSMO-E_gas+dE       :         -5.5963 kcal/mol
 E_diel                 :         -9.5941 kcal/mol
 Averaging corr dE      :          0.5074 kcal/mol
 Area                   :         43.0704 A^2
 Volume                 :         25.6019 A^3
 Molecular Weight       :         18.0153 a.m.u.
 Total COSMO charge     :         -0.0012 a.u.
 Dipole moment (t,x,y,z):          2.4699 -0.001571  0.000479 -2.469851 Debye                            
 Polarity moment (|M|,M):          0.0009 -0.000005  0.000007  0.000881 e^2/A                            
 Sigma moments (1-6)    :          0.0000 74.869130 12.658305  1.80E+02 71.633630  4.87E+02              
 H-bond moment (accept) :          5.6951
 H-bond moment (donor)  :          3.8536


 --- Compound 2 (DMSO) ---

 Compound Information for compound 2 conformer 1 (COSMO file /home/vallet/ANL/ANL-UVI-structures-Emily/cosmo-rs/DMSO.cosmo)
 Atomic weights         : 1111111111
 E_COSMO+dE             :    -347219.8336 kcal/mol
 E_gas                  :    -347209.3011 kcal/mol
 E_COSMO-E_gas+dE       :        -10.5325 kcal/mol
 E_diel                 :        -14.1738 kcal/mol
 Averaging corr dE      :          0.5034 kcal/mol
 Area                   :        109.6348 A^2
 Volume                 :         96.7513 A^3
 Molecular Weight       :         78.1342 a.m.u.
 Total COSMO charge     :          0.0050 a.u.
 Dipole moment (t,x,y,z):          5.7496  0.404575  5.735329 -0.001865 Debye                            
 Polarity moment (|M|,M):          0.0121  0.000578 -0.012079 -0.000024 e^2/A                            
 Sigma moments (1-6)    :          0.0000 80.766620 74.731780  1.71E+02  2.62E+02  4.88E+02              
 H-bond moment (accept) :          8.7292
 H-bond moment (donor)  :          0.0038


 --- Compound 3 (H2) ---

 Compound Information for compound 3 conformer 1 (COSMO file /home/vallet/ANL/ANL-UVI-structures-Emily/cosmo-rs/H2.cosmo)
 Atomic weights         : 11
 E_COSMO+dE             :       -739.0145 kcal/mol
 E_gas                  :       -738.8504 kcal/mol
 E_COSMO-E_gas+dE       :         -0.1641 kcal/mol
 E_diel                 :         -0.2110 kcal/mol
 Averaging corr dE      :          0.0453 kcal/mol
 Area                   :         27.3167 A^2
 Volume                 :         13.0610 A^3
 Molecular Weight       :          2.0159 a.m.u.
 Total COSMO charge     :         -0.0013 a.u.
 Dipole moment (t,x,y,z):          0.0012 -0.001190  0.000015 -0.000035 Debye                            
 Polarity moment (|M|,M):          0.0000  0.000000  0.000000  0.000000 e^2/A                            
 Sigma moments (1-6)    :          0.0000  2.026220 -0.245779  0.257218 -0.069992  0.043752              
 H-bond moment (accept) :          0.0000
 H-bond moment (donor)  :          0.0000
 
 Molecule H2 is linear


 --- Compound 4 (H2O) ---

 Compound Information for compound 4 conformer 1 (COSMO file /home/vallet/ANL/ANL-UVI-structures-Emily/cosmo-rs/H2O.cosmo)
 Atomic weights         : 111
 E_COSMO+dE             :     -47990.3653 kcal/mol
 E_gas                  :     -47984.8201 kcal/mol
 E_COSMO-E_gas+dE       :         -5.5451 kcal/mol
 E_diel                 :         -9.4985 kcal/mol
 Averaging corr dE      :          0.5064 kcal/mol
 Area                   :         42.8852 A^2
 Volume                 :         25.4670 A^3
 Molecular Weight       :         18.0153 a.m.u.
 Total COSMO charge     :         -0.0012 a.u.
 Dipole moment (t,x,y,z):          2.4454 -0.001663 -0.001162  2.445438 Debye                            
 Polarity moment (|M|,M):          0.0009 -0.000038  0.000017 -0.000908 e^2/A                            
 Sigma moments (1-6)    :          0.0000 74.216183 12.862089  1.78E+02 72.556185  4.81E+02              
 H-bond moment (accept) :          5.6501
 H-bond moment (donor)  :          3.7649


 --- Compound 5 (HClO4) ---

 Compound Information for compound 5 conformer 1 (COSMO file /home/vallet/ANL/ANL-UVI-structures-Emily/cosmo-rs/HClO4.cosmo)
 Atomic weights         : 111111
 E_COSMO+dE             :    -477867.1613 kcal/mol
 E_gas                  :    -477859.2099 kcal/mol
 E_COSMO-E_gas+dE       :         -7.9514 kcal/mol
 E_diel                 :        -10.0005 kcal/mol
 Averaging corr dE      :          0.7388 kcal/mol
 Area                   :         94.2623 A^2
 Volume                 :         76.7641 A^3
 Molecular Weight       :        100.4589 a.m.u.
 Total COSMO charge     :          0.0061 a.u.
 Dipole moment (t,x,y,z):          3.3547 -1.673931  2.904880  0.117241 Debye                            
 Polarity moment (|M|,M):          0.0111 -0.005826  0.009481  0.000551 e^2/A                            
 Sigma moments (1-6)    :          0.0000 69.251914 -9.97E+01  2.44E+02 -5.36E+02  1.24E+03              
 H-bond moment (accept) :          0.0000
 H-bond moment (donor)  :          8.8401


 --- Compound 6 (U_IV_DMSO_8) ---

 Compound Information for compound 6 conformer 1 (COSMO file /home/vallet/ANL/ANL-UVI-structures-Emily/cosmo-rs/U_IV_DMSO_8.cosmo)
 Atomic weights         : 11111111111111111111111111111111111111111111111111111111111111111111111111111 ...
 E_COSMO+dE             :   -3076954.6583 kcal/mol
 E_gas                  :   -3076507.7399 kcal/mol
 E_COSMO-E_gas+dE       :       -446.9184 kcal/mol
 E_diel                 :       -449.4971 kcal/mol
 Averaging corr dE      :          1.1551 kcal/mol
 Area                   :        481.4400 A^2
 Volume                 :        782.0641 A^3
 Molecular Weight       :        863.1023 a.m.u.
 Total COSMO charge     :         -3.9509 a.u.
 Dipole moment (t,x,y,z):          0.0000  0.000000  0.000000  0.000000 Debye                            
 Polarity moment (|M|,M):          0.0004  0.000035 -0.000058 -0.000427 e^2/A                            
 Sigma moments (1-6)    :       -400.0000  3.76E+02 -3.87E+02  4.25E+02 -4.91E+02  5.92E+02              
 H-bond moment (accept) :          0.0000
 H-bond moment (donor)  :          7.2412
 
 Note: Elements with low quality parametrization detected in compound 6 conformer 1
 WARNING: Energy difference E_COSMO-E_GAS of compound 6 conformer 1 is exceptionally large: E_COSMO-E_GAS =  448.0735 kcal/mol


 --- Compound 7 (terpy) ---

 Compound Information for compound 7 conformer 1 (COSMO file /home/vallet/ANL/ANL-UVI-structures-Emily/cosmo-rs/terpy.cosmo)
 Atomic weights         : 11111111111111111111111111111
 E_COSMO+dE             :    -466091.6936 kcal/mol
 E_gas                  :    -466084.2021 kcal/mol
 E_COSMO-E_gas+dE       :         -7.4915 kcal/mol
 E_diel                 :         -9.9988 kcal/mol
 Averaging corr dE      :          0.6268 kcal/mol
 Area                   :        264.3863 A^2
 Volume                 :        279.2230 A^3
 Molecular Weight       :        233.2693 a.m.u.
 Total COSMO charge     :          0.0014 a.u.
 Dipole moment (t,x,y,z):          3.3250  2.885882 -1.651404  0.002405 Debye                            
 Polarity moment (|M|,M):          0.0035 -0.003067  0.001669  0.000024 e^2/A                            
 Sigma moments (1-6)    :          0.0000 68.604027 19.346029 63.880092 58.889342  1.03E+02              
 H-bond moment (accept) :          2.1785
 H-bond moment (donor)  :          0.0000


 --- Compound 8 (compound2) ---

 Compound Information for compound 8 conformer 1 (COSMO file /home/vallet/ANL/ANL-UVI-structures-Emily/cosmo-rs/compound2.cosmo)
 Atomic weights         : 11111111111111111111111111111111111111111111111111111111111111111111111111111 ...
 E_COSMO+dE             :   -2461819.6959 kcal/mol
 E_gas                  :   -2461700.4066 kcal/mol
 E_COSMO-E_gas+dE       :       -119.2893 kcal/mol
 E_diel                 :       -125.7390 kcal/mol
 Averaging corr dE      :          1.4825 kcal/mol
 Area                   :        589.8524 A^2
 Volume                 :        869.8872 A^3
 Molecular Weight       :       1178.8619 a.m.u.
 Total COSMO charge     :         -1.9796 a.u.
 Dipole moment (t,x,y,z):          0.0000  0.000000  0.000000  0.000000 Debye                            
 Polarity moment (|M|,M):          0.0069 -0.000746 -0.006894  0.000220 e^2/A                            
 Sigma moments (1-6)    :       -200.0000  2.47E+02 -1.19E+02  2.16E+02 -9.47E+01  2.28E+02              
 H-bond moment (accept) :          0.8169
 H-bond moment (donor)  :          0.9493
 
 Note: Elements with low quality parametrization detected in compound 8 conformer 1


 --- Compound 9 (compound3) ---

 Compound Information for compound 9 conformer 1 (COSMO file /home/vallet/ANL/ANL-UVI-structures-Emily/cosmo-rs/compound3.cosmo)
 Atomic weights         : 11111111111111111111111111111111111111111111111111111111111111111111
 E_COSMO+dE             :   -1815362.3397 kcal/mol
 E_gas                  :   -1815240.8522 kcal/mol
 E_COSMO-E_gas+dE       :       -121.4876 kcal/mol
 E_diel                 :       -126.0689 kcal/mol
 Averaging corr dE      :          1.4619 kcal/mol
 Area                   :        527.9602 A^2
 Volume                 :        693.5963 A^3
 Molecular Weight       :       1040.6089 a.m.u.
 Total COSMO charge     :         -1.9756 a.u.
 Dipole moment (t,x,y,z):          0.0000  0.000000  0.000000  0.000000 Debye                            
 Polarity moment (|M|,M):          0.0073  0.000233  0.000006  0.007251 e^2/A                            
 Sigma moments (1-6)    :       -200.0000  2.33E+02 -1.87E+02  2.78E+02 -3.40E+02  5.64E+02              
 H-bond moment (accept) :          0.0000
 H-bond moment (donor)  :          7.5818
 
 Note: Elements with low quality parametrization detected in compound 9 conformer 1
 
 Note: compound 1 (h2o) and compound 4 (H2O) seem to be conformers of the same compound.


 Total number of processed compounds: 9
----------------
 START job     1
----------------

 -------------------------------------------------------
 Computation of Henry law coefficients in compound    1
 -------------------------------------------------------



 Results for mixture 1
 ---------------------
 Temperature          :    298.150 K
 Compound Nr.         :         1         2         3         4         5         6         7         8         9
 Compound             :       h2o      DMSO        H2       H2O     HClO4 U_IV_DMSO     terpy compound2 compound3
 Mole Fraction        :    1.0000    0.0000    0.0000    0.0000    0.0000    0.0000    0.0000    0.0000    0.0000

 Compound: 1  (h2o)
 Chemical potential of the compound in the mixture :         3.63653 kcal/mol
 Log10(partial pressure [mbar])                    :         1.56351
 Free energy of molecule in mix (E_COSMO+dE+Mu)    :    -47986.86579 kcal/mol
 Total mean interaction energy in the mix (H_int)  :        -5.49853 kcal/mol
 Misfit interaction energy in the mix (H_MF)       :         0.29169 kcal/mol
 H-Bond interaction energy in the mix (H_HB)       :        -5.82694 kcal/mol
 VdW interaction energy in the mix (H_vdW)         :        -0.95751 kcal/mol
 Gas liquid transition energy in the mix (H_glt)   :         0.99423 kcal/mol




 Results for mixture 2
 ---------------------
 Temperature          :    298.150 K
 Compound Nr.         :         1         2         3         4         5         6         7         8         9
 Compound             :       h2o      DMSO        H2       H2O     HClO4 U_IV_DMSO     terpy compound2 compound3
 Mole Fraction        :    0.0000    1.0000    0.0000    0.0000    0.0000    0.0000    0.0000    0.0000    0.0000

 Compound: 2  (DMSO)
 Chemical potential of the compound in the mixture :         6.30449 kcal/mol
 Log10(partial pressure [mbar])                    :        -0.09916
 Free energy of molecule in mix (E_COSMO+dE+Mu)    :   -347213.52908 kcal/mol
 Total mean interaction energy in the mix (H_int)  :        -1.19510 kcal/mol
 Misfit interaction energy in the mix (H_MF)       :         3.89058 kcal/mol
 H-Bond interaction energy in the mix (H_HB)       :        -0.40579 kcal/mol
 VdW interaction energy in the mix (H_vdW)         :        -5.67412 kcal/mol
 Gas liquid transition energy in the mix (H_glt)   :         0.99423 kcal/mol




 Results for mixture 3
 ---------------------
 Temperature          :    298.150 K
 Compound Nr.         :         1         2         3         4         5         6         7         8         9
 Compound             :       h2o      DMSO        H2       H2O     HClO4 U_IV_DMSO     terpy compound2 compound3
 Mole Fraction        :    0.0000    0.0000    1.0000    0.0000    0.0000    0.0000    0.0000    0.0000    0.0000

 Compound: 3  (H2)
 Chemical potential of the compound in the mixture :         4.55634 kcal/mol
 Log10(partial pressure [mbar])                    :         6.21953
 Free energy of molecule in mix (E_COSMO+dE+Mu)    :      -734.45815 kcal/mol
 Total mean interaction energy in the mix (H_int)  :        -1.28987 kcal/mol
 Misfit interaction energy in the mix (H_MF)       :         0.04745 kcal/mol
 H-Bond interaction energy in the mix (H_HB)       :         0.00000 kcal/mol
 VdW interaction energy in the mix (H_vdW)         :        -1.53215 kcal/mol
 Gas liquid transition energy in the mix (H_glt)   :         0.19484 kcal/mol




 Results for mixture 4
 ---------------------
 Temperature          :    298.150 K
 Compound Nr.         :         1         2         3         4         5         6         7         8         9
 Compound             :       h2o      DMSO        H2       H2O     HClO4 U_IV_DMSO     terpy compound2 compound3
 Mole Fraction        :    0.0000    0.0000    0.0000    1.0000    0.0000    0.0000    0.0000    0.0000    0.0000

 Compound: 4  (H2O)
 Chemical potential of the compound in the mixture :         3.67258 kcal/mol
 Log10(partial pressure [mbar])                    :         1.62741
 Free energy of molecule in mix (E_COSMO+dE+Mu)    :    -47986.69270 kcal/mol
 Total mean interaction energy in the mix (H_int)  :        -5.39710 kcal/mol
 Misfit interaction energy in the mix (H_MF)       :         0.29443 kcal/mol
 H-Bond interaction energy in the mix (H_HB)       :        -5.73736 kcal/mol
 VdW interaction energy in the mix (H_vdW)         :        -0.94840 kcal/mol
 Gas liquid transition energy in the mix (H_glt)   :         0.99423 kcal/mol




 Results for mixture 5
 ---------------------
 Temperature          :    298.150 K
 Compound Nr.         :         1         2         3         4         5         6         7         8         9
 Compound             :       h2o      DMSO        H2       H2O     HClO4 U_IV_DMSO     terpy compound2 compound3
 Mole Fraction        :    0.0000    0.0000    0.0000    0.0000    1.0000    0.0000    0.0000    0.0000    0.0000

 Compound: 5  (HClO4)
 Chemical potential of the compound in the mixture :         8.29129 kcal/mol
 Log10(partial pressure [mbar])                    :         3.24913
 Free energy of molecule in mix (E_COSMO+dE+Mu)    :   -477858.87000 kcal/mol
 Total mean interaction energy in the mix (H_int)  :         3.10679 kcal/mol
 Misfit interaction energy in the mix (H_MF)       :         3.51381 kcal/mol
 H-Bond interaction energy in the mix (H_HB)       :         0.00000 kcal/mol
 VdW interaction energy in the mix (H_vdW)         :        -1.40125 kcal/mol
 Gas liquid transition energy in the mix (H_glt)   :         0.99423 kcal/mol


 Note: E_COSMO-E_GAS is exceptionally large for compound 6


 Results for mixture 6
 ---------------------
 Temperature          :    298.150 K
 Compound Nr.         :         1         2         3         4         5         6         7         8         9
 Compound             :       h2o      DMSO        H2       H2O     HClO4 U_IV_DMSO     terpy compound2 compound3
 Mole Fraction        :    1.0000    0.0000    0.0000    0.0000    0.0000    0.0000    0.0000    0.0000    0.0000

 Compound: 1  (h2o)
 Chemical potential of the compound in the mixture :         3.63653 kcal/mol
 Log10(partial pressure [mbar])                    :         1.56351
 Free energy of molecule in mix (E_COSMO+dE+Mu)    :    -47986.86579 kcal/mol
 Total mean interaction energy in the mix (H_int)  :        -5.49853 kcal/mol
 Misfit interaction energy in the mix (H_MF)       :         0.29169 kcal/mol
 H-Bond interaction energy in the mix (H_HB)       :        -5.82694 kcal/mol
 VdW interaction energy in the mix (H_vdW)         :        -0.95751 kcal/mol
 Gas liquid transition energy in the mix (H_glt)   :         0.99423 kcal/mol

 Compound: 6  (U_IV_DMSO_8)
 Chemical potential of the compound in the mixture :        23.68124 kcal/mol
 Log10(partial pressure [mbar])                    :      -307.23509
 Free energy of molecule in mix (E_COSMO+dE+Mu)    :  -3076930.97710 kcal/mol
 Total mean interaction energy in the mix (H_int)  :       -17.79893 kcal/mol
 Misfit interaction energy in the mix (H_MF)       :         8.33635 kcal/mol
 H-Bond interaction energy in the mix (H_HB)       :        -6.38437 kcal/mol
 VdW interaction energy in the mix (H_vdW)         :       -20.74514 kcal/mol
 Gas liquid transition energy in the mix (H_glt)   :         0.99423 kcal/mol




 Results for mixture 7
 ---------------------
 Temperature          :    298.150 K
 Compound Nr.         :         1         2         3         4         5         6         7         8         9
 Compound             :       h2o      DMSO        H2       H2O     HClO4 U_IV_DMSO     terpy compound2 compound3
 Mole Fraction        :    0.0000    0.0000    0.0000    0.0000    0.0000    0.0000    1.0000    0.0000    0.0000

 Compound: 7  (terpy)
 Chemical potential of the compound in the mixture :        -3.65788 kcal/mol
 Log10(partial pressure [mbar])                    :        -5.17255
 Free energy of molecule in mix (E_COSMO+dE+Mu)    :   -466095.35152 kcal/mol
 Total mean interaction energy in the mix (H_int)  :       -13.00460 kcal/mol
 Misfit interaction energy in the mix (H_MF)       :         2.88687 kcal/mol
 H-Bond interaction energy in the mix (H_HB)       :        -0.01042 kcal/mol
 VdW interaction energy in the mix (H_vdW)         :       -13.42208 kcal/mol
 Gas liquid transition energy in the mix (H_glt)   :        -2.45897 kcal/mol




 Results for mixture 8
 ---------------------
 Temperature          :    298.150 K
 Compound Nr.         :         1         2         3         4         5         6         7         8         9
 Compound             :       h2o      DMSO        H2       H2O     HClO4 U_IV_DMSO     terpy compound2 compound3
 Mole Fraction        :    1.0000    0.0000    0.0000    0.0000    0.0000    0.0000    0.0000    0.0000    0.0000

 Compound: 1  (h2o)
 Chemical potential of the compound in the mixture :         3.63653 kcal/mol
 Log10(partial pressure [mbar])                    :         1.56351
 Free energy of molecule in mix (E_COSMO+dE+Mu)    :    -47986.86579 kcal/mol
 Total mean interaction energy in the mix (H_int)  :        -5.49853 kcal/mol
 Misfit interaction energy in the mix (H_MF)       :         0.29169 kcal/mol
 H-Bond interaction energy in the mix (H_HB)       :        -5.82694 kcal/mol
 VdW interaction energy in the mix (H_vdW)         :        -0.95751 kcal/mol
 Gas liquid transition energy in the mix (H_glt)   :         0.99423 kcal/mol

 Compound: 8  (compound2)
 Chemical potential of the compound in the mixture :        11.43864 kcal/mol
 Log10(partial pressure [mbar])                    :       -76.05514
 Free energy of molecule in mix (E_COSMO+dE+Mu)    :  -2461808.25731 kcal/mol
 Total mean interaction energy in the mix (H_int)  :       -24.16295 kcal/mol
 Misfit interaction energy in the mix (H_MF)       :        10.64437 kcal/mol
 H-Bond interaction energy in the mix (H_HB)       :        -3.85920 kcal/mol
 VdW interaction energy in the mix (H_vdW)         :       -25.03596 kcal/mol
 Gas liquid transition energy in the mix (H_glt)   :        -5.91216 kcal/mol




 Results for mixture 9
 ---------------------
 Temperature          :    298.150 K
 Compound Nr.         :         1         2         3         4         5         6         7         8         9
 Compound             :       h2o      DMSO        H2       H2O     HClO4 U_IV_DMSO     terpy compound2 compound3
 Mole Fraction        :    1.0000    0.0000    0.0000    0.0000    0.0000    0.0000    0.0000    0.0000    0.0000

 Compound: 1  (h2o)
 Chemical potential of the compound in the mixture :         3.63653 kcal/mol
 Log10(partial pressure [mbar])                    :         1.56351
 Free energy of molecule in mix (E_COSMO+dE+Mu)    :    -47986.86579 kcal/mol
 Total mean interaction energy in the mix (H_int)  :        -5.49853 kcal/mol
 Misfit interaction energy in the mix (H_MF)       :         0.29169 kcal/mol
 H-Bond interaction energy in the mix (H_HB)       :        -5.82694 kcal/mol
 VdW interaction energy in the mix (H_vdW)         :        -0.95751 kcal/mol
 Gas liquid transition energy in the mix (H_glt)   :         0.99423 kcal/mol

 Compound: 9  (compound3)
 Chemical potential of the compound in the mixture :        10.30554 kcal/mol
 Log10(partial pressure [mbar])                    :       -78.49701
 Free energy of molecule in mix (E_COSMO+dE+Mu)    :  -1815352.03417 kcal/mol
 Total mean interaction energy in the mix (H_int)  :       -26.62723 kcal/mol
 Misfit interaction energy in the mix (H_MF)       :         9.43820 kcal/mol
 H-Bond interaction energy in the mix (H_HB)       :        -8.56271 kcal/mol
 VdW interaction energy in the mix (H_vdW)         :       -21.59056 kcal/mol
 Gas liquid transition energy in the mix (H_glt)   :        -5.91216 kcal/mol


 Note: E_COSMO-E_GAS is exceptionally large for compound 6


 Results for mixture 10
 ----------------------
 Temperature          :    298.150 K
 Compound Nr.         :         1         2         3         4         5         6         7         8         9
 Compound             :       h2o      DMSO        H2       H2O     HClO4 U_IV_DMSO     terpy compound2 compound3
 Mole Fraction        :    1.0000    0.0000    0.0000    0.0000    0.0000    0.0000    0.0000    0.0000    0.0000

 Compound: 1  (h2o)
 Chemical potential of the compound in the mixture :         3.63653 kcal/mol
 Log10(partial pressure [mbar])                    :         1.56351
 Free energy of molecule in mix (E_COSMO+dE+Mu)    :    -47986.86579 kcal/mol
 Total mean interaction energy in the mix (H_int)  :        -5.49853 kcal/mol
 Misfit interaction energy in the mix (H_MF)       :         0.29169 kcal/mol
 H-Bond interaction energy in the mix (H_HB)       :        -5.82694 kcal/mol
 VdW interaction energy in the mix (H_vdW)         :        -0.95751 kcal/mol
 Gas liquid transition energy in the mix (H_glt)   :         0.99423 kcal/mol
 Henry law coefficient                             :         0.03660 bar
 Henry law coefficient using experimental Pvap     :         0.03177 bar
 Gibbs Free Energy of Solvation                    :        -1.95973 kcal/mol

 Compound: 2  (DMSO)
 Chemical potential of the compound in the mixture :         4.18619 kcal/mol
 Log10(partial pressure [mbar])                    :        -1.65189
 Free energy of molecule in mix (E_COSMO+dE+Mu)    :   -347215.64738 kcal/mol
 Total mean interaction energy in the mix (H_int)  :        -9.53534 kcal/mol
 Misfit interaction energy in the mix (H_MF)       :         1.80682 kcal/mol
 H-Bond interaction energy in the mix (H_HB)       :        -7.48631 kcal/mol
 VdW interaction energy in the mix (H_vdW)         :        -4.85008 kcal/mol
 Gas liquid transition energy in the mix (H_glt)   :         0.99423 kcal/mol
 Henry law coefficient                             :         0.00002 bar
 Gibbs Free Energy of Solvation                    :        -6.34633 kcal/mol

 Compound: 3  (H2)
 Chemical potential of the compound in the mixture :         5.93795 kcal/mol
 Log10(partial pressure [mbar])                    :         7.23225
 Free energy of molecule in mix (E_COSMO+dE+Mu)    :      -733.07654 kcal/mol
 Total mean interaction energy in the mix (H_int)  :        -0.53293 kcal/mol
 Misfit interaction energy in the mix (H_MF)       :         0.54767 kcal/mol
 H-Bond interaction energy in the mix (H_HB)       :         0.00000 kcal/mol
 VdW interaction energy in the mix (H_vdW)         :        -1.27544 kcal/mol
 Gas liquid transition energy in the mix (H_glt)   :         0.19484 kcal/mol
 Henry law coefficient                             :     17070.76284 bar
 Gibbs Free Energy of Solvation                    :         5.77384 kcal/mol

 Compound: 4  (H2O)
 Chemical potential of the compound in the mixture :         3.67257 kcal/mol
 Log10(partial pressure [mbar])                    :         1.62740
 Free energy of molecule in mix (E_COSMO+dE+Mu)    :    -47986.69271 kcal/mol
 Total mean interaction energy in the mix (H_int)  :        -5.40614 kcal/mol
 Misfit interaction energy in the mix (H_MF)       :         0.29293 kcal/mol
 H-Bond interaction energy in the mix (H_HB)       :        -5.74309 kcal/mol
 VdW interaction energy in the mix (H_vdW)         :        -0.95021 kcal/mol
 Gas liquid transition energy in the mix (H_glt)   :         0.99423 kcal/mol
 Henry law coefficient                             :         0.04240 bar
 Gibbs Free Energy of Solvation                    :        -1.87256 kcal/mol

 Compound: 5  (HClO4)
 Chemical potential of the compound in the mixture :         5.21088 kcal/mol
 Log10(partial pressure [mbar])                    :         0.99118
 Free energy of molecule in mix (E_COSMO+dE+Mu)    :   -477861.95041 kcal/mol
 Total mean interaction energy in the mix (H_int)  :        -8.59791 kcal/mol
 Misfit interaction energy in the mix (H_MF)       :         1.48528 kcal/mol
 H-Bond interaction energy in the mix (H_HB)       :        -8.58942 kcal/mol
 VdW interaction energy in the mix (H_vdW)         :        -2.48799 kcal/mol
 Gas liquid transition energy in the mix (H_glt)   :         0.99423 kcal/mol
 Henry law coefficient                             :         0.00980 bar
 Gibbs Free Energy of Solvation                    :        -2.74053 kcal/mol

 Compound: 6  (U_IV_DMSO_8)
 Chemical potential of the compound in the mixture :        23.68124 kcal/mol
 Log10(partial pressure [mbar])                    :      -307.23509
 Free energy of molecule in mix (E_COSMO+dE+Mu)    :  -3076930.97710 kcal/mol
 Total mean interaction energy in the mix (H_int)  :       -17.79893 kcal/mol
 Misfit interaction energy in the mix (H_MF)       :         8.33635 kcal/mol
 H-Bond interaction energy in the mix (H_HB)       :        -6.38437 kcal/mol
 VdW interaction energy in the mix (H_vdW)         :       -20.74514 kcal/mol
 Gas liquid transition energy in the mix (H_glt)   :         0.99423 kcal/mol
 Henry law coefficient                             :         0.00000 bar
 Gibbs Free Energy of Solvation                    :      -423.23716 kcal/mol

 Compound: 7  (terpy)
 Chemical potential of the compound in the mixture :         3.78505 kcal/mol
 Log10(partial pressure [mbar])                    :         0.28315
 Free energy of molecule in mix (E_COSMO+dE+Mu)    :   -466087.90860 kcal/mol
 Total mean interaction energy in the mix (H_int)  :       -11.48019 kcal/mol
 Misfit interaction energy in the mix (H_MF)       :         4.69199 kcal/mol
 H-Bond interaction energy in the mix (H_HB)       :        -2.18335 kcal/mol
 VdW interaction energy in the mix (H_vdW)         :       -11.52986 kcal/mol
 Gas liquid transition energy in the mix (H_glt)   :        -2.45897 kcal/mol
 Henry law coefficient                             :         0.00192 bar
 Gibbs Free Energy of Solvation                    :        -3.70645 kcal/mol

 Compound: 8  (compound2)
 Chemical potential of the compound in the mixture :        11.43864 kcal/mol
 Log10(partial pressure [mbar])                    :       -76.05514
 Free energy of molecule in mix (E_COSMO+dE+Mu)    :  -2461808.25731 kcal/mol
 Total mean interaction energy in the mix (H_int)  :       -24.16295 kcal/mol
 Misfit interaction energy in the mix (H_MF)       :        10.64437 kcal/mol
 H-Bond interaction energy in the mix (H_HB)       :        -3.85920 kcal/mol
 VdW interaction energy in the mix (H_vdW)         :       -25.03596 kcal/mol
 Gas liquid transition energy in the mix (H_glt)   :        -5.91216 kcal/mol
 Henry law coefficient                             :         0.00000 bar
 Gibbs Free Energy of Solvation                    :      -107.85070 kcal/mol

 Compound: 9  (compound3)
 Chemical potential of the compound in the mixture :        10.30554 kcal/mol
 Log10(partial pressure [mbar])                    :       -78.49701
 Free energy of molecule in mix (E_COSMO+dE+Mu)    :  -1815352.03417 kcal/mol
 Total mean interaction energy in the mix (H_int)  :       -26.62723 kcal/mol
 Misfit interaction energy in the mix (H_MF)       :         9.43820 kcal/mol
 H-Bond interaction energy in the mix (H_HB)       :        -8.56271 kcal/mol
 VdW interaction energy in the mix (H_vdW)         :       -21.59056 kcal/mol
 Gas liquid transition energy in the mix (H_glt)   :        -5.91216 kcal/mol
 Henry law coefficient                             :         0.00000 bar
 Gibbs Free Energy of Solvation                    :      -111.18201 kcal/mol


----------------
 END job       1
----------------
