
  ========================================================================
                license information 
 Customer : 200000000019588
 ID       : LKO3533017

 License file is VALID, continuing with full version
  ========================================================================

   OpenMP run-time library returned nthreads = 16

 ridft (u-0-0.local) : TURBOMOLE rev. V7-9 compiled 8 Oct 2024 at 18:07:07
 Copyright (C) 2024 TURBOMOLE GmbH, Karlsruhe


    2025-11-15 18:18:55.765 



                                  r i d f t

                        DFT program with RI approximation 
                                for coulomb part 





                                 References:     
                                                 
          TURBOMOLE:                             
              R. Ahlrichs, M. Baer, M. Haeser, H. Horn, and
              C. Koelmel
              Electronic structure calculations on workstation
              computers: the program system TURBOMOLE
              Chem. Phys. Lett. 162: 165 (1989)
          Density Functional:                              
              O. Treutler and R. Ahlrichs                      
              Efficient Molecular Numerical Integration Schemes
              J. Chem. Phys. 102: 346 (1995)                   
          Parallel Version:                                
              Performance of parallel TURBOMOLE for Density    
              Functional Calculations                          
              M. v. Arnim and R. Ahlrichs                      
              J. Comp. Chem. 19: 1746 (1998)                   
          RI-J Method:                                     
              Auxiliary Basis Sets to approximate Coulomb      
              Potentials                                       
              Chem. Phys. Lett. 240: 283 (1995)                
              K. Eichkorn, O. Treutler, H. Oehm, M. Haeser     
              and R. Ahlrichs                                  
              Chem. Phys. Lett. 242: 652 (1995)                
                                                           
              Auxiliary Basis Sets for Main Row Atoms and their
              Use to approximate Coulomb Potentials            
              K. Eichkorn, F. Weigend, O. Treutler and         
              R. Ahlrichs                                      
              Theo. Chem. Acc. 97: 119 (1997)                  
                                                           
              Accurate Coulomb-fitting basis sets for H to Rn 
              F. Weigend                                       
              Phys. Chem. Chem. Phys. 8: 1057 (2006)           
                                                           
          Multipole accelerated RI-J (MARI-J):             
              Fast evaluation of the Coulomb potential for     
              electron densities using multipole accelerated   
              resolution of identity approximation             
              M. Sierka, A. Hogekamp and R. Ahlrichs           
              J. Chem. Phys. 118: 9136 (2003)                  
          RI-JK Method:                                     
              A fully direct RI-HF algorithm: Implementation,
              optimised auxiliary basis sets, demonstration of
              accuracy and efficiency                         
              F. Weigend                                      
              Phys. Chem. Chem. Phys. 4: 4285 (2002)           
          Two-component HF and DFT with spin-orbit coupling:  
              Self-consistent treatment of spin-orbit         
              interactions with efficient Hartree-Fock and    
              density functional methods                      
              M. K. Armbruster, F. Weigend, C. van Wüllen and 
              W. Klopper                                      
              Phys. Chem. Chem. Phys. 10: 1748 (2008)         
          Two-component difference density and DIIS algorithm 
              Efficient two-component self-consistent field   
              procedures and gradients: implementation in     
              TURBOMOLE and application to Au20-              
              A. Baldes, F. Weigend                           
              Mol. Phys. 111: 2617 (2013)                     
          Relativistic current density functional theory      
              Current density functional framework for        
              spin-orbit coupling                             
              C. Holzer, Y. J. Franzke, A. Pausch             
              J. Chem. Phys. 157: 204102 (2022)               
          Relativistic all-electron 2c calculations           
              An efficient implementation of two-component    
              relativistic exact-decoupling methods for large 
              molecules                                       
              D. Peng, N. Middendorf, F. Weigend, M. Reiher   
              J. Chem. Phys. 138: 184105 (2013)               
          Finite nucleus model and SNSO approximation         
              Efficient implementation of one- and two-       
              component analytical energy gradients in exact  
              two-component theory                            
              Y. J. Franzke, N. Middendorf, F. Weigend        
              J. Chem. Phys. 148: 104110 (2018)               
          Grids for all-electron relativistic methods         
              Error-consistent segmented contracted all-      
              electron relativistic basis sets of double-     
              and triple-zeta quality for NMR shielding       
              constants                                       
              Y. J. Franzke, R. Tress, T. M. Pazdera,         
              F. Weigend                                      
              Phys. Chem. Chem. Phys. 21: 166658 (2019)       
          Seminumerical exchange algorithms                   
              Seminumerical calculation of the Hartree-Fock   
              exchange matirx: Application to two-component   
              procedures and efficient evaluation of local    
              hybrid functionsl                               
              P. Plessow, F. Weigend,                         
              J. Comput. Chem. 33: 810 (2012)                 
          Improved seminumerical algorithms                   
              C. Holzer,                                      
              J. Chem. Phys. 153 (2020), 184115               






          OpenMP Shared-Memory Parallelization: 16 CPUs.

            By: Christof Holzer and Yannick J. Franzke


              +--------------------------------------------------+
              |      general information about current run       |
              +--------------------------------------------------+

 

 DENSITY CONVERGENCE CHECK SWITCHED ON !
 SCF CONVERGENCE IF RMS(delta[D]) <     0.1000000000E-06

 A HF calculation using the RI-JK approximation will be carried out.
 Allocatable memory for RI due to $ricore (MB):                   500


              +--------------------------------------------------+
              | Atomic coordinate, charge and isotop information |
              +--------------------------------------------------+

                    atomic coordinates            atom    charge  isotop
          0.00000000    0.00000000    1.18428191    h      1.000     0
          0.00000000    0.00000000    2.59517034    h      1.000     0
 
       center of nuclear mass  :    0.00000000    0.00000000    1.88972612
       center of nuclear charge:    0.00000000    0.00000000    1.88972612

              +--------------------------------------------------+
              |               basis set information              |
              +--------------------------------------------------+

              we will work with the 1s 3p 5d 7f 9g ... basis set
              ...i.e. with spherical basis functions...

   type   atoms  prim   cont   basis
   ---------------------------------------------------------------------------
    h        2      8      6   def2-TZVP   [3s1p|5s1p]
   ---------------------------------------------------------------------------
   total:    2     16     12
   ---------------------------------------------------------------------------

   total number of primitive shells          :    6
   total number of contracted shells         :    8
   total number of cartesian basis functions :   12
   total number of SCF-basis functions       :   12


 integral neglect threshold       :  0.28E-09
 integral storage threshold THIZE :  0.10E-04
 integral storage threshold THIME :         5

 RI-JK AUXILIARY BASIS SET information:

              we will work with the 1s 3p 5d 7f 9g ... basis set
              ...i.e. with spherical basis functions...

   type   atoms  prim   cont   basis
   ---------------------------------------------------------------------------
    h        2     20     18   def2-TZVP   [2s2p2d|4s2p2d]
   ---------------------------------------------------------------------------
   total:    2     40     36
   ---------------------------------------------------------------------------

   total number of primitive shells          :    8
   total number of contracted shells         :   12
   total number of cartesian basis functions :   40
   total number of SCF-basis functions       :   36


 symmetry group of the molecule :   c1 

 the group has the following generators :
   c1(z)

    1 symmetry operations found

 there are 1 real representations :   a   

 maximum number of shells which are related by symmetry :  1

 ==============================================================================
                      COSMO switched on
 ==============================================================================
 COSMO stati: segments per atom: H   32 other atoms   92
 COSMO statistics: nps     65 npspher:     44
 COSMO surface:
   number of segments:   65
   area (bohr**2):       97.549806
   volume (bohr**3):     88.142434
 COSMO: check number of disjunct cavities:

       ... OK contiguous cavity found

 biggest AO integral is expected to be     1.396250015

          ------------------------
          nuclear repulsion energy  :  0.708773269716    
          ------------------------


         -----------------
         -S,T+V- integrals
         -----------------

 1e-integrals will be neglected if expon. factor < 0.278497E-10
 
 Difference densities algorithm switched on.
 The maximal number of linear combinations of
 difference densities is  20.

 DIIS switched on: error vector is FDS-SDF
 Max. Iterations for DIIS is     :   5
 DIIS matrix (see manual) 
    Scaling factor of diagonals  :  1.200
    threshold for scaling factor :  0.000

 scf convergence criterion : increment of total energy < .1000000D-06
                  and increment of one-electron energy < .1000000D-03

 MOs are in ASCII format !


    mo occupation :
   irrep   mo's   occupied
    a       12        1
 
 number of basis functions   :    12
 number of occupied orbitals :     1
 

 reading orbital data $scfmo  from file mos
 orbital characterization : expanded
 virtual MOs provided and orthogonalized by Cholesky decomposition

 automatic virtual orbital shift switched on 
      shift if e(lumo)-e(homo) < 0.10000000    

  
           ------------------------
               RI-JK - INFORMATION
           ------------------------
 Contributions to RI integral batches: 
  neglected integral batches:                     0
  direct contribution:                            0
  memory contribution:                    36
 Memory core needed for (P|Q) and Cholesky      1 MByte
 Memory core minimum needed except of (P|Q)     1 MByte
 Total minimum memory core needed (sum)         1 MByte
  
 ****************************************
 Memory allocated for RI-J     1 MByte
 ****************************************
                                            
 total memory allocated for calculation of  (Q|P)**(-1/2) :    1 MiB

  forming (P|Q)**(-1/2) 
 eigenvalues of original matrix 
 smallest =0.6688013901509E-03  largest = 3.666958504226    
  The symmetry information takes                      1  MB

 DSCF restart information will be dumped onto file mos


 Starting SCF iterations

 
 BLOCKING OF MOS FOR RI-K
 
 
 occupied MOs partitioned into blocks of maximum length 1
 this requires 1 MiB core memory.
 
            MULTIPLE PASS Statistics 
 ----------------------------------------------------
  pass       irrep     lambda      batch : MO  to  MO
 ----------------------------------------------------
   1       1  ->  1    1  ->  1             1  ->   1



 ITERATION  ENERGY          1e-ENERGY        2e-ENERGY     RMS[dD(SAO)]   TOL
   1  -1.0917035887013    -2.3663929710    0.56591611260    0.000D+00 0.278D-09
                           RI-K =-0.565916112597     Coul =  1.13183222519    
                          Ediel =-0.346796730125E-03
                            current damping = 0.300
 
          max. resid. norm for Fia-block=  1.767D-01 for orbital      1a         
          max. resid. fock norm         =  1.385D+00 for orbital     11a         

 ITERATION  ENERGY          1e-ENERGY        2e-ENERGY     RMS[dD(SAO)]   TOL
   2  -1.1244107931239    -2.4432474375    0.61006337470    0.838D-02 0.183D-09
                           RI-K =-0.610063374703     Coul =  1.22012674941    
                          Ediel =-0.358592958367E-03
                            current damping = 0.250
 
          Norm of current diis error: 0.30348    
          max. resid. norm for Fia-block=  7.517D-02 for orbital      1a         
          max. resid. fock norm         =  7.517D-02 for orbital      1a         

 ITERATION  ENERGY          1e-ENERGY        2e-ENERGY     RMS[dD(SAO)]   TOL
   3  -1.1319562031182    -2.4815646183    0.64083514545    0.599D-02 0.133D-09
                           RI-K =-0.640835145452     Coul =  1.28167029090    
                          Ediel =-0.384357674149E-03
                            current damping = 0.100
 
          Norm of current diis error: 0.84715E-01
          max. resid. norm for Fia-block=  2.189D-02 for orbital      1a         
          max. resid. fock norm         =  2.189D-02 for orbital      1a         

 ITERATION  ENERGY          1e-ENERGY        2e-ENERGY     RMS[dD(SAO)]   TOL
   4  -1.1328374440404    -2.4949312167    0.65332050295    0.327D-02 0.114D-09
                           RI-K =-0.653320502953     Coul =  1.30664100591    
                          Ediel =-0.399569862253E-03
                            current damping = 0.100
 
          Norm of current diis error: 0.12156E-01
          max. resid. norm for Fia-block=  4.033D-03 for orbital      1a         
          max. resid. fock norm         =  4.226D-03 for orbital      3a         

 ITERATION  ENERGY          1e-ENERGY        2e-ENERGY     RMS[dD(SAO)]   TOL
   5  -1.1328727827285    -2.4971729999    0.65552694744    0.825D-03 0.107D-09
                           RI-K =-0.655526947437     Coul =  1.31105389487    
                          Ediel =-0.401265922213E-03
                            current damping = 0.100
 
          Norm of current diis error: 0.21288E-02
          max. resid. norm for Fia-block=  9.800D-04 for orbital      1a         
          max. resid. fock norm         =  9.800D-04 for orbital      1a         
          mo-orthogonalization: Cholesky decomposition

 ITERATION  ENERGY          1e-ENERGY        2e-ENERGY     RMS[dD(SAO)]   TOL
   6  -1.1328745261202    -2.4976072684    0.65595947260    0.205D-03 0.103D-09
                           RI-K =-0.655959472604     Coul =  1.31191894521    
                          Ediel =-0.401268793515E-03
                            current damping = 0.100
 
          Norm of current diis error: 0.38755E-03
          max. resid. norm for Fia-block=  2.089D-04 for orbital      1a         
          max. resid. fock norm         =  2.089D-04 for orbital      1a         

 ITERATION  ENERGY          1e-ENERGY        2e-ENERGY     RMS[dD(SAO)]   TOL
   7  -1.1328745920242    -2.4976876747    0.65603981297    0.427D-04 0.997D-10
                           RI-K =-0.656039812968     Coul =  1.31207962594    
                          Ediel =-0.401217752889E-03
                            current damping = 0.100
 
          Norm of current diis error: 0.57379E-04
          max. resid. norm for Fia-block=  3.211D-05 for orbital      1a         
          max. resid. fock norm         =  3.211D-05 for orbital      1a         

 ITERATION  ENERGY          1e-ENERGY        2e-ENERGY     RMS[dD(SAO)]   TOL
   8  -1.1328745934369    -2.4976991849    0.65605132172    0.643D-05 0.973D-10
                           RI-K =-0.656051321723     Coul =  1.31210264345    
                          Ediel =-0.401204185843E-03
                            current damping = 0.100
 
          Norm of current diis error: 0.71921E-05
          max. resid. norm for Fia-block=  3.913D-06 for orbital      1a         
          max. resid. fock norm         =  3.913D-06 for orbital      1a         

 ENERGY & DENSITY CONVERGED !


 ITERATION  ENERGY          1e-ENERGY        2e-ENERGY     RMS[dD(SAO)]   TOL
   9  -1.1328745934567    -2.4977005243    0.65605266116    0.765D-06 0.944D-10
                           RI-K =-0.656052661158     Coul =  1.31210532232    
                          Ediel =-0.401201767934E-03
                            current damping = 0.100
 
          Norm of current diis error: 0.84252E-06
          max. resid. norm for Fia-block=  4.214D-07 for orbital      1a         
          max. resid. fock norm         =  4.214D-07 for orbital      1a         

 End of SCF iterations

   convergence criteria satisfied after     9 iterations


                  ------------------------------------------ 
                 |  total energy      =     -1.13287459346  |
                  ------------------------------------------ 
                 :  kinetic energy    =      1.11690113967  :
                 :  potential energy  =     -2.24977573313  :
                 :  virial theorem    =      1.98590006884  :
                 :  wavefunction norm =      1.00000000000  :
                  .......................................... 


 <geterg> : there is no data group $energy 


 <skperg> : $end is missing 


 orbitals $scfmo  will be written to file mos

    irrep                  1a          2a          3a          4a          5a   
 eigenvalues H         -0.58794     0.17436     0.31371     0.65245     1.42535
            eV         -15.9988      4.7445      8.5366     17.7543     38.7860
 occupation              2.0000

    irrep                  6a          7a          8a          9a         10a   
 eigenvalues H          1.42535     1.89473     2.22210     2.22210     2.28816
            eV          38.7860     51.5585     60.4668     60.4669     62.2646
 
 ==============================================================================
                                  COSMO RESULTS
 ==============================================================================
  PARAMETER:
    nppa:      1082
    nspa:        92
    nsph:        32
    nps:         65
    npspher:     44
    disex:   10.0000    
    disex2:  2414.04    
    rsolv [A]: 1.3000
    routf:     0.8500
    phsran:    0.0    
    ampran:   0.10E-04
    cavity:  closed
    solvent: user input
    source:  user input
    epsilon:    80.100 ( 25.0 C)
    refind:      1.300 ( 25.0 C)
    fepsi:       0.9813896
  CAVITY VOLUME/AREA [a.u.]:
    surface: V1.0, A matrix: V1.0
    area:    97.55
    volume:    88.14
  SCREENING CHARGE:
    cosmo      :  -0.019690
    correction :   0.019297
    total      :  -0.000392
  ENERGIES [a.u.]:
    Total energy            =        -1.1328745934567
    Total energy + OC corr. =        -1.1328721285
    Dielectric energy       =        -0.0004012018
    Diel. energy + OC corr. =        -0.0003987368
  ELEMENT RADIUS [A]: ATOM LIST
    h  1.30: 1,2
 ==============================================================================
 
 
 
 ==============================================================================
                           electrostatic moments
 ==============================================================================

 reference point for electrostatic moments:    0.00000   0.00000   0.00000

 
              nuc           elec       ->  total
 ------------------------------------------------------------------------------
                          charge      
 ------------------------------------------------------------------------------
           2.000000      -2.000000       0.000000
 
 ------------------------------------------------------------------------------
                       dipole moment  
 ------------------------------------------------------------------------------
   x       0.000000      -0.000006      -0.000006
   y       0.000000       0.000004       0.000004
   z       3.779452      -3.779455      -0.000003
 
   | dipole moment | =     0.0000 a.u. =     0.0000 debye 
 
 ------------------------------------------------------------------------------
                     quadrupole moment
 ------------------------------------------------------------------------------
  xx       0.000000      -1.551886      -1.551886
  yy       0.000000      -1.551886      -1.551886
  zz       8.137433      -9.251270      -1.113837
  xy       0.000000       0.000000       0.000000
  xz       0.000000      -0.000014      -0.000014
  yz       0.000000       0.000007       0.000007
 
     1/3  trace=      -1.405870
     anisotropy=       0.438049
 
 ==============================================================================
 
HOMO-LUMO Separation
 HOMO         :   -0.58794119 H =    -15.99870 eV
 LUMO         :    0.17435734 H =     +4.74451 eV
 HOMO-LUMO gap:    0.76229853 H =    +20.74321 eV
 
 ==============================================================================


    ------------------------------------------------------------------------
         total  cpu-time :   2.23 seconds
         total wall-time :   0.21 seconds
    ------------------------------------------------------------------------

   ****  ridft : all done  ****


    2025-11-15 18:18:55.939 

 ridft ended normally
