
   OpenMP run-time library returned nthreads = 16

 ricc2 (u-0-6.local) : TURBOMOLE rev. V7-9 compiled 8 Oct 2024 at 13:22:58
 Copyright (C) 2024 TURBOMOLE GmbH, Karlsruhe


    2025-11-25 11:47:56.064 



                              R I C C 2 - PROGRAM

                          the quantum chemistry groups
                             at the universities in
                               Karlsruhe & Bochum
                                   Germany



   *-----------------------------------------------------------------------*
   |                     program will use 16 thread(s)                     |
   *-----------------------------------------------------------------------*


              +--------------------------------------------------+
              | Atomic coordinate, charge and isotop information |
              +--------------------------------------------------+

                    atomic coordinates            atom    charge  isotop
          0.00000000   -0.50460034    0.25600120    o      8.000     0
          0.00000000   -1.49954492    2.91542411    s     16.000     0
          2.53914185    0.04044581    4.52122267    c      6.000     0
         -2.53914185    0.04044581    4.52122267    c      6.000     0
          2.47999720   -0.49102077    6.51267653    h      1.000     0
          4.29055892   -0.62808260    3.66762771    h      1.000     0
          2.34463612    2.08073019    4.29187794    h      1.000     0
         -2.47999720   -0.49102077    6.51267653    h      1.000     0
         -2.34463612    2.08073019    4.29187794    h      1.000     0
         -4.29055892   -0.62808260    3.66762771    h      1.000     0
 
       center of nuclear mass  :    0.00000000   -0.68145564    3.01229539
       center of nuclear charge:    0.00000000   -0.61002186    3.14032933

              +--------------------------------------------------+
              |               basis set information              |
              +--------------------------------------------------+

              we will work with the 1s 3p 5d 7f 9g ... basis set
              ...i.e. with spherical basis functions...

   type   atoms  prim   cont   basis
   ---------------------------------------------------------------------------
    o        1     46     31   def2-TZVP   [5s3p2d1f|11s6p2d1f]
    s        1     63     37   def2-TZVP   [5s5p2d1f|14s9p3d1f]
    c        2     46     31   def2-TZVP   [5s3p2d1f|11s6p2d1f]
    h        6      8      6   def2-TZVP   [3s1p|5s1p]
   ---------------------------------------------------------------------------
   total:   10    249    166
   ---------------------------------------------------------------------------

   total number of primitive shells          :   73
   total number of contracted shells         :   70
   total number of cartesian basis functions :  186
   total number of SCF-basis functions       :  166


 symmetry group of the molecule :   c1 

 the group has the following generators :
   c1(z)

    1 symmetry operations found

 there are 1 real representations :   a   


   =========================================================================


     restricted closed shell calculation for the wavefunction models:
               MP2        - Second Order Moeller Plesset PT


     global parameters for ricc2 program:

        hard restart (reuse of interm.) :  disabled
        soft restart (reuse of vectors) :  enabled 
        threshold for vector function   :     1.000E-06
        convergence threshold energy    :     1.000E-07
        linear dependence threshold     :     1.000E-14
        global print level              :      1
        maximum number of iterations    :   100
        maximum number DIIS vectors     :    10
        max. dim. of reduced space      :   100
        core memory limit (MB)          :  8000
                ... per thread (MB)     :   500


     MP2 energy only: Energy will be calculated directly from T2 amplitudes!
 

     Scratch Directory : /state/partition2/vallet/1092454.phlam-s-sakura/


   =========================================================================

    der. integral neglect threshold  :  0.10E-07
    integral neglect threshold       :  0.18E-10
    integral storage threshold THIZE :  0.10E-04
    integral storage threshold THIME :         5


                  +---------------------------------------------+
                  | RI-SCF/CPHF auxiliary basis set information |
                  +---------------------------------------------+

              we will work with the 1s 3p 5d 7f 9g ... basis set
              ...i.e. with spherical basis functions...

   type   atoms  prim   cont   basis
   ---------------------------------------------------------------------------
    o        1     97     77   def2-TZVP   [10s8p4d2f1g|14s10p6d2f1g]
    s        1    139    128   def2-TZVP   [13s11p9d4f1g|16s12p10d4f1g]
    c        2     97     75   def2-TZVP   [10s8p5d1f1g|14s10p6d2f1g]
    h        6     20     18   def2-TZVP   [2s2p2d|4s2p2d]
   ---------------------------------------------------------------------------
   total:   10    550    463
   ---------------------------------------------------------------------------

   total number of primitive shells          :  117
   total number of contracted shells         :  149
   total number of cartesian basis functions :  546
   total number of SCF-basis functions       :  463


                  +------------------------------------------+
                  |     Auxiliary basis set information      |
                  +------------------------------------------+

              we will work with the 1s 3p 5d 7f 9g ... basis set
              ...i.e. with spherical basis functions...

   type   atoms  prim   cont   basis
   ---------------------------------------------------------------------------
    o        1     81     76   def2-TZVP   [8s6p4d3f1g|8s6p5d3f1g]
    s        1    119    113   def2-TZVP   [9s7p6d5f2g|10s7p7d5f2g]
    c        2     81     76   def2-TZVP   [8s6p4d3f1g|8s6p5d3f1g]
    h        6     23     15   def2-TZVP   [4s2p1d|4s3p2d]
   ---------------------------------------------------------------------------
   total:   10    500    431
   ---------------------------------------------------------------------------

   total number of primitive shells          :   86
   total number of contracted shells         :  137
   total number of cartesian basis functions :  527
   total number of SCF-basis functions       :  431


 maximum number of shells which are related by symmetry :  1


 The symmetry information takes   1 MB

*---------------------------------------------------------------------*
|               simplified C1 algorithm will be applied               |
*---------------------------------------------------------------------*
  MOs are in ASCII format !


 reading orbital data $scfmo  from file mos
 orbital characterization : scfconv=7



              +--------------------------------------------+
              | list of orbitals that will be kept frozen: |
              +--------------------------------------------+
              |   irrep   index      energy     occ/vir    |
              +--------------------------------------------+
              |   a         1      -92.0571     occupied   |
              |   a         2      -20.4967     occupied   |
              |   a         3      -11.2613     occupied   |
              |   a         4      -11.2613     occupied   |
              |   a         5       -9.0479     occupied   |
              |   a         6       -6.7301     occupied   |
              |   a         7       -6.7300     occupied   |
              |   a         8       -6.7287     occupied   |
              +--------------------------------------------+



   Molecular Orbital Statistic:
   ============================

   -----------------------------
   orbitals in total:
   -----------------------------
    frozen occupied :      8
    active occupied :     13
    active virtual  :    145
    frozen virtual  :      0
    all together    :    166
   -----------------------------


     time in riccmos       cpu:  0.07 sec    wall:  0.03 sec    ratio:  3.0

     total memory allocated for calculation of (Q|P)**(-1/2) : 3 MiB


     calculation of (P|Q) ...
     time in lp2sym        cpu:  0.15 sec    wall:  0.01 sec    ratio: 16.0


     calculation of the Cholesky decomposition of (P|Q)**(-1) ...
     time in invmetri      cpu:  0.82 sec    wall:  0.05 sec    ratio: 15.3

   threshold for RMS(d[D]) in SCF was     :  0.10E-06
   integral neglect threshold             :  0.18E-10
   derivative integral neglect threshold  :  0.10E-07


   =========================================================================

     Energy of reference wave function is    -551.6548287984000
     Maximum orbital residual is           0.1077531901156E-04


     Number of symmetry-nonredundant auxiliary basis functions:      431

     Block lengths for integral files:
        frozen occupied (BOI):        1 MiB
        active occupied (BJI):        1 MiB
        active virtual  (BAI):        1 MiB
        frozen virtual  (BGI):        0 MiB
               general  (BTI):        1 MiB

   =========================================================================




   **************************************************************************
   *                                                                        *
   *          OPTIMIZATION OF THE GROUND STATE CLUSTER AMPLITUDES           *
   *                                                                        *
   **************************************************************************


   Iter.   MP2 energy       Norm(Omega)   Norm(t1)  Norm(t2)     cpu    wall
   ...........................................................................
    1   -552.4148715625     ------          0.00000   0.29331    0.01    0.00
   ...........................................................................


     time in total         cpu:  1.37 sec    wall:  0.09 sec    ratio: 15.5


     **********************************************************************
     *                                                                    *
     *   RHF  energy                             :   -551.6548287984      *
     *   MP2 correlation energy (doubles)        :     -0.7600427641      *
     *                                                                    *
     *   Final MP2 energy                        :   -552.4148715625      *
     *                                                                    *
     *    E(S)   =     -0.4855335525      E(T)   =     -0.2745092116      *
     *    E(OS)  =     -0.5770366231      E(SS)  =     -0.1830061411      *
     *                                                                    *
     *   SCS-MP2 energy                          :   -552.4082747931      *
     *   (computed with  C(OS) =   1.2000  and  C(SS) =   0.3333)         *
     *                                                                    *
     *   SOS-MP2 energy                          :   -552.4049764084      *
     *   (computed with  C(OS) =   1.3000)                                *
     *                                                                    *
     *   Norm of MP1 T2 amplitudes               :      0.2933082959      *
     *                                                                    *
     **********************************************************************



    ------------------------------------------------------------------------
         total  cpu-time :   7.16 seconds
         total wall-time :   0.66 seconds
    ------------------------------------------------------------------------

   ****  ricc2 : all done  ****


    2025-11-25 11:47:56.667 

 ricc2 ended normally
