
  ========================================================================
                license information 
 Customer : 200000000019588
 ID       : LKO3533017

 License file is VALID, continuing with full version
  ========================================================================

   OpenMP run-time library returned nthreads = 16

 ridft (u-0-6.local) : TURBOMOLE rev. V7-9 compiled 8 Oct 2024 at 18:07:07
 Copyright (C) 2024 TURBOMOLE GmbH, Karlsruhe


    2025-11-25 11:47:51.238 



                                  r i d f t

                        DFT program with RI approximation 
                                for coulomb part 





                                 References:     
                                                 
          TURBOMOLE:                             
              R. Ahlrichs, M. Baer, M. Haeser, H. Horn, and
              C. Koelmel
              Electronic structure calculations on workstation
              computers: the program system TURBOMOLE
              Chem. Phys. Lett. 162: 165 (1989)
          Density Functional:                              
              O. Treutler and R. Ahlrichs                      
              Efficient Molecular Numerical Integration Schemes
              J. Chem. Phys. 102: 346 (1995)                   
          Parallel Version:                                
              Performance of parallel TURBOMOLE for Density    
              Functional Calculations                          
              M. v. Arnim and R. Ahlrichs                      
              J. Comp. Chem. 19: 1746 (1998)                   
          RI-J Method:                                     
              Auxiliary Basis Sets to approximate Coulomb      
              Potentials                                       
              Chem. Phys. Lett. 240: 283 (1995)                
              K. Eichkorn, O. Treutler, H. Oehm, M. Haeser     
              and R. Ahlrichs                                  
              Chem. Phys. Lett. 242: 652 (1995)                
                                                           
              Auxiliary Basis Sets for Main Row Atoms and their
              Use to approximate Coulomb Potentials            
              K. Eichkorn, F. Weigend, O. Treutler and         
              R. Ahlrichs                                      
              Theo. Chem. Acc. 97: 119 (1997)                  
                                                           
              Accurate Coulomb-fitting basis sets for H to Rn 
              F. Weigend                                       
              Phys. Chem. Chem. Phys. 8: 1057 (2006)           
                                                           
          Multipole accelerated RI-J (MARI-J):             
              Fast evaluation of the Coulomb potential for     
              electron densities using multipole accelerated   
              resolution of identity approximation             
              M. Sierka, A. Hogekamp and R. Ahlrichs           
              J. Chem. Phys. 118: 9136 (2003)                  
          RI-JK Method:                                     
              A fully direct RI-HF algorithm: Implementation,
              optimised auxiliary basis sets, demonstration of
              accuracy and efficiency                         
              F. Weigend                                      
              Phys. Chem. Chem. Phys. 4: 4285 (2002)           
          Two-component HF and DFT with spin-orbit coupling:  
              Self-consistent treatment of spin-orbit         
              interactions with efficient Hartree-Fock and    
              density functional methods                      
              M. K. Armbruster, F. Weigend, C. van Wüllen and 
              W. Klopper                                      
              Phys. Chem. Chem. Phys. 10: 1748 (2008)         
          Two-component difference density and DIIS algorithm 
              Efficient two-component self-consistent field   
              procedures and gradients: implementation in     
              TURBOMOLE and application to Au20-              
              A. Baldes, F. Weigend                           
              Mol. Phys. 111: 2617 (2013)                     
          Relativistic current density functional theory      
              Current density functional framework for        
              spin-orbit coupling                             
              C. Holzer, Y. J. Franzke, A. Pausch             
              J. Chem. Phys. 157: 204102 (2022)               
          Relativistic all-electron 2c calculations           
              An efficient implementation of two-component    
              relativistic exact-decoupling methods for large 
              molecules                                       
              D. Peng, N. Middendorf, F. Weigend, M. Reiher   
              J. Chem. Phys. 138: 184105 (2013)               
          Finite nucleus model and SNSO approximation         
              Efficient implementation of one- and two-       
              component analytical energy gradients in exact  
              two-component theory                            
              Y. J. Franzke, N. Middendorf, F. Weigend        
              J. Chem. Phys. 148: 104110 (2018)               
          Grids for all-electron relativistic methods         
              Error-consistent segmented contracted all-      
              electron relativistic basis sets of double-     
              and triple-zeta quality for NMR shielding       
              constants                                       
              Y. J. Franzke, R. Tress, T. M. Pazdera,         
              F. Weigend                                      
              Phys. Chem. Chem. Phys. 21: 166658 (2019)       
          Seminumerical exchange algorithms                   
              Seminumerical calculation of the Hartree-Fock   
              exchange matirx: Application to two-component   
              procedures and efficient evaluation of local    
              hybrid functionsl                               
              P. Plessow, F. Weigend,                         
              J. Comput. Chem. 33: 810 (2012)                 
          Improved seminumerical algorithms                   
              C. Holzer,                                      
              J. Chem. Phys. 153 (2020), 184115               






          OpenMP Shared-Memory Parallelization: 16 CPUs.

            By: Christof Holzer and Yannick J. Franzke


              +--------------------------------------------------+
              |      general information about current run       |
              +--------------------------------------------------+

 

 DENSITY CONVERGENCE CHECK SWITCHED ON !
 SCF CONVERGENCE IF RMS(delta[D]) <     0.1000000000E-06

 A HF calculation using the RI-JK approximation will be carried out.
 Allocatable memory for RI due to $ricore (MB):                   500


              +--------------------------------------------------+
              | Atomic coordinate, charge and isotop information |
              +--------------------------------------------------+

                    atomic coordinates            atom    charge  isotop
          0.00000000   -0.50460034    0.25600120    o      8.000     0
          0.00000000   -1.49954492    2.91542411    s     16.000     0
          2.53914185    0.04044581    4.52122267    c      6.000     0
         -2.53914185    0.04044581    4.52122267    c      6.000     0
          2.47999720   -0.49102077    6.51267653    h      1.000     0
          4.29055892   -0.62808260    3.66762771    h      1.000     0
          2.34463612    2.08073019    4.29187794    h      1.000     0
         -2.47999720   -0.49102077    6.51267653    h      1.000     0
         -2.34463612    2.08073019    4.29187794    h      1.000     0
         -4.29055892   -0.62808260    3.66762771    h      1.000     0
 
       center of nuclear mass  :    0.00000000   -0.68145564    3.01229539
       center of nuclear charge:    0.00000000   -0.61002186    3.14032933

              +--------------------------------------------------+
              |               basis set information              |
              +--------------------------------------------------+

              we will work with the 1s 3p 5d 7f 9g ... basis set
              ...i.e. with spherical basis functions...

   type   atoms  prim   cont   basis
   ---------------------------------------------------------------------------
    o        1     46     31   def2-TZVP   [5s3p2d1f|11s6p2d1f]
    s        1     63     37   def2-TZVP   [5s5p2d1f|14s9p3d1f]
    c        2     46     31   def2-TZVP   [5s3p2d1f|11s6p2d1f]
    h        6      8      6   def2-TZVP   [3s1p|5s1p]
   ---------------------------------------------------------------------------
   total:   10    249    166
   ---------------------------------------------------------------------------

   total number of primitive shells          :   73
   total number of contracted shells         :   70
   total number of cartesian basis functions :  186
   total number of SCF-basis functions       :  166


 integral neglect threshold       :  0.18E-10
 integral storage threshold THIZE :  0.10E-04
 integral storage threshold THIME :         5

 RI-JK AUXILIARY BASIS SET information:

              we will work with the 1s 3p 5d 7f 9g ... basis set
              ...i.e. with spherical basis functions...

   type   atoms  prim   cont   basis
   ---------------------------------------------------------------------------
    o        1     97     77   def2-TZVP   [10s8p4d2f1g|14s10p6d2f1g]
    s        1    139    128   def2-TZVP   [13s11p9d4f1g|16s12p10d4f1g]
    c        2     97     75   def2-TZVP   [10s8p5d1f1g|14s10p6d2f1g]
    h        6     20     18   def2-TZVP   [2s2p2d|4s2p2d]
   ---------------------------------------------------------------------------
   total:   10    550    463
   ---------------------------------------------------------------------------

   total number of primitive shells          :  117
   total number of contracted shells         :  149
   total number of cartesian basis functions :  546
   total number of SCF-basis functions       :  463


 symmetry group of the molecule :   c1 

 the group has the following generators :
   c1(z)

    1 symmetry operations found

 there are 1 real representations :   a   

 maximum number of shells which are related by symmetry :  1


 biggest AO integral is expected to be     9.804440325

          ------------------------
          nuclear repulsion energy  :   184.883206469    
          ------------------------


         -----------------
         -S,T+V- integrals
         -----------------

 1e-integrals will be neglected if expon. factor < 0.179675E-11
 
 Difference densities algorithm switched on.
 The maximal number of linear combinations of
 difference densities is  20.

 DIIS switched on: error vector is FDS-SDF
 Max. Iterations for DIIS is     :   5
 DIIS matrix (see manual) 
    Scaling factor of diagonals  :  1.200
    threshold for scaling factor :  0.000

 scf convergence criterion : increment of total energy < .1000000D-06
                  and increment of one-electron energy < .1000000D-03

 MOs are in ASCII format !


    mo occupation :
   irrep   mo's   occupied
    a      166       21
 
 number of basis functions   :   166
 number of occupied orbitals :    21
 

 reading orbital data $scfmo  from file mos
 orbital characterization : scfconv=7
 mo-orthogonalization by Cholesky decomposition

 automatic virtual orbital shift switched on 
      shift if e(lumo)-e(homo) < 0.10000000    

  
           ------------------------
               RI-JK - INFORMATION
           ------------------------
 Contributions to RI integral batches: 
  neglected integral batches:                   101
  direct contribution:                          410
  memory contribution:                  1974
 Memory core needed for (P|Q) and Cholesky      2 MByte
 Memory core minimum needed except of (P|Q)     1 MByte
 Total minimum memory core needed (sum)         2 MByte
  
 ****************************************
 Memory allocated for RI-J    50 MByte
 ****************************************
                                            
 total memory allocated for calculation of  (Q|P)**(-1/2) :    3 MiB

  forming (P|Q)**(-1/2) 
 eigenvalues of original matrix 
 smallest =0.1819645867873E-06  largest = 23.20330294280    
  The symmetry information takes                      1  MB

 DSCF restart information will be dumped onto file mos


 Starting SCF iterations

 
 BLOCKING OF MOS FOR RI-K
 
 
 occupied MOs partitioned into blocks of maximum length 21
 this requires 15 MiB core memory.
 
            MULTIPLE PASS Statistics 
 ----------------------------------------------------
  pass       irrep     lambda      batch : MO  to  MO
 ----------------------------------------------------
   1       1  ->  1    1  -> 21             1  ->  21



 ITERATION  ENERGY          1e-ENERGY        2e-ENERGY     RMS[dD(SAO)]   TOL
   1  -551.64977911917    -1126.4816221     389.94863647    0.000D+00 0.179D-10
                           RI-K = -45.8758254436     Coul =  435.824461916    
                            current damping = 0.300
 
          max. resid. norm for Fia-block=  2.180D-02 for orbital     20a         
          max. resid. fock norm         =  4.637D-02 for orbital     48a         

 ITERATION  ENERGY          1e-ENERGY        2e-ENERGY     RMS[dD(SAO)]   TOL
   2  -551.65400655644    -1126.3304661     389.79325306    0.943D-03 0.114D-10
                           RI-K = -45.8573142553     Coul =  435.650567319    
                            current damping = 0.250
 
          Norm of current diis error: 0.67575E-01
          max. resid. norm for Fia-block=  8.254D-03 for orbital     20a         
          max. resid. fock norm         =  1.288D-02 for orbital    121a         

 ITERATION  ENERGY          1e-ENERGY        2e-ENERGY     RMS[dD(SAO)]   TOL
   3  -551.65464569613    -1126.3249843     389.78713216    0.337D-03 0.910D-11
                           RI-K = -45.8659728016     Coul =  435.653104966    
                            current damping = 0.100
 
          Norm of current diis error: 0.31229E-01
          max. resid. norm for Fia-block=  3.738D-03 for orbital     20a         
          max. resid. fock norm         =  3.804D-03 for orbital     20a         

 ITERATION  ENERGY          1e-ENERGY        2e-ENERGY     RMS[dD(SAO)]   TOL
   4  -551.65480171011    -1126.3049869     389.76697869    0.191D-03 0.799D-11
                           RI-K = -45.8624412103     Coul =  435.629419898    
                            current damping = 0.100
 
          Norm of current diis error: 0.11051E-01
          max. resid. norm for Fia-block=  1.455D-03 for orbital     17a         
          max. resid. fock norm         =  2.098D-03 for orbital     17a         

 ITERATION  ENERGY          1e-ENERGY        2e-ENERGY     RMS[dD(SAO)]   TOL
   5  -551.65482566440    -1126.3000514     389.76201930    0.728D-04 0.729D-11
                           RI-K = -45.8635291157     Coul =  435.625548418    
                            current damping = 0.100
 
          Norm of current diis error: 0.37032E-02
          max. resid. norm for Fia-block=  5.369D-04 for orbital     17a         
          max. resid. fock norm         =  5.693D-04 for orbital     17a         
          mo-orthogonalization: Cholesky decomposition

 ITERATION  ENERGY          1e-ENERGY        2e-ENERGY     RMS[dD(SAO)]   TOL
   6  -551.65482841144    -1126.2991535     389.76111867    0.253D-04 0.685D-11
                           RI-K = -45.8633646347     Coul =  435.624483300    
                            current damping = 0.100
 
          Norm of current diis error: 0.12105E-02
          max. resid. norm for Fia-block=  2.342D-04 for orbital     21a         
          max. resid. fock norm         =  2.462D-04 for orbital     21a         

 ITERATION  ENERGY          1e-ENERGY        2e-ENERGY     RMS[dD(SAO)]   TOL
   7  -551.65482873903    -1126.2985059     389.76047071    0.825D-05 0.655D-11
                           RI-K = -45.8634190579     Coul =  435.623889769    
                            current damping = 0.100
 
          Norm of current diis error: 0.46454E-03
          max. resid. norm for Fia-block=  1.078D-04 for orbital     21a         
          max. resid. fock norm         =  1.100D-04 for orbital     21a         

 ITERATION  ENERGY          1e-ENERGY        2e-ENERGY     RMS[dD(SAO)]   TOL
   8  -551.65482878927    -1126.2986446     389.76060938    0.317D-05 0.628D-11
                           RI-K = -45.8634224003     Coul =  435.624031776    
                            current damping = 0.150
 
          Norm of current diis error: 0.17571E-03
          max. resid. norm for Fia-block=  4.696D-05 for orbital     21a         
          max. resid. fock norm         =  4.827D-05 for orbital     21a         

 ITERATION  ENERGY          1e-ENERGY        2e-ENERGY     RMS[dD(SAO)]   TOL
   9  -551.65482879695    -1126.2986082     389.76057298    0.117D-05 0.606D-11
                           RI-K = -45.8634270063     Coul =  435.623999989    
                            current damping = 0.200
 
          Norm of current diis error: 0.73423E-04
          max. resid. norm for Fia-block=  2.255D-05 for orbital     21a         
          max. resid. fock norm         =  2.294D-05 for orbital     21a         

 ENERGY & DENSITY CONVERGED !


 ITERATION  ENERGY          1e-ENERGY        2e-ENERGY     RMS[dD(SAO)]   TOL
  10  -551.65482879841    -1126.2986263     389.76059102    0.543D-06 0.583D-11
                           RI-K = -45.8634279421     Coul =  435.624018964    
                            current damping = 0.250
 
          Norm of current diis error: 0.31813E-04
          max. resid. norm for Fia-block=  1.051D-05 for orbital     21a         
          max. resid. fock norm         =  1.078D-05 for orbital     21a         

 End of SCF iterations

   convergence criteria satisfied after    10 iterations


                  ------------------------------------------ 
                 |  total energy      =   -551.65482879841  |
                  ------------------------------------------ 
                 :  kinetic energy    =    551.43848848540  :
                 :  potential energy  =  -1103.09331728381  :
                 :  virial theorem    =      1.99960783392  :
                 :  wavefunction norm =      1.00000000000  :
                  .......................................... 


 orbitals $scfmo  will be written to file mos

    irrep                 17a         18a         19a         20a         21a   
 eigenvalues H         -0.55940    -0.54685    -0.50970    -0.41876    -0.36606
            eV         -15.2222    -14.8805    -13.8698    -11.3952     -9.9610
 occupation              2.0000      2.0000      2.0000      2.0000      2.0000

    irrep                 22a         23a         24a         25a         26a   
 eigenvalues H          0.13026     0.15302     0.17764     0.19141     0.19465
            eV           3.5446      4.1638      4.8340      5.2087      5.2968
 
 
 
 
 ==============================================================================
                           electrostatic moments
 ==============================================================================

 reference point for electrostatic moments:    0.00000   0.00000   0.00000

 
              nuc           elec       ->  total
 ------------------------------------------------------------------------------
                          charge      
 ------------------------------------------------------------------------------
          42.000000     -42.000000      -0.000000
 
 ------------------------------------------------------------------------------
                       dipole moment  
 ------------------------------------------------------------------------------
   x       0.000000       0.000000       0.000000
   y     -25.620918      25.758269       0.137351
   z     131.893832    -130.069195       1.824637
 
   | dipole moment | =     1.8298 a.u. =     4.6509 debye 
 
 ------------------------------------------------------------------------------
                     quadrupole moment
 ------------------------------------------------------------------------------
  xx     137.480097    -158.436666     -20.956569
  yy      47.964817     -72.369477     -24.404660
  zz     530.390239    -547.044112     -16.653872
  xy       0.000000      -0.000000      -0.000000
  xz       0.000000       0.000000       0.000000
  yz     -61.930388      61.917646      -0.012742
 
     1/3  trace=     -20.671701
     anisotropy=       6.726002
 
 ==============================================================================
 
HOMO-LUMO Separation
 HOMO         :   -0.36605589 H =     -9.96089 eV
 LUMO         :    0.13026027 H =     +3.54456 eV
 HOMO-LUMO gap:    0.49631616 H =    +13.50546 eV
 
 ==============================================================================


    ------------------------------------------------------------------------
         total  cpu-time :  1 minutes and 10 seconds
         total wall-time :   4.53 seconds
    ------------------------------------------------------------------------

   ****  ridft : all done  ****


    2025-11-25 11:47:55.657 

 ridft ended normally
