
  ========================================================================
                license information 
 Customer : 200000000019588
 ID       : LKO3533017

 License file is VALID, continuing with full version
  ========================================================================

   OpenMP run-time library returned nthreads =  4

 ridft (u-0-13.local) : TURBOMOLE rev. V7-9 compiled 8 Oct 2024 at 18:07:07
 Copyright (C) 2024 TURBOMOLE GmbH, Karlsruhe


    2025-11-22 10:30:07.274 



                                  r i d f t

                        DFT program with RI approximation 
                                for coulomb part 





                                 References:     
                                                 
          TURBOMOLE:                             
              R. Ahlrichs, M. Baer, M. Haeser, H. Horn, and
              C. Koelmel
              Electronic structure calculations on workstation
              computers: the program system TURBOMOLE
              Chem. Phys. Lett. 162: 165 (1989)
          Density Functional:                              
              O. Treutler and R. Ahlrichs                      
              Efficient Molecular Numerical Integration Schemes
              J. Chem. Phys. 102: 346 (1995)                   
          Parallel Version:                                
              Performance of parallel TURBOMOLE for Density    
              Functional Calculations                          
              M. v. Arnim and R. Ahlrichs                      
              J. Comp. Chem. 19: 1746 (1998)                   
          RI-J Method:                                     
              Auxiliary Basis Sets to approximate Coulomb      
              Potentials                                       
              Chem. Phys. Lett. 240: 283 (1995)                
              K. Eichkorn, O. Treutler, H. Oehm, M. Haeser     
              and R. Ahlrichs                                  
              Chem. Phys. Lett. 242: 652 (1995)                
                                                           
              Auxiliary Basis Sets for Main Row Atoms and their
              Use to approximate Coulomb Potentials            
              K. Eichkorn, F. Weigend, O. Treutler and         
              R. Ahlrichs                                      
              Theo. Chem. Acc. 97: 119 (1997)                  
                                                           
              Accurate Coulomb-fitting basis sets for H to Rn 
              F. Weigend                                       
              Phys. Chem. Chem. Phys. 8: 1057 (2006)           
                                                           
          Multipole accelerated RI-J (MARI-J):             
              Fast evaluation of the Coulomb potential for     
              electron densities using multipole accelerated   
              resolution of identity approximation             
              M. Sierka, A. Hogekamp and R. Ahlrichs           
              J. Chem. Phys. 118: 9136 (2003)                  
          RI-JK Method:                                     
              A fully direct RI-HF algorithm: Implementation,
              optimised auxiliary basis sets, demonstration of
              accuracy and efficiency                         
              F. Weigend                                      
              Phys. Chem. Chem. Phys. 4: 4285 (2002)           
          Two-component HF and DFT with spin-orbit coupling:  
              Self-consistent treatment of spin-orbit         
              interactions with efficient Hartree-Fock and    
              density functional methods                      
              M. K. Armbruster, F. Weigend, C. van Wüllen and 
              W. Klopper                                      
              Phys. Chem. Chem. Phys. 10: 1748 (2008)         
          Two-component difference density and DIIS algorithm 
              Efficient two-component self-consistent field   
              procedures and gradients: implementation in     
              TURBOMOLE and application to Au20-              
              A. Baldes, F. Weigend                           
              Mol. Phys. 111: 2617 (2013)                     
          Relativistic current density functional theory      
              Current density functional framework for        
              spin-orbit coupling                             
              C. Holzer, Y. J. Franzke, A. Pausch             
              J. Chem. Phys. 157: 204102 (2022)               
          Relativistic all-electron 2c calculations           
              An efficient implementation of two-component    
              relativistic exact-decoupling methods for large 
              molecules                                       
              D. Peng, N. Middendorf, F. Weigend, M. Reiher   
              J. Chem. Phys. 138: 184105 (2013)               
          Finite nucleus model and SNSO approximation         
              Efficient implementation of one- and two-       
              component analytical energy gradients in exact  
              two-component theory                            
              Y. J. Franzke, N. Middendorf, F. Weigend        
              J. Chem. Phys. 148: 104110 (2018)               
          Grids for all-electron relativistic methods         
              Error-consistent segmented contracted all-      
              electron relativistic basis sets of double-     
              and triple-zeta quality for NMR shielding       
              constants                                       
              Y. J. Franzke, R. Tress, T. M. Pazdera,         
              F. Weigend                                      
              Phys. Chem. Chem. Phys. 21: 166658 (2019)       
          Seminumerical exchange algorithms                   
              Seminumerical calculation of the Hartree-Fock   
              exchange matirx: Application to two-component   
              procedures and efficient evaluation of local    
              hybrid functionsl                               
              P. Plessow, F. Weigend,                         
              J. Comput. Chem. 33: 810 (2012)                 
          Improved seminumerical algorithms                   
              C. Holzer,                                      
              J. Chem. Phys. 153 (2020), 184115               






          OpenMP Shared-Memory Parallelization:  4 CPUs.

            By: Christof Holzer and Yannick J. Franzke


              +--------------------------------------------------+
              |      general information about current run       |
              +--------------------------------------------------+

 
 B-P86 functional
 exchange:    LDA + Becke (B88)
 correlation: LDA (VWN) + Perdew (P86)
 A DFT calculation using the RI-J approximation will be carried out.
 Allocatable memory for RI due to $ricore (MB):                   500


              +--------------------------------------------------+
              | Atomic coordinate, charge and isotop information |
              +--------------------------------------------------+

                    atomic coordinates            atom    charge  isotop
          2.72082012   -0.34668160   -0.99753540    o      8.000     0
          0.30855826    0.57936924   -0.37649580    cl    17.000     0
         -1.63009665   -0.23595309   -2.01554598    o      8.000     0
         -0.32308459    0.33799641    2.20321279    o      8.000     0
          0.66695994    3.53222883   -0.89043895    o      8.000     0
         -0.93512152    4.37064173   -0.51055109    h      1.000     0
 
       center of nuclear mass  :    0.32799055    0.77191353   -0.40878968
       center of nuclear charge:    0.31574319    0.81041287   -0.41026880

              +--------------------------------------------------+
              |               basis set information              |
              +--------------------------------------------------+

              we will work with the 1s 3p 5d 7f 9g ... basis set
              ...i.e. with spherical basis functions...

   type   atoms  prim   cont   basis
   ---------------------------------------------------------------------------
    o        4     34     19   def-TZVP   [5s3p1d|11s6p1d]
    cl       1     46     22   def-TZVP   [5s4p1d|14s9p1d]
    h        1      8      6   def-TZVP   [3s1p|5s1p]
   ---------------------------------------------------------------------------
   total:    6    190    104
   ---------------------------------------------------------------------------

   total number of primitive shells          :   48
   total number of contracted shells         :   50
   total number of cartesian basis functions :  109
   total number of SCF-basis functions       :  104


 integral neglect threshold       :  0.31E-10
 integral storage threshold THIZE :  0.10E-04
 integral storage threshold THIME :         5

 RI-J AUXILIARY BASIS SET information:

              we will work with the 1s 3p 5d 7f 9g ... basis set
              ...i.e. with spherical basis functions...

   type   atoms  prim   cont   basis
   ---------------------------------------------------------------------------
    o        4     40     38   def-TZVP   [7s3p3d1f|9s3p3d1f]
    cl       1     71     40   def-TZVP   [5s3p2d1f1g|12s6p5d1f1g]
    h        1     10      9   def-TZVP   [3s2p|4s2p]
   ---------------------------------------------------------------------------
   total:    6    241    201
   ---------------------------------------------------------------------------

   total number of primitive shells          :   47
   total number of contracted shells         :   73
   total number of cartesian basis functions :  236
   total number of SCF-basis functions       :  201


 symmetry group of the molecule :   c1 

 the group has the following generators :
   c1(z)

    1 symmetry operations found

 there are 1 real representations :   a   

 maximum number of shells which are related by symmetry :  1

  
           ------------------
           density functional
           ------------------
 B-P86 functional
 exchange:    LDA + Becke (B88)
 correlation: LDA (VWN) + Perdew (P86)
 iterations will be done with small grid
  
 spherical integration : Lebedev's spherical grid
 spherical gridsize    :                     4
    i.e. gridpoints    :                   434
  maximum batchsize    :                   100
 value for diffuse not defined
 radial integration    : Chebyshev 2nd kind (scaling 3)
 radial gridsize       :                     6
 integration cells     :                     6
 partition function    : becke
 partition sharpness   :                     3
  

 biggest AO integral is expected to be    10.437462037

          ------------------------
          nuclear repulsion energy  :   297.107748956    
          ------------------------


         -----------------
         -S,T+V- integrals
         -----------------

 1e-integrals will be neglected if expon. factor < 0.306602E-11
 
 Difference densities algorithm switched on.
 The maximal number of linear combinations of
 difference densities is  20.

 DIIS switched on: error vector is FDS-SDF
 Max. Iterations for DIIS is     :   4
 DIIS matrix (see manual) 
    Scaling factor of diagonals  :  1.200
    threshold for scaling factor :  0.000

 scf convergence criterion : increment of total energy < .1000000D-06
                  and increment of one-electron energy < .1000000D-03

 MOs are in ASCII format !


    mo occupation :
   irrep   mo's   occupied
    a      104       25
 
 number of basis functions   :   104
 number of occupied orbitals :    25
 

 reading orbital data $scfmo  from file mos
 orbital characterization : scfconv=7
 mo-orthogonalization by Cholesky decomposition

 automatic virtual orbital shift switched on 
      shift if e(lumo)-e(homo) < 0.10000000    

  
           ------------------------
               RI-J - INFORMATION
           ------------------------
 Contributions to RI integral batches: 
  neglected integral batches:                    72
  direct contribution:                            0
  memory contribution:                  1203
 Memory core needed for (P|Q) and Cholesky      1 MByte
 Memory core minimum needed except of (P|Q)     1 MByte
 Total minimum memory core needed (sum)         1 MByte
  
 ****************************************
 Memory allocated for RI-J    11 MByte
 ****************************************
                                            

 DSCF restart information will be dumped onto file mos


 Starting SCF iterations

          Overall gridpoints after grid construction =         20860

 ITERATION  ENERGY          1e-ENERGY        2e-ENERGY     NORM[dD(SAO)]  TOL
   1  -761.51511211443    -1636.0405624     577.41770134    0.000D+00 0.306D-10
                            Exc = -63.1948422620     Coul =  640.612543600    
                              N = 50.000009713    
                            current damping = 0.300
 
          max. resid. norm for Fia-block=  1.489D-02 for orbital     18a         
          max. resid. fock norm         =  3.540D-02 for orbital     28a         

 ITERATION  ENERGY          1e-ENERGY        2e-ENERGY     NORM[dD(SAO)]  TOL
   2  -761.51644689427    -1636.1154615     577.49126567    0.189D+00 0.193D-10
                            Exc = -63.1848242212     Coul =  640.676089894    
                              N = 50.000006246    
                            current damping = 0.250
 
          Norm of current diis error: 0.92183E-01
          max. resid. norm for Fia-block=  6.142D-03 for orbital     23a         
          max. resid. fock norm         =  1.149D-02 for orbital    102a         

 ITERATION  ENERGY          1e-ENERGY        2e-ENERGY     NORM[dD(SAO)]  TOL
   3  -761.51689841616    -1636.0095386     577.38489120    0.473D-01 0.172D-10
                            Exc = -63.1969223820     Coul =  640.581813584    
                              N = 50.000006184    
                            current damping = 0.200
 
          Norm of current diis error: 0.62356E-01
          max. resid. norm for Fia-block=  3.023D-03 for orbital     18a         
          max. resid. fock norm         =  6.511D-03 for orbital    102a         

 ITERATION  ENERGY          1e-ENERGY        2e-ENERGY     NORM[dD(SAO)]  TOL
   4  -761.51718692917    -1636.0930559     577.46812004    0.148D-01 0.165D-10
                            Exc = -63.1968687737     Coul =  640.664988814    
                              N = 50.000006165    
                            current damping = 0.250
 
          Norm of current diis error: 0.11661E-01
          max. resid. norm for Fia-block=  9.141D-04 for orbital     20a         
          max. resid. fock norm         =  2.185D-03 for orbital    104a         

 ITERATION  ENERGY          1e-ENERGY        2e-ENERGY     NORM[dD(SAO)]  TOL
   5  -761.51718932633    -1636.0776770     577.45273875    0.727D-02 0.153D-10
                            Exc = -63.1928127909     Coul =  640.645551538    
                              N = 50.000006074    
                            current damping = 0.300
 
          Norm of current diis error: 0.11094E-01
          max. resid. norm for Fia-block=  4.717D-04 for orbital     20a         
          max. resid. fock norm         =  1.106D-03 for orbital    104a         
          mo-orthogonalization: Cholesky decomposition

 ITERATION  ENERGY          1e-ENERGY        2e-ENERGY     NORM[dD(SAO)]  TOL
   6  -761.51719925484    -1636.0662434     577.44129515    0.211D-02 0.150D-10
                            Exc = -63.1936190221     Coul =  640.634914174    
                              N = 50.000006116    
                            current damping = 0.150
 
          Norm of current diis error: 0.30422E-02
          max. resid. norm for Fia-block=  2.304D-04 for orbital     22a         
          max. resid. fock norm         =  3.110D-04 for orbital    101a         

 ITERATION  ENERGY          1e-ENERGY        2e-ENERGY     NORM[dD(SAO)]  TOL
   7  -761.51719960260    -1636.0751764     577.45022782    0.842D-03 0.148D-10
                            Exc = -63.1948078294     Coul =  640.645035649    
                              N = 50.000006096    
                            current damping = 0.200
 
          Norm of current diis error: 0.23413E-02
          max. resid. norm for Fia-block=  1.007D-04 for orbital     14a         
          max. resid. fock norm         =  1.796D-04 for orbital    101a         

 ITERATION  ENERGY          1e-ENERGY        2e-ENERGY     NORM[dD(SAO)]  TOL
   8  -761.51719998461    -1636.0766175     577.45166859    0.244D-03 0.145D-10
                            Exc = -63.1944187707     Coul =  640.646087365    
                              N = 50.000006102    
                            current damping = 0.100
 
          Norm of current diis error: 0.68445E-03
          max. resid. norm for Fia-block=  3.556D-05 for orbital     16a         
          max. resid. fock norm         =  5.396D-05 for orbital     16a         

 ITERATION  ENERGY          1e-ENERGY        2e-ENERGY     NORM[dD(SAO)]  TOL
   9  -761.51720001565    -1636.0740722     577.44912327    0.532D-04 0.142D-10
                            Exc = -63.1944298909     Coul =  640.643553162    
                              N = 50.000006103    
                            current damping = 0.150
 
          Norm of current diis error: 0.27826E-03
          max. resid. norm for Fia-block=  1.269D-05 for orbital     23a         
          max. resid. fock norm         =  2.286D-05 for orbital    104a         

 ENERGY CONVERGED !

          Overall gridpoints after grid construction =         69528

 ITERATION  ENERGY          1e-ENERGY        2e-ENERGY     NORM[dD(SAO)]  TOL
  10  -761.51712395218    -1636.0743313     577.44945835    0.853D-05 0.139D-10
                            Exc = -63.1943091289     Coul =  640.643767477    
                              N = 49.999999357    
                            current damping = 0.200
 
          Norm of current diis error: 0.52059E-04
          max. resid. norm for Fia-block=  3.606D-06 for orbital     23a         
          max. resid. fock norm         =  6.395D-06 for orbital    102a         

 End of SCF iterations

   convergence criteria satisfied after    10 iterations


                  ------------------------------------------ 
                 |  total energy      =   -761.51712395218  |
                  ------------------------------------------ 
                 :  kinetic energy    =    759.73946398626  :
                 :  potential energy  =  -1521.25658793845  :
                 :  virial theorem    =      1.99766563363  :
                 :  wavefunction norm =      1.00000000000  :
                  .......................................... 


 orbitals $scfmo  will be written to file mos

    irrep                 21a         22a         23a         24a         25a   
 eigenvalues H         -0.38867    -0.38435    -0.33609    -0.31591    -0.29556
            eV         -10.5764    -10.4588     -9.1455     -8.5963     -8.0427
 occupation              2.0000      2.0000      2.0000      2.0000      2.0000

    irrep                 26a         27a         28a         29a         30a   
 eigenvalues H         -0.07817    -0.02935    -0.00584     0.03033     0.03909
            eV          -2.1272     -0.7987     -0.1588      0.8254      1.0636
 
 
 
 
 ==============================================================================
                           electrostatic moments
 ==============================================================================

 reference point for electrostatic moments:    0.00000   0.00000   0.00000

 
              nuc           elec       ->  total
 ------------------------------------------------------------------------------
                          charge      
 ------------------------------------------------------------------------------
          50.000000     -50.000000      -0.000000
 
 ------------------------------------------------------------------------------
                       dipole moment  
 ------------------------------------------------------------------------------
   x      15.787159     -16.316011      -0.528851
   y      40.520643     -39.609870       0.910773
   z     -20.513440      20.551956       0.038516
 
   | dipole moment | =     1.0539 a.u. =     2.6787 debye 
 
 ------------------------------------------------------------------------------
                     quadrupole moment
 ------------------------------------------------------------------------------
  xx      87.367363    -114.640232     -27.272869
  yy     126.942830    -148.280757     -21.337928
  zz      88.306642    -116.196327     -27.889685
  xy      12.456169     -14.933168      -2.476999
  xz      -7.371804       7.641660       0.269855
  yz     -18.572884      18.266260      -0.306624
 
     1/3  trace=     -25.500160
     anisotropy=       7.627047
 
 ==============================================================================
 
HOMO-LUMO Separation
 HOMO         :   -0.29556050 H =     -8.04262 eV
 LUMO         :   -0.07817152 H =     -2.12716 eV
 HOMO-LUMO gap:    0.21738898 H =     +5.91546 eV
 
 ==============================================================================


    ------------------------------------------------------------------------
         total  cpu-time :   3.41 seconds
         total wall-time :   0.89 seconds
    ------------------------------------------------------------------------

   ****  ridft : all done  ****


    2025-11-22 10:30:08.128 

 ridft ended normally
