
  ========================================================================
                license information 
 Customer : 200000000019588
 ID       : LKO3533017

 License file is VALID, continuing with full version
  ========================================================================

   OpenMP run-time library returned nthreads = 16

 ridft (u-0-10.local) : TURBOMOLE rev. V7-9 compiled 8 Oct 2024 at 18:07:07
 Copyright (C) 2024 TURBOMOLE GmbH, Karlsruhe


    2025-11-19 14:47:27.310 



                                  r i d f t

                        DFT program with RI approximation 
                                for coulomb part 





                                 References:     
                                                 
          TURBOMOLE:                             
              R. Ahlrichs, M. Baer, M. Haeser, H. Horn, and
              C. Koelmel
              Electronic structure calculations on workstation
              computers: the program system TURBOMOLE
              Chem. Phys. Lett. 162: 165 (1989)
          Density Functional:                              
              O. Treutler and R. Ahlrichs                      
              Efficient Molecular Numerical Integration Schemes
              J. Chem. Phys. 102: 346 (1995)                   
          Parallel Version:                                
              Performance of parallel TURBOMOLE for Density    
              Functional Calculations                          
              M. v. Arnim and R. Ahlrichs                      
              J. Comp. Chem. 19: 1746 (1998)                   
          RI-J Method:                                     
              Auxiliary Basis Sets to approximate Coulomb      
              Potentials                                       
              Chem. Phys. Lett. 240: 283 (1995)                
              K. Eichkorn, O. Treutler, H. Oehm, M. Haeser     
              and R. Ahlrichs                                  
              Chem. Phys. Lett. 242: 652 (1995)                
                                                           
              Auxiliary Basis Sets for Main Row Atoms and their
              Use to approximate Coulomb Potentials            
              K. Eichkorn, F. Weigend, O. Treutler and         
              R. Ahlrichs                                      
              Theo. Chem. Acc. 97: 119 (1997)                  
                                                           
              Accurate Coulomb-fitting basis sets for H to Rn 
              F. Weigend                                       
              Phys. Chem. Chem. Phys. 8: 1057 (2006)           
                                                           
          Multipole accelerated RI-J (MARI-J):             
              Fast evaluation of the Coulomb potential for     
              electron densities using multipole accelerated   
              resolution of identity approximation             
              M. Sierka, A. Hogekamp and R. Ahlrichs           
              J. Chem. Phys. 118: 9136 (2003)                  
          RI-JK Method:                                     
              A fully direct RI-HF algorithm: Implementation,
              optimised auxiliary basis sets, demonstration of
              accuracy and efficiency                         
              F. Weigend                                      
              Phys. Chem. Chem. Phys. 4: 4285 (2002)           
          Two-component HF and DFT with spin-orbit coupling:  
              Self-consistent treatment of spin-orbit         
              interactions with efficient Hartree-Fock and    
              density functional methods                      
              M. K. Armbruster, F. Weigend, C. van Wüllen and 
              W. Klopper                                      
              Phys. Chem. Chem. Phys. 10: 1748 (2008)         
          Two-component difference density and DIIS algorithm 
              Efficient two-component self-consistent field   
              procedures and gradients: implementation in     
              TURBOMOLE and application to Au20-              
              A. Baldes, F. Weigend                           
              Mol. Phys. 111: 2617 (2013)                     
          Relativistic current density functional theory      
              Current density functional framework for        
              spin-orbit coupling                             
              C. Holzer, Y. J. Franzke, A. Pausch             
              J. Chem. Phys. 157: 204102 (2022)               
          Relativistic all-electron 2c calculations           
              An efficient implementation of two-component    
              relativistic exact-decoupling methods for large 
              molecules                                       
              D. Peng, N. Middendorf, F. Weigend, M. Reiher   
              J. Chem. Phys. 138: 184105 (2013)               
          Finite nucleus model and SNSO approximation         
              Efficient implementation of one- and two-       
              component analytical energy gradients in exact  
              two-component theory                            
              Y. J. Franzke, N. Middendorf, F. Weigend        
              J. Chem. Phys. 148: 104110 (2018)               
          Grids for all-electron relativistic methods         
              Error-consistent segmented contracted all-      
              electron relativistic basis sets of double-     
              and triple-zeta quality for NMR shielding       
              constants                                       
              Y. J. Franzke, R. Tress, T. M. Pazdera,         
              F. Weigend                                      
              Phys. Chem. Chem. Phys. 21: 166658 (2019)       
          Seminumerical exchange algorithms                   
              Seminumerical calculation of the Hartree-Fock   
              exchange matirx: Application to two-component   
              procedures and efficient evaluation of local    
              hybrid functionsl                               
              P. Plessow, F. Weigend,                         
              J. Comput. Chem. 33: 810 (2012)                 
          Improved seminumerical algorithms                   
              C. Holzer,                                      
              J. Chem. Phys. 153 (2020), 184115               






          OpenMP Shared-Memory Parallelization: 16 CPUs.

            By: Christof Holzer and Yannick J. Franzke


              +--------------------------------------------------+
              |      general information about current run       |
              +--------------------------------------------------+

 

 DENSITY CONVERGENCE CHECK SWITCHED ON !
 SCF CONVERGENCE IF RMS(delta[D]) <     0.1000000000E-06

 A HF calculation using the RI-JK approximation will be carried out.
 Allocatable memory for RI due to $ricore (MB):                  4000


              +--------------------------------------------------+
              | Atomic coordinate, charge and isotop information |
              +--------------------------------------------------+

                    atomic coordinates            atom    charge  isotop
         -3.55496443   -0.00160024    0.28047451    u     92.000     0
          3.55723149   -0.00130733    0.34776199    u     92.000     0
         -0.00482667    2.57656445    0.81156503    o      8.000     0
         -0.02787944    3.36860158    2.45589321    h      1.000     0
         -8.42114904    0.00079594    0.13423995    n      7.000     0
          5.29966291   -8.71806214   -0.85519231    c      6.000     0
          4.06658638  -10.31758681   -1.17522876    h      1.000     0
         -0.00452431   -2.58021279    0.80971499    o      8.000     0
         -0.02720291   -3.37310219    2.45362932    h      1.000     0
          8.41806440   -0.00014893    0.12104021    n      7.000     0
         -5.69825590    4.26589835   -0.24370717    n      7.000     0
          5.69051497   -4.28925086   -0.11817077    n      7.000     0
          9.67600405   -2.18863319    0.34905645    c      6.000     0
         -5.31353789    8.67920065   -1.06087766    c      6.000     0
         -4.08886686   10.26489251   -1.46960463    h      1.000     0
         -9.38048363   -6.85151351   -0.34460531    c      6.000     0
        -11.41089986   -7.03093544   -0.22068841    h      1.000     0
          5.68843627    4.28778138   -0.11700292    n      7.000     0
          9.37554894   -6.85404385   -0.38147387    c      6.000     0
         11.41080854   -7.01913411   -0.36346289    h      1.000     0
         -9.37388092    6.85400111   -0.34550293    c      6.000     0
        -11.40405716    7.03551308   -0.22072810    h      1.000     0
          4.27423516    6.33641457   -0.51484507    c      6.000     0
          2.25192207    6.03893200   -0.56105832    h      1.000     0
          9.67493069    2.18889470    0.34974620    c      6.000     0
         -5.70227912   -4.26716563   -0.24172485    n      7.000     0
          7.90078022   -8.97452632   -0.78749665    c      6.000     0
          8.78335035  -10.80130756   -1.06022570    h      1.000     0
         -9.66684705   -2.18732928    0.41866641    c      6.000     0
        -13.46931239    0.00336029    1.45847498    c      6.000     0
        -15.43758498    0.00438264    2.01908113    h      1.000     0
         13.52103547    0.00093389    1.22428122    c      6.000     0
         15.51125534    0.00135341    1.70113471    h      1.000     0
          8.21487726   -4.52438949   -0.04426547    c      6.000     0
         -4.29748885   -6.29882342   -0.74265723    c      6.000     0
         -2.28227546   -5.98533486   -0.89441357    h      1.000     0
         -8.21851371   -4.51741451   -0.04763107    c      6.000     0
          8.21269274    4.52406140   -0.04291243    c      6.000     0
         -9.66473056    2.19017215    0.41818830    c      6.000     0
          4.27720203   -6.33843397   -0.51631717    c      6.000     0
          2.25474154   -6.04189059   -0.56216381    h      1.000     0
         -8.21417112    4.51876449   -0.04868554    c      6.000     0
        -12.20026492    2.25495007    1.09469325    c      6.000     0
        -13.16564852    4.03321637    1.36493731    h      1.000     0
        -12.20241165   -2.24953907    1.09528662    c      6.000     0
        -13.16941852   -4.02684160    1.36612406    h      1.000     0
         -5.32164671   -8.68104241   -1.05765378    c      6.000     0
         -4.09841943  -10.26810622   -1.46536408    h      1.000     0
         12.23752782    2.25202100    0.91653176    c      6.000     0
         13.21424788    4.02907598    1.15067639    h      1.000     0
         12.23865976   -2.25068802    0.91576453    c      6.000     0
         13.21628879   -4.02732915    1.14928933    h      1.000     0
         -4.29166093    6.29599333   -0.74585842    c      6.000     0
         -2.27683683    5.98051111   -0.89873349    h      1.000     0
         -7.91375569   -8.95685360   -0.84898456    c      6.000     0
         -8.79676423  -10.78763728   -1.09194475    h      1.000     0
          9.37231940    6.85432614   -0.37950100    c      6.000     0
         11.40751475    7.02029323   -0.36140876    h      1.000     0
         -7.90523869    8.95776140   -0.85089885    c      6.000     0
         -8.78647845   10.78941435   -1.09371354    h      1.000     0
          5.29562457    8.71659833   -0.85304747    c      6.000     0
          4.06182805   10.31561654   -1.17284960    h      1.000     0
          7.89661526    8.97424548   -0.78507024    c      6.000     0
          8.77837659   10.80149348   -1.05727584    h      1.000     0
         -4.07188956   -0.00146418    3.55178508    o      8.000     0
          4.04816533   -0.00204621    3.62293515    o      8.000     0
         -3.09968027   -0.00180433   -3.00077601    o      8.000     0
          3.13679766   -0.00053632   -2.93724909    o      8.000     0
 
       center of nuclear mass  :    0.00062355   -0.00071518    0.14659702
       center of nuclear charge:    0.00053440   -0.00061002    0.12409928

              +--------------------------------------------------+
              |               basis set information              |
              +--------------------------------------------------+

              we will work with the 1s 3p 5d 7f 9g ... basis set
              ...i.e. with spherical basis functions...

   type   atoms  prim   cont   basis
   ---------------------------------------------------------------------------
    u        2    213    117   SVP(6g)   [10s9p5d4f3g|14s13p10d8f6g]
    o        6     46     31   def2-TZVP   [5s3p2d1f|11s6p2d1f]
    h       24      8      6   def2-TZVP   [3s1p|5s1p]
    n        6     46     31   def2-TZVP   [5s3p2d1f|11s6p2d1f]
    c       30     46     31   def2-TZVP   [5s3p2d1f|11s6p2d1f]
   ---------------------------------------------------------------------------
   total:   68   2550   1680
   ---------------------------------------------------------------------------

   total number of primitive shells          :  117
   total number of contracted shells         :  620
   total number of cartesian basis functions : 1960
   total number of SCF-basis functions       : 1680

  number of unique ecp types :    1

 integral neglect threshold       :  0.17E-11
 integral storage threshold THIZE :  0.10E-04
 integral storage threshold THIME :         5

 RI-JK AUXILIARY BASIS SET information:

              we will work with the 1s 3p 5d 7f 9g ... basis set
              ...i.e. with spherical basis functions...

   type   atoms  prim   cont   basis
   ---------------------------------------------------------------------------
    u        2    473    438   def-TZVP   [15s13p14d13f9g7h5i|20s15p14d13f9g8h6i]
    o        6     97     77   def2-TZVP   [10s8p4d2f1g|14s10p6d2f1g]
    h       24     20     18   def2-TZVP   [2s2p2d|4s2p2d]
    n        6     97     77   def2-TZVP   [10s8p4d2f1g|14s10p6d2f1g]
    c       30     97     75   def2-TZVP   [10s8p5d1f1g|14s10p6d2f1g]
   ---------------------------------------------------------------------------
   total:   68   5500   4482
   ---------------------------------------------------------------------------

   total number of primitive shells          :  192
   total number of contracted shells         : 1346
   total number of cartesian basis functions : 5646
   total number of SCF-basis functions       : 4482


 symmetry group of the molecule :   c1 

 the group has the following generators :
   c1(z)

    1 symmetry operations found

 there are 1 real representations :   a   

 maximum number of shells which are related by symmetry :  1

 ==============================================================================
                      COSMO switched on
 ==============================================================================
 COSMO stati: segments per atom: H   32 other atoms   92
 COSMO statistics: nps   2211 npspher:    901
 COSMO surface:
   number of segments: 2211
   area (bohr**2):     1885.380272
   volume (bohr**3):   4680.624646
 COSMO: check number of disjunct cavities:

       ... OK contiguous cavity found

 biggest AO integral is expected to be    25.028879086

          ------------------------
          nuclear repulsion energy  :   7057.51391058    
          ------------------------


         -----------------
         -S,T+V- integrals
         -----------------

 1e-integrals will be neglected if expon. factor < 0.170508E-12


          ----------------
          -ecp-  integrals
          ----------------
 
 Difference densities algorithm switched on.
 The maximal number of linear combinations of
 difference densities is  20.

 DIIS switched on: error vector is FDS-SDF
 Max. Iterations for DIIS is     :   5
 DIIS matrix (see manual) 
    Scaling factor of diagonals  :  1.200
    threshold for scaling factor :  0.000

 scf convergence criterion : increment of total energy < .1000000D-06
                  and increment of one-electron energy < .1000000D-03

 MOs are in ASCII format !


    mo occupation :
   irrep   mo's   occupied
    a     1680      178
 
 number of basis functions   :  1680
 number of occupied orbitals :   178
 

 reading orbital data $scfmo  from file mos
 orbital characterization : expanded
 virtual MOs provided and orthogonalized by Cholesky decomposition

 automatic virtual orbital shift switched on 
      shift if e(lumo)-e(homo) < 0.10000000    

  
           ------------------------
               RI-JK - INFORMATION
           ------------------------
 Contributions to RI integral batches: 
  neglected integral batches:                105703
  direct contribution:                        86807
  memory contribution:                     0
 Memory core needed for (P|Q) and Cholesky    154 MByte
 Memory core minimum needed except of (P|Q)     3 MByte
 Total minimum memory core needed (sum)       157 MByte
  
 ****************************************
 Memory allocated for RI-J   157 MByte
 ****************************************
                                            
 total memory allocated for calculation of  (Q|P)**(-1/2) :  230 MiB

  forming (P|Q)**(-1/2) 
 eigenvalues of original matrix 
 smallest =0.3833902912093E-09  largest = 82.48299292886    
  The symmetry information takes                      1  MB

 DSCF restart information will be dumped onto file mos


 Starting SCF iterations

 
 BLOCKING OF MOS FOR RI-K
 
 
 occupied MOs partitioned into blocks of maximum length 59
 this requires 3961 MiB core memory.
 
            MULTIPLE PASS Statistics 
 ----------------------------------------------------
  pass       irrep     lambda      batch : MO  to  MO
 ----------------------------------------------------
   1       1  ->  1    1  -> 59             1  ->  59
   2       1  ->  1   60  ->118            60  -> 118
   3       1  ->  1  119  ->177           119  -> 177
   4       1  ->  1  178  ->178           178  -> 178



 ITERATION  ENERGY          1e-ENERGY        2e-ENERGY     RMS[dD(SAO)]   TOL
   1  -2864.5611489605    -18115.031703     8192.9566438    0.000D+00 0.170D-11
                           RI-K = -302.744356508     Coul =  8495.70100029    
                          Ediel =-0.447259803962    
                            current damping = 0.300
 
          max. resid. norm for Fia-block=  1.540D+00 for orbital    178a         
          max. resid. fock norm         =  7.646D+01 for orbital   1380a         

 ITERATION  ENERGY          1e-ENERGY        2e-ENERGY     RMS[dD(SAO)]   TOL
   2  -2846.1665031697    -18523.247799     8619.5673856    0.755D-02 0.111D-11
                           RI-K = -311.763324778     Coul =  8931.33071041    
                          Ediel = -1.65298116124    
                            current damping = 0.300
 
          Norm of current diis error:  30.127    
          max. resid. norm for Fia-block=  2.604D-01 for orbital    178a         
          max. resid. fock norm         =  7.075D-01 for orbital   1409a         
          irrep a   : virtual orbitals shifted by    0.27170

 ITERATION  ENERGY          1e-ENERGY        2e-ENERGY     RMS[dD(SAO)]   TOL
   3  -2869.6874315229    -18386.688836     8459.4874942    0.302D-02 0.102D-11
                           RI-K = -308.012684310     Coul =  8767.50017851    
                          Ediel =-0.477843936291    
                            current damping = 0.250
 
          Norm of current diis error:  14.065    
          max. resid. norm for Fia-block=  4.396D-01 for orbital    174a         
          max. resid. fock norm         =  4.978D-01 for orbital   1530a         
          irrep a   : virtual orbitals shifted by    0.27721

 ITERATION  ENERGY          1e-ENERGY        2e-ENERGY     RMS[dD(SAO)]   TOL
   4  -2876.2129451274    -18239.583394     8305.8565387    0.270D-02 0.897D-12
                           RI-K = -306.337218347     Coul =  8612.19375709    
                          Ediel =-0.222284067643    
                            current damping = 0.150
 
          Norm of current diis error:  3.4536    
          max. resid. norm for Fia-block=  1.923D-01 for orbital    178a         
          max. resid. fock norm         =  2.298D-01 for orbital   1511a         

 ITERATION  ENERGY          1e-ENERGY        2e-ENERGY     RMS[dD(SAO)]   TOL
   5  -2877.2359030809    -18269.533047     8334.7832338    0.137D-02 0.847D-12
                           RI-K = -307.442484040     Coul =  8642.22571780    
                          Ediel =-0.209692445043    
                            current damping = 0.200
 
          Norm of current diis error:  1.0013    
          max. resid. norm for Fia-block=  4.783D-02 for orbital    165a         
          max. resid. fock norm         =  7.508D-02 for orbital   1658a         
          mo-orthogonalization: Cholesky decomposition

 ITERATION  ENERGY          1e-ENERGY        2e-ENERGY     RMS[dD(SAO)]   TOL
   6  -2877.3442589123    -18266.909447     8332.0512771    0.449D-03 0.782D-12
                           RI-K = -307.396317583     Coul =  8639.44759466    
                          Ediel =-0.208269545671    
                            current damping = 0.250
 
          Norm of current diis error: 0.37247    
          max. resid. norm for Fia-block=  2.737D-02 for orbital    158a         
          max. resid. fock norm         =  3.219D-02 for orbital    158a         

 ITERATION  ENERGY          1e-ENERGY        2e-ENERGY     RMS[dD(SAO)]   TOL
   7  -2877.3633159245    -18269.361592     8334.4843653    0.174D-03 0.738D-12
                           RI-K = -307.502523809     Coul =  8641.98688908    
                          Ediel =-0.209112281211    
                            current damping = 0.300
 
          Norm of current diis error: 0.14031    
          max. resid. norm for Fia-block=  1.384D-02 for orbital    157a         
          max. resid. fock norm         =  1.439D-02 for orbital    157a         

 ITERATION  ENERGY          1e-ENERGY        2e-ENERGY     RMS[dD(SAO)]   TOL
   8  -2877.3666445692    -18268.995942     8334.1153864    0.732D-04 0.699D-12
                           RI-K = -307.510141126     Coul =  8641.62552758    
                          Ediel =-0.209520547861    
                            current damping = 0.350
 
          Norm of current diis error: 0.72478E-01
          max. resid. norm for Fia-block=  7.529D-03 for orbital    157a         
          max. resid. fock norm         =  7.940D-03 for orbital    157a         

 ITERATION  ENERGY          1e-ENERGY        2e-ENERGY     RMS[dD(SAO)]   TOL
   9  -2877.3675304171    -18269.117683     8334.2362418    0.355D-04 0.668D-12
                           RI-K = -307.507454290     Coul =  8641.74369611    
                          Ediel =-0.209597081001    
                            current damping = 0.400
 
          Norm of current diis error: 0.43072E-01
          max. resid. norm for Fia-block=  5.747D-03 for orbital    157a         
          max. resid. fock norm         =  5.898D-03 for orbital    157a         

 ITERATION  ENERGY          1e-ENERGY        2e-ENERGY     RMS[dD(SAO)]   TOL
  10  -2877.3678917103    -18269.137083     8334.2552806    0.208D-04 0.638D-12
                           RI-K = -307.508785474     Coul =  8641.76406610    
                          Ediel =-0.209698673723    
                            current damping = 0.250
 
          Norm of current diis error: 0.28372E-01
          max. resid. norm for Fia-block=  4.797D-03 for orbital    157a         
          max. resid. fock norm         =  4.852D-03 for orbital    157a         
          mo-orthogonalization: Cholesky decomposition

 ITERATION  ENERGY          1e-ENERGY        2e-ENERGY     RMS[dD(SAO)]   TOL
  11  -2877.3680982598    -18269.125527     8334.2435181    0.167D-04 0.601D-12
                           RI-K = -307.508672750     Coul =  8641.75219087    
                          Ediel =-0.209741672482    
                            current damping = 0.300
 
          Norm of current diis error: 0.17718E-01
          max. resid. norm for Fia-block=  3.620D-03 for orbital    157a         
          max. resid. fock norm         =  3.661D-03 for orbital    157a         

 ITERATION  ENERGY          1e-ENERGY        2e-ENERGY     RMS[dD(SAO)]   TOL
  12  -2877.3681873836    -18269.146921     8334.2648233    0.113D-04 0.567D-12
                           RI-K = -307.506427643     Coul =  8641.77125092    
                          Ediel =-0.209720315302    
                            current damping = 0.350
 
          Norm of current diis error: 0.10169E-01
          max. resid. norm for Fia-block=  2.410D-03 for orbital    157a         
          max. resid. fock norm         =  2.437D-03 for orbital    157a         

 ITERATION  ENERGY          1e-ENERGY        2e-ENERGY     RMS[dD(SAO)]   TOL
  13  -2877.3682171919    -18269.116622     8334.2344946    0.643D-05 0.543D-12
                           RI-K = -307.506551297     Coul =  8641.74104593    
                          Ediel =-0.209754554276    
                            current damping = 0.400
 
          Norm of current diis error: 0.58011E-02
          max. resid. norm for Fia-block=  1.409D-03 for orbital    157a         
          max. resid. fock norm         =  1.415D-03 for orbital    157a         

 ITERATION  ENERGY          1e-ENERGY        2e-ENERGY     RMS[dD(SAO)]   TOL
  14  -2877.3682269389    -18269.133442     8334.2513045    0.373D-05 0.525D-12
                           RI-K = -307.506106020     Coul =  8641.75741049    
                          Ediel =-0.209734533089    
                            current damping = 0.450
 
          Norm of current diis error: 0.31470E-02
          max. resid. norm for Fia-block=  8.383D-04 for orbital    157a         
          max. resid. fock norm         =  8.437D-04 for orbital    157a         

 ITERATION  ENERGY          1e-ENERGY        2e-ENERGY     RMS[dD(SAO)]   TOL
  15  -2877.3682299367    -18269.121682     8334.2395418    0.194D-05 0.511D-12
                           RI-K = -307.505907793     Coul =  8641.74544958    
                          Ediel =-0.209741723179    
                            current damping = 0.500
 
          Norm of current diis error: 0.19054E-02
          max. resid. norm for Fia-block=  5.053D-04 for orbital    157a         
          max. resid. fock norm         =  5.066D-04 for orbital    157a         
          mo-orthogonalization: Cholesky decomposition

 ITERATION  ENERGY          1e-ENERGY        2e-ENERGY     RMS[dD(SAO)]   TOL
  16  -2877.3682310182    -18269.124904     8334.2427620    0.114D-05 0.497D-12
                           RI-K = -307.505860900     Coul =  8641.74862289    
                          Ediel =-0.209737767485    
                            current damping = 0.550
 
          Norm of current diis error: 0.12270E-02
          max. resid. norm for Fia-block=  3.234D-04 for orbital    157a         
          max. resid. fock norm         =  3.241D-04 for orbital    157a         

 ITERATION  ENERGY          1e-ENERGY        2e-ENERGY     RMS[dD(SAO)]   TOL
  17  -2877.3682314525    -18269.122397     8334.2402545    0.704D-06 0.483D-12
                           RI-K = -307.505863492     Coul =  8641.74611803    
                          Ediel =-0.209739202793    
                            current damping = 0.600
 
          Norm of current diis error: 0.77809E-03
          max. resid. norm for Fia-block=  2.216D-04 for orbital    157a         
          max. resid. fock norm         =  2.220D-04 for orbital    157a         

 ITERATION  ENERGY          1e-ENERGY        2e-ENERGY     RMS[dD(SAO)]   TOL
  18  -2877.3682316335    -18269.123074     8334.2409315    0.471D-06 0.467D-12
                           RI-K = -307.505860752     Coul =  8641.74679230    
                          Ediel =-0.209738321664    
                            current damping = 0.650
 
          Norm of current diis error: 0.49128E-03
          max. resid. norm for Fia-block=  1.390D-04 for orbital    157a         
          max. resid. fock norm         =  1.393D-04 for orbital    157a         

 ITERATION  ENERGY          1e-ENERGY        2e-ENERGY     RMS[dD(SAO)]   TOL
  19  -2877.3682317013    -18269.122415     8334.2402730    0.296D-06 0.484D-12
                           RI-K = -307.505883778     Coul =  8641.74615680    
                          Ediel =-0.209738787933    
                            current damping = 0.700
 
          Norm of current diis error: 0.29708E-03
          max. resid. norm for Fia-block=  8.404D-05 for orbital    157a         
          max. resid. fock norm         =  8.431D-05 for orbital    157a         

 ITERATION  ENERGY          1e-ENERGY        2e-ENERGY     RMS[dD(SAO)]   TOL
  20  -2877.3682317244    -18269.122855     8334.2407130    0.177D-06 0.484D-12
                           RI-K = -307.505894451     Coul =  8641.74660746    
                          Ediel =-0.209738344973    
                            current damping = 0.750
 
          Norm of current diis error: 0.18855E-03
          max. resid. norm for Fia-block=  4.670D-05 for orbital    157a         
          max. resid. fock norm         =  4.685D-05 for orbital    157a         
          mo-orthogonalization: Cholesky decomposition

 ITERATION  ENERGY          1e-ENERGY        2e-ENERGY     RMS[dD(SAO)]   TOL
  21  -2877.3682317325    -18269.122618     8334.2404754    0.105D-06 0.484D-12
                           RI-K = -307.505906850     Coul =  8641.74638226    
                          Ediel =-0.209738496488    
                            current damping = 0.800
 
          Norm of current diis error: 0.11825E-03
          max. resid. norm for Fia-block=  2.676D-05 for orbital    157a         
          max. resid. fock norm         =  2.697D-05 for orbital    157a         

 DENSITY CONVERGED !


 ITERATION  ENERGY          1e-ENERGY        2e-ENERGY     RMS[dD(SAO)]   TOL
  22  -2877.3682316561    -18269.122823     8334.2406808    0.609D-07 0.170D-11
                           RI-K = -307.505913798     Coul =  8641.74659464    
                          Ediel =-0.209738275515    
                            current damping = 0.850
 
          Norm of current diis error: 0.80410E-04
          max. resid. norm for Fia-block=  1.337D-05 for orbital    157a         
          max. resid. fock norm         =  1.345D-05 for orbital    157a         

 ENERGY & DENSITY CONVERGED !


 ITERATION  ENERGY          1e-ENERGY        2e-ENERGY     RMS[dD(SAO)]   TOL
  23  -2877.3682317366    -18269.122809     8334.2406669    0.339D-07 0.108D-11
                           RI-K = -307.505918494     Coul =  8641.74658536    
                          Ediel =-0.209738255995    
                            current damping = 0.900
 
          Norm of current diis error: 0.59223E-04
          max. resid. norm for Fia-block=  9.923D-06 for orbital    157a         
          max. resid. fock norm         =  1.001D-05 for orbital    157a         

 End of SCF iterations

   convergence criteria satisfied after    23 iterations


                  ------------------------------------------ 
                 |  total energy      =  -2877.36823173656  |
                  ------------------------------------------ 
                 :  kinetic energy    =   2220.83642645780  :
                 :  potential energy  =  -5098.20465819435  :
                 :  virial theorem    =      1.77182906309  :
                 :  wavefunction norm =      1.00000000000  :
                  .......................................... 


 <geterg> : there is no data group $energy 


 <skperg> : $end is missing 


 orbitals $scfmo  will be written to file mos

    irrep                174a        175a        176a        177a        178a   
 eigenvalues H         -0.41594    -0.37509    -0.37461    -0.33083    -0.33057
            eV         -11.3185    -10.2068    -10.1938     -9.0025     -8.9954
 occupation              2.0000      2.0000      2.0000      2.0000      2.0000

    irrep                179a        180a        181a        182a        183a   
 eigenvalues H          0.02317     0.02383     0.03799     0.03833     0.06057
            eV           0.6304      0.6483      1.0337      1.0431      1.6481
 
 ==============================================================================
                                  COSMO RESULTS
 ==============================================================================
  PARAMETER:
    nppa:      1082
    nspa:        92
    nsph:        32
    nps:       2211
    npspher:    901
    disex:   10.0000    
    disex2:  4745.32    
    rsolv [A]: 1.3000
    routf:     0.8500
    phsran:    0.0    
    ampran:   0.10E-04
    cavity:  closed
    solvent: user input
    source:  user input
    epsilon:    80.100 ( 25.0 C)
    refind:      1.300 ( 25.0 C)
    fepsi:       0.9813896
  CAVITY VOLUME/AREA [a.u.]:
    surface: V1.0, A matrix: V1.0
    area:  1885.38
    volume:  4680.62
  SCREENING CHARGE:
    cosmo      :  -2.038568
    correction :   0.038856
    total      :  -1.999712
  ENERGIES [a.u.]:
    Total energy            =     -2877.3682317365565
    Total energy + OC corr. =     -2877.3624078418
    Dielectric energy       =        -0.2097382560
    Diel. energy + OC corr. =        -0.2039143612
  ELEMENT RADIUS [A]: ATOM LIST
    u  2.22: 1,2
    o  1.72: 3,8,65-68
    h  1.30: 4,7,9,15,17,20,22,24,28,31,33,36,41,44,46,48,50,52,54,56,58,60,62,
             64
    n  1.83: 5,10-12,18,26
    c  2.00: 6,13,14,16,19,21,23,25,27,29,30,32,34,35,37-40,42,43,45,47,49,51,
             53,55,57,59,61,63
 ==============================================================================
 
 
 
 ==============================================================================
                           electrostatic moments
 ==============================================================================

 reference point for electrostatic moments:    0.00000   0.00000   0.00000

 
              nuc           elec       ->  total
 ------------------------------------------------------------------------------
                          charge      
 ------------------------------------------------------------------------------
         358.000000    -356.000000       2.000000
 
 ------------------------------------------------------------------------------
                       dipole moment  
 ------------------------------------------------------------------------------
   x       0.119421      -0.123567      -0.004146
   y      -0.117138       0.117367       0.000229
   z      21.625268     -20.887272       0.737996
 
   | dipole moment | =     0.7380 a.u. =     1.8758 debye 
 
 ------------------------------------------------------------------------------
                     quadrupole moment
 ------------------------------------------------------------------------------
  xx   19579.857294  -19582.135928      -2.278634
  yy    8495.884736   -8590.670355     -94.785619
  zz     505.963587    -754.489759    -248.526171
  xy      -0.062662       0.059653      -0.003010
  xz     -14.368205      12.937713      -1.430492
  yz       0.017985      -0.013869       0.004117
 
     1/3  trace=    -115.196808
     anisotropy=     215.457452
 
 ==============================================================================
 
HOMO-LUMO Separation
 HOMO         :   -0.33057117 H =     -8.99530 eV
 LUMO         :    0.02316782 H =     +0.63043 eV
 HOMO-LUMO gap:    0.35373898 H =     +9.62573 eV
 
 ==============================================================================


    ------------------------------------------------------------------------
         total  cpu-time :   3 days  4 hours 29 minutes and 25 seconds
         total wall-time :  6 hours  3 minutes and 10 seconds
    ------------------------------------------------------------------------

   ****  ridft : all done  ****


    2025-11-19 20:50:37.328 

 ridft ended normally
