
  ========================================================================
                license information 
 Customer : 200000000019588
 ID       : LKO3533017

 License file is VALID, continuing with full version
  ========================================================================

   OpenMP run-time library returned nthreads = 16

 ridft (u-0-8.local) : TURBOMOLE rev. V7-9 compiled 8 Oct 2024 at 18:07:07
 Copyright (C) 2024 TURBOMOLE GmbH, Karlsruhe


    2025-11-25 11:48:53.883 



                                  r i d f t

                        DFT program with RI approximation 
                                for coulomb part 





                                 References:     
                                                 
          TURBOMOLE:                             
              R. Ahlrichs, M. Baer, M. Haeser, H. Horn, and
              C. Koelmel
              Electronic structure calculations on workstation
              computers: the program system TURBOMOLE
              Chem. Phys. Lett. 162: 165 (1989)
          Density Functional:                              
              O. Treutler and R. Ahlrichs                      
              Efficient Molecular Numerical Integration Schemes
              J. Chem. Phys. 102: 346 (1995)                   
          Parallel Version:                                
              Performance of parallel TURBOMOLE for Density    
              Functional Calculations                          
              M. v. Arnim and R. Ahlrichs                      
              J. Comp. Chem. 19: 1746 (1998)                   
          RI-J Method:                                     
              Auxiliary Basis Sets to approximate Coulomb      
              Potentials                                       
              Chem. Phys. Lett. 240: 283 (1995)                
              K. Eichkorn, O. Treutler, H. Oehm, M. Haeser     
              and R. Ahlrichs                                  
              Chem. Phys. Lett. 242: 652 (1995)                
                                                           
              Auxiliary Basis Sets for Main Row Atoms and their
              Use to approximate Coulomb Potentials            
              K. Eichkorn, F. Weigend, O. Treutler and         
              R. Ahlrichs                                      
              Theo. Chem. Acc. 97: 119 (1997)                  
                                                           
              Accurate Coulomb-fitting basis sets for H to Rn 
              F. Weigend                                       
              Phys. Chem. Chem. Phys. 8: 1057 (2006)           
                                                           
          Multipole accelerated RI-J (MARI-J):             
              Fast evaluation of the Coulomb potential for     
              electron densities using multipole accelerated   
              resolution of identity approximation             
              M. Sierka, A. Hogekamp and R. Ahlrichs           
              J. Chem. Phys. 118: 9136 (2003)                  
          RI-JK Method:                                     
              A fully direct RI-HF algorithm: Implementation,
              optimised auxiliary basis sets, demonstration of
              accuracy and efficiency                         
              F. Weigend                                      
              Phys. Chem. Chem. Phys. 4: 4285 (2002)           
          Two-component HF and DFT with spin-orbit coupling:  
              Self-consistent treatment of spin-orbit         
              interactions with efficient Hartree-Fock and    
              density functional methods                      
              M. K. Armbruster, F. Weigend, C. van Wüllen and 
              W. Klopper                                      
              Phys. Chem. Chem. Phys. 10: 1748 (2008)         
          Two-component difference density and DIIS algorithm 
              Efficient two-component self-consistent field   
              procedures and gradients: implementation in     
              TURBOMOLE and application to Au20-              
              A. Baldes, F. Weigend                           
              Mol. Phys. 111: 2617 (2013)                     
          Relativistic current density functional theory      
              Current density functional framework for        
              spin-orbit coupling                             
              C. Holzer, Y. J. Franzke, A. Pausch             
              J. Chem. Phys. 157: 204102 (2022)               
          Relativistic all-electron 2c calculations           
              An efficient implementation of two-component    
              relativistic exact-decoupling methods for large 
              molecules                                       
              D. Peng, N. Middendorf, F. Weigend, M. Reiher   
              J. Chem. Phys. 138: 184105 (2013)               
          Finite nucleus model and SNSO approximation         
              Efficient implementation of one- and two-       
              component analytical energy gradients in exact  
              two-component theory                            
              Y. J. Franzke, N. Middendorf, F. Weigend        
              J. Chem. Phys. 148: 104110 (2018)               
          Grids for all-electron relativistic methods         
              Error-consistent segmented contracted all-      
              electron relativistic basis sets of double-     
              and triple-zeta quality for NMR shielding       
              constants                                       
              Y. J. Franzke, R. Tress, T. M. Pazdera,         
              F. Weigend                                      
              Phys. Chem. Chem. Phys. 21: 166658 (2019)       
          Seminumerical exchange algorithms                   
              Seminumerical calculation of the Hartree-Fock   
              exchange matirx: Application to two-component   
              procedures and efficient evaluation of local    
              hybrid functionsl                               
              P. Plessow, F. Weigend,                         
              J. Comput. Chem. 33: 810 (2012)                 
          Improved seminumerical algorithms                   
              C. Holzer,                                      
              J. Chem. Phys. 153 (2020), 184115               






          OpenMP Shared-Memory Parallelization: 16 CPUs.

            By: Christof Holzer and Yannick J. Franzke


              +--------------------------------------------------+
              |      general information about current run       |
              +--------------------------------------------------+

 

 DENSITY CONVERGENCE CHECK SWITCHED ON !
 SCF CONVERGENCE IF RMS(delta[D]) <     0.1000000000E-06

 A HF calculation using the RI-JK approximation will be carried out.
 Allocatable memory for RI due to $ricore (MB):                   500


              +--------------------------------------------------+
              | Atomic coordinate, charge and isotop information |
              +--------------------------------------------------+

                    atomic coordinates            atom    charge  isotop
          0.00000000    0.00000000    1.18428191    h      1.000     0
          0.00000000    0.00000000    2.59517034    h      1.000     0
 
       center of nuclear mass  :    0.00000000    0.00000000    1.88972612
       center of nuclear charge:    0.00000000    0.00000000    1.88972612

              +--------------------------------------------------+
              |               basis set information              |
              +--------------------------------------------------+

              we will work with the 1s 3p 5d 7f 9g ... basis set
              ...i.e. with spherical basis functions...

   type   atoms  prim   cont   basis
   ---------------------------------------------------------------------------
    h        2      8      6   def2-TZVP   [3s1p|5s1p]
   ---------------------------------------------------------------------------
   total:    2     16     12
   ---------------------------------------------------------------------------

   total number of primitive shells          :    6
   total number of contracted shells         :    8
   total number of cartesian basis functions :   12
   total number of SCF-basis functions       :   12


 integral neglect threshold       :  0.28E-09
 integral storage threshold THIZE :  0.10E-04
 integral storage threshold THIME :         5

 RI-JK AUXILIARY BASIS SET information:

              we will work with the 1s 3p 5d 7f 9g ... basis set
              ...i.e. with spherical basis functions...

   type   atoms  prim   cont   basis
   ---------------------------------------------------------------------------
    h        2     20     18   def2-TZVP   [2s2p2d|4s2p2d]
   ---------------------------------------------------------------------------
   total:    2     40     36
   ---------------------------------------------------------------------------

   total number of primitive shells          :    8
   total number of contracted shells         :   12
   total number of cartesian basis functions :   40
   total number of SCF-basis functions       :   36


 symmetry group of the molecule :   c1 

 the group has the following generators :
   c1(z)

    1 symmetry operations found

 there are 1 real representations :   a   

 maximum number of shells which are related by symmetry :  1


 biggest AO integral is expected to be     1.396250015

          ------------------------
          nuclear repulsion energy  :  0.708773269716    
          ------------------------


         -----------------
         -S,T+V- integrals
         -----------------

 1e-integrals will be neglected if expon. factor < 0.278497E-10
 
 Difference densities algorithm switched on.
 The maximal number of linear combinations of
 difference densities is  20.

 DIIS switched on: error vector is FDS-SDF
 Max. Iterations for DIIS is     :   5
 DIIS matrix (see manual) 
    Scaling factor of diagonals  :  1.200
    threshold for scaling factor :  0.000

 scf convergence criterion : increment of total energy < .1000000D-06
                  and increment of one-electron energy < .1000000D-03

 MOs are in ASCII format !


    mo occupation :
   irrep   mo's   occupied
    a       12        1
 
 number of basis functions   :    12
 number of occupied orbitals :     1
 

 reading orbital data $scfmo  from file mos
 orbital characterization : scfconv=7
 mo-orthogonalization by Cholesky decomposition

 automatic virtual orbital shift switched on 
      shift if e(lumo)-e(homo) < 0.10000000    

  
           ------------------------
               RI-JK - INFORMATION
           ------------------------
 Contributions to RI integral batches: 
  neglected integral batches:                     0
  direct contribution:                            0
  memory contribution:                    36
 Memory core needed for (P|Q) and Cholesky      1 MByte
 Memory core minimum needed except of (P|Q)     1 MByte
 Total minimum memory core needed (sum)         1 MByte
  
 ****************************************
 Memory allocated for RI-J     1 MByte
 ****************************************
                                            
 total memory allocated for calculation of  (Q|P)**(-1/2) :    1 MiB

  forming (P|Q)**(-1/2) 
 eigenvalues of original matrix 
 smallest =0.6688013901509E-03  largest = 3.666958504226    
  The symmetry information takes                      1  MB

 DSCF restart information will be dumped onto file mos


 Starting SCF iterations

 
 BLOCKING OF MOS FOR RI-K
 
 
 occupied MOs partitioned into blocks of maximum length 1
 this requires 1 MiB core memory.
 
            MULTIPLE PASS Statistics 
 ----------------------------------------------------
  pass       irrep     lambda      batch : MO  to  MO
 ----------------------------------------------------
   1       1  ->  1    1  ->  1             1  ->   1



 ITERATION  ENERGY          1e-ENERGY        2e-ENERGY     RMS[dD(SAO)]   TOL
   1  -1.1324733916888    -2.4972993226    0.65605266116    0.000D+00 0.278D-09
                           RI-K =-0.656052661158     Coul =  1.31210532232    
                            current damping = 0.300
 
          max. resid. norm for Fia-block=  1.844D-03 for orbital      1a         
          max. resid. fock norm         =  1.923D-03 for orbital     12a         

 ITERATION  ENERGY          1e-ENERGY        2e-ENERGY     RMS[dD(SAO)]   TOL
   2  -1.1324758697529    -2.4971482881    0.65589914862    0.687D-04 0.176D-09
                           RI-K =-0.655899148615     Coul =  1.31179829723    
                            current damping = 0.250
 
          Norm of current diis error: 0.24077E-02
          max. resid. norm for Fia-block=  7.039D-04 for orbital      1a         
          max. resid. fock norm         =  7.039D-04 for orbital      1a         

 ITERATION  ENERGY          1e-ENERGY        2e-ENERGY     RMS[dD(SAO)]   TOL
   3  -1.1324761785324    -2.4970950686    0.65584562038    0.273D-04 0.137D-09
                           RI-K =-0.655845620379     Coul =  1.31169124076    
                            current damping = 0.100
 
          Norm of current diis error: 0.56884E-03
          max. resid. norm for Fia-block=  1.723D-04 for orbital      1a         
          max. resid. fock norm         =  1.723D-04 for orbital      1a         

 ITERATION  ENERGY          1e-ENERGY        2e-ENERGY     RMS[dD(SAO)]   TOL
   4  -1.1324761967772    -2.4970822340    0.65583276755    0.760D-05 0.118D-09
                           RI-K =-0.655832767554     Coul =  1.31166553511    
                            current damping = 0.100
 
          Norm of current diis error: 0.61339E-04
          max. resid. norm for Fia-block=  1.901D-05 for orbital      1a         
          max. resid. fock norm         =  1.901D-05 for orbital      1a         

 ENERGY & DENSITY CONVERGED !


 ITERATION  ENERGY          1e-ENERGY        2e-ENERGY     RMS[dD(SAO)]   TOL
   5  -1.1324761969985    -2.4970814077    0.65583194094    0.880D-06 0.109D-09
                           RI-K =-0.655831940941     Coul =  1.31166388188    
                            current damping = 0.100
 
          Norm of current diis error: 0.63467E-05
          max. resid. norm for Fia-block=  2.034D-06 for orbital      1a         
          max. resid. fock norm         =  2.034D-06 for orbital      1a         

 End of SCF iterations

   convergence criteria satisfied after     5 iterations


                  ------------------------------------------ 
                 |  total energy      =     -1.13247619700  |
                  ------------------------------------------ 
                 :  kinetic energy    =      1.11674954667  :
                 :  potential energy  =     -2.24922574367  :
                 :  virial theorem    =      1.98611304117  :
                 :  wavefunction norm =      1.00000000000  :
                  .......................................... 


 orbitals $scfmo  will be written to file mos

    irrep                  1a          2a          3a          4a          5a   
 eigenvalues H         -0.59271     0.16622     0.30910     0.64613     1.42102
            eV         -16.1286      4.5232      8.4111     17.5823     38.6682
 occupation              2.0000

    irrep                  6a          7a          8a          9a         10a   
 eigenvalues H          1.42102     1.88818     2.21669     2.21669     2.28214
            eV          38.6682     51.3804     60.3197     60.3197     62.1006
 
 
 
 
 ==============================================================================
                           electrostatic moments
 ==============================================================================

 reference point for electrostatic moments:    0.00000   0.00000   0.00000

 
              nuc           elec       ->  total
 ------------------------------------------------------------------------------
                          charge      
 ------------------------------------------------------------------------------
           2.000000      -2.000000      -0.000000
 
 ------------------------------------------------------------------------------
                       dipole moment  
 ------------------------------------------------------------------------------
   x       0.000000      -0.000000      -0.000000
   y       0.000000       0.000000       0.000000
   z       3.779452      -3.779452      -0.000000
 
   | dipole moment | =     0.0000 a.u. =     0.0000 debye 
 
 ------------------------------------------------------------------------------
                     quadrupole moment
 ------------------------------------------------------------------------------
  xx       0.000000      -1.551837      -1.551837
  yy       0.000000      -1.551837      -1.551837
  zz       8.137433      -9.254072      -1.116639
  xy       0.000000       0.000000       0.000000
  xz       0.000000      -0.000000      -0.000000
  yz       0.000000       0.000000       0.000000
 
     1/3  trace=      -1.406771
     anisotropy=       0.435198
 
 ==============================================================================
 
HOMO-LUMO Separation
 HOMO         :   -0.59270884 H =    -16.12844 eV
 LUMO         :    0.16622410 H =     +4.52319 eV
 HOMO-LUMO gap:    0.75893293 H =    +20.65163 eV
 
 ==============================================================================


    ------------------------------------------------------------------------
         total  cpu-time :   6.09 seconds
         total wall-time :   0.70 seconds
    ------------------------------------------------------------------------

   ****  ridft : all done  ****


    2025-11-25 11:48:54.464 

 ridft ended normally
