
   OpenMP run-time library returned nthreads = 16

 ricc2 (u-0-8.local) : TURBOMOLE rev. V7-9 compiled 8 Oct 2024 at 13:22:58
 Copyright (C) 2024 TURBOMOLE GmbH, Karlsruhe


    2025-11-25 11:48:55.273 



                              R I C C 2 - PROGRAM

                          the quantum chemistry groups
                             at the universities in
                               Karlsruhe & Bochum
                                   Germany



   *-----------------------------------------------------------------------*
   |                     program will use 16 thread(s)                     |
   *-----------------------------------------------------------------------*


              +--------------------------------------------------+
              | Atomic coordinate, charge and isotop information |
              +--------------------------------------------------+

                    atomic coordinates            atom    charge  isotop
          0.00000000    0.00000000    1.18428191    h      1.000     0
          0.00000000    0.00000000    2.59517034    h      1.000     0
 
       center of nuclear mass  :    0.00000000    0.00000000    1.88972612
       center of nuclear charge:    0.00000000    0.00000000    1.88972612

              +--------------------------------------------------+
              |               basis set information              |
              +--------------------------------------------------+

              we will work with the 1s 3p 5d 7f 9g ... basis set
              ...i.e. with spherical basis functions...

   type   atoms  prim   cont   basis
   ---------------------------------------------------------------------------
    h        2      8      6   def2-TZVP   [3s1p|5s1p]
   ---------------------------------------------------------------------------
   total:    2     16     12
   ---------------------------------------------------------------------------

   total number of primitive shells          :    6
   total number of contracted shells         :    8
   total number of cartesian basis functions :   12
   total number of SCF-basis functions       :   12


 symmetry group of the molecule :   c1 

 the group has the following generators :
   c1(z)

    1 symmetry operations found

 there are 1 real representations :   a   


   =========================================================================


     restricted closed shell calculation for the wavefunction models:
               MP2        - Second Order Moeller Plesset PT


     global parameters for ricc2 program:

        hard restart (reuse of interm.) :  disabled
        soft restart (reuse of vectors) :  enabled 
        threshold for vector function   :     1.000E-06
        convergence threshold energy    :     1.000E-07
        linear dependence threshold     :     1.000E-14
        global print level              :      1
        maximum number of iterations    :   100
        maximum number DIIS vectors     :    10
        max. dim. of reduced space      :   100
        core memory limit (MB)          :  8000
                ... per thread (MB)     :   500


     MP2 energy only: Energy will be calculated directly from T2 amplitudes!
 

     Scratch Directory : /state/partition2/vallet/1092455.phlam-s-sakura/


   =========================================================================

    der. integral neglect threshold  :  0.10E-07
    integral neglect threshold       :  0.28E-09
    integral storage threshold THIZE :  0.10E-04
    integral storage threshold THIME :         5


                  +---------------------------------------------+
                  | RI-SCF/CPHF auxiliary basis set information |
                  +---------------------------------------------+

              we will work with the 1s 3p 5d 7f 9g ... basis set
              ...i.e. with spherical basis functions...

   type   atoms  prim   cont   basis
   ---------------------------------------------------------------------------
    h        2     20     18   def2-TZVP   [2s2p2d|4s2p2d]
   ---------------------------------------------------------------------------
   total:    2     40     36
   ---------------------------------------------------------------------------

   total number of primitive shells          :    8
   total number of contracted shells         :   12
   total number of cartesian basis functions :   40
   total number of SCF-basis functions       :   36


                  +------------------------------------------+
                  |     Auxiliary basis set information      |
                  +------------------------------------------+

              we will work with the 1s 3p 5d 7f 9g ... basis set
              ...i.e. with spherical basis functions...

   type   atoms  prim   cont   basis
   ---------------------------------------------------------------------------
    h        2     23     15   def2-TZVP   [4s2p1d|4s3p2d]
   ---------------------------------------------------------------------------
   total:    2     46     30
   ---------------------------------------------------------------------------

   total number of primitive shells          :    9
   total number of contracted shells         :   14
   total number of cartesian basis functions :   32
   total number of SCF-basis functions       :   30


 maximum number of shells which are related by symmetry :  1


 The symmetry information takes   1 MB

*---------------------------------------------------------------------*
|               simplified C1 algorithm will be applied               |
*---------------------------------------------------------------------*
  MOs are in ASCII format !


 reading orbital data $scfmo  from file mos
 orbital characterization : scfconv=7


   Molecular Orbital Statistic:
   ============================

   -----------------------------
   orbitals in total:
   -----------------------------
    frozen occupied :      0
    active occupied :      1
    active virtual  :     11
    frozen virtual  :      0
    all together    :     12
   -----------------------------


     time in riccmos       cpu:  0.01 sec    wall:  0.00 sec    ratio:  4.1

     total memory allocated for calculation of (Q|P)**(-1/2) : 1 MiB


     calculation of (P|Q) ...
     time in lp2sym        cpu:  0.13 sec    wall:  0.01 sec    ratio: 12.8


     calculation of the Cholesky decomposition of (P|Q)**(-1) ...
     time in invmetri      cpu:  0.17 sec    wall:  0.01 sec    ratio: 12.1

   threshold for RMS(d[D]) in SCF was     :  0.10E-06
   integral neglect threshold             :  0.28E-09
   derivative integral neglect threshold  :  0.10E-07


   =========================================================================

     Energy of reference wave function is      -1.1324761969990
     Maximum orbital residual is           0.2034345058447E-05


     Number of symmetry-nonredundant auxiliary basis functions:       30

     Block lengths for integral files:
        frozen occupied (BOI):        0 MiB
        active occupied (BJI):        1 MiB
        active virtual  (BAI):        1 MiB
        frozen virtual  (BGI):        0 MiB
               general  (BTI):        1 MiB

   =========================================================================




   **************************************************************************
   *                                                                        *
   *          OPTIMIZATION OF THE GROUND STATE CLUSTER AMPLITUDES           *
   *                                                                        *
   **************************************************************************


   Iter.   MP2 energy       Norm(Omega)   Norm(t1)  Norm(t2)     cpu    wall
   ...........................................................................
    1     -1.1602281815     ------          0.00000   0.05458    0.00    0.00
   ...........................................................................


     time in total         cpu:  0.25 sec    wall:  0.02 sec    ratio: 15.0


     **********************************************************************
     *                                                                    *
     *   RHF  energy                             :     -1.1324761970      *
     *   MP2 correlation energy (doubles)        :     -0.0277519845      *
     *                                                                    *
     *   Final MP2 energy                        :     -1.1602281815      *
     *                                                                    *
     *    E(S)   =     -0.0277519845      E(T)   =      0.0000000000      *
     *    E(OS)  =     -0.0277519845      E(SS)  =      0.0000000000      *
     *                                                                    *
     *   SCS-MP2 energy                          :     -1.1657785784      *
     *   (computed with  C(OS) =   1.2000  and  C(SS) =   0.3333)         *
     *                                                                    *
     *   SOS-MP2 energy                          :     -1.1685537768      *
     *   (computed with  C(OS) =   1.3000)                                *
     *                                                                    *
     *   Norm of MP1 T2 amplitudes               :      0.0545776063      *
     *                                                                    *
     **********************************************************************



    ------------------------------------------------------------------------
         total  cpu-time :   3.35 seconds
         total wall-time :   0.58 seconds
    ------------------------------------------------------------------------

   ****  ricc2 : all done  ****


    2025-11-25 11:48:55.703 

 ricc2 ended normally
