
  ========================================================================
                license information 
 Customer : 200000000019588
 ID       : LKO3533017

 License file is VALID, continuing with full version
  ========================================================================

   OpenMP run-time library returned nthreads = 16

 ridft (u-0-13.local) : TURBOMOLE rev. V7-9 compiled 8 Oct 2024 at 18:07:07
 Copyright (C) 2024 TURBOMOLE GmbH, Karlsruhe


    2025-11-18 14:55:47.117 



                                  r i d f t

                        DFT program with RI approximation 
                                for coulomb part 





                                 References:     
                                                 
          TURBOMOLE:                             
              R. Ahlrichs, M. Baer, M. Haeser, H. Horn, and
              C. Koelmel
              Electronic structure calculations on workstation
              computers: the program system TURBOMOLE
              Chem. Phys. Lett. 162: 165 (1989)
          Density Functional:                              
              O. Treutler and R. Ahlrichs                      
              Efficient Molecular Numerical Integration Schemes
              J. Chem. Phys. 102: 346 (1995)                   
          Parallel Version:                                
              Performance of parallel TURBOMOLE for Density    
              Functional Calculations                          
              M. v. Arnim and R. Ahlrichs                      
              J. Comp. Chem. 19: 1746 (1998)                   
          RI-J Method:                                     
              Auxiliary Basis Sets to approximate Coulomb      
              Potentials                                       
              Chem. Phys. Lett. 240: 283 (1995)                
              K. Eichkorn, O. Treutler, H. Oehm, M. Haeser     
              and R. Ahlrichs                                  
              Chem. Phys. Lett. 242: 652 (1995)                
                                                           
              Auxiliary Basis Sets for Main Row Atoms and their
              Use to approximate Coulomb Potentials            
              K. Eichkorn, F. Weigend, O. Treutler and         
              R. Ahlrichs                                      
              Theo. Chem. Acc. 97: 119 (1997)                  
                                                           
              Accurate Coulomb-fitting basis sets for H to Rn 
              F. Weigend                                       
              Phys. Chem. Chem. Phys. 8: 1057 (2006)           
                                                           
          Multipole accelerated RI-J (MARI-J):             
              Fast evaluation of the Coulomb potential for     
              electron densities using multipole accelerated   
              resolution of identity approximation             
              M. Sierka, A. Hogekamp and R. Ahlrichs           
              J. Chem. Phys. 118: 9136 (2003)                  
          RI-JK Method:                                     
              A fully direct RI-HF algorithm: Implementation,
              optimised auxiliary basis sets, demonstration of
              accuracy and efficiency                         
              F. Weigend                                      
              Phys. Chem. Chem. Phys. 4: 4285 (2002)           
          Two-component HF and DFT with spin-orbit coupling:  
              Self-consistent treatment of spin-orbit         
              interactions with efficient Hartree-Fock and    
              density functional methods                      
              M. K. Armbruster, F. Weigend, C. van Wüllen and 
              W. Klopper                                      
              Phys. Chem. Chem. Phys. 10: 1748 (2008)         
          Two-component difference density and DIIS algorithm 
              Efficient two-component self-consistent field   
              procedures and gradients: implementation in     
              TURBOMOLE and application to Au20-              
              A. Baldes, F. Weigend                           
              Mol. Phys. 111: 2617 (2013)                     
          Relativistic current density functional theory      
              Current density functional framework for        
              spin-orbit coupling                             
              C. Holzer, Y. J. Franzke, A. Pausch             
              J. Chem. Phys. 157: 204102 (2022)               
          Relativistic all-electron 2c calculations           
              An efficient implementation of two-component    
              relativistic exact-decoupling methods for large 
              molecules                                       
              D. Peng, N. Middendorf, F. Weigend, M. Reiher   
              J. Chem. Phys. 138: 184105 (2013)               
          Finite nucleus model and SNSO approximation         
              Efficient implementation of one- and two-       
              component analytical energy gradients in exact  
              two-component theory                            
              Y. J. Franzke, N. Middendorf, F. Weigend        
              J. Chem. Phys. 148: 104110 (2018)               
          Grids for all-electron relativistic methods         
              Error-consistent segmented contracted all-      
              electron relativistic basis sets of double-     
              and triple-zeta quality for NMR shielding       
              constants                                       
              Y. J. Franzke, R. Tress, T. M. Pazdera,         
              F. Weigend                                      
              Phys. Chem. Chem. Phys. 21: 166658 (2019)       
          Seminumerical exchange algorithms                   
              Seminumerical calculation of the Hartree-Fock   
              exchange matirx: Application to two-component   
              procedures and efficient evaluation of local    
              hybrid functionsl                               
              P. Plessow, F. Weigend,                         
              J. Comput. Chem. 33: 810 (2012)                 
          Improved seminumerical algorithms                   
              C. Holzer,                                      
              J. Chem. Phys. 153 (2020), 184115               






          OpenMP Shared-Memory Parallelization: 16 CPUs.

            By: Christof Holzer and Yannick J. Franzke


              +--------------------------------------------------+
              |      general information about current run       |
              +--------------------------------------------------+

 

 DENSITY CONVERGENCE CHECK SWITCHED ON !
 SCF CONVERGENCE IF RMS(delta[D]) <     0.1000000000E-06

 A HF calculation using the RI-JK approximation will be carried out.
 Allocatable memory for RI due to $ricore (MB):                  4000


              +--------------------------------------------------+
              | Atomic coordinate, charge and isotop information |
              +--------------------------------------------------+

                    atomic coordinates            atom    charge  isotop
          3.98263560   -0.49425598   -0.39353547    u     92.000     0
         -3.93026562   -0.36555240    0.31295754    u     92.000     0
          4.01004797   -1.42326424   -3.61389901    o      8.000     0
          4.24027519    0.41591171    2.82413522    o      8.000     0
         -4.38556490    0.62927313   -2.85604703    o      8.000     0
         -3.71992210   -1.39328184    3.49502579    o      8.000     0
          0.01684313   -0.22761373   -0.18253432    o      8.000     0
          8.49434728   -2.44957639   -0.24460048    n      7.000     0
          8.77943325   -4.94225743   -0.46412241    c      6.000     0
          7.06221077   -6.03336450   -0.67508576    h      1.000     0
         11.11625157   -6.11164641   -0.41043907    c      6.000     0
         11.24250039   -8.14389757   -0.60116723    h      1.000     0
         13.24660219   -4.62251388   -0.12049839    c      6.000     0
         15.11474575   -5.45902949   -0.08074989    h      1.000     0
         12.96312437   -2.03241368    0.09635525    c      6.000     0
         14.60899646   -0.83544036    0.27763289    h      1.000     0
         10.55127637   -0.99589890    0.02721395    c      6.000     0
          7.86384582    2.59081263   -0.58896338    n      7.000     0
         10.12405276    1.75219375    0.17736969    c      6.000     0
         11.97848635    3.38891767    1.06079587    c      6.000     0
         13.77429876    2.67430451    1.71945424    h      1.000     0
         11.47051285    5.94844966    1.13524919    c      6.000     0
         12.86722077    7.26043360    1.85412935    h      1.000     0
          9.16115793    6.81622890    0.28105519    c      6.000     0
          8.73437840    8.81276613    0.32334915    h      1.000     0
          7.39525044    5.07841030   -0.59048272    c      6.000     0
          3.22404473    4.03557250   -1.98365496    n      7.000     0
          4.92451479    5.87290408   -1.60172619    c      6.000     0
          4.39564092    8.37253175   -2.20747790    c      6.000     0
          5.78771711    9.83707328   -1.91016540    h      1.000     0
          2.07132314    8.97159950   -3.24430260    c      6.000     0
          1.62924817   10.91308711   -3.72036618    h      1.000     0
          0.34555154    7.05628081   -3.68425352    c      6.000     0
         -1.48690643    7.42641580   -4.51328771    h      1.000     0
          1.00403984    4.61584503   -3.02371676    c      6.000     0
         -0.29392989    3.06153774   -3.30288978    h      1.000     0
         -2.94628334    4.11205539    1.95011988    n      7.000     0
         -0.68460620    4.59056806    2.94855668    c      6.000     0
          0.54406727    2.97992802    3.22182808    h      1.000     0
          0.10161057    7.00086459    3.58180390    c      6.000     0
          1.96365977    7.28711086    4.37761482    h      1.000     0
         -1.53657222    8.99496974    3.15733362    c      6.000     0
         -0.99248038   10.91555509    3.61214913    h      1.000     0
         -3.90685003    8.50224822    2.16850608    c      6.000     0
         -5.23670321   10.02773341    1.89050091    h      1.000     0
         -4.56429330    6.02715864    1.59127979    c      6.000     0
         -7.67926682    2.87761447    0.73938747    n      7.000     0
         -7.09372763    5.33722908    0.65397374    c      6.000     0
         -8.79530128    7.13253693   -0.22821844    c      6.000     0
         -8.27226666    9.10334553   -0.34670238    h      1.000     0
        -11.16667135    6.35116730   -0.99405641    c      6.000     0
        -12.51823371    7.70698344   -1.71803884    h      1.000     0
        -11.79644337    3.82278745   -0.82207811    c      6.000     0
        -13.64463142    3.17617419   -1.40220324    h      1.000     0
         -9.99574980    2.12667888    0.05962842    c      6.000     0
         -8.53177708   -2.11338655    0.60639044    n      7.000     0
        -10.53657808   -0.59110066    0.32780701    c      6.000     0
        -12.98951251   -1.52600865    0.38272245    c      6.000     0
        -14.58850238   -0.27059177    0.17777787    h      1.000     0
        -13.36965548   -4.08551607    0.75800127    c      6.000     0
        -15.26994896   -4.84501779    0.81750875    h      1.000     0
        -11.29289372   -5.64230458    1.08453461    c      6.000     0
        -11.49547047   -7.65128376    1.40910830    h      1.000     0
         -8.91001521   -4.57224716    0.99226117    c      6.000     0
         -7.23407003   -5.72195842    1.22242604    h      1.000     0
          3.21822249   -4.72199284    0.91750928    o      8.000     0
          2.14821987   -5.52124872    3.49089485    s     16.000     0
          4.66715110   -7.16651043    4.97593235    c      6.000     0
          5.35828063   -8.63968800    3.71217422    h      1.000     0
          3.93816279   -7.96518995    6.73163720    h      1.000     0
          6.13540026   -5.78071757    5.38237842    h      1.000     0
          0.12609576   -8.09069800    2.76352037    c      6.000     0
         -1.44455767   -7.31454590    1.68046352    h      1.000     0
         -0.54628203   -8.87891788    4.54638059    h      1.000     0
          1.17334229   -9.48969248    1.67137961    h      1.000     0
         -3.59304211   -4.57460554   -1.19011172    o      8.000     0
         -3.69190124   -5.55918875   -3.91613803    s     16.000     0
         -0.48659314   -6.02476625   -4.78068395    c      6.000     0
          0.43328963   -7.21151237   -3.37076685    h      1.000     0
          0.39675556   -4.16780798   -4.87413847    h      1.000     0
         -0.47517163   -6.91715351   -6.63951305    h      1.000     0
         -4.64877540   -8.75596852   -3.57962505    c      6.000     0
         -3.39849480   -9.69790818   -2.24009080    h      1.000     0
         -4.54688137   -9.63194351   -5.44333154    h      1.000     0
         -6.59523110   -8.74283681   -2.90896125    h      1.000     0
 
       center of nuclear mass  :    0.00005115   -0.01234354   -0.00443049
       center of nuclear charge:   -0.00000014   -0.00000008    0.00000012

              +--------------------------------------------------+
              |               basis set information              |
              +--------------------------------------------------+

              we will work with the 1s 3p 5d 7f 9g ... basis set
              ...i.e. with spherical basis functions...

   type   atoms  prim   cont   basis
   ---------------------------------------------------------------------------
    u        2    213    117   SVP(6g)   [10s9p5d4f3g|14s13p10d8f6g]
    o        7     46     31   def2-TZVP   [5s3p2d1f|11s6p2d1f]
    n        6     46     31   def2-TZVP   [5s3p2d1f|11s6p2d1f]
    c       34     46     31   def2-TZVP   [5s3p2d1f|11s6p2d1f]
    h       34      8      6   def2-TZVP   [3s1p|5s1p]
    s        2     63     37   def2-TZVP   [5s5p2d1f|14s9p3d1f]
   ---------------------------------------------------------------------------
   total:   85   2986   1969
   ---------------------------------------------------------------------------

   total number of primitive shells          :  144
   total number of contracted shells         :  741
   total number of cartesian basis functions : 2284
   total number of SCF-basis functions       : 1969

  number of unique ecp types :    1

 integral neglect threshold       :  0.15E-11
 integral storage threshold THIZE :  0.10E-04
 integral storage threshold THIME :         5

 RI-JK AUXILIARY BASIS SET information:

              we will work with the 1s 3p 5d 7f 9g ... basis set
              ...i.e. with spherical basis functions...

   type   atoms  prim   cont   basis
   ---------------------------------------------------------------------------
    u        2    473    438   def-TZVPP   [15s13p14d13f9g7h5i|20s15p14d13f9g8h6i]
    o        7     97     77   def2-TZVP   [10s8p4d2f1g|14s10p6d2f1g]
    n        6     97     77   def2-TZVP   [10s8p4d2f1g|14s10p6d2f1g]
    c       34     97     75   def2-TZVP   [10s8p5d1f1g|14s10p6d2f1g]
    h       34     20     18   def2-TZVP   [2s2p2d|4s2p2d]
    s        2    139    128   def2-TZVP   [13s11p9d4f1g|16s12p10d4f1g]
   ---------------------------------------------------------------------------
   total:   85   6463   5295
   ---------------------------------------------------------------------------

   total number of primitive shells          :  235
   total number of contracted shells         : 1607
   total number of cartesian basis functions : 6605
   total number of SCF-basis functions       : 5295


 symmetry group of the molecule :   c1 

 the group has the following generators :
   c1(z)

    1 symmetry operations found

 there are 1 real representations :   a   

 maximum number of shells which are related by symmetry :  1

 ==============================================================================
                      COSMO switched on
 ==============================================================================
 COSMO stati: segments per atom: H   32 other atoms   92
 COSMO statistics: nps   2439 npspher:    957
 COSMO surface:
   number of segments: 2439
   area (bohr**2):     2106.401287
   volume (bohr**3):   5870.293542
 COSMO: check number of disjunct cavities:

       ... OK contiguous cavity found

 biggest AO integral is expected to be    25.028879086

          ------------------------
          nuclear repulsion energy  :   9940.59746929    
          ------------------------


         -----------------
         -S,T+V- integrals
         -----------------

 1e-integrals will be neglected if expon. factor < 0.146321E-12


          ----------------
          -ecp-  integrals
          ----------------
 
 Difference densities algorithm switched on.
 The maximal number of linear combinations of
 difference densities is  20.

 DIIS switched on: error vector is FDS-SDF
 Max. Iterations for DIIS is     :   5
 DIIS matrix (see manual) 
    Scaling factor of diagonals  :  1.200
    threshold for scaling factor :  0.000

 scf convergence criterion : increment of total energy < .1000000D-06
                  and increment of one-electron energy < .1000000D-03

 MOs are in ASCII format !


    mo occupation :
   irrep   mo's   occupied
    a     1969      215
 
 number of basis functions   :  1969
 number of occupied orbitals :   215
 

 reading orbital data $scfmo  from file mos
 orbital characterization : scfconv=7
 mo-orthogonalization by Cholesky decomposition

 automatic virtual orbital shift switched on 
      shift if e(lumo)-e(homo) < 0.10000000    

  
           ------------------------
               RI-JK - INFORMATION
           ------------------------
 Contributions to RI integral batches: 
  neglected integral batches:                152601
  direct contribution:                       122310
  memory contribution:                     0
 Memory core needed for (P|Q) and Cholesky    214 MByte
 Memory core minimum needed except of (P|Q)     4 MByte
 Total minimum memory core needed (sum)       218 MByte
  
 ****************************************
 Memory allocated for RI-J   218 MByte
 ****************************************
                                            
 total memory allocated for calculation of  (Q|P)**(-1/2) :  321 MiB

  forming (P|Q)**(-1/2) 
 eigenvalues of original matrix 
 smallest =0.2735602806541E-09  largest = 93.63721142085    
  The symmetry information takes                      1  MB

 DSCF restart information will be dumped onto file mos


 Starting SCF iterations

 
 BLOCKING OF MOS FOR RI-K
 
 
 occupied MOs partitioned into blocks of maximum length 43
 this requires 3973 MiB core memory.
 
            MULTIPLE PASS Statistics 
 ----------------------------------------------------
  pass       irrep     lambda      batch : MO  to  MO
 ----------------------------------------------------
   1       1  ->  1    1  -> 43             1  ->  43
   2       1  ->  1   44  -> 86            44  ->  86
   3       1  ->  1   87  ->129            87  -> 129
   4       1  ->  1  130  ->172           130  -> 172
   5       1  ->  1  173  ->215           173  -> 215



 ITERATION  ENERGY          1e-ENERGY        2e-ENERGY     RMS[dD(SAO)]   TOL
   1  -3904.6261194358    -25441.558986     11596.335397    0.000D+00 0.146D-11
                           RI-K = -390.313816078     Coul =  11986.6492129    
                          Ediel =-0.210054900016    
                            current damping = 0.300
 
          max. resid. norm for Fia-block=  7.070D-04 for orbital    181a         
          max. resid. fock norm         =  3.909D-02 for orbital   1967a         

 ITERATION  ENERGY          1e-ENERGY        2e-ENERGY     RMS[dD(SAO)]   TOL
   2  -3904.6261388016    -25441.558645     11596.335037    0.437D-05 0.925D-12
                           RI-K = -390.313823071     Coul =  11986.6488597    
                          Ediel =-0.210053272921    
                            current damping = 0.250
 
          Norm of current diis error: 0.68623E-02
          max. resid. norm for Fia-block=  2.586D-04 for orbital    131a         
          max. resid. fock norm         =  9.019D-03 for orbital   1967a         

 ITERATION  ENERGY          1e-ENERGY        2e-ENERGY     RMS[dD(SAO)]   TOL
   3  -3904.6261440729    -25441.558460     11596.334847    0.202D-05 0.719D-12
                           RI-K = -390.313823275     Coul =  11986.6486700    
                          Ediel =-0.210053721355    
                            current damping = 0.100
 
          Norm of current diis error: 0.26468E-02
          max. resid. norm for Fia-block=  1.292D-04 for orbital    190a         
          max. resid. fock norm         =  1.804D-03 for orbital   1967a         

 ITERATION  ENERGY          1e-ENERGY        2e-ENERGY     RMS[dD(SAO)]   TOL
   4  -3904.6261451194    -25441.558662     11596.335047    0.101D-05 0.611D-12
                           RI-K = -390.313827776     Coul =  11986.6488753    
                          Ediel =-0.210052324612    
                            current damping = 0.150
 
          Norm of current diis error: 0.84423E-03
          max. resid. norm for Fia-block=  7.316D-05 for orbital    190a         
          max. resid. fock norm         =  1.651D-04 for orbital   1967a         

 ITERATION  ENERGY          1e-ENERGY        2e-ENERGY     RMS[dD(SAO)]   TOL
   5  -3904.6261452522    -25441.557971     11596.334357    0.377D-06 0.564D-12
                           RI-K = -390.313824916     Coul =  11986.6481817    
                          Ediel =-0.210053644905    
                            current damping = 0.200
 
          Norm of current diis error: 0.42024E-03
          max. resid. norm for Fia-block=  4.686D-05 for orbital    190a         
          max. resid. fock norm         =  4.833D-05 for orbital    190a         
          mo-orthogonalization: Cholesky decomposition

 ITERATION  ENERGY          1e-ENERGY        2e-ENERGY     RMS[dD(SAO)]   TOL
   6  -3904.6261455033    -25441.558829     11596.335215    0.171D-06 0.538D-12
                           RI-K = -390.313826402     Coul =  11986.6490410    
                          Ediel =-0.210052517879    
                            current damping = 0.250
 
          Norm of current diis error: 0.26365E-03
          max. resid. norm for Fia-block=  3.784D-05 for orbital    190a         
          max. resid. fock norm         =  3.861D-05 for orbital    190a         

 ITERATION  ENERGY          1e-ENERGY        2e-ENERGY     RMS[dD(SAO)]   TOL
   7  -3904.6261455182    -25441.558057     11596.334442    0.110D-06 0.515D-12
                           RI-K = -390.313828018     Coul =  11986.6482703    
                          Ediel =-0.210053119848    
                            current damping = 0.300
 
          Norm of current diis error: 0.16548E-03
          max. resid. norm for Fia-block=  3.326D-05 for orbital    190a         
          max. resid. fock norm         =  3.366D-05 for orbital    190a         

 DENSITY CONVERGED !


 ITERATION  ENERGY          1e-ENERGY        2e-ENERGY     RMS[dD(SAO)]   TOL
   8  -3904.6261455270    -25441.558580     11596.334965    0.767D-07 0.492D-12
                           RI-K = -390.313825624     Coul =  11986.6487903    
                          Ediel =-0.210052950868    
                            current damping = 0.350
 
          Norm of current diis error: 0.11249E-03
          max. resid. norm for Fia-block=  2.651D-05 for orbital    190a         
          max. resid. fock norm         =  2.674D-05 for orbital    190a         

 DENSITY CONVERGED !


 ITERATION  ENERGY          1e-ENERGY        2e-ENERGY     RMS[dD(SAO)]   TOL
   9  -3904.6261455304    -25441.558264     11596.334649    0.551D-07 0.469D-12
                           RI-K = -390.313827791     Coul =  11986.6484769    
                          Ediel =-0.210053004602    
                            current damping = 0.400
 
          Norm of current diis error: 0.73380E-04
          max. resid. norm for Fia-block=  2.243D-05 for orbital    190a         
          max. resid. fock norm         =  2.257D-05 for orbital    190a         

 ENERGY & DENSITY CONVERGED !


 ITERATION  ENERGY          1e-ENERGY        2e-ENERGY     RMS[dD(SAO)]   TOL
  10  -3904.6261455327    -25441.558394     11596.334779    0.421D-07 0.447D-12
                           RI-K = -390.313826786     Coul =  11986.6486056    
                          Ediel =-0.210053005095    
                            current damping = 0.450
 
          Norm of current diis error: 0.44495E-04
          max. resid. norm for Fia-block=  1.632D-05 for orbital    190a         
          max. resid. fock norm         =  1.639D-05 for orbital    190a         

 End of SCF iterations

   convergence criteria satisfied after    10 iterations


                  ------------------------------------------ 
                 |  total energy      =  -3904.62614553267  |
                  ------------------------------------------ 
                 :  kinetic energy    =   3247.74364535942  :
                 :  potential energy  =  -7152.36979089209  :
                 :  virial theorem    =      1.83176814484  :
                 :  wavefunction norm =      1.00000000000  :
                  .......................................... 


 orbitals $scfmo  will be written to file mos

    irrep                211a        212a        213a        214a        215a   
 eigenvalues H         -0.40055    -0.36857    -0.36730    -0.32754    -0.32484
            eV         -10.8996    -10.0293     -9.9949     -8.9128     -8.8395
 occupation              2.0000      2.0000      2.0000      2.0000      2.0000

    irrep                216a        217a        218a        219a        220a   
 eigenvalues H          0.03076     0.03220     0.04359     0.04376     0.07360
            eV           0.8370      0.8763      1.1860      1.1909      2.0027
 
 ==============================================================================
                                  COSMO RESULTS
 ==============================================================================
  PARAMETER:
    nppa:      1082
    nspa:        92
    nsph:        32
    nps:       2439
    npspher:    957
    disex:   10.0000    
    disex2:  4540.72    
    rsolv [A]: 1.3000
    routf:     0.8500
    phsran:    0.0    
    ampran:   0.10E-04
    cavity:  closed
    solvent: user input
    source:  user input
    epsilon:    80.100 ( 25.0 C)
    refind:      1.300 ( 25.0 C)
    fepsi:       0.9813896
  CAVITY VOLUME/AREA [a.u.]:
    surface: V1.0, A matrix: V1.0
    area:  2106.40
    volume:  5870.29
  SCREENING CHARGE:
    cosmo      :  -2.041439
    correction :   0.041918
    total      :  -1.999521
  ENERGIES [a.u.]:
    Total energy            =     -3904.6261455326712
    Total energy + OC corr. =     -3904.6199376382
    Dielectric energy       =        -0.2100530051
    Diel. energy + OC corr. =        -0.2038451106
  ELEMENT RADIUS [A]: ATOM LIST
    u  2.22: 1,2
    o  1.72: 3-7,66,76
    n  1.83: 8,18,27,37,47,56
    c  2.00: 9,11,13,15,17,19,20,22,24,26,28,29,31,33,35,38,40,42,44,46,48,49,
             51,53,55,57,58,60,62,64,68,72,78,82
    h  1.30: 10,12,14,16,21,23,25,30,32,34,36,39,41,43,45,50,52,54,59,61,63,65,
             69-71,73-75,79-81,83-85
    s  2.16: 67,77
 ==============================================================================
 
 
 
 ==============================================================================
                           electrostatic moments
 ==============================================================================

 reference point for electrostatic moments:    0.00000   0.00000   0.00000

 
              nuc           elec       ->  total
 ------------------------------------------------------------------------------
                          charge      
 ------------------------------------------------------------------------------
         432.000000    -430.000000       2.000000
 
 ------------------------------------------------------------------------------
                       dipole moment  
 ------------------------------------------------------------------------------
   x      -3.142276       3.152990       0.010714
   y      51.588459     -52.596623      -1.008164
   z       4.834743      -4.721404       0.113339
 
   | dipole moment | =     1.0146 a.u. =     2.5788 debye 
 
 ------------------------------------------------------------------------------
                     quadrupole moment
 ------------------------------------------------------------------------------
  xx   21095.799624  -21161.206852     -65.407228
  yy   10663.620197  -10769.874141    -106.253944
  zz    2145.022466   -2411.625719    -266.603253
  xy      31.904067     -28.733105       3.170963
  xz     167.838380    -146.514383      21.323997
  yz      -4.806454       4.133816      -0.672639
 
     1/3  trace=    -146.088141
     anisotropy=     187.951480
 
 ==============================================================================
 
HOMO-LUMO Separation
 HOMO         :   -0.32484380 H =     -8.83945 eV
 LUMO         :    0.03075886 H =     +0.83699 eV
 HOMO-LUMO gap:    0.35560265 H =     +9.67645 eV
 
 ==============================================================================


    ------------------------------------------------------------------------
         total  cpu-time :   2 days 13 hours 28 minutes and  0 seconds
         total wall-time :  4 hours 19 minutes and 14 seconds
    ------------------------------------------------------------------------

   ****  ridft : all done  ****


    2025-11-18 19:15:00.803 

 ridft ended normally
