
  ========================================================================
                license information 
 Customer : 200000000019588
 ID       : LKO3533017

 License file is VALID, continuing with full version
  ========================================================================

   OpenMP run-time library returned nthreads =  4

 ridft (u-0-13.local) : TURBOMOLE rev. V7-9 compiled 8 Oct 2024 at 18:07:07
 Copyright (C) 2024 TURBOMOLE GmbH, Karlsruhe


    2025-11-21 12:01:30.762 



                                  r i d f t

                        DFT program with RI approximation 
                                for coulomb part 





                                 References:     
                                                 
          TURBOMOLE:                             
              R. Ahlrichs, M. Baer, M. Haeser, H. Horn, and
              C. Koelmel
              Electronic structure calculations on workstation
              computers: the program system TURBOMOLE
              Chem. Phys. Lett. 162: 165 (1989)
          Density Functional:                              
              O. Treutler and R. Ahlrichs                      
              Efficient Molecular Numerical Integration Schemes
              J. Chem. Phys. 102: 346 (1995)                   
          Parallel Version:                                
              Performance of parallel TURBOMOLE for Density    
              Functional Calculations                          
              M. v. Arnim and R. Ahlrichs                      
              J. Comp. Chem. 19: 1746 (1998)                   
          RI-J Method:                                     
              Auxiliary Basis Sets to approximate Coulomb      
              Potentials                                       
              Chem. Phys. Lett. 240: 283 (1995)                
              K. Eichkorn, O. Treutler, H. Oehm, M. Haeser     
              and R. Ahlrichs                                  
              Chem. Phys. Lett. 242: 652 (1995)                
                                                           
              Auxiliary Basis Sets for Main Row Atoms and their
              Use to approximate Coulomb Potentials            
              K. Eichkorn, F. Weigend, O. Treutler and         
              R. Ahlrichs                                      
              Theo. Chem. Acc. 97: 119 (1997)                  
                                                           
              Accurate Coulomb-fitting basis sets for H to Rn 
              F. Weigend                                       
              Phys. Chem. Chem. Phys. 8: 1057 (2006)           
                                                           
          Multipole accelerated RI-J (MARI-J):             
              Fast evaluation of the Coulomb potential for     
              electron densities using multipole accelerated   
              resolution of identity approximation             
              M. Sierka, A. Hogekamp and R. Ahlrichs           
              J. Chem. Phys. 118: 9136 (2003)                  
          RI-JK Method:                                     
              A fully direct RI-HF algorithm: Implementation,
              optimised auxiliary basis sets, demonstration of
              accuracy and efficiency                         
              F. Weigend                                      
              Phys. Chem. Chem. Phys. 4: 4285 (2002)           
          Two-component HF and DFT with spin-orbit coupling:  
              Self-consistent treatment of spin-orbit         
              interactions with efficient Hartree-Fock and    
              density functional methods                      
              M. K. Armbruster, F. Weigend, C. van Wüllen and 
              W. Klopper                                      
              Phys. Chem. Chem. Phys. 10: 1748 (2008)         
          Two-component difference density and DIIS algorithm 
              Efficient two-component self-consistent field   
              procedures and gradients: implementation in     
              TURBOMOLE and application to Au20-              
              A. Baldes, F. Weigend                           
              Mol. Phys. 111: 2617 (2013)                     
          Relativistic current density functional theory      
              Current density functional framework for        
              spin-orbit coupling                             
              C. Holzer, Y. J. Franzke, A. Pausch             
              J. Chem. Phys. 157: 204102 (2022)               
          Relativistic all-electron 2c calculations           
              An efficient implementation of two-component    
              relativistic exact-decoupling methods for large 
              molecules                                       
              D. Peng, N. Middendorf, F. Weigend, M. Reiher   
              J. Chem. Phys. 138: 184105 (2013)               
          Finite nucleus model and SNSO approximation         
              Efficient implementation of one- and two-       
              component analytical energy gradients in exact  
              two-component theory                            
              Y. J. Franzke, N. Middendorf, F. Weigend        
              J. Chem. Phys. 148: 104110 (2018)               
          Grids for all-electron relativistic methods         
              Error-consistent segmented contracted all-      
              electron relativistic basis sets of double-     
              and triple-zeta quality for NMR shielding       
              constants                                       
              Y. J. Franzke, R. Tress, T. M. Pazdera,         
              F. Weigend                                      
              Phys. Chem. Chem. Phys. 21: 166658 (2019)       
          Seminumerical exchange algorithms                   
              Seminumerical calculation of the Hartree-Fock   
              exchange matirx: Application to two-component   
              procedures and efficient evaluation of local    
              hybrid functionsl                               
              P. Plessow, F. Weigend,                         
              J. Comput. Chem. 33: 810 (2012)                 
          Improved seminumerical algorithms                   
              C. Holzer,                                      
              J. Chem. Phys. 153 (2020), 184115               






          OpenMP Shared-Memory Parallelization:  4 CPUs.

            By: Christof Holzer and Yannick J. Franzke


              +--------------------------------------------------+
              |      general information about current run       |
              +--------------------------------------------------+

 
 B-P86 functional
 exchange:    LDA + Becke (B88)
 correlation: LDA (VWN) + Perdew (P86)
 A DFT calculation using the RI-J approximation will be carried out.
 Allocatable memory for RI due to $ricore (MB):                   500


              +--------------------------------------------------+
              | Atomic coordinate, charge and isotop information |
              +--------------------------------------------------+

                    atomic coordinates            atom    charge  isotop
          0.00000000    0.00000000    1.18428191    h      1.000     0
          0.00000000    0.00000000    2.59517034    h      1.000     0
 
       center of nuclear mass  :    0.00000000    0.00000000    1.88972612
       center of nuclear charge:    0.00000000    0.00000000    1.88972612

              +--------------------------------------------------+
              |               basis set information              |
              +--------------------------------------------------+

              we will work with the 1s 3p 5d 7f 9g ... basis set
              ...i.e. with spherical basis functions...

   type   atoms  prim   cont   basis
   ---------------------------------------------------------------------------
    h        2      8      6   def-TZVP   [3s1p|5s1p]
   ---------------------------------------------------------------------------
   total:    2     16     12
   ---------------------------------------------------------------------------

   total number of primitive shells          :    6
   total number of contracted shells         :    8
   total number of cartesian basis functions :   12
   total number of SCF-basis functions       :   12


 integral neglect threshold       :  0.28E-09
 integral storage threshold THIZE :  0.10E-04
 integral storage threshold THIME :         5

 RI-J AUXILIARY BASIS SET information:

              we will work with the 1s 3p 5d 7f 9g ... basis set
              ...i.e. with spherical basis functions...

   type   atoms  prim   cont   basis
   ---------------------------------------------------------------------------
    h        2     10      9   def-TZVP   [3s2p|4s2p]
   ---------------------------------------------------------------------------
   total:    2     20     18
   ---------------------------------------------------------------------------

   total number of primitive shells          :    6
   total number of contracted shells         :   10
   total number of cartesian basis functions :   18
   total number of SCF-basis functions       :   18


 symmetry group of the molecule :   c1 

 the group has the following generators :
   c1(z)

    1 symmetry operations found

 there are 1 real representations :   a   

 maximum number of shells which are related by symmetry :  1

 ==============================================================================
                      COSMO switched on
 ==============================================================================
 COSMO stati: segments per atom: H   32 other atoms   92
 COSMO statistics: nps     65 npspher:     44
 COSMO surface:
   number of segments:   65
   area (bohr**2):       97.549806
   volume (bohr**3):     88.142434
 COSMO: check number of disjunct cavities:

       ... OK contiguous cavity found
  
           ------------------
           density functional
           ------------------
 B-P86 functional
 exchange:    LDA + Becke (B88)
 correlation: LDA (VWN) + Perdew (P86)
 iterations will be done with small grid
  
 spherical integration : Lebedev's spherical grid
 spherical gridsize    :                     4
    i.e. gridpoints    :                   434
  maximum batchsize    :                   100
 value for diffuse not defined
 radial integration    : Chebyshev 2nd kind (scaling 3)
 radial gridsize       :                     6
 integration cells     :                     2
 partition function    : becke
 partition sharpness   :                     3
  

 biggest AO integral is expected to be     1.396250015

          ------------------------
          nuclear repulsion energy  :  0.708773269716    
          ------------------------


         -----------------
         -S,T+V- integrals
         -----------------

 1e-integrals will be neglected if expon. factor < 0.278497E-10
 
 Difference densities algorithm switched on.
 The maximal number of linear combinations of
 difference densities is  20.

 DIIS switched on: error vector is FDS-SDF
 Max. Iterations for DIIS is     :   4
 DIIS matrix (see manual) 
    Scaling factor of diagonals  :  1.200
    threshold for scaling factor :  0.000

 scf convergence criterion : increment of total energy < .1000000D-06
                  and increment of one-electron energy < .1000000D-03

 MOs are in ASCII format !


    mo occupation :
   irrep   mo's   occupied
    a       12        1
 
 number of basis functions   :    12
 number of occupied orbitals :     1
 

 reading orbital data $scfmo  from file mos
 orbital characterization : scfconv=7
 mo-orthogonalization by Cholesky decomposition

 automatic virtual orbital shift switched on 
      shift if e(lumo)-e(homo) < 0.10000000    

  
           ------------------------
               RI-J - INFORMATION
           ------------------------
 Contributions to RI integral batches: 
  neglected integral batches:                     0
  direct contribution:                            0
  memory contribution:                    36
 Memory core needed for (P|Q) and Cholesky      1 MByte
 Memory core minimum needed except of (P|Q)     1 MByte
 Total minimum memory core needed (sum)         1 MByte
  
 ****************************************
 Memory allocated for RI-J     1 MByte
 ****************************************
                                            

 DSCF restart information will be dumped onto file mos


 Starting SCF iterations

          Overall gridpoints after grid construction =          3660

 ITERATION  ENERGY          1e-ENERGY        2e-ENERGY     NORM[dD(SAO)]  TOL
   1  -1.1771900560973    -2.4974964450    0.61153311920    0.000D+00 0.278D-09
                            Exc =-0.700146963149     Coul =  1.31168008235    
                              N = 1.9999963180    
                          Ediel =-0.403310464743E-03
                            current damping = 0.300
 
          max. resid. norm for Fia-block=  2.774D-02 for orbital      1a         
          max. resid. fock norm         =  1.162D-01 for orbital      4a         

 ITERATION  ENERGY          1e-ENERGY        2e-ENERGY     NORM[dD(SAO)]  TOL
   2  -1.1777287108161    -2.4973344562    0.61083247564    0.212D-01 0.178D-09
                            Exc =-0.701244895699     Coul =  1.31207737134    
                              N = 1.9999961043    
                          Ediel =-0.364095343833E-03
                            current damping = 0.250
 
          Norm of current diis error: 0.19030E-01
          max. resid. norm for Fia-block=  8.219D-03 for orbital      1a         
          max. resid. fock norm         =  2.938D-02 for orbital      4a         

 ITERATION  ENERGY          1e-ENERGY        2e-ENERGY     NORM[dD(SAO)]  TOL
   3  -1.1777768238111    -2.4968640794    0.61031398584    0.620D-03 0.139D-09
                            Exc =-0.701328741173     Coul =  1.31164272701    
                              N = 1.9999960097    
                          Ediel =-0.352062009637E-03
                            current damping = 0.100
 
          Norm of current diis error: 0.40290E-02
          max. resid. norm for Fia-block=  1.806D-03 for orbital      1a         
          max. resid. fock norm         =  6.079D-03 for orbital      4a         

 ITERATION  ENERGY          1e-ENERGY        2e-ENERGY     NORM[dD(SAO)]  TOL
   4  -1.1777791778308    -2.4967868937    0.61023444612    0.537D-04 0.127D-09
                            Exc =-0.701401432676     Coul =  1.31163587880    
                              N = 1.9999959878    
                          Ediel =-0.349288471614E-03
                            current damping = 0.100
 
          Norm of current diis error: 0.38563E-03
          max. resid. norm for Fia-block=  1.719D-04 for orbital      1a         
          max. resid. fock norm         =  5.453D-04 for orbital      4a         

 ENERGY CONVERGED !

          Overall gridpoints after grid construction =         16150

 ITERATION  ENERGY          1e-ENERGY        2e-ENERGY     NORM[dD(SAO)]  TOL
   5  -1.1777795469078    -2.4967704335    0.61021761691    0.330D-05 0.121D-09
                            Exc =-0.701399979616     Coul =  1.31161759652    
                              N = 2.0000000562    
                          Ediel =-0.349016887565E-03
                            current damping = 0.100
 
          Norm of current diis error: 0.35572E-04
          max. resid. norm for Fia-block=  1.702D-05 for orbital      1a         
          max. resid. fock norm         =  5.188D-05 for orbital      4a         

 End of SCF iterations

   convergence criteria satisfied after     5 iterations


                  ------------------------------------------ 
                 |  total energy      =     -1.17777954691  |
                  ------------------------------------------ 
                 :  kinetic energy    =      1.13420710901  :
                 :  potential energy  =     -2.31198665592  :
                 :  virial theorem    =      1.96300458943  :
                 :  wavefunction norm =      1.00000000000  :
                  .......................................... 


 <geterg> : there is no data group $energy 


 <skperg> : $end is missing 


 orbitals $scfmo  will be written to file mos

    irrep                  1a          2a          3a          4a          5a   
 eigenvalues H         -0.37926     0.05116     0.19521     0.44964     1.11045
            eV         -10.3203      1.3923      5.3120     12.2353     30.2172
 occupation              2.0000

    irrep                  6a          7a          8a          9a         10a   
 eigenvalues H          1.11046     1.56366     1.88002     1.88002     1.95640
            eV          30.2173     42.5496     51.1583     51.1584     53.2367
 
 ==============================================================================
                                  COSMO RESULTS
 ==============================================================================
  PARAMETER:
    nppa:      1082
    nspa:        92
    nsph:        32
    nps:         65
    npspher:     44
    disex:   10.0000    
    disex2:  2414.04    
    rsolv [A]: 1.3000
    routf:     0.8500
    phsran:    0.0    
    ampran:   0.10E-04
    cavity:  closed
    solvent: not set
    source:  Custom values, not taken from cosmosolvent list!
    epsilon: infinity
    refind:      1.300 ( 25.0 C)
    fepsi:       1.0000000
  CAVITY VOLUME/AREA [a.u.]:
    surface: V1.0, A matrix: V1.0
    area:    97.55
    volume:    88.14
  SCREENING CHARGE:
    cosmo      :  -0.020599
    correction :   0.020181
    total      :  -0.000418
  ENERGIES [a.u.]:
    Total energy            =        -1.1777795469078
    Total energy + OC corr. =        -1.1777667347
    Dielectric energy       =        -0.0003490169
    Diel. energy + OC corr. =        -0.0003362047
  ELEMENT RADIUS [A]: ATOM LIST
    h  1.30: 1,2
 ==============================================================================
 
 
 
 ==============================================================================
                           electrostatic moments
 ==============================================================================

 reference point for electrostatic moments:    0.00000   0.00000   0.00000

 
              nuc           elec       ->  total
 ------------------------------------------------------------------------------
                          charge      
 ------------------------------------------------------------------------------
           2.000000      -2.000000      -0.000000
 
 ------------------------------------------------------------------------------
                       dipole moment  
 ------------------------------------------------------------------------------
   x       0.000000      -0.000009      -0.000009
   y       0.000000       0.000003       0.000003
   z       3.779452      -3.779455      -0.000003
 
   | dipole moment | =     0.0000 a.u. =     0.0000 debye 
 
 ------------------------------------------------------------------------------
                     quadrupole moment
 ------------------------------------------------------------------------------
  xx       0.000000      -1.557007      -1.557007
  yy       0.000000      -1.557007      -1.557007
  zz       8.137433      -9.287496      -1.150063
  xy       0.000000       0.000000       0.000000
  xz       0.000000      -0.000019      -0.000019
  yz       0.000000       0.000006       0.000006
 
     1/3  trace=      -1.421359
     anisotropy=       0.406944
 
 ==============================================================================
 
HOMO-LUMO Separation
 HOMO         :   -0.37926231 H =    -10.32026 eV
 LUMO         :    0.05116488 H =     +1.39227 eV
 HOMO-LUMO gap:    0.43042719 H =    +11.71253 eV
 
 ==============================================================================


    ------------------------------------------------------------------------
         total  cpu-time :   0.65 seconds
         total wall-time :   0.24 seconds
    ------------------------------------------------------------------------

   ****  ridft : all done  ****


    2025-11-21 12:01:30.959 

 ridft ended normally
