
  ========================================================================
                license information 
 Customer : 200000000019588
 ID       : LKO3533017

 License file is VALID, continuing with full version
  ========================================================================

   OpenMP run-time library returned nthreads =  4

 ridft (u-0-13.local) : TURBOMOLE rev. V7-9 compiled 8 Oct 2024 at 18:07:07
 Copyright (C) 2024 TURBOMOLE GmbH, Karlsruhe


    2025-11-22 10:28:32.922 



                                  r i d f t

                        DFT program with RI approximation 
                                for coulomb part 





                                 References:     
                                                 
          TURBOMOLE:                             
              R. Ahlrichs, M. Baer, M. Haeser, H. Horn, and
              C. Koelmel
              Electronic structure calculations on workstation
              computers: the program system TURBOMOLE
              Chem. Phys. Lett. 162: 165 (1989)
          Density Functional:                              
              O. Treutler and R. Ahlrichs                      
              Efficient Molecular Numerical Integration Schemes
              J. Chem. Phys. 102: 346 (1995)                   
          Parallel Version:                                
              Performance of parallel TURBOMOLE for Density    
              Functional Calculations                          
              M. v. Arnim and R. Ahlrichs                      
              J. Comp. Chem. 19: 1746 (1998)                   
          RI-J Method:                                     
              Auxiliary Basis Sets to approximate Coulomb      
              Potentials                                       
              Chem. Phys. Lett. 240: 283 (1995)                
              K. Eichkorn, O. Treutler, H. Oehm, M. Haeser     
              and R. Ahlrichs                                  
              Chem. Phys. Lett. 242: 652 (1995)                
                                                           
              Auxiliary Basis Sets for Main Row Atoms and their
              Use to approximate Coulomb Potentials            
              K. Eichkorn, F. Weigend, O. Treutler and         
              R. Ahlrichs                                      
              Theo. Chem. Acc. 97: 119 (1997)                  
                                                           
              Accurate Coulomb-fitting basis sets for H to Rn 
              F. Weigend                                       
              Phys. Chem. Chem. Phys. 8: 1057 (2006)           
                                                           
          Multipole accelerated RI-J (MARI-J):             
              Fast evaluation of the Coulomb potential for     
              electron densities using multipole accelerated   
              resolution of identity approximation             
              M. Sierka, A. Hogekamp and R. Ahlrichs           
              J. Chem. Phys. 118: 9136 (2003)                  
          RI-JK Method:                                     
              A fully direct RI-HF algorithm: Implementation,
              optimised auxiliary basis sets, demonstration of
              accuracy and efficiency                         
              F. Weigend                                      
              Phys. Chem. Chem. Phys. 4: 4285 (2002)           
          Two-component HF and DFT with spin-orbit coupling:  
              Self-consistent treatment of spin-orbit         
              interactions with efficient Hartree-Fock and    
              density functional methods                      
              M. K. Armbruster, F. Weigend, C. van Wüllen and 
              W. Klopper                                      
              Phys. Chem. Chem. Phys. 10: 1748 (2008)         
          Two-component difference density and DIIS algorithm 
              Efficient two-component self-consistent field   
              procedures and gradients: implementation in     
              TURBOMOLE and application to Au20-              
              A. Baldes, F. Weigend                           
              Mol. Phys. 111: 2617 (2013)                     
          Relativistic current density functional theory      
              Current density functional framework for        
              spin-orbit coupling                             
              C. Holzer, Y. J. Franzke, A. Pausch             
              J. Chem. Phys. 157: 204102 (2022)               
          Relativistic all-electron 2c calculations           
              An efficient implementation of two-component    
              relativistic exact-decoupling methods for large 
              molecules                                       
              D. Peng, N. Middendorf, F. Weigend, M. Reiher   
              J. Chem. Phys. 138: 184105 (2013)               
          Finite nucleus model and SNSO approximation         
              Efficient implementation of one- and two-       
              component analytical energy gradients in exact  
              two-component theory                            
              Y. J. Franzke, N. Middendorf, F. Weigend        
              J. Chem. Phys. 148: 104110 (2018)               
          Grids for all-electron relativistic methods         
              Error-consistent segmented contracted all-      
              electron relativistic basis sets of double-     
              and triple-zeta quality for NMR shielding       
              constants                                       
              Y. J. Franzke, R. Tress, T. M. Pazdera,         
              F. Weigend                                      
              Phys. Chem. Chem. Phys. 21: 166658 (2019)       
          Seminumerical exchange algorithms                   
              Seminumerical calculation of the Hartree-Fock   
              exchange matirx: Application to two-component   
              procedures and efficient evaluation of local    
              hybrid functionsl                               
              P. Plessow, F. Weigend,                         
              J. Comput. Chem. 33: 810 (2012)                 
          Improved seminumerical algorithms                   
              C. Holzer,                                      
              J. Chem. Phys. 153 (2020), 184115               






          OpenMP Shared-Memory Parallelization:  4 CPUs.

            By: Christof Holzer and Yannick J. Franzke


              +--------------------------------------------------+
              |      general information about current run       |
              +--------------------------------------------------+

 
 B-P86 functional
 exchange:    LDA + Becke (B88)
 correlation: LDA (VWN) + Perdew (P86)
 A DFT calculation using the RI-J approximation will be carried out.
 Allocatable memory for RI due to $ricore (MB):                   500


              +--------------------------------------------------+
              | Atomic coordinate, charge and isotop information |
              +--------------------------------------------------+

                    atomic coordinates            atom    charge  isotop
          0.00000000    0.00000000   -0.74539239    o      8.000     0
          1.43456480    0.00000000    0.37269620    h      1.000     0
         -1.43456480    0.00000000    0.37269620    h      1.000     0
 
       center of nuclear mass  :    0.00000000    0.00000000   -0.62027682
       center of nuclear charge:    0.00000000    0.00000000   -0.52177467

              +--------------------------------------------------+
              |               basis set information              |
              +--------------------------------------------------+

              we will work with the 1s 3p 5d 7f 9g ... basis set
              ...i.e. with spherical basis functions...

   type   atoms  prim   cont   basis
   ---------------------------------------------------------------------------
    o        1     34     19   def-TZVP   [5s3p1d|11s6p1d]
    h        2      8      6   def-TZVP   [3s1p|5s1p]
   ---------------------------------------------------------------------------
   total:    3     50     31
   ---------------------------------------------------------------------------

   total number of primitive shells          :   24
   total number of contracted shells         :   17
   total number of cartesian basis functions :   32
   total number of SCF-basis functions       :   31


 integral neglect threshold       :  0.10E-09
 integral storage threshold THIZE :  0.10E-04
 integral storage threshold THIME :         5

 RI-J AUXILIARY BASIS SET information:

              we will work with the 1s 3p 5d 7f 9g ... basis set
              ...i.e. with spherical basis functions...

   type   atoms  prim   cont   basis
   ---------------------------------------------------------------------------
    o        1     40     38   def-TZVP   [7s3p3d1f|9s3p3d1f]
    h        2     10      9   def-TZVP   [3s2p|4s2p]
   ---------------------------------------------------------------------------
   total:    3     60     56
   ---------------------------------------------------------------------------

   total number of primitive shells          :   22
   total number of contracted shells         :   24
   total number of cartesian basis functions :   62
   total number of SCF-basis functions       :   56


 symmetry group of the molecule :   c2v

 the group has the following generators :
   c2(z)
   mirror plane sigma(xz)

    4 symmetry operations found

 there are 4 real representations :   a1   a2   b1   b2  

 maximum number of shells which are related by symmetry :  2

 ==============================================================================
                      COSMO switched on
 ==============================================================================
 COSMO stati: segments per atom: H   32 other atoms   92
 COSMO statistics: nps    136 npspher:     92
 COSMO surface:
   number of segments:  136
   area (bohr**2):      153.145718
   volume (bohr**3):    171.859127
 COSMO: check number of disjunct cavities:

       ... OK contiguous cavity found
   sym. distinct segments:   89
   sym. dist. seg. on spheres:   76
   min. distance between points:      0.317113
   max. symmetrization distance error:      0.000032

 Surface grid was constructed by projection of gridpoints of symmetry distict atoms.
 This may lead to differences compared to C1 results.
  
           ------------------
           density functional
           ------------------
 B-P86 functional
 exchange:    LDA + Becke (B88)
 correlation: LDA (VWN) + Perdew (P86)
 iterations will be done with small grid
  
 spherical integration : Lebedev's spherical grid
 spherical gridsize    :                     4
    i.e. gridpoints    :                   434
  maximum batchsize    :                   100
 value for diffuse not defined
 radial integration    : Chebyshev 2nd kind (scaling 3)
 radial gridsize       :                     6
 integration cells     :                     2
 partition function    : becke
 partition sharpness   :                     3
  

 biggest AO integral is expected to be     7.998976882

          ------------------------
          nuclear repulsion energy  :   9.14546059557    
          ------------------------


         -----------------
         -S,T+V- integrals
         -----------------

 1e-integrals will be neglected if expon. factor < 0.104436E-10
 
 Difference densities algorithm switched on.
 The maximal number of linear combinations of
 difference densities is  20.

 DIIS switched on: error vector is FDS-SDF
 Max. Iterations for DIIS is     :   4
 DIIS matrix (see manual) 
    Scaling factor of diagonals  :  1.200
    threshold for scaling factor :  0.000

 scf convergence criterion : increment of total energy < .1000000D-06
                  and increment of one-electron energy < .1000000D-03

 MOs are in ASCII format !


    mo occupation :
   irrep   mo's   occupied
    a1      15        3
    a2       2        0
    b1       9        1
    b2       5        1
 
 number of basis functions   :    31
 number of occupied orbitals :     5
 

 reading orbital data $scfmo  from file mos
 orbital characterization : scfconv=7
 mo-orthogonalization by Cholesky decomposition

 automatic virtual orbital shift switched on 
      shift if e(lumo)-e(homo) < 0.10000000    

  
           ------------------------
               RI-J - INFORMATION
           ------------------------
 Contributions to RI integral batches: 
  neglected integral batches:                    52
  direct contribution:                            0
  memory contribution:                   101
 Memory core needed for (P|Q) and Cholesky      1 MByte
 Memory core minimum needed except of (P|Q)     1 MByte
 Total minimum memory core needed (sum)         1 MByte
  
 ****************************************
 Memory allocated for RI-J     1 MByte
 ****************************************
                                            

 DSCF restart information will be dumped onto file mos


 Starting SCF iterations

          Overall gridpoints after grid construction =          2168

 ITERATION  ENERGY          1e-ENERGY        2e-ENERGY     NORM[dD(SAO)]  TOL
   1  -76.469423348499    -122.99592117     37.381037222    0.000D+00 0.104D-09
                            Exc = -9.34644116137     Coul =  46.7274783838    
                              N = 9.9999856705    
                          Ediel =-0.123439171902E-01
                            current damping = 0.300
 
          max. resid. norm for Fia-block=  9.918D-02 for orbital      1a1        
          max. resid. fock norm         =  2.045D-01 for orbital     15a1        

 ITERATION  ENERGY          1e-ENERGY        2e-ENERGY     NORM[dD(SAO)]  TOL
   2  -76.477129720196    -123.15253936     37.529949048    0.118D+00 0.664D-10
                            Exc = -9.36161735756     Coul =  46.8915664058    
                              N = 9.9999835186    
                          Ediel =-0.141351762292E-01
                            current damping = 0.250
 
          Norm of current diis error: 0.77625E-01
          max. resid. norm for Fia-block=  2.790D-02 for orbital      1a1        
          max. resid. fock norm         =  3.771D-02 for orbital     15a1        

 ITERATION  ENERGY          1e-ENERGY        2e-ENERGY     NORM[dD(SAO)]  TOL
   3  -76.477461497063    -122.89891016     37.275988063    0.364D-01 0.523D-10
                            Exc = -9.32476657084     Coul =  46.6007546338    
                              N = 9.9999828681    
                          Ediel =-0.140832219957E-01
                            current damping = 0.200
 
          Norm of current diis error: 0.88206E-01
          max. resid. norm for Fia-block=  6.968D-03 for orbital      1b1        
          max. resid. fock norm         =  1.239D-02 for orbital      4b1        

 ITERATION  ENERGY          1e-ENERGY        2e-ENERGY     NORM[dD(SAO)]  TOL
   4  -76.477884697660    -123.03721156     37.413866268    0.737D-02 0.506D-10
                            Exc = -9.34328717093     Coul =  46.7571534386    
                              N = 9.9999828034    
                          Ediel =-0.146330728008E-01
                            current damping = 0.250
 
          Norm of current diis error: 0.56736E-02
          max. resid. norm for Fia-block=  1.040D-03 for orbital      1a1        
          max. resid. fock norm         =  1.680D-03 for orbital      4b1        

 ITERATION  ENERGY          1e-ENERGY        2e-ENERGY     NORM[dD(SAO)]  TOL
   5  -76.477886896796    -123.04450542     37.421157926    0.675D-03 0.473D-10
                            Exc = -9.34424993231     Coul =  46.7654078584    
                              N = 9.9999827759    
                          Ediel =-0.147005052845E-01
                            current damping = 0.100
 
          Norm of current diis error: 0.54779E-03
          max. resid. norm for Fia-block=  2.022D-04 for orbital      1a1        
          max. resid. fock norm         =  2.989D-04 for orbital     15a1        
          mo-orthogonalization: Cholesky decomposition

 ITERATION  ENERGY          1e-ENERGY        2e-ENERGY     NORM[dD(SAO)]  TOL
   6  -76.477886957908    -123.04398570     37.420638147    0.110D-03 0.449D-10
                            Exc = -9.34417197686     Coul =  46.7648101238    
                              N = 9.9999827700    
                          Ediel =-0.147080288318E-01
                            current damping = 0.150
 
          Norm of current diis error: 0.12946E-03
          max. resid. norm for Fia-block=  2.117D-05 for orbital      1b1        
          max. resid. fock norm         =  3.435D-05 for orbital      4b1        

 ENERGY CONVERGED !

          Overall gridpoints after grid construction =          7833

 ITERATION  ENERGY          1e-ENERGY        2e-ENERGY     NORM[dD(SAO)]  TOL
   7  -76.477895575713    -123.04410863     37.420752459    0.835D-05 0.434D-10
                            Exc = -9.34419526726     Coul =  46.7649477259    
                              N = 9.9999999780    
                          Ediel =-0.147103187437E-01
                            current damping = 0.200
 
          Norm of current diis error: 0.15222E-04
          max. resid. norm for Fia-block=  3.089D-06 for orbital      1b1        
          max. resid. fock norm         =  5.948D-06 for orbital      4a1        

 End of SCF iterations

   convergence criteria satisfied after     7 iterations


                  ------------------------------------------ 
                 |  total energy      =    -76.47789557571  |
                  ------------------------------------------ 
                 :  kinetic energy    =     76.20849220547  :
                 :  potential energy  =   -152.68638778118  :
                 :  virial theorem    =      1.99647736946  :
                 :  wavefunction norm =      1.00000000000  :
                  .......................................... 


 <geterg> : there is no data group $energy 


 <skperg> : $end is missing 


 orbitals $scfmo  will be written to file mos

    irrep                  1a1         2a1         3a1         4a1         5a1  
 eigenvalues H        -18.76305    -0.92583    -0.34219     0.02268     0.37242
            eV        -510.5725    -25.1933     -9.3114      0.6170     10.1340
 occupation              2.0000      2.0000      2.0000

    irrep                  6a1         7a1         8a1         9a1        10a1  
 eigenvalues H          0.40201     0.56945     1.24174     1.95073     2.15491
            eV          10.9395     15.4956     33.7896     53.0825     58.6385

    irrep                  1a2         2a2  
 eigenvalues H          1.28370     2.89448
            eV          34.9316     78.7633

    irrep                  1b1         2b1         3b1         4b1         5b1  
 eigenvalues H         -0.47665     0.10321     0.33263     0.53813     1.65365
            eV         -12.9703      2.8086      9.0513     14.6435     44.9985
 occupation              2.0000

    irrep                  6b1         7b1         8b1         9b1  
 eigenvalues H          1.89288     2.26882     2.71342     4.33223
            eV          51.5082     61.7383     73.8366    117.8870

    irrep                  1b2         2b2         3b2         4b2         5b2  
 eigenvalues H         -0.26520     0.38197     1.45886     2.44663     2.86816
            eV          -7.2164     10.3942     39.6979     66.5768     78.0473
 occupation              2.0000
 
 ==============================================================================
                                  COSMO RESULTS
 ==============================================================================
  PARAMETER:
    nppa:      1082
    nspa:        92
    nsph:        32
    nps:        136
    npspher:     92
    disex:   10.0000    
    disex2:  3538.50    
    rsolv [A]: 1.3000
    routf:     0.8500
    phsran:    0.0    
    ampran:   0.10E-04
    cavity:  closed
    solvent: not set
    source:  Custom values, not taken from cosmosolvent list!
    epsilon: infinity
    refind:      1.300 ( 25.0 C)
    fepsi:       1.0000000
  CAVITY VOLUME/AREA [a.u.]:
    surface: V1.0, A matrix: V1.0
    area:   153.15
    volume:   171.86
  SCREENING CHARGE:
    cosmo      :  -0.012089
    correction :   0.011627
    total      :  -0.000462
  ENERGIES [a.u.]:
    Total energy            =       -76.4778955757126
    Total energy + OC corr. =       -76.4783220978
    Dielectric energy       =        -0.0147103187
    Diel. energy + OC corr. =        -0.0151368408
  ELEMENT RADIUS [A]: ATOM LIST
    o  1.72: 1
    h  1.30: 2,3
 ==============================================================================
 
 
 
 ==============================================================================
                           electrostatic moments
 ==============================================================================

 reference point for electrostatic moments:    0.00000   0.00000   0.00000

 
              nuc           elec       ->  total
 ------------------------------------------------------------------------------
                          charge      
 ------------------------------------------------------------------------------
          10.000000     -10.000000       0.000000
 
 ------------------------------------------------------------------------------
                       dipole moment  
 ------------------------------------------------------------------------------
   x       0.000000      -0.000000      -0.000000
   y       0.000000       0.000000       0.000000
   z      -5.217747       6.204003       0.986256
 
   | dipole moment | =     0.9863 a.u. =     2.5068 debye 
 
 ------------------------------------------------------------------------------
                     quadrupole moment
 ------------------------------------------------------------------------------
  xx       4.115952      -7.274622      -3.158670
  yy       0.000000      -5.700262      -5.700262
  zz       4.722683     -10.463290      -5.740607
  xy       0.000000       0.000000       0.000000
  xz       0.000000      -0.000000      -0.000000
  yz       0.000000       0.000000       0.000000
 
     1/3  trace=      -4.866513
     anisotropy=       2.562003
 
 ==============================================================================
 
HOMO-LUMO Separation
 HOMO         :   -0.26519623 H =     -7.21636 eV
 LUMO         :    0.02267564 H =     +0.61704 eV
 HOMO-LUMO gap:    0.28787187 H =     +7.83340 eV
 
 ==============================================================================


    ------------------------------------------------------------------------
         total  cpu-time :   0.70 seconds
         total wall-time :   0.21 seconds
    ------------------------------------------------------------------------

   ****  ridft : all done  ****


    2025-11-22 10:28:33.104 

 ridft ended normally
