
  ========================================================================
                license information 
 Customer : 200000000019588
 ID       : LKO3533017

 License file is VALID, continuing with full version
  ========================================================================

   OpenMP run-time library returned nthreads = 16

 ridft (u-0-0.local) : TURBOMOLE rev. V7-9 compiled 8 Oct 2024 at 18:07:07
 Copyright (C) 2024 TURBOMOLE GmbH, Karlsruhe


    2025-11-25 17:10:16.601 



                                  r i d f t

                        DFT program with RI approximation 
                                for coulomb part 





                                 References:     
                                                 
          TURBOMOLE:                             
              R. Ahlrichs, M. Baer, M. Haeser, H. Horn, and
              C. Koelmel
              Electronic structure calculations on workstation
              computers: the program system TURBOMOLE
              Chem. Phys. Lett. 162: 165 (1989)
          Density Functional:                              
              O. Treutler and R. Ahlrichs                      
              Efficient Molecular Numerical Integration Schemes
              J. Chem. Phys. 102: 346 (1995)                   
          Parallel Version:                                
              Performance of parallel TURBOMOLE for Density    
              Functional Calculations                          
              M. v. Arnim and R. Ahlrichs                      
              J. Comp. Chem. 19: 1746 (1998)                   
          RI-J Method:                                     
              Auxiliary Basis Sets to approximate Coulomb      
              Potentials                                       
              Chem. Phys. Lett. 240: 283 (1995)                
              K. Eichkorn, O. Treutler, H. Oehm, M. Haeser     
              and R. Ahlrichs                                  
              Chem. Phys. Lett. 242: 652 (1995)                
                                                           
              Auxiliary Basis Sets for Main Row Atoms and their
              Use to approximate Coulomb Potentials            
              K. Eichkorn, F. Weigend, O. Treutler and         
              R. Ahlrichs                                      
              Theo. Chem. Acc. 97: 119 (1997)                  
                                                           
              Accurate Coulomb-fitting basis sets for H to Rn 
              F. Weigend                                       
              Phys. Chem. Chem. Phys. 8: 1057 (2006)           
                                                           
          Multipole accelerated RI-J (MARI-J):             
              Fast evaluation of the Coulomb potential for     
              electron densities using multipole accelerated   
              resolution of identity approximation             
              M. Sierka, A. Hogekamp and R. Ahlrichs           
              J. Chem. Phys. 118: 9136 (2003)                  
          RI-JK Method:                                     
              A fully direct RI-HF algorithm: Implementation,
              optimised auxiliary basis sets, demonstration of
              accuracy and efficiency                         
              F. Weigend                                      
              Phys. Chem. Chem. Phys. 4: 4285 (2002)           
          Two-component HF and DFT with spin-orbit coupling:  
              Self-consistent treatment of spin-orbit         
              interactions with efficient Hartree-Fock and    
              density functional methods                      
              M. K. Armbruster, F. Weigend, C. van Wüllen and 
              W. Klopper                                      
              Phys. Chem. Chem. Phys. 10: 1748 (2008)         
          Two-component difference density and DIIS algorithm 
              Efficient two-component self-consistent field   
              procedures and gradients: implementation in     
              TURBOMOLE and application to Au20-              
              A. Baldes, F. Weigend                           
              Mol. Phys. 111: 2617 (2013)                     
          Relativistic current density functional theory      
              Current density functional framework for        
              spin-orbit coupling                             
              C. Holzer, Y. J. Franzke, A. Pausch             
              J. Chem. Phys. 157: 204102 (2022)               
          Relativistic all-electron 2c calculations           
              An efficient implementation of two-component    
              relativistic exact-decoupling methods for large 
              molecules                                       
              D. Peng, N. Middendorf, F. Weigend, M. Reiher   
              J. Chem. Phys. 138: 184105 (2013)               
          Finite nucleus model and SNSO approximation         
              Efficient implementation of one- and two-       
              component analytical energy gradients in exact  
              two-component theory                            
              Y. J. Franzke, N. Middendorf, F. Weigend        
              J. Chem. Phys. 148: 104110 (2018)               
          Grids for all-electron relativistic methods         
              Error-consistent segmented contracted all-      
              electron relativistic basis sets of double-     
              and triple-zeta quality for NMR shielding       
              constants                                       
              Y. J. Franzke, R. Tress, T. M. Pazdera,         
              F. Weigend                                      
              Phys. Chem. Chem. Phys. 21: 166658 (2019)       
          Seminumerical exchange algorithms                   
              Seminumerical calculation of the Hartree-Fock   
              exchange matirx: Application to two-component   
              procedures and efficient evaluation of local    
              hybrid functionsl                               
              P. Plessow, F. Weigend,                         
              J. Comput. Chem. 33: 810 (2012)                 
          Improved seminumerical algorithms                   
              C. Holzer,                                      
              J. Chem. Phys. 153 (2020), 184115               






          OpenMP Shared-Memory Parallelization: 16 CPUs.

            By: Christof Holzer and Yannick J. Franzke


              +--------------------------------------------------+
              |      general information about current run       |
              +--------------------------------------------------+

 

 DENSITY CONVERGENCE CHECK SWITCHED ON !
 SCF CONVERGENCE IF RMS(delta[D]) <     0.1000000000E-06

 A HF calculation using the RI-JK approximation will be carried out.
 Allocatable memory for RI due to $ricore (MB):                  8000


              +--------------------------------------------------+
              | Atomic coordinate, charge and isotop information |
              +--------------------------------------------------+

                    atomic coordinates            atom    charge  isotop
          0.00000000    0.00000000    0.01624598    u     92.000     0
         -2.81880808   -0.37852537   -3.37792891    o      8.000     0
         -2.98993979    0.90272595   -5.97689004    s     16.000     0
         -5.68457775    2.88539825   -5.79017565    c      6.000     0
         -5.97519873    3.68870193   -7.66724439    h      1.000     0
         -5.23918253    4.37265051   -4.44145733    h      1.000     0
         -7.31465173    1.77965336   -5.18986068    h      1.000     0
         -4.18489866   -1.51709292   -7.96115727    c      6.000     0
         -2.71280201   -2.94760048   -8.12076165    h      1.000     0
         -4.56496227   -0.67713233   -9.80532966    h      1.000     0
         -5.89886892   -2.29093955   -7.11979073    h      1.000     0
         -0.94417142    4.09704718   -1.43558903    o      8.000     0
         -0.54487796    6.75501312   -0.34910234    s     16.000     0
         -3.60650829    7.82143848    0.49797874    c      6.000     0
         -4.22980422    6.65141455    2.07049922    h      1.000     0
         -4.86868661    7.65302042   -1.12060192    h      1.000     0
         -3.42103734    9.78516250    1.10020422    h      1.000     0
          0.00000000    8.63603516   -3.06626394    c      6.000     0
         -1.53238269    8.33505470   -4.41029952    h      1.000     0
          1.81223413    8.04880277   -3.84790191    h      1.000     0
          0.08969774   10.60328919   -2.45561784    h      1.000     0
          1.74969553   -2.23540239    3.40084373    o      8.000     0
          2.76460696   -1.49263042    6.01731695    s     16.000     0
          6.07799983   -1.94735899    5.81826832    c      6.000     0
          6.84549698   -1.64384630    7.70839317    h      1.000     0
          6.79801761   -0.52242990    4.52222044    h      1.000     0
          6.47452296   -3.85359376    5.14725869    h      1.000     0
          1.92436291   -4.10689076    7.93516220    c      6.000     0
          2.61094955   -5.83561978    7.04924347    h      1.000     0
         -0.12908908   -4.10279195    8.08691287    h      1.000     0
          2.77689585   -3.82233580    9.79055956    h      1.000     0
          3.54483897    2.28340332    1.44640204    o      8.000     0
          5.16330058    4.39540281    0.29514310    s     16.000     0
          6.10022301    6.20119486    2.95724375    c      6.000     0
          7.44563998    7.62141853    2.30661483    h      1.000     0
          6.94875918    4.94656411    4.35409151    h      1.000     0
          4.40638023    7.11012478    3.69465646    h      1.000     0
          8.08389309    2.94314828   -0.47596343    c      6.000     0
          8.84944004    2.00201932    1.18792153    h      1.000     0
          9.34624904    4.43384173   -1.13712758    h      1.000     0
          7.70396743    1.60857267   -1.99371019    h      1.000     0
          2.81880808    0.37852537   -3.37792891    o      8.000     0
          2.98993979   -0.90272595   -5.97689004    s     16.000     0
          5.68457775   -2.88539825   -5.79017565    c      6.000     0
          5.97519873   -3.68870193   -7.66724439    h      1.000     0
          5.23918253   -4.37265051   -4.44145733    h      1.000     0
          7.31465173   -1.77965336   -5.18986068    h      1.000     0
          4.18489866    1.51709292   -7.96115727    c      6.000     0
          2.71280201    2.94760048   -8.12076165    h      1.000     0
          4.56496227    0.67713233   -9.80532966    h      1.000     0
          5.89886892    2.29093955   -7.11979073    h      1.000     0
          0.94417142   -4.09704718   -1.43558903    o      8.000     0
          0.54487796   -6.75501312   -0.34910234    s     16.000     0
          3.60650829   -7.82143848    0.49797874    c      6.000     0
          4.22980422   -6.65141455    2.07049922    h      1.000     0
          4.86868661   -7.65302042   -1.12060192    h      1.000     0
          3.42103734   -9.78516250    1.10020422    h      1.000     0
          0.00000000   -8.63603516   -3.06626394    c      6.000     0
          1.53238269   -8.33505470   -4.41029952    h      1.000     0
         -1.81223413   -8.04880277   -3.84790191    h      1.000     0
         -0.08969774  -10.60328919   -2.45561784    h      1.000     0
         -1.74969553    2.23540239    3.40084373    o      8.000     0
         -2.76460696    1.49263042    6.01731695    s     16.000     0
         -6.07799983    1.94735899    5.81826832    c      6.000     0
         -6.84549698    1.64384630    7.70839317    h      1.000     0
         -6.79801761    0.52242990    4.52222044    h      1.000     0
         -6.47452296    3.85359376    5.14725869    h      1.000     0
         -1.92436291    4.10689076    7.93516220    c      6.000     0
         -2.61094955    5.83561978    7.04924347    h      1.000     0
          0.12908908    4.10279195    8.08691287    h      1.000     0
         -2.77689585    3.82233580    9.79055956    h      1.000     0
         -3.54483897   -2.28340332    1.44640204    o      8.000     0
         -5.16330058   -4.39540281    0.29514310    s     16.000     0
         -6.10022301   -6.20119486    2.95724375    c      6.000     0
         -7.44563998   -7.62141853    2.30661483    h      1.000     0
         -6.94875918   -4.94656411    4.35409151    h      1.000     0
         -4.40638023   -7.11012478    3.69465646    h      1.000     0
         -8.08389309   -2.94314828   -0.47596343    c      6.000     0
         -8.84944004   -2.00201932    1.18792153    h      1.000     0
         -9.34624904   -4.43384173   -1.13712758    h      1.000     0
         -7.70396743   -1.60857267   -1.99371019    h      1.000     0
 
       center of nuclear mass  :    0.00000000    0.00000000    0.00168221
       center of nuclear charge:    0.00000000    0.00000000    0.00000023

              +--------------------------------------------------+
              |               basis set information              |
              +--------------------------------------------------+

              we will work with the 1s 3p 5d 7f 9g ... basis set
              ...i.e. with spherical basis functions...

   type   atoms  prim   cont   basis
   ---------------------------------------------------------------------------
    u        1    213    117   SVP(6g)   [10s9p5d4f3g|14s13p10d8f6g]
    o        8     46     31   def2-TZVP   [5s3p2d1f|11s6p2d1f]
    s        8     63     37   def2-TZVP   [5s5p2d1f|14s9p3d1f]
    c       16     46     31   def2-TZVP   [5s3p2d1f|11s6p2d1f]
    h       48      8      6   def2-TZVP   [3s1p|5s1p]
   ---------------------------------------------------------------------------
   total:   81   2205   1445
   ---------------------------------------------------------------------------

   total number of primitive shells          :  124
   total number of contracted shells         :  591
   total number of cartesian basis functions : 1640
   total number of SCF-basis functions       : 1445

  number of unique ecp types :    1

 integral neglect threshold       :  0.20E-11
 integral storage threshold THIZE :  0.10E-04
 integral storage threshold THIME :         5

 RI-JK AUXILIARY BASIS SET information:

              we will work with the 1s 3p 5d 7f 9g ... basis set
              ...i.e. with spherical basis functions...

   type   atoms  prim   cont   basis
   ---------------------------------------------------------------------------
    u        1    473    438   def-TZVP   [15s13p14d13f9g7h5i|20s15p14d13f9g8h6i]
    o        8     97     77   def2-TZVP   [10s8p4d2f1g|14s10p6d2f1g]
    s        8    139    128   def2-TZVP   [13s11p9d4f1g|16s12p10d4f1g]
    c       16     97     75   def2-TZVP   [10s8p5d1f1g|14s10p6d2f1g]
    h       48     20     18   def2-TZVP   [2s2p2d|4s2p2d]
   ---------------------------------------------------------------------------
   total:   81   4873   4142
   ---------------------------------------------------------------------------

   total number of primitive shells          :  202
   total number of contracted shells         : 1268
   total number of cartesian basis functions : 5058
   total number of SCF-basis functions       : 4142


 symmetry group of the molecule :   c1 

 the group has the following generators :
   c1(z)

    1 symmetry operations found

 there are 1 real representations :   a   

 maximum number of shells which are related by symmetry :  1


 biggest AO integral is expected to be    25.028879086

          ------------------------
          nuclear repulsion energy  :   7962.23144887    
          ------------------------


         -----------------
         -S,T+V- integrals
         -----------------

 1e-integrals will be neglected if expon. factor < 0.203778E-12


          ----------------
          -ecp-  integrals
          ----------------
 
 Difference densities algorithm switched on.
 The maximal number of linear combinations of
 difference densities is  20.

 DIIS switched on: error vector is FDS-SDF
 Max. Iterations for DIIS is     :   5
 DIIS matrix (see manual) 
    Scaling factor of diagonals  :  1.200
    threshold for scaling factor :  0.000

 scf convergence criterion : increment of total energy < .1000000D-06
                  and increment of one-electron energy < .1000000D-03


   ----> a dscf RESTART run will be tried ! <----

 $restart flag 'dscf' will be switched off !

 MOs are in ASCII format !


    mo occupation :
   irrep   mo's   occupied
    a     1445      183
 
 number of basis functions   :  1445
 number of occupied orbitals :   183
 

 reading orbital data $uhfmo_alpha  from file alpha
 orbital characterization : scfdump=6

 reading orbital data $uhfmo_beta  from file beta
 orbital characterization : scfdump=6
 mo-orthogonalization by Cholesky decomposition
 mo-orthogonalization by Cholesky decomposition

 UHF mode switched on !

 automatic virtual orbital shift switched on 
      shift if e(lumo)-e(homo) < 0.10000000    

  
           ------------------------
               RI-JK - INFORMATION
           ------------------------
 Contributions to RI integral batches: 
  neglected integral batches:                 83615
  direct contribution:                        91321
  memory contribution:                     0
 Memory core needed for (P|Q) and Cholesky    131 MByte
 Memory core minimum needed except of (P|Q)     3 MByte
 Total minimum memory core needed (sum)       134 MByte
  
 ****************************************
 Memory allocated for RI-J   134 MByte
 ****************************************
                                            
 total memory allocated for calculation of  (Q|P)**(-1/2) :  197 MiB

  forming (P|Q)**(-1/2) 
 eigenvalues of original matrix 
 smallest =0.6226280099421E-09  largest = 74.51325675988    
  The symmetry information takes                      1  MB

 DSCF restart information will be dumped onto file alpha


 complete restart information read in from $restartd
 iterations from earlier run will be continued
no density matrices from previous iterations found
  expected :                      6  found :                      0

 Starting SCF iterations

 
 BLOCKING OF ALPHA-MOS FOR RI-K
 
 
 occupied MOs partitioned into blocks of maximum length 153
 this requires 7944 MiB core memory.
 
            MULTIPLE PASS Statistics 
 ----------------------------------------------------
  pass       irrep     lambda      batch : MO  to  MO
 ----------------------------------------------------
   1       1  ->  1    1  ->153             1  -> 153
   2       1  ->  1  154  ->183           154  -> 183


 
 BLOCKING OF BETA-MOS FOR RI-K
 
 
 occupied MOs partitioned into blocks of maximum length 153
 this requires 7944 MiB core memory.
 
            MULTIPLE PASS Statistics 
 ----------------------------------------------------
  pass       irrep     lambda      batch : MO  to  MO
 ----------------------------------------------------
   1       1  ->  1    1  ->153             1  -> 153
   2       1  ->  1  154  ->181           154  -> 181



 ITERATION  ENERGY          1e-ENERGY        2e-ENERGY     RMS[dD(SAO)]   TOL
   7  -4887.7187847749    -22651.932719     9801.9824858    0.145D-01 0.203D-11
                           RI-K = -393.743022538     Coul =  10195.7255083    
                            current damping = 0.200
 
          max. resid. norm for Fia-block=  7.975D-05 for orbital    174a    alpha
          max. resid. fock norm         =  8.021D-05 for orbital    174a    alpha

 ITERATION  ENERGY          1e-ENERGY        2e-ENERGY     RMS[dD(SAO)]   TOL
   8  -4887.7187851203    -22651.940717     9801.9904827    0.121D-05 0.129D-11
                           RI-K = -393.743162865     Coul =  10195.7336455    
                            current damping = 0.100
 
          Norm of current diis error: 0.58359E-03
          max. resid. norm for Fia-block=  1.006D-04 for orbital    174a    alpha
          max. resid. fock norm         =  1.014D-04 for orbital    174a    alpha

 ITERATION  ENERGY          1e-ENERGY        2e-ENERGY     RMS[dD(SAO)]   TOL
   9  -4887.7187852902    -22651.939884     9801.9896499    0.753D-06 0.953D-12
                           RI-K = -393.743169821     Coul =  10195.7328197    
                            current damping = 0.150
 
          Norm of current diis error: 0.35801E-03
          max. resid. norm for Fia-block=  1.071D-04 for orbital    174a    alpha
          max. resid. fock norm         =  1.075D-04 for orbital    174a    alpha

 ITERATION  ENERGY          1e-ENERGY        2e-ENERGY     RMS[dD(SAO)]   TOL
  10  -4887.7187853727    -22651.942150     9801.9919153    0.328D-06 0.821D-12
                           RI-K = -393.743239703     Coul =  10195.7351550    
                            current damping = 0.200
 
          Norm of current diis error: 0.28961E-03
          max. resid. norm for Fia-block=  9.284D-05 for orbital    174a    alpha
          max. resid. fock norm         =  9.319D-05 for orbital    174a    alpha
          mo-orthogonalization: Cholesky decomposition

 ITERATION  ENERGY          1e-ENERGY        2e-ENERGY     RMS[dD(SAO)]   TOL
  11  -4887.7187854250    -22651.941373     9801.9911390    0.146D-06 0.745D-12
                           RI-K = -393.743215442     Coul =  10195.7343544    
                            current damping = 0.250
 
          Norm of current diis error: 0.28012E-03
          max. resid. norm for Fia-block=  8.964D-05 for orbital    174a    alpha
          max. resid. fock norm         =  8.993D-05 for orbital    174a    alpha

 ITERATION  ENERGY          1e-ENERGY        2e-ENERGY     RMS[dD(SAO)]   TOL
  12  -4887.7187854716    -22651.941687     9801.9914528    0.104D-06 0.676D-12
                           RI-K = -393.743229544     Coul =  10195.7346823    
                            current damping = 0.300
 
          Norm of current diis error: 0.27715E-03
          max. resid. norm for Fia-block=  8.579D-05 for orbital    174a    alpha
          max. resid. fock norm         =  8.606D-05 for orbital    174a    alpha

 DENSITY CONVERGED !


 ITERATION  ENERGY          1e-ENERGY        2e-ENERGY     RMS[dD(SAO)]   TOL
  13  -4887.7187855137    -22651.941543     9801.9913086    0.905D-07 0.615D-12
                           RI-K = -393.743223666     Coul =  10195.7345323    
                            current damping = 0.350
 
          Norm of current diis error: 0.27633E-03
          max. resid. norm for Fia-block=  8.590D-05 for orbital    174a    alpha
          max. resid. fock norm         =  8.617D-05 for orbital    174a    alpha

 ENERGY & DENSITY CONVERGED !


 ITERATION  ENERGY          1e-ENERGY        2e-ENERGY     RMS[dD(SAO)]   TOL
  14  -4887.7187855545    -22651.941578     9801.9913439    0.861D-07 0.579D-12
                           RI-K = -393.743225880     Coul =  10195.7345698    
                            current damping = 0.400
 
          Norm of current diis error: 0.27583E-03
          max. resid. norm for Fia-block=  8.644D-05 for orbital    174a    alpha
          max. resid. fock norm         =  8.671D-05 for orbital    174a    alpha

 End of SCF iterations

   convergence criteria satisfied after    14 iterations


                  ------------------------------------------ 
                 |  total energy      =  -4887.71878555451  |
                  ------------------------------------------ 
                 :  kinetic energy    =   4561.74759060081  :
                 :  potential energy  =  -9449.46637615531  :
                 :  virial theorem    =      1.93330811177  :
                 :  wavefunction norm =      1.00000000000  :
                  .......................................... 


 orbitals $uhfmo_beta  will be written to file beta

 orbitals $uhfmo_alpha  will be written to file alpha
 
 alpha: 

    irrep                179a        180a        181a        182a        183a   
 eigenvalues H         -0.78645    -0.77503    -0.77331    -0.77241    -0.77157
            eV         -21.4006    -21.0898    -21.0429    -21.0184    -20.9957
 occupation              1.0000      1.0000      1.0000      1.0000      1.0000

    irrep                184a        185a        186a        187a        188a   
 eigenvalues H         -0.25195    -0.23670    -0.23627    -0.23338    -0.23088
            eV          -6.8561     -6.4409     -6.4292     -6.3507     -6.2825
 
 beta:  

    irrep                177a        178a        179a        180a        181a   
 eigenvalues H         -0.78638    -0.77511    -0.77367    -0.77249    -0.77192
            eV         -21.3986    -21.0919    -21.0527    -21.0206    -21.0052
 occupation              1.0000      1.0000      1.0000      1.0000      1.0000

    irrep                182a        183a        184a        185a        186a   
 eigenvalues H         -0.25135    -0.23549    -0.23510    -0.23084    -0.23031
            eV          -6.8396     -6.4082     -6.3976     -6.2815     -6.2672
 

                                             _ _ _ 
  IRREP     alpha occ.     beta occ.      tr(D*D-D)


 a        183.00000000   181.00000000    -0.50285946

   -------------------------------------------------

   sum    183.00000000   181.00000000    -0.50285946

 <S*S>     2.00571892

 
 
 
 ==============================================================================
                           electrostatic moments
 ==============================================================================

 reference point for electrostatic moments:    0.00000   0.00000   0.00000

 
              nuc           elec       ->  total
 ------------------------------------------------------------------------------
                          charge      
 ------------------------------------------------------------------------------
         368.000000    -364.000000       4.000000
 a-b                                     2.000000
 
 ------------------------------------------------------------------------------
                       dipole moment  
 ------------------------------------------------------------------------------
   x      -0.000000      -0.000001      -0.000001
   y      -0.000000      -0.000002      -0.000002
   z      -0.974660       0.955341      -0.019320
 
   | dipole moment | =     0.0193 a.u. =     0.0491 debye 
 
 ------------------------------------------------------------------------------
                     quadrupole moment
 ------------------------------------------------------------------------------
  xx    5729.761862   -5814.118200     -84.356337
  yy    6656.351057   -6728.860052     -72.508995
  zz    6745.104385   -6816.344570     -71.240184
  xy     454.482245    -449.007163       5.475082
  xz       0.000000       0.000018       0.000018
  yz       0.000000      -0.000008      -0.000008
 
     1/3  trace=     -76.035172
     anisotropy=      15.714038

 CONSTRUCTING NATURAL ORBITALS ...

    irrep  a   
      tr[ S**1/2 D S**1/2 ] :  364.000000000103
        occupation of NO's  :    2.000000000011
                                 2.000000000011
                                 2.000000000007
                                 2.000000000007
                                 2.000000000005
                                 2.000000000005
                                 2.000000000004
                                 2.000000000004
                                 2.000000000003
                                 2.000000000003
                                 2.000000000002
                                 2.000000000002
                                 2.000000000002
                                 2.000000000002
                                 2.000000000002
                                 2.000000000002
                                 2.000000000002
                                 2.000000000001
                                 2.000000000001
                                 2.000000000001
                                 2.000000000001
                                 2.000000000001
                                 2.000000000001
                                 2.000000000001
                                 2.000000000001
                                 2.000000000001
                                 2.000000000000
                                 2.000000000000
                                 2.000000000000
                                 2.000000000000
                                 2.000000000000
                                 2.000000000000
                                 2.000000000000
                                 2.000000000000
                                 2.000000000000
                                 2.000000000000
                                 1.999999999999
                                 1.999999999999
                                 1.999999999999
                                 1.999999999999
                                 1.999999999999
                                 1.999999999998
                                 1.999999999998
                                 1.999999999998
                                 1.999999999998
                                 1.999999999998
                                 1.999999999998
                                 1.999999999998
                                 1.999999999998
                                 1.999999999997
                                 1.999999999997
                                 1.999999999997
                                 1.999999999997
                                 1.999999999997
                                 1.999999999996
                                 1.999999999995
                                 1.999999999992
                                 1.999999999990
                                 1.999999999987
                                 1.999999999983
                                 1.999999999977
                                 1.999999999976
                                 1.999999999974
                                 1.999999999973
                                 1.999999999966
                                 1.999999999965
                                 1.999999999965
                                 1.999999999962
                                 1.999999999961
                                 1.999999999958
                                 1.999999999958
                                 1.999999999958
                                 1.999999999958
                                 1.999999999955
                                 1.999999999955
                                 1.999999999955
                                 1.999999999953
                                 1.999999999952
                                 1.999999999952
                                 1.999999999950
                                 1.999999999950
                                 1.999999999949
                                 1.999999999945
                                 1.999999999944
                                 1.999999999939
                                 1.999999999928
                                 1.999999999922
                                 1.999999999919
                                 1.999999999885
                                 1.999999999880
                                 1.999999999859
                                 1.999999999855
                                 1.999999999849
                                 1.999999999839
                                 1.999999999838
                                 1.999999999838
                                 1.999999999775
                                 1.999999999734
                                 1.999999999732
                                 1.999999999678
                                 1.999999999516
                                 1.999999999507
                                 1.999999999500
                                 1.999999999360
                                 1.999999999295
                                 1.999999999290
                                 1.999999999238
                                 1.999999999226
                                 1.999999999225
                                 1.999999999172
                                 1.999999999143
                                 1.999999998779
                                 1.999999997709
                                 1.999999997671
                                 1.999999997346
                                 1.999999997193
                                 1.999999997064
                                 1.999999996974
                                 1.999999996581
                                 1.999999996071
                                 1.999999995312
                                 1.999999994310
                                 1.999999993676
                                 1.999999993175
                                 1.999999987844
                                 1.999999986041
                                 1.999999982903
                                 1.999999980678
                                 1.999999975826
                                 1.999999975630
                                 1.999999975298
                                 1.999999973035
                                 1.999999968669
                                 1.999999967223
                                 1.999999966334
                                 1.999999961250
                                 1.999999933519
                                 1.999999927871
                                 1.999999916841
                                 1.999999911522
                                 1.999999901197
                                 1.999999888415
                                 1.999999887917
                                 1.999999871303
                                 1.999999859738
                                 1.999999839695
                                 1.999999832686
                                 1.999999771074
                                 1.999999706902
                                 1.999999683054
                                 1.999999526518
                                 1.999999513526
                                 1.999999471401
                                 1.999999302144
                                 1.999998945326
                                 1.999998941224
                                 1.999998493683
                                 1.999998476357
                                 1.999997782250
                                 1.999997768772
                                 1.999997048877
                                 1.999995826064
                                 1.999994822295
                                 1.999994300308
                                 1.999992350053
                                 1.999981466997
                                 1.999980498465
                                 1.999976933079
                                 1.999976531181
                                 1.999974765261
                                 1.999941224635
                                 1.999941030158
                                 1.999914380776
                                 1.999892303397
                                 1.999843568616
                                 1.999810820346
                                 1.999809426315
                                 1.999787983557
                                 1.999514227072
                                 1.999512935883
                                 1.999321752694
                                 1.000000000001
                                 1.000000000001
                                 0.000678247352
                                 0.000487064133
                                 0.000485772933
                                 0.000212016371
                                 0.000190573694
                                 0.000189179538
                                 0.000156431262
                                 0.000107696634
                                 0.000085619247
                                 0.000058970024
                                 0.000058775354
                                 0.000025234798
                                 0.000023468920
                                 0.000023066906
                                 0.000019501512
                                 0.000018532948
                                 0.000007649854
                                 0.000005699542
                                 0.000005177759
                                 0.000004174085
                                 0.000002951132
                                 0.000002231131
                                 0.000002217671
                                 0.000001523609
                                 0.000001506270
                                 0.000001058912
                                 0.000001054837
                                 0.000000697862
                                 0.000000528579
                                 0.000000486494
                                 0.000000473522
                                 0.000000316872
                                 0.000000293109
                                 0.000000228951
                                 0.000000167336
                                 0.000000160302
                                 0.000000140281
                                 0.000000128707
                                 0.000000112082
                                 0.000000111586
                                 0.000000098826
                                 0.000000088431
                                 0.000000083122
                                 0.000000072123
                                 0.000000066481
                                 0.000000038788
                                 0.000000033670
                                 0.000000032780
                                 0.000000031325
                                 0.000000026963
                                 0.000000024701
                                 0.000000024372
                                 0.000000024183
                                 0.000000019311
                                 0.000000017110
                                 0.000000013972
                                 0.000000012172
                                 0.000000006806
                                 0.000000006312
                                 0.000000005685
                                 0.000000004716
                                 0.000000003906
                                 0.000000003403
                                 0.000000003041
                                 0.000000002922
                                 0.000000002802
                                 0.000000002639
                                 0.000000002335
                                 0.000000002307
                                 0.000000001221
                                 0.000000000872
                                 0.000000000821
                                 0.000000000785
                                 0.000000000769
                                 0.000000000749
                                 0.000000000716
                                 0.000000000708
                                 0.000000000631
                                 0.000000000498
                                 0.000000000488
                                 0.000000000477
                                 0.000000000327
                                 0.000000000266
                                 0.000000000246
                                 0.000000000230
                                 0.000000000167
                                 0.000000000163
                                 0.000000000149
                                 0.000000000144
                                 0.000000000135
                                 0.000000000133
                                 0.000000000102
                                 0.000000000101
                                 0.000000000074
                                 0.000000000064
                                 0.000000000057
                                 0.000000000054
                                 0.000000000054
                                 0.000000000052
                                 0.000000000051
                                 0.000000000049
                                 0.000000000048
                                 0.000000000048
                                 0.000000000047
                                 0.000000000046
                                 0.000000000046
                                 0.000000000045
                                 0.000000000045
                                 0.000000000044
                                 0.000000000044
                                 0.000000000043
                                 0.000000000043
                                 0.000000000039
                                 0.000000000039
                                 0.000000000036
                                 0.000000000032
                                 0.000000000032
                                 0.000000000031
                                 0.000000000030
                                 0.000000000029
                                 0.000000000029
                                 0.000000000024
                                 0.000000000024
                                 0.000000000023
                                 0.000000000021
                                 0.000000000003
                                 0.000000000003
                                 0.000000000003
                                 0.000000000003
                                 0.000000000003
                                 0.000000000003
                                 0.000000000002
                                 0.000000000002
                                 0.000000000001
                                 0.000000000001
                                 0.000000000001
                                 0.000000000001
                                 0.000000000001
                                 0.000000000001
                                 0.000000000001
                                 0.000000000001
                                 0.000000000001
                                 0.000000000001
                                 0.000000000001
                                 0.000000000001
                                 0.000000000001
                                 0.000000000001
                                 0.000000000001
                                 0.000000000001
                                 0.000000000000
                                 0.000000000000
                                 0.000000000000
                                 0.000000000000
                                 0.000000000000
                                 0.000000000000
                                 0.000000000000
                                 0.000000000000
                                 0.000000000000
                                 0.000000000000
                                 0.000000000000
                                 0.000000000000
                                 0.000000000000
                                 0.000000000000
                                 0.000000000000
                                 0.000000000000
                                 0.000000000000
                                 0.000000000000
                                 0.000000000000
                                 0.000000000000
                                 0.000000000000
                                 0.000000000000
                                 0.000000000000
                                 0.000000000000
                                 0.000000000000
                                 0.000000000000
                                 0.000000000000
                                 0.000000000000
                                 0.000000000000
                                 0.000000000000
                                 0.000000000000
                                 0.000000000000
                                 0.000000000000
                                 0.000000000000
                                 0.000000000000
                                 0.000000000000
                                 0.000000000000
                                 0.000000000000
                                 0.000000000000
                                 0.000000000000
                                 0.000000000000
                                 0.000000000000
                                 0.000000000000
                                 0.000000000000
                                 0.000000000000
                                 0.000000000000
                                 0.000000000000
                                 0.000000000000
                                 0.000000000000
                                 0.000000000000
                                 0.000000000000
                                 0.000000000000
                                 0.000000000000
                                 0.000000000000
                                 0.000000000000
                                 0.000000000000
                                 0.000000000000
                                 0.000000000000
                                 0.000000000000
                                 0.000000000000
                                 0.000000000000
                                 0.000000000000
                                 0.000000000000
                                 0.000000000000
                                 0.000000000000
                                 0.000000000000
                                 0.000000000000
                                 0.000000000000
                                 0.000000000000
                                 0.000000000000
                                 0.000000000000
                                 0.000000000000
                                 0.000000000000
                                 0.000000000000
                                 0.000000000000
                                 0.000000000000
                                 0.000000000000
                                 0.000000000000
                                 0.000000000000
                                 0.000000000000
                                 0.000000000000
                                 0.000000000000
                                 0.000000000000
                                 0.000000000000
                                 0.000000000000
                                 0.000000000000
                                 0.000000000000
                                 0.000000000000
                                 0.000000000000
                                 0.000000000000
                                 0.000000000000
                                 0.000000000000
                                 0.000000000000
                                 0.000000000000
                                 0.000000000000
                                 0.000000000000
                                 0.000000000000
                                 0.000000000000
                                 0.000000000000
                                 0.000000000000
                                 0.000000000000
                                 0.000000000000
                                 0.000000000000
                                 0.000000000000
                                 0.000000000000
                                 0.000000000000
                                 0.000000000000
                                 0.000000000000
                                 0.000000000000
                                 0.000000000000
                                 0.000000000000
                                 0.000000000000
                                 0.000000000000
                                 0.000000000000
                                 0.000000000000
                                 0.000000000000
                                 0.000000000000
                                 0.000000000000
                                 0.000000000000
                                 0.000000000000
                                 0.000000000000
                                 0.000000000000
                                 0.000000000000
                                 0.000000000000
                                 0.000000000000
                                 0.000000000000
                                 0.000000000000
                                 0.000000000000
                                 0.000000000000
                                 0.000000000000
                                 0.000000000000
                                 0.000000000000
                                 0.000000000000
                                 0.000000000000
                                 0.000000000000
                                 0.000000000000
                                 0.000000000000
                                 0.000000000000
                                 0.000000000000
                                 0.000000000000
                                 0.000000000000
                                 0.000000000000
                                 0.000000000000
                                 0.000000000000
                                 0.000000000000
                                 0.000000000000
                                 0.000000000000
                                 0.000000000000
                                 0.000000000000
                                 0.000000000000
                                 0.000000000000
                                 0.000000000000
                                 0.000000000000
                                 0.000000000000
                                 0.000000000000
                                 0.000000000000
                                 0.000000000000
                                 0.000000000000
                                 0.000000000000
                                 0.000000000000
                                 0.000000000000
                                 0.000000000000
                                 0.000000000000
                                 0.000000000000
                                 0.000000000000
                                 0.000000000000
                                 0.000000000000
                                 0.000000000000
                                 0.000000000000
                                 0.000000000000
                                 0.000000000000
                                 0.000000000000
                                 0.000000000000
                                 0.000000000000
                                 0.000000000000
                                 0.000000000000
                                 0.000000000000
                                 0.000000000000
                                 0.000000000000
                                 0.000000000000
                                 0.000000000000
                                 0.000000000000
                                 0.000000000000
                                 0.000000000000
                                 0.000000000000
                                 0.000000000000
                                 0.000000000000
                                 0.000000000000
                                 0.000000000000
                                 0.000000000000
                                 0.000000000000
                                 0.000000000000
                                 0.000000000000
                                 0.000000000000
                                 0.000000000000
                                 0.000000000000
                                 0.000000000000
                                 0.000000000000
                                 0.000000000000
                                 0.000000000000
                                 0.000000000000
                                 0.000000000000
                                 0.000000000000
                                 0.000000000000
                                 0.000000000000
                                 0.000000000000
                                 0.000000000000
                                 0.000000000000
                                 0.000000000000
                                 0.000000000000
                                 0.000000000000
                                 0.000000000000
                                 0.000000000000
                                 0.000000000000
                                 0.000000000000
                                 0.000000000000
                                 0.000000000000
                                 0.000000000000
                                 0.000000000000
                                 0.000000000000
                                 0.000000000000
                                 0.000000000000
                                 0.000000000000
                                 0.000000000000
                                 0.000000000000
                                 0.000000000000
                                 0.000000000000
                                 0.000000000000
                                 0.000000000000
                                 0.000000000000
                                 0.000000000000
                                 0.000000000000
                                 0.000000000000
                                 0.000000000000
                                 0.000000000000
                                 0.000000000000
                                 0.000000000000
                                 0.000000000000
                                 0.000000000000
                                 0.000000000000
                                 0.000000000000
                                 0.000000000000
                                 0.000000000000
                                 0.000000000000
                                 0.000000000000
                                 0.000000000000
                                 0.000000000000
                                 0.000000000000
                                 0.000000000000
                                 0.000000000000
                                 0.000000000000
                                 0.000000000000
                                 0.000000000000
                                 0.000000000000
                                 0.000000000000
                                 0.000000000000
                                 0.000000000000
                                 0.000000000000
                                 0.000000000000
                                 0.000000000000
                                 0.000000000000
                                 0.000000000000
                                 0.000000000000
                                 0.000000000000
                                 0.000000000000
                                 0.000000000000
                                 0.000000000000
                                 0.000000000000
                                 0.000000000000
                                 0.000000000000
                                 0.000000000000
                                 0.000000000000
                                 0.000000000000
                                 0.000000000000
                                 0.000000000000
                                 0.000000000000
                                 0.000000000000
                                 0.000000000000
                                 0.000000000000
                                 0.000000000000
                                 0.000000000000
                                 0.000000000000
                                 0.000000000000
                                 0.000000000000
                                 0.000000000000
                                 0.000000000000
                                 0.000000000000
                                 0.000000000000
                                 0.000000000000
                                 0.000000000000
                                 0.000000000000
                                 0.000000000000
                                 0.000000000000
                                 0.000000000000
                                 0.000000000000
                                 0.000000000000
                                 0.000000000000
                                 0.000000000000
                                 0.000000000000
                                 0.000000000000
                                 0.000000000000
                                 0.000000000000
                                 0.000000000000
                                 0.000000000000
                                 0.000000000000
                                 0.000000000000
                                 0.000000000000
                                 0.000000000000
                                 0.000000000000
                                 0.000000000000
                                 0.000000000000
                                 0.000000000000
                                 0.000000000000
                                 0.000000000000
                                 0.000000000000
                                 0.000000000000
                                 0.000000000000
                                 0.000000000000
                                 0.000000000000
                                 0.000000000000
                                 0.000000000000
                                 0.000000000000
                                 0.000000000000
                                 0.000000000000
                                 0.000000000000
                                 0.000000000000
                                 0.000000000000
                                 0.000000000000
                                 0.000000000000
                                 0.000000000000
                                 0.000000000000
                                 0.000000000000
                                 0.000000000000
                                 0.000000000000
                                 0.000000000000
                                 0.000000000000
                                 0.000000000000
                                 0.000000000000
                                 0.000000000000
                                 0.000000000000
                                 0.000000000000
                                 0.000000000000
                                 0.000000000000
                                 0.000000000000
                                 0.000000000000
                                 0.000000000000
                                 0.000000000000
                                 0.000000000000
                                 0.000000000000
                                 0.000000000000
                                 0.000000000000
                                 0.000000000000
                                 0.000000000000
                                 0.000000000000
                                 0.000000000000
                                 0.000000000000
                                 0.000000000000
                                 0.000000000000
                                 0.000000000000
                                 0.000000000000
                                 0.000000000000
                                 0.000000000000
                                 0.000000000000
                                 0.000000000000
                                 0.000000000000
                                 0.000000000000
                                 0.000000000000
                                 0.000000000000
                                 0.000000000000
                                 0.000000000000
                                 0.000000000000
                                 0.000000000000
                                 0.000000000000
                                 0.000000000000
                                 0.000000000000
                                 0.000000000000
                                 0.000000000000
                                 0.000000000000
                                 0.000000000000
                                 0.000000000000
                                 0.000000000000
                                 0.000000000000
                                 0.000000000000
                                 0.000000000000
                                 0.000000000000
                                 0.000000000000
                                 0.000000000000
                                 0.000000000000
                                 0.000000000000
                                 0.000000000000
                                 0.000000000000
                                 0.000000000000
                                 0.000000000000
                                 0.000000000000
                                 0.000000000000
                                 0.000000000000
                                 0.000000000000
                                 0.000000000000
                                 0.000000000000
                                 0.000000000000
                                 0.000000000000
                                 0.000000000000
                                 0.000000000000
                                 0.000000000000
                                 0.000000000000
                                 0.000000000000
                                 0.000000000000
                                 0.000000000000
                                 0.000000000000
                                 0.000000000000
                                 0.000000000000
                                 0.000000000000
                                 0.000000000000
                                 0.000000000000
                                 0.000000000000
                                 0.000000000000
                                 0.000000000000
                                 0.000000000000
                                 0.000000000000
                                 0.000000000000
                                 0.000000000000
                                 0.000000000000
                                 0.000000000000
                                 0.000000000000
                                 0.000000000000
                                 0.000000000000
                                 0.000000000000
                                 0.000000000000
                                 0.000000000000
                                 0.000000000000
                                 0.000000000000
                                 0.000000000000
                                 0.000000000000
                                 0.000000000000
                                 0.000000000000
                                 0.000000000000
                                 0.000000000000
                                 0.000000000000
                                 0.000000000000
                                 0.000000000000
                                 0.000000000000
                                 0.000000000000
                                 0.000000000000
                                 0.000000000000
                                 0.000000000000
                                 0.000000000000
                                 0.000000000000
                                 0.000000000000
                                 0.000000000000
                                 0.000000000000
                                 0.000000000000
                                 0.000000000000
                                 0.000000000000
                                 0.000000000000
                                 0.000000000000
                                 0.000000000000
                                 0.000000000000
                                 0.000000000000
                                 0.000000000000
                                 0.000000000000
                                 0.000000000000
                                 0.000000000000
                                 0.000000000000
                                 0.000000000000
                                 0.000000000000
                                 0.000000000000
                                 0.000000000000
                                 0.000000000000
                                 0.000000000000
                                 0.000000000000
                                 0.000000000000
                                 0.000000000000
                                 0.000000000000
                                 0.000000000000
                                 0.000000000000
                                 0.000000000000
                                 0.000000000000
                                 0.000000000000
                                 0.000000000000
                                 0.000000000000
                                 0.000000000000
                                 0.000000000000
                                 0.000000000000
                                 0.000000000000
                                 0.000000000000
                                 0.000000000000
                                 0.000000000000
                                 0.000000000000
                                 0.000000000000
                                 0.000000000000
                                 0.000000000000
                                 0.000000000000
                                 0.000000000000
                                 0.000000000000
                                 0.000000000000
                                 0.000000000000
                                 0.000000000000
                                 0.000000000000
                                 0.000000000000
                                 0.000000000000
                                 0.000000000000
                                 0.000000000000
                                 0.000000000000
                                 0.000000000000
                                 0.000000000000
                                 0.000000000000
                                 0.000000000000
                                 0.000000000000
                                 0.000000000000
                                 0.000000000000
                                 0.000000000000
                                 0.000000000000
                                 0.000000000000
                                 0.000000000000
                                 0.000000000000
                                 0.000000000000
                                 0.000000000000
                                 0.000000000000
                                 0.000000000000
                                 0.000000000000
                                 0.000000000000
                                 0.000000000000
                                 0.000000000000
                                 0.000000000000
                                 0.000000000000
                                 0.000000000000
                                 0.000000000000
                                 0.000000000000
                                 0.000000000000
                                 0.000000000000
                                 0.000000000000
                                 0.000000000000
                                 0.000000000000
                                 0.000000000000
                                 0.000000000000
                                 0.000000000000
                                 0.000000000000
                                 0.000000000000
                                 0.000000000000
                                 0.000000000000
                                 0.000000000000
                                 0.000000000000
                                 0.000000000000
                                 0.000000000000
                                 0.000000000000
                                 0.000000000000
                                 0.000000000000
                                 0.000000000000
                                -0.000000000000
                                -0.000000000000
                                -0.000000000000
                                -0.000000000000
                                -0.000000000000
                                -0.000000000000
                                -0.000000000000
                                -0.000000000000
                                -0.000000000000
                                -0.000000000000
                                -0.000000000000
                                -0.000000000000
                                -0.000000000000
                                -0.000000000000
                                -0.000000000000
                                -0.000000000000
                                -0.000000000000
                                -0.000000000000
                                -0.000000000000
                                -0.000000000000
                                -0.000000000000
                                -0.000000000000
                                -0.000000000000
                                -0.000000000000
                                -0.000000000000
                                -0.000000000000
                                -0.000000000000
                                -0.000000000000
                                -0.000000000000
                                -0.000000000000
                                -0.000000000000
                                -0.000000000000
                                -0.000000000000
                                -0.000000000000
                                -0.000000000000
                                -0.000000000000
                                -0.000000000000
                                -0.000000000000
                                -0.000000000000
                                -0.000000000000
                                -0.000000000000
                                -0.000000000000
                                -0.000000000000
                                -0.000000000000
                                -0.000000000000
                                -0.000000000000
                                -0.000000000000
                                -0.000000000000
                                -0.000000000000
                                -0.000000000000
                                -0.000000000000
                                -0.000000000000
                                -0.000000000000
                                -0.000000000000
                                -0.000000000000
                                -0.000000000000
                                -0.000000000000
                                -0.000000000000
                                -0.000000000000
                                -0.000000000000
                                -0.000000000000
                                -0.000000000000
                                -0.000000000000
                                -0.000000000000
                                -0.000000000000
                                -0.000000000000
                                -0.000000000000
                                -0.000000000000
                                -0.000000000000
                                -0.000000000000
                                -0.000000000000
                                -0.000000000000
                                -0.000000000000
                                -0.000000000000
                                -0.000000000000
                                -0.000000000000
                                -0.000000000000
                                -0.000000000000
                                -0.000000000000
                                -0.000000000000
                                -0.000000000000
                                -0.000000000000
                                -0.000000000000
                                -0.000000000000
                                -0.000000000000
                                -0.000000000000
                                -0.000000000000
                                -0.000000000000
                                -0.000000000000
                                -0.000000000000
                                -0.000000000000
                                -0.000000000000
                                -0.000000000000
                                -0.000000000000
                                -0.000000000000
                                -0.000000000000
                                -0.000000000000
                                -0.000000000000
                                -0.000000000000
                                -0.000000000000
                                -0.000000000000
                                -0.000000000000
                                -0.000000000000
                                -0.000000000000
                                -0.000000000000
                                -0.000000000000
                                -0.000000000000
                                -0.000000000000
                                -0.000000000000
                                -0.000000000000
                                -0.000000000000
                                -0.000000000000
                                -0.000000000000
                                -0.000000000000
                                -0.000000000000
                                -0.000000000000
                                -0.000000000000
                                -0.000000000000
                                -0.000000000000
                                -0.000000000000
                                -0.000000000000
                                -0.000000000000
                                -0.000000000000
                                -0.000000000000
                                -0.000000000000
                                -0.000000000000
                                -0.000000000000
                                -0.000000000000
                                -0.000000000000
                                -0.000000000000
                                -0.000000000000
                                -0.000000000000
                                -0.000000000000
                                -0.000000000000
                                -0.000000000000
                                -0.000000000000
                                -0.000000000000
                                -0.000000000000
                                -0.000000000000
                                -0.000000000000
                                -0.000000000000
                                -0.000000000000
                                -0.000000000000
                                -0.000000000000
                                -0.000000000000
                                -0.000000000000
                                -0.000000000000
                                -0.000000000000
                                -0.000000000000
                                -0.000000000000
                                -0.000000000000
                                -0.000000000000
                                -0.000000000000
                                -0.000000000000
                                -0.000000000000
                                -0.000000000000
                                -0.000000000000
                                -0.000000000000
                                -0.000000000000
                                -0.000000000000
                                -0.000000000000
                                -0.000000000000
                                -0.000000000000
                                -0.000000000000
                                -0.000000000000
                                -0.000000000000
                                -0.000000000000
                                -0.000000000000
                                -0.000000000000
                                -0.000000000000
                                -0.000000000000
                                -0.000000000000
                                -0.000000000000
                                -0.000000000000
                                -0.000000000000
                                -0.000000000000
                                -0.000000000000
                                -0.000000000000
                                -0.000000000000
                                -0.000000000000
                                -0.000000000000
                                -0.000000000000
                                -0.000000000000
                                -0.000000000000
                                -0.000000000000
                                -0.000000000000
                                -0.000000000000
                                -0.000000000000
                                -0.000000000000
                                -0.000000000000
                                -0.000000000000
                                -0.000000000000
                                -0.000000000000
                                -0.000000000000
                                -0.000000000000
                                -0.000000000000
                                -0.000000000000
                                -0.000000000000
                                -0.000000000000
                                -0.000000000000
                                -0.000000000000
                                -0.000000000000
                                -0.000000000000
                                -0.000000000000
                                -0.000000000000
                                -0.000000000000
                                -0.000000000000
                                -0.000000000000
                                -0.000000000000
                                -0.000000000000
                                -0.000000000000
                                -0.000000000000
                                -0.000000000000
                                -0.000000000000
                                -0.000000000000
                                -0.000000000000
                                -0.000000000000
                                -0.000000000000
                                -0.000000000000
                                -0.000000000000
                                -0.000000000000
                                -0.000000000000
                                -0.000000000000
                                -0.000000000000
                                -0.000000000000
                                -0.000000000000
                                -0.000000000000
                                -0.000000000000
                                -0.000000000000
                                -0.000000000000
                                -0.000000000000
                                -0.000000000000
                                -0.000000000000
                                -0.000000000000
                                -0.000000000000
                                -0.000000000000
                                -0.000000000000
                                -0.000000000000
                                -0.000000000000
                                -0.000000000000
                                -0.000000000000
                                -0.000000000000
                                -0.000000000000
                                -0.000000000000
                                -0.000000000000
                                -0.000000000000
                                -0.000000000000
                                -0.000000000000
                                -0.000000000000
                                -0.000000000000
                                -0.000000000000
                                -0.000000000000
                                -0.000000000000
                                -0.000000000000
                                -0.000000000000
                                -0.000000000000
                                -0.000000000000
                                -0.000000000000
                                -0.000000000000
                                -0.000000000000
                                -0.000000000000
                                -0.000000000000
                                -0.000000000000
                                -0.000000000000
                                -0.000000000000
                                -0.000000000000
                                -0.000000000000
                                -0.000000000000
                                -0.000000000000
                                -0.000000000000
                                -0.000000000000
                                -0.000000000000
                                -0.000000000000
                                -0.000000000000
                                -0.000000000000
                                -0.000000000000
                                -0.000000000000
                                -0.000000000000
                                -0.000000000000
                                -0.000000000000
                                -0.000000000000
                                -0.000000000000
                                -0.000000000000
                                -0.000000000000
                                -0.000000000000
                                -0.000000000000
                                -0.000000000000
                                -0.000000000000
                                -0.000000000000
                                -0.000000000000
                                -0.000000000000
                                -0.000000000000
                                -0.000000000000
                                -0.000000000000
                                -0.000000000000
                                -0.000000000000
                                -0.000000000000
                                -0.000000000000
                                -0.000000000000
                                -0.000000000000
                                -0.000000000000
                                -0.000000000000
                                -0.000000000000
                                -0.000000000000
                                -0.000000000000
                                -0.000000000000
                                -0.000000000000
                                -0.000000000000
                                -0.000000000000
                                -0.000000000000
                                -0.000000000000
                                -0.000000000000
                                -0.000000000000
                                -0.000000000000
                                -0.000000000000
                                -0.000000000000
                                -0.000000000000
                                -0.000000000000
                                -0.000000000000
                                -0.000000000000
                                -0.000000000000
                                -0.000000000000
                                -0.000000000000
                                -0.000000000000
                                -0.000000000000
                                -0.000000000000
                                -0.000000000000
                                -0.000000000000
                                -0.000000000000
                                -0.000000000000
                                -0.000000000000
                                -0.000000000000
                                -0.000000000000
                                -0.000000000000
                                -0.000000000000
                                -0.000000000000
                                -0.000000000000
                                -0.000000000000
                                -0.000000000000
                                -0.000000000000
                                -0.000000000000
                                -0.000000000000
                                -0.000000000000
                                -0.000000000000
                                -0.000000000000
                                -0.000000000000
                                -0.000000000000
                                -0.000000000000
                                -0.000000000000
                                -0.000000000000
                                -0.000000000000
                                -0.000000000000
                                -0.000000000000
                                -0.000000000000
                                -0.000000000000
                                -0.000000000000
                                -0.000000000000
                                -0.000000000000
                                -0.000000000000
                                -0.000000000000
                                -0.000000000000
                                -0.000000000000
                                -0.000000000000
                                -0.000000000000
                                -0.000000000000
                                -0.000000000000
                                -0.000000000000
                                -0.000000000000
                                -0.000000000000
                                -0.000000000000
                                -0.000000000000
                                -0.000000000000
                                -0.000000000000
                                -0.000000000000
                                -0.000000000000
                                -0.000000000000
                                -0.000000000000
                                -0.000000000000
                                -0.000000000000
                                -0.000000000000
                                -0.000000000000
                                -0.000000000000
                                -0.000000000000
                                -0.000000000000
                                -0.000000000000
                                -0.000000000000
                                -0.000000000000
                                -0.000000000000
                                -0.000000000000
                                -0.000000000000
                                -0.000000000000
                                -0.000000000000
                                -0.000000000000
                                -0.000000000000
                                -0.000000000000
                                -0.000000000000
                                -0.000000000000
                                -0.000000000000
                                -0.000000000000
                                -0.000000000000
                                -0.000000000000
                                -0.000000000000
                                -0.000000000000
                                -0.000000000000
                                -0.000000000000
                                -0.000000000000
                                -0.000000000000
                                -0.000000000000
                                -0.000000000000
                                -0.000000000000
                                -0.000000000000
                                -0.000000000000
                                -0.000000000000
                                -0.000000000000
                                -0.000000000000
                                -0.000000000000
                                -0.000000000000
                                -0.000000000000
                                -0.000000000000
                                -0.000000000000
                                -0.000000000000
                                -0.000000000000
                                -0.000000000000
                                -0.000000000000
                                -0.000000000000
                                -0.000000000000
                                -0.000000000000
                                -0.000000000000
                                -0.000000000000
                                -0.000000000000
                                -0.000000000000
                                -0.000000000000
                                -0.000000000000
                                -0.000000000000
                                -0.000000000000
                                -0.000000000000
                                -0.000000000000
                                -0.000000000000
                                -0.000000000000
                                -0.000000000000
                                -0.000000000000
                                -0.000000000000
                                -0.000000000000
                                -0.000000000000
                                -0.000000000000
                                -0.000000000000
                                -0.000000000000
                                -0.000000000000
                                -0.000000000000
                                -0.000000000000
                                -0.000000000000
                                -0.000000000000
                                -0.000000000000
                                -0.000000000000
                                -0.000000000000
                                -0.000000000000
                                -0.000000000000
                                -0.000000000000
                                -0.000000000000
                                -0.000000000000
                                -0.000000000000
                                -0.000000000000
                                -0.000000000000
                                -0.000000000000
                                -0.000000000000
                                -0.000000000000
                                -0.000000000000
                                -0.000000000000
                                -0.000000000000
                                -0.000000000000
                                -0.000000000000
                                -0.000000000000
                                -0.000000000000
                                -0.000000000000
                                -0.000000000000
                                -0.000000000000
                                -0.000000000000
                                -0.000000000000
                                -0.000000000000
                                -0.000000000000
                                -0.000000000000
                                -0.000000000000
                                -0.000000000000
                                -0.000000000000
                                -0.000000000000
                                -0.000000000000
                                -0.000000000000
                                -0.000000000000
                                -0.000000000000
                                -0.000000000000
                                -0.000000000000
                                -0.000000000000
                                -0.000000000000
                                -0.000000000000
                                -0.000000000000
                                -0.000000000000
                                -0.000000000000
                                -0.000000000000
                                -0.000000000000
                                -0.000000000000
                                -0.000000000000
                                -0.000000000000
                                -0.000000000000
                                -0.000000000000
                                -0.000000000000
                                -0.000000000000
                                -0.000000000000
                                -0.000000000000
                                -0.000000000000
                                -0.000000000000
                                -0.000000000000
                                -0.000000000000
                                -0.000000000000
                                -0.000000000000
                                -0.000000000000
                                -0.000000000000
                                -0.000000000000
                                -0.000000000000
                                -0.000000000000
                                -0.000000000000
                                -0.000000000000
                                -0.000000000000
                                -0.000000000000
                                -0.000000000000
                                -0.000000000000
                                -0.000000000000
                                -0.000000000000
                                -0.000000000000
                                -0.000000000000
                                -0.000000000000
                                -0.000000000000
                                -0.000000000000
                                -0.000000000000
                                -0.000000000000
                                -0.000000000000
                                -0.000000000000
                                -0.000000000000
                                -0.000000000000
                                -0.000000000000
                                -0.000000000000
                                -0.000000000000
                                -0.000000000000
                                -0.000000000000
                                -0.000000000000
                                -0.000000000000
                                -0.000000000000
                                -0.000000000000
                                -0.000000000000
                                -0.000000000000
                                -0.000000000000
                                -0.000000000000
                                -0.000000000000
                                -0.000000000000
                                -0.000000000000
                                -0.000000000000
                                -0.000000000000
                                -0.000000000000
                                -0.000000000000
                                -0.000000000000
                                -0.000000000000
                                -0.000000000000
                                -0.000000000000
                                -0.000000000000
                                -0.000000000000
                                -0.000000000000
    Sum(occupation of NO's) :  364.000000000102
 
 <S*S>   2.00571891576692     

    irrep                179a        180a        181a        182a        183a   
 occupation              1.9995      1.9995      1.9993      1.0000      1.0000

    irrep                184a        185a        186a        187a        188a   
 occupation              0.0007      0.0005      0.0005      0.0002      0.0002
 

 orbitals $natural orbitals  will be written to file natural
 
 ==============================================================================
 
HOMO-LUMO Separation
 HOMO         :   -0.77157244 H =    -20.99557 eV
 LUMO         :   -0.25195345 H =     -6.85601 eV
 HOMO-LUMO gap:    0.51961899 H =    +14.13956 eV
 
 ==============================================================================


    ------------------------------------------------------------------------
         total  cpu-time :   3 days  8 hours 30 minutes and 56 seconds
         total wall-time :  6 hours 26 minutes and 23 seconds
    ------------------------------------------------------------------------

   ****  ridft : all done  ****


    2025-11-25 23:36:39.542 

 ridft ended normally
